****************************************************************************
***                      Sentaurus Structure Editor                      ***
***                          Version G-2012.06                           ***
***                         (1.3, amd64, linux)                          ***
***                                                                      ***
***               Copyright (C) 1994-2012 Synopsys, Inc.                 ***
***        Portions of this software are owned by Spatial Corp.          ***
***            Copyright (C) 1986-2012. All Rights Reserved.             ***
***                                                                      ***
***  This software and the associated documentation are confidential     ***
***  and proprietary to Synopsys, Inc.  Your use or disclosure of this   ***
***  software is subject to the terms and conditions of a written        ***
***  license agreement between you, or your company, and Synopsys, Inc.  ***
****************************************************************************

Compiled Thu Apr 19 23:14:21 PDT 2012 on tcadprod5

Machine type information not available.

Evaluating file n55_dvs.cmd

---> (sdegeo:create-rectangle (position 0 0.3 0) (position 3 1 0) InP substrate)

---> (sdedr:define-constant-profile p_doping_definition BoronActiveConcentration 1e+18)

---> (sdedr:define-constant-profile n_doping_definition PhosphorusActiveConcentration 1e+16)

---> (sdegeo:create-rectangle (position 0 0 0) (position 3 0.3 0) InGaAs p_region)

---> (sdedr:define-constant-profile-region p_doping_placement p_doping_definition p_region)

---> (sdegeo:create-rectangle (position 0 0 0) (position 3 -0.3 0) InGaAs n_region)

---> (sdedr:define-constant-profile-region n_doping_placement n_doping_definition n_region)

---> (sdegeo:create-rectangle (position 1 -0.3 0) (position 2 -0.301 0) InGaAs ntype_contact)

---> (sdegeo:create-rectangle (position 1 1 0) (position 2 1.001 0) InP ptype_contact)

---> (sdegeo:define-contact-set ntype 4 (color:rgb 1 0 0) ##)

---> (sdegeo:set-current-contact-set ntype)

---> (sdegeo:set-contact-edges (find-edge-id (position 1.5 -0.301 0)) ntype)

(sdegeo:set-contact-edges (list (car (find-edge-id (position 1.5 -0.301 0)))) "ntype")

---> (sdegeo:define-contact-set ptype 4 (color:rgb 1 0 0) ##)

---> (sdegeo:set-current-contact-set ptype)

---> (sdegeo:set-contact-edges (find-edge-id (position 1.5 1.001 0)) ptype)

(sdegeo:set-contact-edges (list (car (find-edge-id (position 1.5 1.001 0)))) "ptype")

---> (sdedr:define-refinement-size RefinementDefinition_sub 0.5 0.05 0.5 0.5 0.05 0.1)

---> (sdedr:define-refinement-region RefinementPlacement_sub RefinementDefinition_sub substrate)

---> (sdedr:define-refinement-size RefinementDefinition_p 0.05 0.02 0.5 0.05 0.01 0.1)




---> (sde:set-meshing-command snmesh -a -c boxmethod)

---> (sdedr:append-cmd-file )

****************************************************************************
***                            Sentaurus Mesh                            ***
***                          Version G-2012.06                           ***
***                         (1.5, amd64, linux)                          ***
***                                                                      ***
***                       Copyright (C) 2005-2012                        ***
***                            Synopsys, Inc.                          ***
***                                                                      ***
***  This software and the associated documentation are confidential     ***
***  and proprietary to Synopsys, Inc.  Your use or disclosure of this   ***
***  software is subject to the terms and conditions of a written        ***
***  license agreement between you, or your company, and Synopsys, Inc.  ***
****************************************************************************

Compiled Fri Apr 13 01:01:31 PDT 2012 on: tcadprod5
Running on: thzlabsv.ee.ucla.edu
Process ID: 28829

Flags used: -a -c boxmethod

** Generating 2d grid **

Creating binary tree...done.
Imprinting binary tree on the boundary...done.
Optimizing boundary nodes...done.

Number of vertices after binary tree generation : 
  16835 (tree) + 824 (boundary)


=================================  brep2d quality  =====================================
minAngle: 90  [near (-0 -0)] at region=n_region
nVerts = 824  nTris = 828  nRegs = 7
bmin: -0 -0.301
bmax: 3 1.001
min area: 0.000859375  max area: 0.046875  total area  : 16.604 interface area: 8
total volume: 3.902
Conformal? true
Are all boundaries on bbox? false
==================================================================================
** Delaunizing the mesh **

Creating delaunizer input...done.
Solving edges...done 
Optimizing elements...done. (17593 vertices)
Fixing diagonals...done.

The final mesh has: 
   17501 points.
   34344 elements.
       7 regions.
Max. connectivity = 7 located at (0.984375;0.35)


==============================  tri-grid quality  ================================
    0  10  20  30  40  50  60  70  80  90 100 110 120 130 140 150 160 170 180
 %   30   1  .   .    2   2  .   .    1  63                                
---------------------------------------------------------------------------------
minAngle: 1.0503  maxAngle: 94.4619
nVerts = 17501  nTris = 34344  nMats = 5
max connectivity (tris per node): 7
bmin: -0 -0.301
bmax: 3 1.001
min edgeLength: 0.000859375  [near (2.90625 0.29957)]
min volume: 6.71387e-06  max volume: 0.000953613  Total volume: 3.902
bbox  volume: 3.906
Are all boundaries on bbox? false
=================================================================================
Interpolating data...done.
done.
Saving file sdemodel_ntype_300_1E16_ptype_300_1E18_msh.tdr...done.
---> (sde:build-mesh snmesh -a -c boxmethod sdemodel_ntype_300_1E16_ptype_300_1E18)


"Meshing successful"
---> #[end-of-file]

"************************************************************************"
"Sentaurus Structure Editor "
"Start Time:    Wed Jan 28 14:20:17 2015"
"End   Time:    Wed Jan 28 14:20:22 2015"
"Total Execution Time (sec):    0"
"Total System calls Time (sec): 0"
"************************************************************************"
