Evaluating file sde_dvs_block.cmd
---> (sdedr:define-constant-profile n_doping_definition PhosphorusActiveConcentration 1e+17)
#t
---> (sdegeo:create-rectangle (position 0 0 0) (position 3 1 0) InGaAs n_region)
#[body 5 1]
---> (sdedr:define-constant-profile-region n_doping_placement n_doping_definition n_region)
#t
---> (sdegeo:create-rectangle (position 1 0 0) (position 2 -0.001 0) Gold ntype_contact)
#[body 6 1]
---> (sdegeo:create-rectangle (position 1 1 0) (position 2 1.001 0) Gold ptype_contact)
#[body 7 1]
---> (sdegeo:define-contact-set ntype 4 (color:rgb 1 0 0) ##)
()
---> (sdegeo:set-current-contact-set ntype)
""
---> (sdegeo:set-contact-edges (find-edge-id (position 1.5 -0.001 0)) ntype)
#t
---> (sdegeo:define-contact-set ptype 4 (color:rgb 1 0 0) ##)
()
---> (sdegeo:set-current-contact-set ptype)
"ntype"
---> (sdegeo:set-contact-edges (find-edge-id (position 1.5 1.001 0)) ptype)
#t
---> (sdedr:define-refinement-size RefinementDefinition_n 0.05 0.005 0.5 0.05 0.001 0.1)
#t
---> (sdedr:define-refinement-region RefinementPlacement_n RefinementDefinition_n n_region)
#t
---> (sde:set-meshing-command snmesh -a -c boxmethod)
#t
---> (sdedr:append-cmd-file )
#t
---> (sde:build-mesh snmesh -a -c boxmethod sdemodel_block)
#t
---> #[end-of-file]
"************************************************************************"
"Sentaurus Structure Editor "
"Start Time:    Wed Jan 28 17:04:05 2015"
"End   Time:    Wed Jan 28 17:04:09 2015"
"Total Execution Time (sec):    0"
"Total System calls Time (sec): 0"
"************************************************************************"
