****************************************************************************
***                            Sentaurus Mesh                            ***
***                          Version G-2012.06                           ***
***                         (1.5, amd64, linux)                          ***
***                                                                      ***
***                       Copyright (C) 2005-2012                        ***
***                            Synopsys, Inc.                          ***
***                                                                      ***
***  This software and the associated documentation are confidential     ***
***  and proprietary to Synopsys, Inc.  Your use or disclosure of this   ***
***  software is subject to the terms and conditions of a written        ***
***  license agreement between you, or your company, and Synopsys, Inc.  ***
****************************************************************************

Compiled Fri Apr 13 01:01:31 PDT 2012 on: tcadprod5
Running on: thzlabsv.ee.ucla.edu
Process ID: 5507

Flags used: -a -c boxmethod

** Generating 2d grid **

Creating binary tree...done.
Imprinting binary tree on the boundary...done.
Optimizing boundary nodes...done.

Number of vertices after binary tree generation : 
  7905 (tree) + 536 (boundary)

** Delaunizing the mesh **

Creating delaunizer input...done.
Solving edges...done 
Optimizing elements...done. (7893 vertices)
Fixing diagonals...done.

The final mesh has: 
    7725 points.
   15003 elements.
       7 regions.
Max. connectivity = 7 located at (2.53125;0.963437)


==============================  tri-grid quality  ================================
    0  10  20  30  40  50  60  70  80  90 100 110 120 130 140 150 160 170 180
 %    1  30   2  .   .   .   .    2  30  35  .                             
---------------------------------------------------------------------------------
minAngle: 0.611132  maxAngle: 100.193
nVerts = 7725  nTris = 15003  nMats = 5
max connectivity (tris per node): 7
bmin: -0 -0.201
bmax: 3 1.001
min edgeLength: 0.000898437  [near (-0 0.000449219)]
min volume: 7.01904e-06  max volume: 0.00176074  Total volume: 3.002
bbox  volume: 3.606
Are all boundaries on bbox? false
=================================================================================
Interpolating data...done.
done.
Saving file sdemodel_simple_msh.tdr...done.
