****************************************************************************
***                            Sentaurus Mesh                            ***
***                          Version G-2012.06                           ***
***                         (1.5, amd64, linux)                          ***
***                                                                      ***
***                       Copyright (C) 2005-2012                        ***
***                            Synopsys, Inc.                          ***
***                                                                      ***
***  This software and the associated documentation are confidential     ***
***  and proprietary to Synopsys, Inc.  Your use or disclosure of this   ***
***  software is subject to the terms and conditions of a written        ***
***  license agreement between you, or your company, and Synopsys, Inc.  ***
****************************************************************************

Compiled Fri Apr 13 01:01:31 PDT 2012 on: tcadprod5
Running on: thzlabsv.ee.ucla.edu
Process ID: 28788

Flags used: -a -c boxmethod

** Generating 2d grid **

Creating binary tree...done.
Imprinting binary tree on the boundary...done.
Optimizing boundary nodes...done.

Number of vertices after binary tree generation : 
  16835 (tree) + 824 (boundary)

** Delaunizing the mesh **

Creating delaunizer input...done.
Solving edges...done 
Optimizing elements...done. (17593 vertices)
Fixing diagonals...done.

The final mesh has: 
   17501 points.
   34344 elements.
       7 regions.
Max. connectivity = 7 located at (0.984375;0.35)


==============================  tri-grid quality  ================================
    0  10  20  30  40  50  60  70  80  90 100 110 120 130 140 150 160 170 180
 %   30   1  .   .    2   2  .   .    1  63                                
---------------------------------------------------------------------------------
minAngle: 1.0503  maxAngle: 94.4619
nVerts = 17501  nTris = 34344  nMats = 5
max connectivity (tris per node): 7
bmin: -0 -0.301
bmax: 3 1.001
min edgeLength: 0.000859375  [near (2.90625 0.29957)]
min volume: 6.71387e-06  max volume: 0.000953613  Total volume: 3.902
bbox  volume: 3.906
Are all boundaries on bbox? false
=================================================================================
Interpolating data...done.
done.
Saving file sdemodel_ntype_300_1E17_ptype_300_1E18_msh.tdr...done.
