****************************************************************************
***                            Sentaurus Mesh                            ***
***                          Version G-2012.06                           ***
***                         (1.5, amd64, linux)                          ***
***                                                                      ***
***                       Copyright (C) 2005-2012                        ***
***                            Synopsys, Inc.                          ***
***                                                                      ***
***  This software and the associated documentation are confidential     ***
***  and proprietary to Synopsys, Inc.  Your use or disclosure of this   ***
***  software is subject to the terms and conditions of a written        ***
***  license agreement between you, or your company, and Synopsys, Inc.  ***
****************************************************************************

Compiled Fri Apr 13 01:01:31 PDT 2012 on: tcadprod5
Running on: thzlab4.eecs.umich.edu
Process ID: 5348

Flags used: -a -c boxmethod

** Generating 2d grid **

Creating binary tree...done.
Imprinting binary tree on the boundary...done.
Optimizing boundary nodes...done.

Number of vertices after binary tree generation : 
  3048 (tree) + 435 (boundary)

** Delaunizing the mesh **

Creating delaunizer input...done.
Solving edges...done 
Optimizing elements...done. (3065 vertices)
Fixing diagonals...done.

The final mesh has: 
    2887 points.
    5519 elements.
       9 regions.
Max. connectivity = 7 located at (6.25;-0.5875)


==============================  tri-grid quality  ================================
    0  10  20  30  40  50  60  70  80  90 100 110 120 130 140 150 160 170 180
 %    8  19   1   4   1   2   4   1  19  41                                
---------------------------------------------------------------------------------
minAngle: 0.286477  maxAngle: 90
nVerts = 2887  nTris = 5519  nMats = 7
max connectivity (tris per node): 7
bmin: -0 -10
bmax: 100 15.1
min edgeLength: 0.00195312  [near (37.5 15.001)]
min volume: 7.62939e-05  max volume: 39.2188  Total volume: 2142
bbox  volume: 2510
Are all boundaries on bbox? false
=================================================================================
Interpolating data...done.
done.
Saving file /home/yardimci/sentaurus/projects/hetero_thz2/hetero_msh.tdr...done.
