****************************************************************************
***                           Sentaurus Device                           ***
***                          Version G-2012.06                           ***
***                         (1.5, amd64, linux)                          ***
***                                                                      ***
***                       Copyright (C) 1994-2012                        ***
***                            Synopsys, Inc.                            ***
***                                                                      ***
***  This software and the associated documentation are confidential     ***
***  and proprietary to Synopsys, Inc.  Your use or disclosure of this   ***
***  software is subject to the terms and conditions of a written        ***
***  license agreement between you, or your company, and Synopsys, Inc.  ***
****************************************************************************

	Running on machine with the following configuration:
	Host Name: thzlabsv.ee.ucla.edu
	Operating System: Linux rel. 2.6.32-504.1.3.el6.x86_64 ver. #1 SMP Fri Oct 31 11:37:10 EDT 2014
	Machine Type: x86_64
	Process ID: 140181
	Number of processors: 56
	Domain Name: ee.ucla.edu
	Date: Mon Feb  9 15:59:52 2015  (PDT)

Parsing "/w/apps3/Synopsys/TCAD_Sentaurus/vG_2012.06/tcad/current/lib/sdevice-20.0.5/MaterialDB/Molefraction.txt"
Mon Feb  9 15:59:53 2015: checked out 1 Dessis license(s)
Mon Feb  9 15:59:53 2015: checked out 1 sdevice license(s)
Parsing circuit file /w/apps3/Synopsys/TCAD_Sentaurus/vG_2012.06/tcad/current/amd64/lib/sdevice/sd_hb_vsource.ccf
Parsing circuit file /w/apps3/Synopsys/TCAD_Sentaurus/vG_2012.06/tcad/current/amd64/lib/sdevice/sd_SRL1.ccf
Parsing circuit file /w/apps3/Synopsys/TCAD_Sentaurus/vG_2012.06/tcad/current/amd64/lib/sdevice/bs_psource.ccf
Parsing circuit file /w/apps3/Synopsys/TCAD_Sentaurus/vG_2012.06/tcad/current/amd64/lib/sdevice/sd_hb_vsource2.ccf
Parsing circuit file /w/apps3/Synopsys/TCAD_Sentaurus/vG_2012.06/tcad/current/amd64/lib/sdevice/sd_hb_pGC.ccf
Parsing circuit file /w/apps3/Synopsys/TCAD_Sentaurus/vG_2012.06/tcad/current/amd64/lib/sdevice/sd_hb_sRL.ccf
Parsing circuit file /w/apps3/Synopsys/TCAD_Sentaurus/vG_2012.06/tcad/current/amd64/lib/sdevice/sd_hb_isource2.ccf
Parsing circuit file /w/apps3/Synopsys/TCAD_Sentaurus/vG_2012.06/tcad/current/amd64/lib/sdevice/sd_hb_isource.ccf
Parsing circuit file /w/apps3/Synopsys/TCAD_Sentaurus/vG_2012.06/tcad/current/amd64/lib/scm/MOS_harness.ccf
Loading shared object file /w/apps3/Synopsys/TCAD_Sentaurus/vG_2012.06/tcad/current/amd64/lib/scm/MOS_harness.so.amd64
Loading shared object file /w/apps3/Synopsys/TCAD_Sentaurus/vG_2012.06/tcad/current/amd64/lib/sdevice/sd_hb_isource.so.amd64
Loading shared object file /w/apps3/Synopsys/TCAD_Sentaurus/vG_2012.06/tcad/current/amd64/lib/sdevice/sd_hb_isource2.so.amd64
Loading shared object file /w/apps3/Synopsys/TCAD_Sentaurus/vG_2012.06/tcad/current/amd64/lib/sdevice/sd_hb_sRL.so.amd64
Loading shared object file /w/apps3/Synopsys/TCAD_Sentaurus/vG_2012.06/tcad/current/amd64/lib/sdevice/sd_hb_pGC.so.amd64
Loading shared object file /w/apps3/Synopsys/TCAD_Sentaurus/vG_2012.06/tcad/current/amd64/lib/sdevice/sd_hb_vsource2.so.amd64
Loading shared object file /w/apps3/Synopsys/TCAD_Sentaurus/vG_2012.06/tcad/current/amd64/lib/sdevice/bs_psource.so.amd64
Loading shared object file /w/apps3/Synopsys/TCAD_Sentaurus/vG_2012.06/tcad/current/amd64/lib/sdevice/sd_SRL1.so.amd64
Loading shared object file /w/apps3/Synopsys/TCAD_Sentaurus/vG_2012.06/tcad/current/amd64/lib/sdevice/sd_hb_vsource.so.amd64
Mon Feb  9 15:59:53 2015: checked out 5 Dessis-Parallel license(s)
Mon Feb  9 15:59:53 2015: checked out 5 sdevice-parallel license(s)
Mon Feb  9 15:59:53 2015: checked out 5 sparallel license(s)

Input source: pp90_des.cmd

===============================

no Output file


GlobalParameter {
}
no ACExtract file

PMIPath file: /w/apps3/Synopsys/TCAD_Sentaurus/vG_2012.06/tcad/current/amd64/lib/sdevice-20.0.5 /w/apps3/Synopsys/TCAD_Sentaurus/vG_2012.06/tcad/current/amd64/lib/sdevice

CMIPath file: /w/apps3/Synopsys/TCAD_Sentaurus/vG_2012.06/tcad/current/amd64/lib/sdevice /w/apps3/Synopsys/TCAD_Sentaurus/vG_2012.06/tcad/current/amd64/lib/scm

SPICEPath file: /w/apps3/Synopsys/TCAD_Sentaurus/vG_2012.06/tcad/current/lib/sdevice-20.0.5/spice

no DevicePath file

no CIRCUITSAVENAME file

no CIRCUITLOADNAME file

Numerical parameters:
  Absolute error : 
    Poisson : 1.0000e-03
    Electron : 1.0000e-05
    Hole : 1.0000e-05
    Photon-Rate-Equation : 1.0000e-07
    Photon-Phase-Equation : 1.0000e-05
    Rate-Stabilize-Equation : 1.0000e-07
    QW-Scattering-Equations : 1.0000e-05
    QW-eScattering-Equation : 1.0000e-05
    QW-hScattering-Equation : 1.0000e-05
    Optical Problem : 1.0000e-03
    Wavelength : 1.0000e-03
    Bandstructure : 1.0000e-03
    EmissionTable : 1.0000e-03
    DephasingRates : 1.0000e-03
    Photon Recycling : 1.0000e-03
    Electron-Temperature : 1.0000e-04
    Hole-Temperature : 1.0000e-04
    Lattice-Hole-Electron-Temperature : 1.0000e-03
    Circuit : 1.0000e-03
    TCircuit : 1.0000e-03
    Contact : 1.0000e-03
    TContact : 1.0000e-03
    Continuation : 1.0000e-03
    eLaplace : 1.0000e-03
    hLaplace : 1.0000e-03
    tLaplace : 1.0000e-03
    MonteCarlo : 1.0000e-03
    MCPoissonPDE : 1.0000e-03
    eQuantumPotential : 1.0000e-03
    hQuantumPotential : 1.0000e-03
    quasi-fermi-potential : 1.0000e-03
    ConductiveInsulator : 1.0000e-03
    ContactAndConductiveInsulator : 1.0000e-03
    SingletExciton : 1.0000e-05
    eHopping : 1.0000e-03
    hHopping : 1.0000e-03
    HydrogenAtom : 1.0000e-03
    HydrogenMolecule : 1.0000e-03
    HydrogenIon : 1.0000e-03
    HydrogenSiliconBondOccupation : 1.0000e-03
    eSHEDistribution : 1.0000e-03
    hSHEDistribution : 1.0000e-03
  RelErrControl (Reference error): 
    Poisson : 0.025852
    Electron : 1.0000e+10
    Hole : 1.0000e+10
    Photon-Rate-Equation : 1.0000e-07
    Photon-Phase-Equation : 1
    Rate-Stabilize-Equation : 1.0000e-07
    QW-Scattering-Equations : 1.0000e+10
    QW-eScattering-Equation : 1.0000e+10
    QW-hScattering-Equation : 1.0000e+10
    Optical Problem : 1
    Wavelength : 1
    Bandstructure : 1
    EmissionTable : 1
    DephasingRates : 1
    Photon Recycling : 1
    Electron-Temperature : 3.0000e+02
    Hole-Temperature : 3.0000e+02
    Lattice-Hole-Electron-Temperature : 3.0000e+02
    Circuit : 1
    TCircuit : 1
    Contact : 0.025852
    TContact : 1
    Continuation : 1
    eLaplace : 1
    hLaplace : 1
    tLaplace : 1
    MonteCarlo : 1
    MCPoissonPDE : 1
    eQuantumPotential : 0.025852
    hQuantumPotential : 0.025852
    quasi-fermi-potential : 0.025852
    ConductiveInsulator : 1
    ContactAndConductiveInsulator : 1
    SingletExciton : 1.0000e+10
    eHopping : 0.025852
    hHopping : 0.025852
    HydrogenAtom : 1.0000e+10
    HydrogenMolecule : 1.0000e+10
    HydrogenIon : 1.0000e+10
    HydrogenSiliconBondOccupation : 1
    eSHEDistribution : 0.025852
    hSHEDistribution : 0.025852
  Relative error : 5 digits
  Without checked transient error
  Max. #iterations : 20
  LineSearchDamping=1
  #undamped iterations : 50
  No incomplete Newton
  transient method : TR-BDF
  Linear solver : blocked decomposition
  Linear solver for AC analysis : blocked decomposition
  Linear solver for SHEDistribution Model : Super
  use linear extrapolation in transient/quasistationary computations
  use complex supernodal in ac-analysis (if possible)
  do not use smoothed PDE's in transient/quasistationary computations
  Harmonic balance (HB) specifications:
    Do not use MDFT mode in HB (i.e. one-tone and time domain assembly).
    Do not use in HB the logarithm of densities.
    No SolveSpectrum entries are specified.
    Plot HB results for time domain interval (0.0000e+00 , 0.0000e+00) using 0 intervals.
    HB Newton scaling parameters for rhs and update:
      Equation                         :  RhsScale  : UpdateScale
      Poisson                          :   1.00E+00 :   1.00E+00 
      Electron                         :   1.00E-05 :   1.00E+00 
      Hole                             :   1.00E-05 :   1.00E+00 
      Photon-Rate-Equation             :   1.00E-05 :   1.00E+00 
      Photon-Phase-Equation            :   1.00E+00 :   1.00E+00 
      Rate-Stabilize-Equation          :   1.00E+00 :   1.00E+00 
      QW-Scattering-Equations          :   1.00E-05 :   1.00E+00 
      QW-eScattering-Equation          :   1.00E-05 :   1.00E+00 
      QW-hScattering-Equation          :   1.00E-05 :   1.00E+00 
      Optical Problem                  :   1.00E+00 :   1.00E+00 
      Wavelength                       :   1.00E+00 :   1.00E+00 
      Bandstructure                    :   1.00E+00 :   1.00E+00 
      EmissionTable                    :   1.00E+00 :   1.00E+00 
      DephasingRates                   :   1.00E+00 :   1.00E+00 
      Photon Recycling                 :   1.00E+00 :   1.00E+00 
      Electron-Temperature             :   1.00E+00 :   1.00E+00 
      Hole-Temperature                 :   1.00E+00 :   1.00E+00 
      Lattice-Hole-Electron-Temperature:   1.00E+00 :   1.00E+00 
      Circuit                          :   1.00E-05 :   1.00E+00 
      TCircuit                         :   1.00E+00 :   1.00E+00 
      Contact                          :   1.00E-05 :   1.00E+00 
      TContact                         :   1.00E+00 :   1.00E+00 
      Continuation                     :   1.00E+00 :   1.00E+00 
      eLaplace                         :   1.00E+00 :   1.00E+00 
      hLaplace                         :   1.00E+00 :   1.00E+00 
      tLaplace                         :   1.00E+00 :   1.00E+00 
      MonteCarlo                       :   1.00E+00 :   1.00E+00 
      MCPoissonPDE                     :   1.00E+00 :   1.00E+00 
      eQuantumPotential                :   1.00E+00 :   1.00E+00 
      hQuantumPotential                :   1.00E+00 :   1.00E+00 
      quasi-fermi-potential            :   1.00E+00 :   1.00E+00 
      ConductiveInsulator              :   1.00E+00 :   1.00E+00 
      ContactAndConductiveInsulator    :   1.00E+00 :   1.00E+00 
      SingletExciton                   :   1.00E+00 :   1.00E+00 
      eHopping                         :   1.00E+00 :   1.00E+00 
      hHopping                         :   1.00E+00 :   1.00E+00 
      HydrogenAtom                     :   1.00E+00 :   1.00E+00 
      HydrogenMolecule                 :   1.00E+00 :   1.00E+00 
      HydrogenIon                      :   1.00E+00 :   1.00E+00 
      HydrogenSiliconBondOccupation    :   1.00E+00 :   1.00E+00 
      eSHEDistribution                 :   1.00E+00 :   1.00E+00 
      hSHEDistribution                 :   1.00E+00 :   1.00E+00 
    HB Newton correction parameters for values:
      Equation                         :     Min    :  Variation 
      Electron                         :   1.00E-20 :   1.00E+18 
      Hole                             :   1.00E-20 :   1.00E+18 
      Photon-Rate-Equation             :   0.00E+00 :   1.00E+18 
      QW-eScattering-Equation          :   1.00E-20 :   1.00E+18 
      QW-hScattering-Equation          :   1.00E-20 :   1.00E+18 
      Electron-Temperature             :   1.00E+02 :   1.00E+18 
      Hole-Temperature                 :   1.00E+02 :   1.00E+18 
      Lattice-Hole-Electron-Temperature:   1.00E+02 :   1.00E+18 
    
    Traps are solved by decoupled mode.
  use automatic coupling of contact/circuit stuff
  Spice temperature: 3.0015e+02
  Spice nominal temperature of parameter measurements: 3.0015e+02
  Spice minimum conductance gmin: 1.0000e-12
  Mininum |rhs| : 1.0000e-05
  Maximum |rhs| : 1.0000e+15
  Maximum |rhs| factor : 1.0000e+10
  Lattice Temperature Range : (50,5.0000e+03)
  Carrier Temperature Range : (10,8.0000e+04)
  Simplified first order SHE of BTE will be solved
  SHERefinementCutoff : 20
  No user dependencies.
  Number of assembly threads: 20 (Sentaurus Device command file)
  Number of solver threads: 20 (Sentaurus Device command file)
  Thread stacksize: 2000000 bytes (Sentaurus Device command file)
  Go serial if not enough parallel licenses are available.

Default device parameters:
  Files:
    no Boundary file
    no Grid file
    no Doping file
    no MobilityDoping file
    no Load file
    no Save file
    no Plot file
    no DevFieldsName file
    no Path file
    no optical-Generation file
    no Lifetime file
    no Temperature file
    no Current file
    no PMIUserFields file
    no Extraction file
    no ModelParameters file
    no Piezo file
    no ModeGain file
    no Optical emission table for stimulated emission file
    no Optical emission table for spontaneous emission file
    no Optical emission table for photon phase change coefficient file
    no EmissionTable file
    no DephasingRates file
    no ASESpectrum file
    no OpticalFarField file
    no OpticalIntensityPattern file
    no SaveOpticalIntensityPattern file
    no OpticalXYAnglePattern file
    no SaveOpticalXYAnglePattern file
    no MonteCarloInput file
    no MonteCarloOutput file
    no ACPlot file
-----------------------------------------------
  Numerical parameters:
    With exact derivatives
    With avalanche derivatives
    Using old wavelength search algorithm
    Do not reinitialize quasi Fermi potentials in quasi-stationary simulations
    Ignore ionization integral constraints
    Without SRH per potential 
    Without CDL per potential 
    Without diagonal preconditioning
    With Scharfetter-Gummel Discretization
    Relative error : 5 digits
    Delta for numerical tunnelling derivatives : 1.0000e-03
    Do not compute breakdown paths and ionization integrals
    QuasiFermiPotential is used for Contact Equation
-----------------------------------------------
-----------------------------------------------
  Physical models:
    Without incomplete ionization
    Use Si parameters
    TATNonlocalPathNC = 0.0000e+00
    Without SRH-Recombination
    Without CDL-Recombination
    With optical generation computation 
    Without Band-to-Band-Tunneling
    Without Auger-Recombination
    Without Radiative Recombination
    Without Surface-Recombination
    Without Trap-Assisted-Auger-Recombination
    PMI recombination models: none
  Without thermal resistance interfaces
  Without Piezo
  Without Anisotropic Material Properties
  Without Avalanche-Generation 
  Without Alpha Particle
  Without Heavy Ion
  Without polarization
  Volume charge density: 0.0000e+00 cm^-3
  Device Temperature = 3.0000e+02 K
  Electron Quasi Fermi Potential: 0.0000e+00 V
  Hole Quasi Fermi Potential: 0.0000e+00 V
  Without MagneticField
  With SingletExciton Barrier Type
  Intrinsic density models:
    default bandgap model
    Bandgap narrowing model: Bennett/Wilson with bandgap narrowing (no Fermi)
  default affinity model
  default effective mass model
  Electron mobility:
    no Doping dependence (using constant mobility)
    no Carrier-Carrier scattering
    no E_normal dependence
    Without ThinLayer mobility model
    no high-field saturation
    Einstein relation for diffusivity-mobility ratio.
  Hole mobility:
    no Doping dependence (using constant mobility)
    no Carrier-Carrier scattering
    no E_normal dependence
    Without ThinLayer mobility model
    no high-field saturation
    Einstein relation for diffusivity-mobility ratio.
  Energy relaxation time model: according to formula in parameter file
  Lattice thermal conductivity model: according to formula in parameter file
  Metal Resistivity model: according to formula in parameter file
  Thermo Electric Power model: extraploted Si data
  Metal Thermo Electric Power model: MetalThermoElectricPower model not defined
  Lattice heat capacity model: temperature dependent
  no piezoelectric polarization model
  Without default parameters from file (use built-in default parameters)
-----------------------------------------------
Process information for extraction purposes:
  none
Plot variables:
  eDensity
  hDensity
  eCurrentDensity
  hCurrentDensity
  TotalCurrentDensity/Vector
  eLifetime
  hLifetime
  EffectiveIntrinsicDensity
  IntrinsicDensity
  eEquilibriumDensity
  hEquilibriumDensity
  ElectrostaticPotential
  SpaceCharge
  ElectricField/Vector
  eMobility
  hMobility
  eVelocity
  hVelocity
  DopingConcentration
  DonorConcentration
  AcceptorConcentration
  ConductionBandEnergy
  ValenceBandEnergy
  BandGap
  eQuasiFermiPotential
  hQuasiFermiPotential
  SRHRecombination
  AugerRecombination
  TotalRecombination
  SurfaceRecombination
  Band2BandGeneration
  OpticalIntensity
  OpticalGeneration

------------------------------------------------
NoisePlot variables:
  none
Plot groups:
  none

------------------------------------------------
CurrentPlot variables:
  none
Devices:
Device LAE:
Parameters
Electrodes:
  "ntype" : 0.0000e+00 V (Ohmic), area factor : 1
  "ptype" : 0.0000e+00 V (Ohmic), area factor : 1
Files:
  Grid file: sdemodel_ntype_200_1E17_ptype_300_1E18_decay_50_msh.tdr
  Plot file: trans_sde_des_opt_1_bias_2_ntype_200_1E17_ptype_300_1E18.tdr
  Current file: trans_sde_des_opt_1_bias_2_ntype_200_1E17_ptype_300_1E18.plt
  ModelParameters file: sdevice.par
-----------------------------------------------
Numerical parameters:
  With Hydrodynamic Discretization for Electron and Hole temperatures
        -----------------------------------------------
-----------------------------------------------
Physical models:
  With SRH-Recombination
    With Schenk field dependent lifetimes (trap assisted tunneling model)
    With Schenk local density modification in SRH
    With doping dependent lifetimes
    With temperature dependent lifetimes (power law)
  With Band-to-Band-Tunneling
    Schenk model
      Local density correction
  With Auger-Recombination (without Generation)
  With Surface-Recombination
  Without thermal resistance interfaces
  With HeteroInterfaces
  With Thermionic Emission at heterointerfaces for electrons and holes

  With Avalanche-Generation: 
  For electrons:
    driving force is Parallel (to current) Electric Field,
    model according to van Overstraeten / de Man
  For holes:
    driving force is Parallel (to current) Electric Field,
    model according to van Overstraeten / de Man

  Intrinsic density models:
    default bandgap model
    Bandgap narrowing model: OldSlotboom with bandgap narrowing (no Fermi)
  Electron mobility:
    Doping dependence:
      Default
    E_normal dependence:
      Lombardi
    Diffusivity: Caughey-Thomas saturation model, carrier temperature saturation
  Hole mobility:
    Doping dependence:
      Default
    E_normal dependence:
      Lombardi
    Diffusivity: Caughey-Thomas saturation model, carrier temperature saturation
  DeviceAreaFactor = 10
  Model: Optics  Switched on
    Model: OpticalGeneration  Switched on
      Model: SetConstant  Switched on
        Model: TimeDependence  Switched on
          Parameter: WaveTime = [ 1.4e-10 1.402e-10 ] s
          Parameter: WaveTSigma = 1e-14 s
        Parameter: Value = 1e+22 cm^-3*s^-1
      Model: QuantumYield  Switched on
        Parameter: Unity = on
-----------------------------------------------
- - - - - - - - - - - - - - - - - - - - - - - - 
The following Physical models have been changed
              for Region = 'n_region'

  Internal Mole Fraction Specification:
    xMoleFractionConst = 0.47

  Without thermal resistance interfaces
  Model: Optics  Switched on
    Model: ComplexRefractiveIndex  Switched on
      Model: WavelengthDep  Switched on
        Parameter: Real = on
        Parameter: Imag = on
- - - - - - - - - - - - - - - - - - - - - - - -
- - - - - - - - - - - - - - - - - - - - - - - - 
The following Physical models have been changed
              for Region = 'p_region'

  Internal Mole Fraction Specification:
    xMoleFractionConst = 0.47

  Without thermal resistance interfaces
  Model: Optics  Switched on
    Model: ComplexRefractiveIndex  Switched on
      Model: WavelengthDep  Switched on
        Parameter: Real = on
        Parameter: Imag = on
- - - - - - - - - - - - - - - - - - - - - - - -
- - - - - - - - - - - - - - - - - - - - - - - - 
The following Physical models have been changed
              for Region = 'substrate'

  Internal Mole Fraction Specification:
    xMoleFractionConst = 0.48

  Without thermal resistance interfaces
  Model: Optics  Switched on
    Model: OpticalGeneration  Switched off
- - - - - - - - - - - - - - - - - - - - - - - -
- - - - - - - - - - - - - - - - - - - - - - - - 
The following Physical models were changed
              for Material = 'Gold'
  Without thermal resistance interfaces
  Model: Optics  Switched on
    Model: OpticalGeneration  Switched off
- - - - - - - - - - - - - - - - - - - - - - - -

------------------------------------------------

------------------------------------------------
Systems:
System :
DEVICE MOS_harness
  PARAMETERS 
END DEVICE
PSET MOS_harness_pset
  PARAMETERS 
END PSET
LAE d1 ( ntype=1 ptype=0 ){
-----------------------------------------------
Physical models:
  Without thermal resistance interfaces
-----------------------------------------------

------------------------------------------------

------------------------------------------------
    }
Resistor_pset R1 ( 2 1 ){
	resistance	= 70
}
Vsource_pset vdc ( 3 0 ){
	dc	= 15
}
Inductor_pset L1 ( 3 2 ){
	inductance	= 1
}


Solve :
 Poisson
Coupled ( Digits : 5, Max. #iterations : 20, 
    Solver : blocked decomposition,
    #undamped iterations : 50 
)
    { Poisson Electron Hole } 
Transient (
      Max. #iterations : 20, 
      Initial step : 1.0000e-12 s, Minimum #intervals : 0, 
      Minimum step : 1.0000e-15 s, Maximum step : 5.0000e-12 s, 
      Initial time : 0.0000e+00 s, Final time : 2.0000e-10 s, 
    )
  {
    Coupled ( Digits : 5, Max. #iterations : 20, 
        Solver : blocked decomposition,
        #undamped iterations : 50 
)
        { Poisson Electron Hole } 
  }

===============================

Reading device instance 'd1'
Reading grid 'sdemodel_ntype_200_1E17_ptype_300_1E18_decay_50_msh.tdr' ... 
  coordinate system: DFISE, 2d_dfise (y is device down direction, 3d extension right-handed)
  use coordinate system as is (no transformation)
  TDR format
  Number of grid points is 36532.
done.

Adding interfaces and contacts .... done.
Computing edges ...
  Number of edges: 116462
done.
Computing boxes ...

  CVPL_AverageBoxMethod = TRUE 
   
  ElementWithMinVolume( 51585) Vertex0(30624)( 1.099219e+01, 4.995000e-01) Volume = 1.953125e-06 um3 (1.48e-07 from TotalVolume)
    ElementWithMinEdge( 19709) Vertex0(  781)( 2.734375e-02, 4.995000e-01) Length = 5.000000e-04 um
        MaxFlatElement( 71951) Vertex0(36381)( 1.300000e+01, 5.073203e-01)  Angle = 6.030447e+01 degrees
   ElementWithMinAngle( 31685) Vertex0(10730)( 4.292969e+00, 4.995000e-01)  Angle = 1.047578e+00 degrees
                   tan(MinAngle) = 1.828571e-02 

   NumberOfEdges              = 116462 
   NumberOfGeometricalEdges   = 108650 
   NumberOfDoubleEdges        =    883 
   MaxNumberOfElementsPerEdge =      2 
   MaxNumberOfEdgesPerVertex  =      7 
 MaxNumberElemEdgesPerVertex  =      8 

  Computing coefficient and measure ...   done.
  Old Parameters time:   0.01 s

  Computing Voronoi faces, coefficients, and measures ... 
  CVPL_Algorithm = TRUE 

    Computing Obtuse Elements ... 
     Obtuse Elements time:   0.00 s
      New Parameters time:   0.00 s

                       NumberOfVertices =  37789 
                       NumberOfElements =  72119 
                      NumberOfTriangles =  72119  (100.00 %)
                     NumberOfRectangles =      0  ( 0.00 %)
                 NumberOfObtuseElements =      5  ( 0.01 %)
            NumberOfNonDelaunayElements =      0  ( 0.00 %)
    done.
  done.
  (times: wc = 0.12 s, tcpu = 0.11 s)


/-------- Region non Delaunay elements ---------------------------------------------
 Region            Volume      BoxMethodVolume  DeltaVolume  Elements  non Delaunay 
  name              [um2]          [um2]           [%]                   Elements   
 -----------------------------------------------------------------------------------
 n_region       2.0000000e+00  2.0000000e+00       0.000     19085       0 ( 0.00 %) 
 p_region       4.2000000e+00  4.2000000e+00       0.000     41278       0 ( 0.00 %) 
 ntype_contact  8.0000000e-03  8.0000000e-03       0.000       588       0 ( 0.00 %) 
 substrate      7.0000000e+00  7.0000000e+00       0.000     11020       0 ( 0.00 %) 
 ptype_contact  2.0000000e-03  2.0000000e-03       0.000       148       0 ( 0.00 %) 
 Total          1.3210000e+01  1.3210000e+01       0.000     72119       0 ( 0.00 %) 
\-----------------------------------------------------------------------------------


/-------- Interface non Delaunay elements ------------------------------------------
 Region1           Volume      BoxMethodVolume  DeltaVolume  Elements  non Delaunay 
 Region2            [um2]          [um2]           [%]                   Elements   
 -----------------------------------------------------------------------------------
 n_region       2.8061432e-02  2.8061432e-02       0.000       373       0 ( 0.00 %) 
 p_region       1.1640625e-02  1.1640625e-02       0.000       367       0 ( 0.00 %) 
 ...................................................................................
 n_region       2.7881744e-02  2.7881744e-02       0.000       300       0 ( 0.00 %) 
 ntype_contact  4.0000000e-03  4.0000000e-03       0.000       294       0 ( 0.00 %) 
 ...................................................................................
 p_region       3.5000000e-03  3.5000000e-03       0.000       516       0 ( 0.00 %) 
 substrate      5.1242187e-02  5.1242187e-02       0.000       516       0 ( 0.00 %) 
 ...................................................................................
 p_region       2.3281250e-03  2.3281250e-03       0.000        74       0 ( 0.00 %) 
 ptype_contact  1.0000000e-03  1.0000000e-03       0.000        74       0 ( 0.00 %) 
 ...................................................................................
 Total          1.2965411e-01  1.2965411e-01       0.000      2514       0 ( 0.00 %) 
\-----------------------------------------------------------------------------------
done.
Reading doping 'sdemodel_ntype_200_1E17_ptype_300_1E18_decay_50_msh.tdr' (TDR format) ...
done.
done.
Reading parameter file 'sdevice.par' ... Parameter file 'InP.par' ...
 Parameter file 'InGaAs.par' ...
 Parameter file 'InP.par' ...
 Parameter file 'InAlGaAs.par' ...

---------------------------------------------------
 Reading parameters for material "AlGaAs"
---------------------------------------------------

	Differences compared with default parameters:
	Epsilon(interval[0]): epsilon = 13.9, instead of: 13.18 [1]
	Epsilon(interval[1]): epsilon = 12.31, instead of: 10.06 [1]
	Epsilon_aniso(interval[0]): epsilon = 13.9, instead of: 13.18 [1]
	Epsilon_aniso(interval[1]): epsilon = 12.31, instead of: 10.06 [1]
	RefractiveIndex(interval[0]): refractiveindex = 3.7, instead of: 3.5108 [1]
	RefractiveIndex(interval[1]): refractiveindex = 3.4, instead of: 2.90805 [1]
	RefractiveIndex(interval[0]): alpha = 2.0000e-04, instead of: 4.0000e-04 [1/K]
	RefractiveIndex(interval[1]): alpha = 2.0000e-04, instead of: 1.0000e-04 [1/K]
	ComplexRefractiveIndex(interval[0]): n_0 = 3.7, instead of: 3.5108 [1]
	ComplexRefractiveIndex(interval[1]): n_0 = 3.4, instead of: 2.90805 [1]
	ComplexRefractiveIndex(interval[0]): Cn_temp = 3.0000e-04, instead of: 4.0000e-04 [K^-1]
	ComplexRefractiveIndex(interval[1]): Cn_temp = 2.0000e-04, instead of: 1.0000e-04 [K^-1]
	LatticeHeatCapacity(interval[1]): cv = 1.38, instead of: 1.16 [J/(Kcm^3)]
	Kappa(interval[0]): 1/kappa = 3.7, instead of: 2.17391 [(K cm)/W]
	Kappa(interval[1]): 1/kappa = 2.4, instead of: 1.1 [(K cm)/W]
	Thermal resistivity(1/kappa[1]): B(1/kappa) = -2.3000e+01, instead of: -3.0000e+01 [(K cm)/W]
	Kappa_aniso(interval[0]): 1/kappa = 3.7, instead of: 2.17391 [(K cm)/W]
	Kappa_aniso(interval[1]): 1/kappa = 2.4, instead of: 1.1 [(K cm)/W]
	Thermal resistivity(1/kappa[1]): B(1/kappa) = -2.3000e+01, instead of: -3.0000e+01 [(K cm)/W]
	Bandgap(interval[1]): Xmax = 1, instead of: 0.45 [1]
	Bandgap(interval[0]): Eg0 = 0.74, instead of: 1.42248 [eV]
	Bandgap(interval[1]): Eg0 = 1.49, instead of: 1.98515 [eV]
	Bandgap(interval[0]): alpha = 4.3000e-04, instead of: 5.4050e-04 [eV/K]
	Bandgap(interval[1]): alpha = 4.1000e-04, instead of: 4.7727e-04 [eV/K]
	Bandgap(interval[0]): beta = 2.2600e+02, instead of: 2.0400e+02 [K]
	Bandgap(interval[1]): beta = 1.3600e+02, instead of: 1.1220e+02 [K]
	Bandgap(interval[0]): Chi0 = 4.5, instead of: 4.11826 [eV]
	Bandgap(interval[1]): Chi0 = 4.4, instead of: 3.575 [eV]
	BandstructureParameters(interval[0]): gamma_1 = 13.4, instead of: 6.85 [1]
	BandstructureParameters(interval[1]): gamma_1 = 11.93, instead of: 3.45 [1]
	BandstructureParameters(interval[0]): gamma_2 = 3.45, instead of: 2.1 [1]
	BandstructureParameters(interval[1]): gamma_2 = 8.98, instead of: 0.68 [1]
	BandstructureParameters(interval[0]): gamma_3 = 6, instead of: 2.9 [1]
	BandstructureParameters(interval[1]): gamma_3 = 5.195, instead of: 1.29 [1]
	BandstructureParameters(interval[0]): so = 0.36, instead of: 0.34 [eV]
	BandstructureParameters(interval[1]): so = 0.33, instead of: 0.28 [eV]
	BandstructureParameters(interval[0]): ep_te = 24.6, instead of: 28.8 [eV]
	BandstructureParameters(interval[1]): ep_te = 21.3, instead of: 21.1 [eV]
	BandstructureParameters(interval[0]): ep_tm = 24.6, instead of: 28.8 [eV]
	BandstructureParameters(interval[1]): ep_tm = 21.3, instead of: 21.1 [eV]
	QWStrain(interval[0]): a_nu = 1, instead of: 1.16 [eV]
	QWStrain(interval[1]): a_nu = 1.735, instead of: 2.47 [eV]
	QWStrain(interval[0]): a_c = -5.0800e+00, instead of: -7.1700e+00 [eV]
	QWStrain(interval[1]): a_c = -5.3600e+00, instead of: -5.6400e+00 [eV]
	QWStrain(interval[0]): b_shear = -1.8000e+00, instead of: -1.7000e+00 [eV]
	QWStrain(interval[1]): b_shear = -1.6500e+00, instead of: -1.5000e+00 [eV]
	QWStrain(interval[0]): C_11 = 8.329, instead of: 11.879 [1e-2 GPa]
	QWStrain(interval[1]): C_11 = 6.835, instead of: 12.5 [1e-2 GPa]
	QWStrain(interval[0]): C_12 = 4.526, instead of: 5.376 [1e-2 GPa]
	QWStrain(interval[1]): C_12 = 8.513, instead of: 5.34 [1e-2 GPa]
	QWStrain(interval[0]): a0 = 5.8500e-10, instead of: 5.6533e-10 [m]
	QWStrain(interval[1]): a0 = 5.8597e-10, instead of: 5.6611e-10 [m]
	QWStrain(interval[0]): alpha = 3.3300e-15, instead of: 3.8800e-15 [m/K]
	QWStrain(interval[1]): alpha = 2.8200e-15, instead of: 2.9000e-15 [m/K]
	DOSMass_electron(interval[0]): Nc300 = 5.1400e+16, instead of: 4.4200e+17 [cm-3]
	DOSMass_electron(interval[1]): Nc300 = 5.9860e+17, instead of: 1.1100e+18 [cm-3]
	DOSMass_hole(interval[0]): Nv300 = 7.5500e+18, instead of: 8.4700e+18 [cm-3]
	DOSMass_hole(interval[1]): Nv300 = 9.5300e+18, instead of: 1.2400e+19 [cm-3]
	SchroedingerParameters(interval[0]): ml = 0.049, instead of: 0.074 [1]
	SchroedingerParameters(interval[1]): ml = 0.142, instead of: 0.26 [1]
	SchroedingerParameters(interval[0]): mh = 0.51, instead of: 0.62 [1]
	SchroedingerParameters(interval[1]): mh = 0.455, instead of: 0.5 [1]
	ConstantMobility_electron(interval[0]): Exponent = 1.5, instead of: 1 [1]
	ConstantMobility_electron(interval[0]): mumax = 9.6000e+03, instead of: 8.5000e+03 [cm^2/(Vs)]
	ConstantMobility_electron(interval[1]): mumax = 1.2250e+04, instead of: 2.5000e+03 [cm^2/(Vs)]
	ConstantMobility_hole(interval[0]): Exponent = 1.5, instead of: 2.1 [1]
	ConstantMobility_hole(interval[0]): mumax = 3.2500e+02, instead of: 4.0000e+02 [cm^2/(Vs)]
	ConstantMobility_hole(interval[1]): mumax = 2.0000e+02, instead of: 1.5000e+02 [cm^2/(Vs)]
	ConstantMobility_electron_aniso(interval[0]): Exponent = 1.5, instead of: 1 [1]
	ConstantMobility_electron_aniso(interval[0]): mumax = 9.6000e+03, instead of: 8.5000e+03 [cm^2/(Vs)]
	ConstantMobility_electron_aniso(interval[1]): mumax = 1.2250e+04, instead of: 2.5000e+03 [cm^2/(Vs)]
	ConstantMobility_hole_aniso(interval[0]): Exponent = 1.5, instead of: 2.1 [1]
	ConstantMobility_hole_aniso(interval[0]): mumax = 3.2500e+02, instead of: 4.0000e+02 [cm^2/(Vs)]
	ConstantMobility_hole_aniso(interval[1]): mumax = 2.0000e+02, instead of: 1.5000e+02 [cm^2/(Vs)]
	HighFieldDependence_electron(interval[0]): vsat0 = 1.0000e+07, instead of: 7.7000e+06 [cm/s]
	HighFieldDependence_electron(interval[0]): A_vsat = 1.0000e+07, instead of: 1.1300e+07 [cm/s]
	HighFieldDependence_electron(interval[0]): B_vsat = 0.0000e+00, instead of: 3.6000e+06 [cm/s]
	HighFieldDependence_hole(interval[0]): vsat0 = 1.0000e+07, instead of: 7.7000e+06 [cm/s]
	HighFieldDependence_hole(interval[0]): A_vsat = 1.0000e+07, instead of: 1.1300e+07 [cm/s]
	HighFieldDependence_hole(interval[0]): B_vsat = 0.0000e+00, instead of: 3.6000e+06 [cm/s]
	HighFieldDependence_electron_aniso(interval[0]): vsat0 = 1.0000e+07, instead of: 7.7000e+06 [cm/s]
	HighFieldDependence_electron_aniso(interval[0]): A_vsat = 1.0000e+07, instead of: 1.1300e+07 [cm/s]
	HighFieldDependence_electron_aniso(interval[0]): B_vsat = 0.0000e+00, instead of: 3.6000e+06 [cm/s]
	HighFieldDependence_hole_aniso(interval[0]): vsat0 = 1.0000e+07, instead of: 7.7000e+06 [cm/s]
	HighFieldDependence_hole_aniso(interval[0]): A_vsat = 1.0000e+07, instead of: 1.1300e+07 [cm/s]
	HighFieldDependence_hole_aniso(interval[0]): B_vsat = 0.0000e+00, instead of: 3.6000e+06 [cm/s]

---------------------------------------------------
 Reading parameters for material "InAlAs"
---------------------------------------------------

	Differences compared with default parameters:
	epsilon: epsilon = 12.4, instead of: 14.55 [1]
	epsilon: epsilon = 12.4, instead of: 14.55 [1]
	Refractiveindex: refractiveindex = 3.22, instead of: 3.892 [1]
	ComplexRefractiveIndex: n_0 = 3.1, instead of: 3.892 [1]
	ComplexRefractiveIndex: n_0 = 3.22, instead of: 3.1 [1]
	Bandgap: Chi0 = 4.4, instead of: 4.92751 [eV]
	Bandgap: Eg0 = 1.4205, instead of: 0.355482 [eV]
	Bandgap: alpha = 4.1000e-04, instead of: 3.3500e-04 [eV/K]
	Bandgap: beta = 1.3600e+02, instead of: 2.4800e+02 [K]
	Bandgap: Tpar = 0.0000e+00, instead of: 3.0000e+02 [K]
	BandstructureParameters: gamma_1 = 4.95, instead of: 20.4 [1]
	BandstructureParameters: gamma_2 = 1.65, instead of: 8.3 [1]
	BandstructureParameters: gamma_3 = 2.35, instead of: 9.1 [1]
	BandstructureParameters: so = 0.11, instead of: 0.38 [eV]
	BandstructureParameters: ep_te = 20.7, instead of: 21.5 [eV]
	BandstructureParameters: ep_tm = 20.7, instead of: 21.5 [eV]
	QW_Strain: alpha = 2.7900e-15, instead of: 2.7400e-15 [cm/K]
	QW_Strain: a_nu = 1.27, instead of: 1 [eV]
	QW_Strain: b_shear = -1.7000e+00, instead of: -1.8000e+00 [eV]
	QW_Strain: c_11 = 10.11, instead of: 8.329 [1e-2 GPa]
	QW_Strain: c_12 = 5.61, instead of: 4.526 [1e-2 GPa]
	DOSeMass: Nc300 = 5.6600e+17, instead of: 8.7200e+16 [1]
	DOShMass: Nv300 = 2.0300e+19, instead of: 6.6600e+18 [cm-3]
	SchroedingerParameters: ml = 0.089, instead of: 0.024 [1]
	SchroedingerParameters: mh = 0.85, instead of: 0.41 [1]
	ConstMob(elec): mumax = 4.5000e+03, instead of: 2.2600e+04 [cm^2/(Vs)]
	ConstMob(hole): mumax = 1.5000e+02, instead of: 2.5000e+02 [cm^2/(Vs)]
	ConstMob(elec): mumax = 4.5000e+03, instead of: 2.2600e+04 [cm^2/(Vs)]
	ConstMob(hole): mumax = 1.5000e+02, instead of: 2.5000e+02 [cm^2/(Vs)]
	DopingMob(elec): formula = 2, instead of: 1 [1]
	DopingMob(elec): Ar_mumin = 4.5000e+03, instead of: 88 [cm^2/(Vs)]
	DopingMob(elec): Ar_alm = -1.5000e+00, instead of: -5.7000e-01 [1]
	DopingMob(elec): Ar_mud = 0.0000e+00, instead of: 1.2520e+03 [cm^2/(Vs)]
	DopingMob(elec): Ar_ald = 0.0000e+00, instead of: -2.3300e+00 [1]
	DopingMob(elec): Ar_N0 = 1.0000e+17, instead of: 1.2500e+17 [cm^(-3)]
	DopingMob(elec): Ar_alN = 0.0000e+00, instead of: 2.4 [1]
	DopingMob(elec): Ar_a = 0.0000e+00, instead of: 0.88 [1]
	DopingMob(elec): Ar_ala = 0.0000e+00, instead of: -1.4600e-01 [1]
	DopingMob(hole): formula = 2, instead of: 1 [1]
	DopingMob(hole): Ar_mumin = 1.5000e+02, instead of: 54.3 [cm^2/(Vs)]
	DopingMob(hole): Ar_alm = -1.5000e+00, instead of: -5.7000e-01 [1]
	DopingMob(hole): Ar_mud = 0.0000e+00, instead of: 4.0700e+02 [cm^2/(Vs)]
	DopingMob(hole): Ar_ald = 0.0000e+00, instead of: -2.2300e+00 [1]
	DopingMob(hole): Ar_N0 = 1.0000e+17, instead of: 2.3500e+17 [cm^(-3)]
	DopingMob(hole): Ar_alN = 0.0000e+00, instead of: 2.4 [1]
	DopingMob(hole): Ar_a = 0.0000e+00, instead of: 0.88 [1]
	DopingMob(hole): Ar_ala = 0.0000e+00, instead of: -1.4600e-01 [1]
	DopingMob(elec): formula = 2, instead of: 1 [1]
	DopingMob(elec): Ar_mumin = 4.5000e+03, instead of: 88 [cm^2/(Vs)]
	DopingMob(elec): Ar_alm = -1.5000e+00, instead of: -5.7000e-01 [1]
	DopingMob(elec): Ar_mud = 0.0000e+00, instead of: 1.2520e+03 [cm^2/(Vs)]
	DopingMob(elec): Ar_ald = 0.0000e+00, instead of: -2.3300e+00 [1]
	DopingMob(elec): Ar_N0 = 1.0000e+17, instead of: 1.2500e+17 [cm^(-3)]
	DopingMob(elec): Ar_alN = 0.0000e+00, instead of: 2.4 [1]
	DopingMob(elec): Ar_a = 0.0000e+00, instead of: 0.88 [1]
	DopingMob(elec): Ar_ala = 0.0000e+00, instead of: -1.4600e-01 [1]
	DopingMob(hole): formula = 2, instead of: 1 [1]
	DopingMob(hole): Ar_mumin = 1.5000e+02, instead of: 54.3 [cm^2/(Vs)]
	DopingMob(hole): Ar_alm = -1.5000e+00, instead of: -5.7000e-01 [1]
	DopingMob(hole): Ar_mud = 0.0000e+00, instead of: 4.0700e+02 [cm^2/(Vs)]
	DopingMob(hole): Ar_ald = 0.0000e+00, instead of: -2.2300e+00 [1]
	DopingMob(hole): Ar_N0 = 1.0000e+17, instead of: 2.3500e+17 [cm^(-3)]
	DopingMob(hole): Ar_alN = 0.0000e+00, instead of: 2.4 [1]
	DopingMob(hole): Ar_a = 0.0000e+00, instead of: 0.88 [1]
	DopingMob(hole): Ar_ala = 0.0000e+00, instead of: -1.4600e-01 [1]
	PooleFrenkel: epsPFe = 12.4, instead of: 14.55 [1]
	PooleFrenkel: epsPFh = 12.4, instead of: 14.55 [1]

---------------------------------------------------
 Reading parameters for material "InGaAs"
---------------------------------------------------

---------------------------------------------------
 Reading parameters for material "InP"
---------------------------------------------------

	Differences compared with default parameters:
	ComplexRefractiveIndex: n_0 = 3.1, instead of: 3.22 [1]
	ComplexRefractiveIndex: n_0 = 3.22, instead of: 3.1 [1]


=======
Region: "n_region"
  (material is "InGaAs")
=======
  Model: "Bandgap"
    Parameter "B(Bgn2Chi(1))" is new with value equal to 0
    Parameter "B(Chi0(1))" is new with value equal to 0
    Parameter "B(EgMin(1))" is new with value equal to 0
    Parameter "B(FermiEnergy(1))" is new with value equal to 0
    Parameter "B(WorkFunction(1))" is new with value equal to 0
    Parameter "B(alpha(1))" is new with value equal to 0
    Parameter "B(alpha2(1))" is new with value equal to 0
    Parameter "B(beta(1))" is new with value equal to 0
    Parameter "B(beta2(1))" is new with value equal to 0
    Parameter "B(dEg0(Bennett)(1))" is new with value equal to 0
    Parameter "B(dEg0(OldSlotboom)(1))" is new with value equal to 0
    Parameter "B(dEg0(Slotboom)(1))" is new with value equal to 0
    Parameter "B(dEg0(delAlamo)(1))" is new with value equal to 0
    Parameter "B(dEgMin(1))" is new with value equal to 0
    Parameter "Bgn2Chi(0)" is new with value equal to 0.5
    Parameter "Bgn2Chi(1)" is new with value equal to 0.5
    Parameter "C(Chi0(1))" is new with value equal to 0
    Parameter "C(Eg0(1))" is new with value equal to 0
    Parameter "C(EgMin(1))" is new with value equal to 0
    Parameter "C(FermiEnergy(1))" is new with value equal to 0
    Parameter "C(WorkFunction(1))" is new with value equal to 0
    Parameter "C(alpha(1))" is new with value equal to 0
    Parameter "C(alpha2(1))" is new with value equal to 0
    Parameter "C(beta(1))" is new with value equal to 0
    Parameter "C(beta2(1))" is new with value equal to 0
    Parameter "C(dEg0(Bennett)(1))" is new with value equal to 0
    Parameter "C(dEg0(OldSlotboom)(1))" is new with value equal to 0
    Parameter "C(dEg0(Slotboom)(1))" is new with value equal to 0
    Parameter "C(dEg0(delAlamo)(1))" is new with value equal to 0
    Parameter "C(dEgMin(1))" is new with value equal to 0
    Parameter "EgMin(0)" is new with value equal to -10
    Parameter "EgMin(1)" is new with value equal to -10
    Parameter "FermiEnergy(0)" is new with value equal to 11.7
    Parameter "FermiEnergy(1)" is new with value equal to 11.7
    Parameter "WorkFunction(0)" is new with value equal to 4.25
    Parameter "WorkFunction(1)" is new with value equal to 4.25
    Parameter "alpha2(0)" is new with value equal to 0
    Parameter "alpha2(1)" is new with value equal to 0
    Parameter "beta2(0)" is new with value equal to 0
    Parameter "beta2(1)" is new with value equal to 0
    Parameter "dEg0(Bennett)(0)" is new with value equal to 0
    Parameter "dEg0(Bennett)(1)" is new with value equal to 0
    Parameter "dEg0(OldSlotboom)(0)" is new with value equal to 0
    Parameter "dEg0(OldSlotboom)(1)" is new with value equal to 0
    Parameter "dEg0(Slotboom)(0)" is new with value equal to 0
    Parameter "dEg0(Slotboom)(1)" is new with value equal to 0
    Parameter "dEg0(delAlamo)(0)" is new with value equal to 0
    Parameter "dEg0(delAlamo)(1)" is new with value equal to 0
    Parameter "dEgMin(0)" is new with value equal to 0
    Parameter "dEgMin(1)" is new with value equal to 0
  Model: "BandstructureParameters"
    Parameter "A1(0)" is new with value equal to 0
    Parameter "A1(1)" is new with value equal to 0
    Parameter "A2(0)" is new with value equal to 0
    Parameter "A2(1)" is new with value equal to 0
    Parameter "A3(0)" is new with value equal to 0
    Parameter "A3(1)" is new with value equal to 0
    Parameter "A4(0)" is new with value equal to 0
    Parameter "A4(1)" is new with value equal to 0
    Parameter "A5(0)" is new with value equal to 0
    Parameter "A5(1)" is new with value equal to 0
    Parameter "A6(0)" is new with value equal to 0
    Parameter "A6(1)" is new with value equal to 0
    Parameter "cr(0)" is new with value equal to 0
    Parameter "cr(1)" is new with value equal to 0
  Model: "ComplexRefractiveIndex"
    Parameter "Ck_carr_e(0)" is new with value equal to 0
    Parameter "Ck_carr_e(1)" is new with value equal to 0
    Parameter "Ck_carr_h(0)" is new with value equal to 0
    Parameter "Ck_carr_h(1)" is new with value equal to 0
    Parameter "Ck_lambda(0)" is new with value equal to 0
    Parameter "Ck_lambda(1)" is new with value equal to 0
    Parameter "Cn_gain(0)" is new with value equal to 0
    Parameter "Cn_gain(1)" is new with value equal to 0
    Parameter "Cn_lambda(0)" is new with value equal to 0
    Parameter "Cn_lambda(1)" is new with value equal to 0
    Parameter "Dk_lambda(0)" is new with value equal to 0
    Parameter "Dk_lambda(1)" is new with value equal to 0
    Parameter "Dn_lambda(0)" is new with value equal to 0
    Parameter "Dn_lambda(1)" is new with value equal to 0
    Parameter "Gamma_k_carr_e(0)" is new with value equal to 1
    Parameter "Gamma_k_carr_e(1)" is new with value equal to 1
    Parameter "Gamma_k_carr_h(0)" is new with value equal to 1
    Parameter "Gamma_k_carr_h(1)" is new with value equal to 1
    Parameter "Npar(0)" is new with value equal to 1e+18
    Parameter "Npar(1)" is new with value equal to 1e+18
    Parameter "k_0(0)" is new with value equal to 0
    Parameter "k_0(1)" is new with value equal to 0
  Model: "ConstantMobility_electron"
    Parameter "mutunnel(0)" is new with value equal to 0.05
    Parameter "mutunnel(1)" is new with value equal to 0.05
  Model: "ConstantMobility_electron_aniso"
    Parameter "mutunnel(0)" is new with value equal to 0.05
    Parameter "mutunnel(1)" is new with value equal to 0.05
  Model: "ConstantMobility_hole"
    Parameter "mutunnel(0)" is new with value equal to 0.05
    Parameter "mutunnel(1)" is new with value equal to 0.05
  Model: "ConstantMobility_hole_aniso"
    Parameter "mutunnel(0)" is new with value equal to 0.05
    Parameter "mutunnel(1)" is new with value equal to 0.05
  Model: "DOSMass_electron"
    Parameter "a(0)" is new with value equal to 0.1905
    Parameter "a(1)" is new with value equal to 0.1905
    Parameter "ml(0)" is new with value equal to 0.9163
    Parameter "ml(1)" is new with value equal to 0.9163
    Parameter "mm(0)" is new with value equal to 0
    Parameter "mm(1)" is new with value equal to 0
  Model: "DOSMass_hole"
    Parameter "a(0)" is new with value equal to 0.443587
    Parameter "a(1)" is new with value equal to 0.443587
    Parameter "b(0)" is new with value equal to 0.0036095
    Parameter "b(1)" is new with value equal to 0.0036095
    Parameter "c(0)" is new with value equal to 0.00011735
    Parameter "c(1)" is new with value equal to 0.00011735
    Parameter "d(0)" is new with value equal to 1.2632e-06
    Parameter "d(1)" is new with value equal to 1.2632e-06
    Parameter "e(0)" is new with value equal to 3.0256e-09
    Parameter "e(1)" is new with value equal to 3.0256e-09
    Parameter "f(0)" is new with value equal to 0.0046834
    Parameter "f(1)" is new with value equal to 0.0046834
    Parameter "g(0)" is new with value equal to 0.00022869
    Parameter "g(1)" is new with value equal to 0.00022869
    Parameter "h(0)" is new with value equal to 7.4693e-07
    Parameter "h(1)" is new with value equal to 7.4693e-07
    Parameter "i(0)" is new with value equal to 1.7275e-09
    Parameter "i(1)" is new with value equal to 1.7275e-09
    Parameter "mm(0)" is new with value equal to 0
    Parameter "mm(1)" is new with value equal to 0
  Model: "HighFieldDependence_electron"
    Parameter "E0_TrEf(0)" is new with value equal to 4000
    Parameter "E0_TrEf(1)" is new with value equal to 4000
    Parameter "K_dT(0)" is new with value equal to 0.2
    Parameter "K_dT(1)" is new with value equal to 0.2
    Parameter "Ksmooth_TrEf(0)" is new with value equal to 1
    Parameter "Ksmooth_TrEf(1)" is new with value equal to 1
    Parameter "alpha(0)" is new with value equal to 0
    Parameter "alpha(1)" is new with value equal to 0
  Model: "HighFieldDependence_electron_aniso"
    Parameter "E0_TrEf(0)" is new with value equal to 4000
    Parameter "E0_TrEf(1)" is new with value equal to 4000
    Parameter "K_dT(0)" is new with value equal to 0.2
    Parameter "K_dT(1)" is new with value equal to 0.2
    Parameter "Ksmooth_TrEf(0)" is new with value equal to 1
    Parameter "Ksmooth_TrEf(1)" is new with value equal to 1
    Parameter "alpha(0)" is new with value equal to 0
    Parameter "alpha(1)" is new with value equal to 0
  Model: "HighFieldDependence_hole"
    Parameter "E0_TrEf(0)" is new with value equal to 4000
    Parameter "E0_TrEf(1)" is new with value equal to 4000
    Parameter "K_dT(0)" is new with value equal to 0.2
    Parameter "K_dT(1)" is new with value equal to 0.2
    Parameter "Ksmooth_TrEf(0)" is new with value equal to 1
    Parameter "Ksmooth_TrEf(1)" is new with value equal to 1
    Parameter "alpha(0)" is new with value equal to 0
    Parameter "alpha(1)" is new with value equal to 0
  Model: "HighFieldDependence_hole_aniso"
    Parameter "E0_TrEf(0)" is new with value equal to 4000
    Parameter "E0_TrEf(1)" is new with value equal to 4000
    Parameter "K_dT(0)" is new with value equal to 0.2
    Parameter "K_dT(1)" is new with value equal to 0.2
    Parameter "Ksmooth_TrEf(0)" is new with value equal to 1
    Parameter "Ksmooth_TrEf(1)" is new with value equal to 1
    Parameter "alpha(0)" is new with value equal to 0
    Parameter "alpha(1)" is new with value equal to 0
  Model: "Kappa"
    Parameter "B(1/kappa_b(1))" is new with value equal to 0
    Parameter "B(1/kappa_c(1))" is new with value equal to 0
    Parameter "B(kappa(1))" is new with value equal to 0
    Parameter "B(kappa_b(1))" is new with value equal to 0
    Parameter "B(kappa_c(1))" is new with value equal to 0
    Parameter "C(1/kappa(1))" is new with value equal to 0
    Parameter "C(1/kappa_b(1))" is new with value equal to 0
    Parameter "C(1/kappa_c(1))" is new with value equal to 0
    Parameter "C(kappa(1))" is new with value equal to 0
    Parameter "C(kappa_b(1))" is new with value equal to 0
    Parameter "C(kappa_c(1))" is new with value equal to 0
    Parameter "kappa(0)" is new with value equal to 1.5
    Parameter "kappa(1)" is new with value equal to 1.5
    Parameter "kappa_b(0)" is new with value equal to 0
    Parameter "kappa_b(1)" is new with value equal to 0
    Parameter "kappa_c(0)" is new with value equal to 0
    Parameter "kappa_c(1)" is new with value equal to 0
  Model: "Kappa_aniso"
    Parameter "B(1/kappa_b(1))" is new with value equal to 0
    Parameter "B(1/kappa_c(1))" is new with value equal to 0
    Parameter "B(kappa(1))" is new with value equal to 0
    Parameter "B(kappa_b(1))" is new with value equal to 0
    Parameter "B(kappa_c(1))" is new with value equal to 0
    Parameter "C(1/kappa(1))" is new with value equal to 0
    Parameter "C(1/kappa_b(1))" is new with value equal to 0
    Parameter "C(1/kappa_c(1))" is new with value equal to 0
    Parameter "C(kappa(1))" is new with value equal to 0
    Parameter "C(kappa_b(1))" is new with value equal to 0
    Parameter "C(kappa_c(1))" is new with value equal to 0
    Parameter "kappa(0)" is new with value equal to 1.5
    Parameter "kappa(1)" is new with value equal to 1.5
    Parameter "kappa_b(0)" is new with value equal to 0
    Parameter "kappa_b(1)" is new with value equal to 0
    Parameter "kappa_c(0)" is new with value equal to 0
    Parameter "kappa_c(1)" is new with value equal to 0
  Model: "QWStrain"
    Parameter "C_13(0)" is new with value equal to 0
    Parameter "C_13(1)" is new with value equal to 0
    Parameter "C_33(0)" is new with value equal to 0
    Parameter "C_33(1)" is new with value equal to 0
    Parameter "D1(0)" is new with value equal to 0
    Parameter "D1(1)" is new with value equal to 0
    Parameter "D2(0)" is new with value equal to 0
    Parameter "D2(1)" is new with value equal to 0
    Parameter "D3(0)" is new with value equal to 0
    Parameter "D3(1)" is new with value equal to 0
    Parameter "D4(0)" is new with value equal to 0
    Parameter "D4(1)" is new with value equal to 0
    Parameter "c0(0)" is new with value equal to 0
    Parameter "c0(1)" is new with value equal to 0
  Model: "SchroedingerParameters"
    Parameter "A(0)" is new with value equal to 4.22
    Parameter "A(1)" is new with value equal to 4.22
    Parameter "B(0)" is new with value equal to 0.6084
    Parameter "B(1)" is new with value equal to 0.6084
    Parameter "C(0)" is new with value equal to 23.058
    Parameter "C(1)" is new with value equal to 23.058
    Parameter "eoffset(0)" is new with value equal to 0
    Parameter "eoffset(1)" is new with value equal to 0
    Parameter "hoffset(0)" is new with value equal to 0
    Parameter "hoffset(1)" is new with value equal to 0
    Parameter "me(0)" is new with value equal to 0.07
    Parameter "me(1)" is new with value equal to 0.07

=======
Region: "ntype_contact"
  (material is "Gold")
=======
  Constants are not modified and equal to default ones

=======
Region: "p_region"
  (material is "InGaAs")
=======
  Model: "Bandgap"
    Parameter "B(Bgn2Chi(1))" is new with value equal to 0
    Parameter "B(Chi0(1))" is new with value equal to 0
    Parameter "B(EgMin(1))" is new with value equal to 0
    Parameter "B(FermiEnergy(1))" is new with value equal to 0
    Parameter "B(WorkFunction(1))" is new with value equal to 0
    Parameter "B(alpha(1))" is new with value equal to 0
    Parameter "B(alpha2(1))" is new with value equal to 0
    Parameter "B(beta(1))" is new with value equal to 0
    Parameter "B(beta2(1))" is new with value equal to 0
    Parameter "B(dEg0(Bennett)(1))" is new with value equal to 0
    Parameter "B(dEg0(OldSlotboom)(1))" is new with value equal to 0
    Parameter "B(dEg0(Slotboom)(1))" is new with value equal to 0
    Parameter "B(dEg0(delAlamo)(1))" is new with value equal to 0
    Parameter "B(dEgMin(1))" is new with value equal to 0
    Parameter "Bgn2Chi(0)" is new with value equal to 0.5
    Parameter "Bgn2Chi(1)" is new with value equal to 0.5
    Parameter "C(Chi0(1))" is new with value equal to 0
    Parameter "C(Eg0(1))" is new with value equal to 0
    Parameter "C(EgMin(1))" is new with value equal to 0
    Parameter "C(FermiEnergy(1))" is new with value equal to 0
    Parameter "C(WorkFunction(1))" is new with value equal to 0
    Parameter "C(alpha(1))" is new with value equal to 0
    Parameter "C(alpha2(1))" is new with value equal to 0
    Parameter "C(beta(1))" is new with value equal to 0
    Parameter "C(beta2(1))" is new with value equal to 0
    Parameter "C(dEg0(Bennett)(1))" is new with value equal to 0
    Parameter "C(dEg0(OldSlotboom)(1))" is new with value equal to 0
    Parameter "C(dEg0(Slotboom)(1))" is new with value equal to 0
    Parameter "C(dEg0(delAlamo)(1))" is new with value equal to 0
    Parameter "C(dEgMin(1))" is new with value equal to 0
    Parameter "EgMin(0)" is new with value equal to -10
    Parameter "EgMin(1)" is new with value equal to -10
    Parameter "FermiEnergy(0)" is new with value equal to 11.7
    Parameter "FermiEnergy(1)" is new with value equal to 11.7
    Parameter "WorkFunction(0)" is new with value equal to 4.25
    Parameter "WorkFunction(1)" is new with value equal to 4.25
    Parameter "alpha2(0)" is new with value equal to 0
    Parameter "alpha2(1)" is new with value equal to 0
    Parameter "beta2(0)" is new with value equal to 0
    Parameter "beta2(1)" is new with value equal to 0
    Parameter "dEg0(Bennett)(0)" is new with value equal to 0
    Parameter "dEg0(Bennett)(1)" is new with value equal to 0
    Parameter "dEg0(OldSlotboom)(0)" is new with value equal to 0
    Parameter "dEg0(OldSlotboom)(1)" is new with value equal to 0
    Parameter "dEg0(Slotboom)(0)" is new with value equal to 0
    Parameter "dEg0(Slotboom)(1)" is new with value equal to 0
    Parameter "dEg0(delAlamo)(0)" is new with value equal to 0
    Parameter "dEg0(delAlamo)(1)" is new with value equal to 0
    Parameter "dEgMin(0)" is new with value equal to 0
    Parameter "dEgMin(1)" is new with value equal to 0
  Model: "BandstructureParameters"
    Parameter "A1(0)" is new with value equal to 0
    Parameter "A1(1)" is new with value equal to 0
    Parameter "A2(0)" is new with value equal to 0
    Parameter "A2(1)" is new with value equal to 0
    Parameter "A3(0)" is new with value equal to 0
    Parameter "A3(1)" is new with value equal to 0
    Parameter "A4(0)" is new with value equal to 0
    Parameter "A4(1)" is new with value equal to 0
    Parameter "A5(0)" is new with value equal to 0
    Parameter "A5(1)" is new with value equal to 0
    Parameter "A6(0)" is new with value equal to 0
    Parameter "A6(1)" is new with value equal to 0
    Parameter "cr(0)" is new with value equal to 0
    Parameter "cr(1)" is new with value equal to 0
  Model: "ComplexRefractiveIndex"
    Parameter "Ck_carr_e(0)" is new with value equal to 0
    Parameter "Ck_carr_e(1)" is new with value equal to 0
    Parameter "Ck_carr_h(0)" is new with value equal to 0
    Parameter "Ck_carr_h(1)" is new with value equal to 0
    Parameter "Ck_lambda(0)" is new with value equal to 0
    Parameter "Ck_lambda(1)" is new with value equal to 0
    Parameter "Cn_gain(0)" is new with value equal to 0
    Parameter "Cn_gain(1)" is new with value equal to 0
    Parameter "Cn_lambda(0)" is new with value equal to 0
    Parameter "Cn_lambda(1)" is new with value equal to 0
    Parameter "Dk_lambda(0)" is new with value equal to 0
    Parameter "Dk_lambda(1)" is new with value equal to 0
    Parameter "Dn_lambda(0)" is new with value equal to 0
    Parameter "Dn_lambda(1)" is new with value equal to 0
    Parameter "Gamma_k_carr_e(0)" is new with value equal to 1
    Parameter "Gamma_k_carr_e(1)" is new with value equal to 1
    Parameter "Gamma_k_carr_h(0)" is new with value equal to 1
    Parameter "Gamma_k_carr_h(1)" is new with value equal to 1
    Parameter "Npar(0)" is new with value equal to 1e+18
    Parameter "Npar(1)" is new with value equal to 1e+18
    Parameter "k_0(0)" is new with value equal to 0
    Parameter "k_0(1)" is new with value equal to 0
  Model: "ConstantMobility_electron"
    Parameter "mutunnel(0)" is new with value equal to 0.05
    Parameter "mutunnel(1)" is new with value equal to 0.05
  Model: "ConstantMobility_electron_aniso"
    Parameter "mutunnel(0)" is new with value equal to 0.05
    Parameter "mutunnel(1)" is new with value equal to 0.05
  Model: "ConstantMobility_hole"
    Parameter "mutunnel(0)" is new with value equal to 0.05
    Parameter "mutunnel(1)" is new with value equal to 0.05
  Model: "ConstantMobility_hole_aniso"
    Parameter "mutunnel(0)" is new with value equal to 0.05
    Parameter "mutunnel(1)" is new with value equal to 0.05
  Model: "DOSMass_electron"
    Parameter "a(0)" is new with value equal to 0.1905
    Parameter "a(1)" is new with value equal to 0.1905
    Parameter "ml(0)" is new with value equal to 0.9163
    Parameter "ml(1)" is new with value equal to 0.9163
    Parameter "mm(0)" is new with value equal to 0
    Parameter "mm(1)" is new with value equal to 0
  Model: "DOSMass_hole"
    Parameter "a(0)" is new with value equal to 0.443587
    Parameter "a(1)" is new with value equal to 0.443587
    Parameter "b(0)" is new with value equal to 0.0036095
    Parameter "b(1)" is new with value equal to 0.0036095
    Parameter "c(0)" is new with value equal to 0.00011735
    Parameter "c(1)" is new with value equal to 0.00011735
    Parameter "d(0)" is new with value equal to 1.2632e-06
    Parameter "d(1)" is new with value equal to 1.2632e-06
    Parameter "e(0)" is new with value equal to 3.0256e-09
    Parameter "e(1)" is new with value equal to 3.0256e-09
    Parameter "f(0)" is new with value equal to 0.0046834
    Parameter "f(1)" is new with value equal to 0.0046834
    Parameter "g(0)" is new with value equal to 0.00022869
    Parameter "g(1)" is new with value equal to 0.00022869
    Parameter "h(0)" is new with value equal to 7.4693e-07
    Parameter "h(1)" is new with value equal to 7.4693e-07
    Parameter "i(0)" is new with value equal to 1.7275e-09
    Parameter "i(1)" is new with value equal to 1.7275e-09
    Parameter "mm(0)" is new with value equal to 0
    Parameter "mm(1)" is new with value equal to 0
  Model: "HighFieldDependence_electron"
    Parameter "E0_TrEf(0)" is new with value equal to 4000
    Parameter "E0_TrEf(1)" is new with value equal to 4000
    Parameter "K_dT(0)" is new with value equal to 0.2
    Parameter "K_dT(1)" is new with value equal to 0.2
    Parameter "Ksmooth_TrEf(0)" is new with value equal to 1
    Parameter "Ksmooth_TrEf(1)" is new with value equal to 1
    Parameter "alpha(0)" is new with value equal to 0
    Parameter "alpha(1)" is new with value equal to 0
  Model: "HighFieldDependence_electron_aniso"
    Parameter "E0_TrEf(0)" is new with value equal to 4000
    Parameter "E0_TrEf(1)" is new with value equal to 4000
    Parameter "K_dT(0)" is new with value equal to 0.2
    Parameter "K_dT(1)" is new with value equal to 0.2
    Parameter "Ksmooth_TrEf(0)" is new with value equal to 1
    Parameter "Ksmooth_TrEf(1)" is new with value equal to 1
    Parameter "alpha(0)" is new with value equal to 0
    Parameter "alpha(1)" is new with value equal to 0
  Model: "HighFieldDependence_hole"
    Parameter "E0_TrEf(0)" is new with value equal to 4000
    Parameter "E0_TrEf(1)" is new with value equal to 4000
    Parameter "K_dT(0)" is new with value equal to 0.2
    Parameter "K_dT(1)" is new with value equal to 0.2
    Parameter "Ksmooth_TrEf(0)" is new with value equal to 1
    Parameter "Ksmooth_TrEf(1)" is new with value equal to 1
    Parameter "alpha(0)" is new with value equal to 0
    Parameter "alpha(1)" is new with value equal to 0
  Model: "HighFieldDependence_hole_aniso"
    Parameter "E0_TrEf(0)" is new with value equal to 4000
    Parameter "E0_TrEf(1)" is new with value equal to 4000
    Parameter "K_dT(0)" is new with value equal to 0.2
    Parameter "K_dT(1)" is new with value equal to 0.2
    Parameter "Ksmooth_TrEf(0)" is new with value equal to 1
    Parameter "Ksmooth_TrEf(1)" is new with value equal to 1
    Parameter "alpha(0)" is new with value equal to 0
    Parameter "alpha(1)" is new with value equal to 0
  Model: "Kappa"
    Parameter "B(1/kappa_b(1))" is new with value equal to 0
    Parameter "B(1/kappa_c(1))" is new with value equal to 0
    Parameter "B(kappa(1))" is new with value equal to 0
    Parameter "B(kappa_b(1))" is new with value equal to 0
    Parameter "B(kappa_c(1))" is new with value equal to 0
    Parameter "C(1/kappa(1))" is new with value equal to 0
    Parameter "C(1/kappa_b(1))" is new with value equal to 0
    Parameter "C(1/kappa_c(1))" is new with value equal to 0
    Parameter "C(kappa(1))" is new with value equal to 0
    Parameter "C(kappa_b(1))" is new with value equal to 0
    Parameter "C(kappa_c(1))" is new with value equal to 0
    Parameter "kappa(0)" is new with value equal to 1.5
    Parameter "kappa(1)" is new with value equal to 1.5
    Parameter "kappa_b(0)" is new with value equal to 0
    Parameter "kappa_b(1)" is new with value equal to 0
    Parameter "kappa_c(0)" is new with value equal to 0
    Parameter "kappa_c(1)" is new with value equal to 0
  Model: "Kappa_aniso"
    Parameter "B(1/kappa_b(1))" is new with value equal to 0
    Parameter "B(1/kappa_c(1))" is new with value equal to 0
    Parameter "B(kappa(1))" is new with value equal to 0
    Parameter "B(kappa_b(1))" is new with value equal to 0
    Parameter "B(kappa_c(1))" is new with value equal to 0
    Parameter "C(1/kappa(1))" is new with value equal to 0
    Parameter "C(1/kappa_b(1))" is new with value equal to 0
    Parameter "C(1/kappa_c(1))" is new with value equal to 0
    Parameter "C(kappa(1))" is new with value equal to 0
    Parameter "C(kappa_b(1))" is new with value equal to 0
    Parameter "C(kappa_c(1))" is new with value equal to 0
    Parameter "kappa(0)" is new with value equal to 1.5
    Parameter "kappa(1)" is new with value equal to 1.5
    Parameter "kappa_b(0)" is new with value equal to 0
    Parameter "kappa_b(1)" is new with value equal to 0
    Parameter "kappa_c(0)" is new with value equal to 0
    Parameter "kappa_c(1)" is new with value equal to 0
  Model: "QWStrain"
    Parameter "C_13(0)" is new with value equal to 0
    Parameter "C_13(1)" is new with value equal to 0
    Parameter "C_33(0)" is new with value equal to 0
    Parameter "C_33(1)" is new with value equal to 0
    Parameter "D1(0)" is new with value equal to 0
    Parameter "D1(1)" is new with value equal to 0
    Parameter "D2(0)" is new with value equal to 0
    Parameter "D2(1)" is new with value equal to 0
    Parameter "D3(0)" is new with value equal to 0
    Parameter "D3(1)" is new with value equal to 0
    Parameter "D4(0)" is new with value equal to 0
    Parameter "D4(1)" is new with value equal to 0
    Parameter "c0(0)" is new with value equal to 0
    Parameter "c0(1)" is new with value equal to 0
  Model: "SchroedingerParameters"
    Parameter "A(0)" is new with value equal to 4.22
    Parameter "A(1)" is new with value equal to 4.22
    Parameter "B(0)" is new with value equal to 0.6084
    Parameter "B(1)" is new with value equal to 0.6084
    Parameter "C(0)" is new with value equal to 23.058
    Parameter "C(1)" is new with value equal to 23.058
    Parameter "eoffset(0)" is new with value equal to 0
    Parameter "eoffset(1)" is new with value equal to 0
    Parameter "hoffset(0)" is new with value equal to 0
    Parameter "hoffset(1)" is new with value equal to 0
    Parameter "me(0)" is new with value equal to 0.07
    Parameter "me(1)" is new with value equal to 0.07

=======
Region: "ptype_contact"
  (material is "Gold")
=======
  Constants are not modified and equal to default ones

=======
Region: "substrate"
  (material is "InP")
=======
  Constants are not modified and equal to default ones

================
RegionInterface: "n_region/ntype_contact"
  (material interface is "InGaAs/Gold")
================
  Constants are not modified and equal to default ones

================
RegionInterface: "n_region/p_region"
  (material interface is "InGaAs/InGaAs")
================
  Constants are not modified and equal to default ones

================
RegionInterface: "p_region/ptype_contact"
  (material interface is "InGaAs/Gold")
================
  Constants are not modified and equal to default ones

================
RegionInterface: "p_region/substrate"
  (material interface is "InGaAs/InP")
================
  Constants are not modified and equal to default ones

==========
Electrode: "ntype"
==========
  Constants are not modified and equal to default ones

==========
Electrode: "ptype"
==========
  Constants are not modified and equal to default ones


Use doping species (B, P) concentrations from file (Species => Na,Nd)!
Use doping concentration (Nnet) from file.
No total doping concentration in doping file (Species => Ntot)!


 Region "n_region" (Material "InGaAs"): "DopingDependence(electrons)" computed by side materials "InAs,GaAs"
 Region "n_region" (Material "InGaAs"): "DopingDependence(holes)" computed by side materials "InAs,GaAs"
 Region "p_region" (Material "InGaAs"): "DopingDependence(electrons)" computed by side materials "InAs,GaAs"
 Region "p_region" (Material "InGaAs"): "DopingDependence(holes)" computed by side materials "InAs,GaAs"
Done reading device instance 'd1'
Mon Feb  9 15:59:56 2015: checked out 1 Dessis-MixedMode license(s)
Mon Feb  9 15:59:56 2015: checked out 1 sdevice-mixedmode license(s)
Mon Feb  9 15:59:56 2015: checked out 1 Dessis-Hetero license(s)
Mon Feb  9 15:59:56 2015: checked out 1 sdevice-hetero license(s)

With Constant Reference Potential:
  Parameters of Reference Semiconductor:
    The Electron Affinity: 4.54716
    The Band Gap: 0.718721
    The Electron DOS: 2.5396e+17
    The Hole DOS: 7.5107e+18
  The Constant Reference Potential: 4.86274
Mon Feb  9 15:59:57 2015: checked out 1 Dessis-Optic license(s)
Mon Feb  9 15:59:57 2015: checked out 1 sdevice-optic license(s)

===============================
Starting solve of next problem:
 Poisson
===============================

Computing poisson-equation 
using Bank/Rose nonlinear solver.

Iteration   |Rhs|      factor     |step|     error   #inner  #iterative  time
------------------------------------------------------------------------------
    0      7.71e+01                                                      0.13
    1      7.79e+02   1.00e+00   5.95e+00   4.65e+04    0         1      0.49
    2      2.83e+02   1.00e+00   1.02e+00   2.18e+04    0         1      0.82
    3      1.01e+02   1.00e+00   4.99e-01   5.94e+03    0         1      1.05
    4      3.29e+01   1.00e+00   3.43e-01   1.63e+03    0         1      1.29
    5      8.00e+00   1.00e+00   2.51e-01   1.16e+03    0         1      1.53
    6      1.04e+00   1.00e+00   1.12e-01   5.19e+02    0         1      1.78
    7      3.41e-02   1.00e+00   1.59e-02   7.38e+01    0         1      2.03
    8      3.86e-05   1.00e+00   2.67e-04   1.25e+00    0         1      2.27
    9      4.86e-11   1.00e+00   8.30e-08   4.18e-04    0         1      2.52
Finished, because...
Error smaller than 1 ( 4.1760E-04 ).

Accumulated times:
Rhs time:        0.13 s
Jacobian time:   0.24 s
Solve time:      1.10 s
Total time:      2.52 s

Device Instance d1:
Contact              Voltage              Electron      Hole         Conduction 
                 outer       inner        current       current      current
 ntype        0.000E+00    0.000E+00      2.383E-08    -2.383E-08    7.837E-21
 ptype        0.000E+00    0.000E+00      7.503E-08    -7.503E-08   -8.347E-21


===============================
Starting solve of next problem:
Coupled ( Digits : 5, Max. #iterations : 20, 
    Solver : blocked decomposition,
    #undamped iterations : 50 
)
    { Poisson Electron Hole } 
===============================

Computing Coupled( 4 circuit-equation(s) , 1 poisson-equation(s) , 
                   1 current-contact-equation(s) , 1 electron-equation(s) , 
                   1 hole-equation(s) ) 
using Bank/Rose nonlinear solver.

Iteration   |Rhs|      factor     |step|     error   #inner  #iterative  time
------------------------------------------------------------------------------
    0      1.86e+12                                                      4.31
    1      1.24e+09   1.00e+00   1.38e+02   3.63e+08    0         2     14.68
    2      2.02e+13   1.00e+00   6.79e+02   3.45e+08    0         2     21.93
    3      1.67e+25   1.00e+00   4.17e+05   1.11e+17    0         2     29.49
Finished, because...
|RHS| increased by more than factor 1.0000E+10.

Accumulated times:
Rhs time:       17.59 s
Jacobian time:   4.48 s
Solve time:      7.36 s
Total time:     29.49 s

Device Instance d1:
Contact              Voltage              Electron      Hole         Conduction 
                 outer       inner        current       current      current
 ntype       -1.127E+04   -1.127E+04      6.389E+11    -6.390E+11   -8.074E+06
 ptype        0.000E+00    1.612E-02      1.456E+14    -1.456E+14    5.108E+08


===============================
Starting solve of next problem:
Transient (
      Max. #iterations : 20, 
      Initial step : 1.0000e-12 s, Minimum #intervals : 0, 
      Minimum step : 1.0000e-15 s, Maximum step : 5.0000e-12 s, 
      Initial time : 0.0000e+00 s, Final time : 2.0000e-10 s, 
    )
  {
    Coupled ( Digits : 5, Max. #iterations : 20, 
        Solver : blocked decomposition,
        #undamped iterations : 50 
)
        { Poisson Electron Hole } 
  }
===============================

Computing TR-step from 0.0000e+00 s to 5.8579e-13 s (Stepsize: 5.8579e-13 s)
Computing Coupled( 4 circuit-equation(s) , 1 poisson-equation(s) , 
                   1 current-contact-equation(s) , 1 electron-equation(s) , 
                   1 hole-equation(s) ) 
using Bank/Rose nonlinear solver.

Iteration   |Rhs|      factor     |step|     error   #inner  #iterative  time
------------------------------------------------------------------------------
    0      3.33e+25                                                      0.10
    1      2.88e+59   1.00e+00   1.02e+14   1.45e+23    0         2      7.61
Finished, because...
|RHS| is greater than maximum allowed 1.0000E+15.

Accumulated times:
Rhs time:        4.56 s
Jacobian time:   0.47 s
Solve time:      2.55 s
Total time:      7.61 s

Newton didn't converge, trying again with smaller timestep...

Computing TR-step from 0.0000e+00 s to 2.9289e-13 s (Stepsize: 2.9289e-13 s)
Computing Coupled( 4 circuit-equation(s) , 1 poisson-equation(s) , 
                   1 current-contact-equation(s) , 1 electron-equation(s) , 
                   1 hole-equation(s) ) 
using Bank/Rose nonlinear solver.

Iteration   |Rhs|      factor     |step|     error   #inner  #iterative  time
------------------------------------------------------------------------------
    0      3.33e+25                                                      4.35
    1      3.40e+57   1.00e+00   2.75e+13   3.89e+22    0         2     11.73
Finished, because...
|RHS| is greater than maximum allowed 1.0000E+15.

Accumulated times:
Rhs time:        8.78 s
Jacobian time:   0.46 s
Solve time:      2.46 s
Total time:     11.73 s

Newton didn't converge, trying again with smaller timestep...

Computing TR-step from 0.0000e+00 s to 1.4645e-13 s (Stepsize: 1.4645e-13 s)
Computing Coupled( 4 circuit-equation(s) , 1 poisson-equation(s) , 
                   1 current-contact-equation(s) , 1 electron-equation(s) , 
                   1 hole-equation(s) ) 
using Bank/Rose nonlinear solver.

Iteration   |Rhs|      factor     |step|     error   #inner  #iterative  time
------------------------------------------------------------------------------
    0      3.33e+25                                                      4.61
    1      2.09e+57   1.00e+00   2.22e+13   3.14e+22    0         2     11.79
Finished, because...
|RHS| is greater than maximum allowed 1.0000E+15.

Accumulated times:
Rhs time:        8.85 s
Jacobian time:   0.47 s
Solve time:      2.44 s
Total time:     11.79 s

Newton didn't converge, trying again with smaller timestep...

Computing TR-step from 0.0000e+00 s to 7.3223e-14 s (Stepsize: 7.3223e-14 s)
Computing Coupled( 4 circuit-equation(s) , 1 poisson-equation(s) , 
                   1 current-contact-equation(s) , 1 electron-equation(s) , 
                   1 hole-equation(s) ) 
using Bank/Rose nonlinear solver.

Iteration   |Rhs|      factor     |step|     error   #inner  #iterative  time
------------------------------------------------------------------------------
    0      3.33e+25                                                      4.33
    1      4.70e+53   1.00e+00   1.83e+12   2.55e+21    0         2     11.51
Finished, because...
|RHS| is greater than maximum allowed 1.0000E+15.

Accumulated times:
Rhs time:        8.59 s
Jacobian time:   0.47 s
Solve time:      2.43 s
Total time:     11.51 s

Newton didn't converge, trying again with smaller timestep...

Computing TR-step from 0.0000e+00 s to 3.6612e-14 s (Stepsize: 3.6612e-14 s)
Computing Coupled( 4 circuit-equation(s) , 1 poisson-equation(s) , 
                   1 current-contact-equation(s) , 1 electron-equation(s) , 
                   1 hole-equation(s) ) 
using Bank/Rose nonlinear solver.

Iteration   |Rhs|      factor     |step|     error   #inner  #iterative  time
------------------------------------------------------------------------------
    0      3.33e+25                                                      4.34
    1      3.81e+63   1.00e+00   1.10e+15   1.51e+24    0         2     11.63
Finished, because...
|RHS| is greater than maximum allowed 1.0000E+15.

Accumulated times:
Rhs time:        8.67 s
Jacobian time:   0.48 s
Solve time:      2.45 s
Total time:     11.63 s

Newton didn't converge, trying again with smaller timestep...

Computing TR-step from 0.0000e+00 s to 1.8306e-14 s (Stepsize: 1.8306e-14 s)
Computing Coupled( 4 circuit-equation(s) , 1 poisson-equation(s) , 
                   1 current-contact-equation(s) , 1 electron-equation(s) , 
                   1 hole-equation(s) ) 
using Bank/Rose nonlinear solver.

Iteration   |Rhs|      factor     |step|     error   #inner  #iterative  time
------------------------------------------------------------------------------
    0      3.33e+25                                                      4.21
    1      6.10e+57   1.00e+00   2.46e+13   3.57e+22    0         2     11.43
Finished, because...
|RHS| is greater than maximum allowed 1.0000E+15.

Accumulated times:
Rhs time:        8.51 s
Jacobian time:   0.45 s
Solve time:      2.44 s
Total time:     11.43 s

Newton didn't converge, trying again with smaller timestep...

Computing TR-step from 0.0000e+00 s to 9.1529e-15 s (Stepsize: 9.1529e-15 s)
Computing Coupled( 4 circuit-equation(s) , 1 poisson-equation(s) , 
                   1 current-contact-equation(s) , 1 electron-equation(s) , 
                   1 hole-equation(s) ) 
using Bank/Rose nonlinear solver.

Iteration   |Rhs|      factor     |step|     error   #inner  #iterative  time
------------------------------------------------------------------------------
    0      3.33e+25                                                      4.17
    1      1.66e+52   1.00e+00   6.99e+11   1.04e+21    0         2     11.36
Finished, because...
|RHS| is greater than maximum allowed 1.0000E+15.

Accumulated times:
Rhs time:        8.41 s
Jacobian time:   0.47 s
Solve time:      2.45 s
Total time:     11.36 s

Newton didn't converge, trying again with smaller timestep...

Computing TR-step from 0.0000e+00 s to 4.5765e-15 s (Stepsize: 4.5765e-15 s)
Computing Coupled( 4 circuit-equation(s) , 1 poisson-equation(s) , 
                   1 current-contact-equation(s) , 1 electron-equation(s) , 
                   1 hole-equation(s) ) 
using Bank/Rose nonlinear solver.

Iteration   |Rhs|      factor     |step|     error   #inner  #iterative  time
------------------------------------------------------------------------------
    0      3.33e+25                                                      4.33
    1      2.18e+50   1.00e+00   2.00e+11   3.57e+20    0         2     11.85
Finished, because...
|RHS| is greater than maximum allowed 1.0000E+15.

Accumulated times:
Rhs time:        8.91 s
Jacobian time:   0.48 s
Solve time:      2.43 s
Total time:     11.85 s

Newton didn't converge, trying again with smaller timestep...

Computing TR-step from 0.0000e+00 s to 2.2882e-15 s (Stepsize: 2.2882e-15 s)
Computing Coupled( 4 circuit-equation(s) , 1 poisson-equation(s) , 
                   1 current-contact-equation(s) , 1 electron-equation(s) , 
                   1 hole-equation(s) ) 
using Bank/Rose nonlinear solver.

Iteration   |Rhs|      factor     |step|     error   #inner  #iterative  time
------------------------------------------------------------------------------
    0      3.33e+25                                                      4.49
    1      8.07e+64   1.00e+00   2.81e+15   4.81e+24    0         2     11.88
Finished, because...
|RHS| is greater than maximum allowed 1.0000E+15.

Accumulated times:
Rhs time:        8.90 s
Jacobian time:   0.46 s
Solve time:      2.49 s
Total time:     11.88 s

Newton didn't converge, trying again with smaller timestep...

Computing TR-step from 0.0000e+00 s to 1.1441e-15 s (Stepsize: 1.1441e-15 s)
Computing Coupled( 4 circuit-equation(s) , 1 poisson-equation(s) , 
                   1 current-contact-equation(s) , 1 electron-equation(s) , 
                   1 hole-equation(s) ) 
using Bank/Rose nonlinear solver.

Iteration   |Rhs|      factor     |step|     error   #inner  #iterative  time
------------------------------------------------------------------------------
    0      3.33e+25                                                      4.19
    1      2.84e+58   1.00e+00   8.81e+13   1.30e+23    0         2     11.36
Finished, because...
|RHS| is greater than maximum allowed 1.0000E+15.

Accumulated times:
Rhs time:        8.42 s
Jacobian time:   0.45 s
Solve time:      2.47 s
Total time:     11.36 s

Newton didn't converge, trying again with smaller timestep...


Finished, because of...
Step is too small.

Writing plot 'd1_trans_sde_des_opt_1_bias_2_ntype_200_1E17_ptype_300_1E18.tdr' (TDR format) ... done.

Mon Feb  9 16:00:43 2015: checked in 1 sdevice-optic license(s)
Mon Feb  9 16:00:43 2015: checked in 1 Dessis-Optic license(s)
Mon Feb  9 16:00:43 2015: checked in 1 sdevice-hetero license(s)
Mon Feb  9 16:00:43 2015: checked in 1 Dessis-Hetero license(s)
Mon Feb  9 16:00:43 2015: checked in 1 sdevice-mixedmode license(s)
Mon Feb  9 16:00:43 2015: checked in 1 Dessis-MixedMode license(s)
Mon Feb  9 16:00:43 2015: checked in 5 sparallel license(s)
Mon Feb  9 16:00:43 2015: checked in 5 sdevice-parallel license(s)
Mon Feb  9 16:00:43 2015: checked in 5 Dessis-Parallel license(s)
Mon Feb  9 16:00:43 2015: checked in 1 sdevice license(s)
Mon Feb  9 16:00:43 2015: checked in 1 Dessis license(s)

******************************************************************************
Sentaurus Device process size: 2188 megabytes
Sentaurus Device simulation times:
  wallclock: 50.88 s (0 h:00 m:50 s)
  total cpu: 171.29 s (0 h:02 m:51 s)
Sentaurus Device simulation finished (Date: Mon Feb  9 16:00:43 2015  (PDT)).
********************************* Good Bye ! *********************************
