
 Region "n_region_8" (Material "InGaAs"): "DopingDependence(electrons)" computed by side materials "InAs,GaAs"
 Region "n_region_8" (Material "InGaAs"): "DopingDependence(holes)" computed by side materials "InAs,GaAs"
 Region "n_region_9" (Material "InGaAs"): "DopingDependence(electrons)" computed by side materials "InAs,GaAs"
 Region "n_region_9" (Material "InGaAs"): "DopingDependence(holes)" computed by side materials "InAs,GaAs"
 Region "n_region_2" (Material "InGaAs"): "DopingDependence(electrons)" computed by side materials "InAs,GaAs"
 Region "n_region_2" (Material "InGaAs"): "DopingDependence(holes)" computed by side materials "InAs,GaAs"
 Region "p_region_0" (Material "InGaAs"): "DopingDependence(electrons)" computed by side materials "InAs,GaAs"
 Region "p_region_0" (Material "InGaAs"): "DopingDependence(holes)" computed by side materials "InAs,GaAs"
 Region "n_region_3" (Material "InGaAs"): "DopingDependence(electrons)" computed by side materials "InAs,GaAs"
 Region "n_region_3" (Material "InGaAs"): "DopingDependence(holes)" computed by side materials "InAs,GaAs"
 Region "p_region_1" (Material "InGaAs"): "DopingDependence(electrons)" computed by side materials "InAs,GaAs"
 Region "p_region_1" (Material "InGaAs"): "DopingDependence(holes)" computed by side materials "InAs,GaAs"
 Region "ntype_contact" (Material "InGaAs"): "DopingDependence(electrons)" computed by side materials "InAs,GaAs"
 Region "ntype_contact" (Material "InGaAs"): "DopingDependence(holes)" computed by side materials "InAs,GaAs"
 Region "n_region_4" (Material "InGaAs"): "DopingDependence(electrons)" computed by side materials "InAs,GaAs"
 Region "n_region_4" (Material "InGaAs"): "DopingDependence(holes)" computed by side materials "InAs,GaAs"
 Region "n_region_5" (Material "InGaAs"): "DopingDependence(electrons)" computed by side materials "InAs,GaAs"
 Region "n_region_5" (Material "InGaAs"): "DopingDependence(holes)" computed by side materials "InAs,GaAs"
 Region "ptype_contact" (Material "InGaAs"): "DopingDependence(electrons)" computed by side materials "InAs,GaAs"
 Region "ptype_contact" (Material "InGaAs"): "DopingDependence(holes)" computed by side materials "InAs,GaAs"
 Region "n_region_6" (Material "InGaAs"): "DopingDependence(electrons)" computed by side materials "InAs,GaAs"
 Region "n_region_6" (Material "InGaAs"): "DopingDependence(holes)" computed by side materials "InAs,GaAs"
 Region "n_region_7" (Material "InGaAs"): "DopingDependence(electrons)" computed by side materials "InAs,GaAs"
 Region "n_region_7" (Material "InGaAs"): "DopingDependence(holes)" computed by side materials "InAs,GaAs"
Supernodal had problems (zero pivot) !

