> Compiled Fri Apr 27 16:54:06 PDT 2012 on: tcadprod5
> Running on: Linux thzlabsv.ee.ucla.edu 2.6.32-504.el6.x86_64 #1 SMP Tue Sep 16 01:56:35 EDT 2014 x86_64

> Process ID: 52550
> 
> Flags used: -F tdr
> 
> Reading Boundary from sde_dvs_bnd.tdr
> Loaded 14 point(s), 4 region(s), 0 contact(s). done. Time: 0.034994 secs.
> Statistics from input geometry:
> 13 vertices, 16 edges, 4 elements (4 polygons)
> 	4 2D elements
> Average edge length (std): 2.8375 (14.266)
> Min edge length (0): 0.2
> 
> Average area (std): 4.4 (11.1821)
> Min. element area (0): 0.6
> 
> Average connectivity: 2.46154
> Max. connectivity (0): 3
> 
> Warning: empty command file sde_dvs.cmd
