****************************************************************************
***                            Sentaurus Mesh                            ***
***                          Version G-2012.06                           ***
***                         (1.5, amd64, linux)                          ***
***                                                                      ***
***                       Copyright (C) 2005-2012                        ***
***                            Synopsys, Inc.                          ***
***                                                                      ***
***  This software and the associated documentation are confidential     ***
***  and proprietary to Synopsys, Inc.  Your use or disclosure of this   ***
***  software is subject to the terms and conditions of a written        ***
***  license agreement between you, or your company, and Synopsys, Inc.  ***
****************************************************************************

Compiled Fri Apr 13 01:01:31 PDT 2012 on: tcadprod5
Running on: thzlabsv.ee.ucla.edu
Process ID: 6319

Flags used: -a -c boxmethod

** Generating 2d grid **

Creating binary tree...done.
Imprinting binary tree on the boundary...done.
Optimizing boundary nodes...done.

Number of vertices after binary tree generation : 
  56877 (tree) + 2281 (boundary)

** Delaunizing the mesh **

Creating delaunizer input...done.
Solving edges...done 
Optimizing elements...done. (58150 vertices)
Fixing diagonals...done.

The final mesh has: 
   57884 points.
  114727 elements.
       7 regions.
Max. connectivity = 7 located at (0.0546875;0.3995)


==============================  tri-grid quality  ================================
    0  10  20  30  40  50  60  70  80  90 100 110 120 130 140 150 160 170 180
 %    1  28   1   3  .   .    3   1  28  34  .   .                         
---------------------------------------------------------------------------------
minAngle: 1.53025  maxAngle: 110.332
nVerts = 57884  nTris = 114727  nMats = 5
max connectivity (tris per node): 7
bmin: -0 -0.201
bmax: 14 1
min edgeLength: 0.000730469  [near (0.0273438 0.000365234)]
min volume: 1.4267e-06  max volume: 0.00102625  Total volume: 16.01
bbox  volume: 16.814
Are all boundaries on bbox? false
=================================================================================
Interpolating data...done.
done.
Saving file sdemodel_constant_msh.tdr...done.
