****************************************************************************
***                      Sentaurus Structure Editor                      ***
***                          Version G-2012.06                           ***
***                         (1.3, amd64, linux)                          ***
***                                                                      ***
***               Copyright (C) 1994-2012 Synopsys, Inc.                 ***
***        Portions of this software are owned by Spatial Corp.          ***
***            Copyright (C) 1986-2012. All Rights Reserved.             ***
***                                                                      ***
***  This software and the associated documentation are confidential     ***
***  and proprietary to Synopsys, Inc.  Your use or disclosure of this   ***
***  software is subject to the terms and conditions of a written        ***
***  license agreement between you, or your company, and Synopsys, Inc.  ***
****************************************************************************

Compiled Thu Apr 19 23:14:21 PDT 2012 on tcadprod5

Machine type information not available.

****************************************************************************
***                            Sentaurus Mesh                            ***
***                          Version G-2012.06                           ***
***                         (1.5, amd64, linux)                          ***
***                                                                      ***
***                       Copyright (C) 2005-2012                        ***
***                            Synopsys, Inc.                          ***
***                                                                      ***
***  This software and the associated documentation are confidential     ***
***  and proprietary to Synopsys, Inc.  Your use or disclosure of this   ***
***  software is subject to the terms and conditions of a written        ***
***  license agreement between you, or your company, and Synopsys, Inc.  ***
****************************************************************************

Compiled Fri Apr 13 01:01:31 PDT 2012 on: tcadprod5
Running on: thzlabsv.ee.ucla.edu
Process ID: 41061

Flags used: -a -c boxmethod

** Generating 2d grid **

Creating binary tree...done.
Imprinting binary tree on the boundary...done.
Optimizing boundary nodes...done.

Number of vertices after binary tree generation : 
  3944 (tree) + 410 (boundary)


=================================  brep2d quality  =====================================
minAngle: 90  [near (-0 -0)] at region=n_region
nVerts = 410  nTris = 413  nRegs = 6
bmin: -0 -0.301
bmax: 14 1
min area: 0.001  max area: 0.4375  total area  : 50.604 interface area: 20
total volume: 17.01
Conformal? true
Are all boundaries on bbox? false
==================================================================================
** Delaunizing the mesh **

Creating delaunizer input...done.
Solving edges...done 
Optimizing elements...done. (4393 vertices)
Fixing diagonals...done.

The final mesh has: 
    4254 points.
    8135 elements.
       6 regions.
Max. connectivity = 7 located at (11.8125;-0)


==============================  tri-grid quality  ================================
    0  10  20  30  40  50  60  70  80  90 100 110 120 130 140 150 160 170 180
 %   26   6  .   .           .   .    6  60                                
---------------------------------------------------------------------------------
minAngle: 0.130962  maxAngle: 90
nVerts = 4254  nTris = 8135  nMats = 4
max connectivity (tris per node): 7
bmin: -0 -0.301
bmax: 14 1
min edgeLength: 0.001  [near (11.375 -0.0005)]
min volume: 4.31519e-05  max volume: 0.00889355  Total volume: 17.01
bbox  volume: 18.214
Are all boundaries on bbox? false
=================================================================================
Interpolating data...done.
done.
Saving file sdemodel_msh.tdr...done.
