Evaluating file n6_dvs.cmd
---> (sdegeo:create-rectangle (position 0 0 0) (position 14 1 0) InGaAs p_region)
#[body 5 1]
---> (sdegeo:create-rectangle (position 0 0 0) (position 10 -0.3 0) InGaAs n_region)
#[body 6 1]
---> (sdegeo:create-rectangle (position 1 -0.3 0) (position 9 -0.301 0) InGaAs Cathode_contact)
#[body 7 1]
---> (sdegeo:create-rectangle (position 11 0 0) (position 13 -0.001 0) InGaAs Anode_contact)
#[body 8 1]
---> (sdedr:define-constant-profile p_doping_definition GalliumActiveConcentration 1e+17)
#t
---> (sdedr:define-constant-profile-region p_doping_placement p_doping_definition p_region)
#t
---> (sdedr:define-constant-profile n_doping_definition ArsenicActiveConcentration 1e+17)
#t
---> (sdedr:define-constant-profile-region n_doping_placement n_doping_definition n_region)
#t
---> (sdegeo:define-contact-set Cathode 4 (color:rgb 1 0 0) ##)
()
---> (sdegeo:set-current-contact-set Cathode)
""
---> (sdegeo:set-contact-edges (find-edge-id (position 1.5 -0.301 0)) Cathode)
#t
---> (sdegeo:define-contact-set Anode 4 (color:rgb 1 0 0) ##)
()
---> (sdegeo:set-current-contact-set Anode)
"Cathode"
---> (sdegeo:set-contact-edges (find-edge-id (position 12.5 -0.001 0)) Anode)
#t
---> (sdedr:define-refinement-size RefinementDefinition_p 0.5 0.05 0.5 0.05 0.001 0.1)
#t
---> (sdedr:define-refinement-region RefinementPlacement_p RefinementDefinition_p p_region)
#t
---> (sdedr:define-refinement-size RefinementDefinition_p_1 0.01 0.001 0.5 0.001 0.0001 0.1)
#t
---> (sdedr:define-refinement-region RefinementPlacement_p_1 RefinementDefinition_p_1 p_region_1)
#t
---> (sdedr:define-refinement-size RefinementDefinition_n 0.5 0.005 0.5 0.05 0.0001 0.1)
#t
---> (sdedr:define-refinement-region RefinementPlacement_n RefinementDefinition_n n_region)
#t
---> (sdedr:define-refinement-size RefinementDefinition_n_1 0.01 0.001 0.5 0.001 0.0001 0.1)
#t
---> (sdedr:define-refinement-region RefinementPlacement_n_1 RefinementDefinition_n_1 n_region_1)
#t
---> (sde:set-meshing-command snmesh -a -c boxmethod)
#t
---> (sdedr:append-cmd-file )
#t
---> (sde:build-mesh snmesh -a -c boxmethod sdemodel)
#t
---> #[end-of-file]
"************************************************************************"
"Sentaurus Structure Editor "
"Start Time:    Fri Jan 16 12:46:32 2015"
"End   Time:    Fri Jan 16 12:46:34 2015"
"Total Execution Time (sec):    0"
"Total System calls Time (sec): 0"
"************************************************************************"
