****************************************************************************
***                           Sentaurus Device                           ***
***                          Version G-2012.06                           ***
***                         (1.5, amd64, linux)                          ***
***                                                                      ***
***                       Copyright (C) 1994-2012                        ***
***                            Synopsys, Inc.                            ***
***                                                                      ***
***  This software and the associated documentation are confidential     ***
***  and proprietary to Synopsys, Inc.  Your use or disclosure of this   ***
***  software is subject to the terms and conditions of a written        ***
***  license agreement between you, or your company, and Synopsys, Inc.  ***
****************************************************************************

	Running on machine with the following configuration:
	Host Name: thzlabsv.ee.ucla.edu
	Operating System: Linux rel. 2.6.32-504.1.3.el6.x86_64 ver. #1 SMP Fri Oct 31 11:37:10 EDT 2014
	Machine Type: x86_64
	Process ID: 41282
	Number of processors: 56
	Domain Name: ee.ucla.edu
	Date: Fri Jan 16 12:47:24 2015  (PDT)

Parsing "/w/apps3/Synopsys/TCAD_Sentaurus/vG_2012.06/tcad/current/lib/sdevice-20.0.5/MaterialDB/Molefraction.txt"
Fri Jan 16 12:47:24 2015: checked out 1 Dessis license(s)
Fri Jan 16 12:47:24 2015: checked out 1 sdevice license(s)
Parsing circuit file /w/apps3/Synopsys/TCAD_Sentaurus/vG_2012.06/tcad/current/amd64/lib/sdevice/sd_hb_vsource.ccf
Parsing circuit file /w/apps3/Synopsys/TCAD_Sentaurus/vG_2012.06/tcad/current/amd64/lib/sdevice/sd_SRL1.ccf
Parsing circuit file /w/apps3/Synopsys/TCAD_Sentaurus/vG_2012.06/tcad/current/amd64/lib/sdevice/bs_psource.ccf
Parsing circuit file /w/apps3/Synopsys/TCAD_Sentaurus/vG_2012.06/tcad/current/amd64/lib/sdevice/sd_hb_vsource2.ccf
Parsing circuit file /w/apps3/Synopsys/TCAD_Sentaurus/vG_2012.06/tcad/current/amd64/lib/sdevice/sd_hb_pGC.ccf
Parsing circuit file /w/apps3/Synopsys/TCAD_Sentaurus/vG_2012.06/tcad/current/amd64/lib/sdevice/sd_hb_sRL.ccf
Parsing circuit file /w/apps3/Synopsys/TCAD_Sentaurus/vG_2012.06/tcad/current/amd64/lib/sdevice/sd_hb_isource2.ccf
Parsing circuit file /w/apps3/Synopsys/TCAD_Sentaurus/vG_2012.06/tcad/current/amd64/lib/sdevice/sd_hb_isource.ccf
Parsing circuit file /w/apps3/Synopsys/TCAD_Sentaurus/vG_2012.06/tcad/current/amd64/lib/scm/MOS_harness.ccf
Loading shared object file /w/apps3/Synopsys/TCAD_Sentaurus/vG_2012.06/tcad/current/amd64/lib/scm/MOS_harness.so.amd64
Loading shared object file /w/apps3/Synopsys/TCAD_Sentaurus/vG_2012.06/tcad/current/amd64/lib/sdevice/sd_hb_isource.so.amd64
Loading shared object file /w/apps3/Synopsys/TCAD_Sentaurus/vG_2012.06/tcad/current/amd64/lib/sdevice/sd_hb_isource2.so.amd64
Loading shared object file /w/apps3/Synopsys/TCAD_Sentaurus/vG_2012.06/tcad/current/amd64/lib/sdevice/sd_hb_sRL.so.amd64
Loading shared object file /w/apps3/Synopsys/TCAD_Sentaurus/vG_2012.06/tcad/current/amd64/lib/sdevice/sd_hb_pGC.so.amd64
Loading shared object file /w/apps3/Synopsys/TCAD_Sentaurus/vG_2012.06/tcad/current/amd64/lib/sdevice/sd_hb_vsource2.so.amd64
Loading shared object file /w/apps3/Synopsys/TCAD_Sentaurus/vG_2012.06/tcad/current/amd64/lib/sdevice/bs_psource.so.amd64
Loading shared object file /w/apps3/Synopsys/TCAD_Sentaurus/vG_2012.06/tcad/current/amd64/lib/sdevice/sd_SRL1.so.amd64
Loading shared object file /w/apps3/Synopsys/TCAD_Sentaurus/vG_2012.06/tcad/current/amd64/lib/sdevice/sd_hb_vsource.so.amd64

duplicate physics section: Region=p_region_0 !

Fri Jan 16 12:47:24 2015: checked in 1 sdevice license(s)
Fri Jan 16 12:47:24 2015: checked in 1 Dessis license(s)
