
****************************************************************************
***                       Sentaurus Workbench spp                        ***
***                          Version G-2012.06                           ***
***                         (1.7, amd64, linux)                          ***
***                                                                      ***
***                       Copyright (C) 1994-2012                        ***
***                            Synopsys, Inc.                            ***
***                                                                      ***
***  This software and the associated documentation are confidential     ***
***  and proprietary to Synopsys, Inc.  Your use or disclosure of this   ***
***  software is subject to the terms and conditions of a written        ***
***  license agreement between you, or your company, and Synopsys, Inc.  ***
****************************************************************************

spp is running on host 'thzlabsv.ee.ucla.edu' by user 'snikhil'
Binary: 'spp'
Command line options: '-verbose -i -e sdevice -verbose /u1/ee/snikhil/Research/Tolga_LAE'
Some relevant environment variables:
	STROOT=/w/apps3/Synopsys/TCAD_Sentaurus/vG_2012.06
	STRELEASE=current
	STROOT_LIB=/w/apps3/Synopsys/TCAD_Sentaurus/vG_2012.06/tcad/current/lib
	STDB=/u1/ee/snikhil/Research/Tolga_LAE
	DATEX=/w/apps3/Synopsys/TCAD_Sentaurus/vG_2012.06/tcad/current/lib/datexcodes.txt
	DISPLAY=localhost:13.0

relativizing paths:
project path: /u1/ee/snikhil/Research/Tolga_LAE
STDB path: @STDB@
normalized STDB path: /w/ee.00/mjarrahi/snikhil/Research/Tolga_LAE
Preprocessing project '@STDB@'
Loading global tool database '/w/apps3/Synopsys/TCAD_Sentaurus/vG_2012.06/tcad/current/lib/glib2/tooldb.tcl'
Loading preferences '/u1/ee/snikhil/Research/Tolga_LAE/gpref2_snikhil.G-2012.06'...
spp will run in Global-per-node mode
INITIALIZING PREPROCESSOR:
Loading project tree '/u1/ee/snikhil/Research/Tolga_LAE/gtree.dat'
Loading project variables '/u1/ee/snikhil/Research/Tolga_LAE/gvars.dat'
--Get files to preprocess...
  -->/u1/ee/snikhil/Research/Tolga_LAE/sde_dvs.cmd
  -->/u1/ee/snikhil/Research/Tolga_LAE/sdevice_des.cmd
  -->/u1/ee/snikhil/Research/Tolga_LAE/sdevice.par
--Create file handlers...
--Read the toolflow...
--Analyze tool-file dependencies...
--Read all nodes to preprocess...
--Group nodes into experiments...
--Get all variables...
--Get all parameters...
PREPROCESSOR SUCCESSFULLY INITIALIZED.
PREPROCESSING STEP 1:
Reading file /u1/ee/snikhil/Research/Tolga_LAE/sde_dvs.cmd
Reading file /u1/ee/snikhil/Research/Tolga_LAE/sdevice_des.cmd
Reading file /u1/ee/snikhil/Research/Tolga_LAE/sdevice.par
PREPROCESSING STEP 2:
Preprocessing file /u1/ee/snikhil/Research/Tolga_LAE/sdevice_des.cmd fornode 10
  -Parameter substitution: '@light@' has been replaced by '0'

ERROR:@Traps@: undefined variable 'Traps' at node n10
WARNING: Undefined value for reference Traps
Occured in line:
	Current="../LAE/sde_des_opt0_traps@Traps@.plt"
PREPROCESSING FINISHED, Tue Dec  9 12:57:44 2014
STATUS: ERROR
Processing time = 0 s

RunPP failed
