****************************************************************************
***                           Sentaurus Device                           ***
***                          Version H-2013.03                           ***
***                            (1.5, RHEL64)                             ***
***                                                                      ***
***                       Copyright (C) 1994-2013                        ***
***                            Synopsys, Inc.                            ***
***                                                                      ***
***  This software and the associated documentation are confidential     ***
***  and proprietary to Synopsys, Inc.  Your use or disclosure of this   ***
***  software is subject to the terms and conditions of a written        ***
***  license agreement between you, or your company, and Synopsys, Inc.  ***
****************************************************************************

	Running on machine with the following configuration:
	Host Name: mcl18
	Operating System: Linux rel. 2.6.18-238.el5xen ver. #1 SMP Thu Jan 13 16:41:45 EST 2011
	Machine Type: x86_64
	Process ID: 22741
	Number of processors: 16
	Domain Name: MCL-LAB
	Date: Sat Jul 12 03:26:05 2014  (IST)

Sat Jul 12 03:26:14 2014: checked out 1 Dessis license(s)
Sat Jul 12 03:26:23 2014: checked out 1 sdevice license(s)
Parsing circuit file /usr/local/Softwares/Sentaurus/Sentaurus_vH_2013.03/bin/../tcad/current/amd64/lib/sdevice/bs_psource.ccf
Parsing circuit file /usr/local/Softwares/Sentaurus/Sentaurus_vH_2013.03/bin/../tcad/current/amd64/lib/sdevice/sd_SRL1.ccf
Parsing circuit file /usr/local/Softwares/Sentaurus/Sentaurus_vH_2013.03/bin/../tcad/current/amd64/lib/sdevice/sd_hb_isource.ccf
Parsing circuit file /usr/local/Softwares/Sentaurus/Sentaurus_vH_2013.03/bin/../tcad/current/amd64/lib/sdevice/sd_hb_vsource2.ccf
Parsing circuit file /usr/local/Softwares/Sentaurus/Sentaurus_vH_2013.03/bin/../tcad/current/amd64/lib/sdevice/sd_hb_isource2.ccf
Parsing circuit file /usr/local/Softwares/Sentaurus/Sentaurus_vH_2013.03/bin/../tcad/current/amd64/lib/sdevice/sd_hb_pGC.ccf
Parsing circuit file /usr/local/Softwares/Sentaurus/Sentaurus_vH_2013.03/bin/../tcad/current/amd64/lib/sdevice/sd_hb_vsource.ccf
Parsing circuit file /usr/local/Softwares/Sentaurus/Sentaurus_vH_2013.03/bin/../tcad/current/amd64/lib/sdevice/sd_hb_sRL.ccf
Parsing circuit file /usr/local/Softwares/Sentaurus/Sentaurus_vH_2013.03/bin/../tcad/current/amd64/lib/scm/MOS_harness.ccf
Loading shared object file /usr/local/Softwares/Sentaurus/Sentaurus_vH_2013.03/bin/../tcad/current/amd64/lib/scm/MOS_harness.so.amd64
Loading shared object file /usr/local/Softwares/Sentaurus/Sentaurus_vH_2013.03/bin/../tcad/current/amd64/lib/sdevice/sd_hb_sRL.so.amd64
Loading shared object file /usr/local/Softwares/Sentaurus/Sentaurus_vH_2013.03/bin/../tcad/current/amd64/lib/sdevice/sd_hb_vsource.so.amd64
Loading shared object file /usr/local/Softwares/Sentaurus/Sentaurus_vH_2013.03/bin/../tcad/current/amd64/lib/sdevice/sd_hb_pGC.so.amd64
Loading shared object file /usr/local/Softwares/Sentaurus/Sentaurus_vH_2013.03/bin/../tcad/current/amd64/lib/sdevice/sd_hb_isource2.so.amd64
Loading shared object file /usr/local/Softwares/Sentaurus/Sentaurus_vH_2013.03/bin/../tcad/current/amd64/lib/sdevice/sd_hb_vsource2.so.amd64
Loading shared object file /usr/local/Softwares/Sentaurus/Sentaurus_vH_2013.03/bin/../tcad/current/amd64/lib/sdevice/sd_hb_isource.so.amd64
Loading shared object file /usr/local/Softwares/Sentaurus/Sentaurus_vH_2013.03/bin/../tcad/current/amd64/lib/sdevice/sd_SRL1.so.amd64
Loading shared object file /usr/local/Softwares/Sentaurus/Sentaurus_vH_2013.03/bin/../tcad/current/amd64/lib/sdevice/bs_psource.so.amd64
Sat Jul 12 03:26:33 2014: checked out 1 Dessis-Parallel license(s)
Sat Jul 12 03:26:42 2014: checked out 1 sdevice-parallel license(s)
Sat Jul 12 03:26:51 2014: checked out 1 sparallel license(s)

Input source: pp1007_des.cmd

===============================

Output file: 2d_Lg_15_1007.log_des.log


GlobalParameter {
}
no ACExtract file

PMIPath file: /usr/local/Softwares/Sentaurus/Sentaurus_vH_2013.03/bin/../tcad/current/amd64/lib/sdevice-21.0.5 /usr/local/Softwares/Sentaurus/Sentaurus_vH_2013.03/bin/../tcad/current/amd64/lib/sdevice

CMIPath file: /usr/local/Softwares/Sentaurus/Sentaurus_vH_2013.03/bin/../tcad/current/amd64/lib/sdevice /usr/local/Softwares/Sentaurus/Sentaurus_vH_2013.03/bin/../tcad/current/amd64/lib/scm

SPICEPath file: /usr/local/Softwares/Sentaurus/Sentaurus_vH_2013.03/bin/../tcad/current/lib/sdevice-21.0.5/spice

no DevicePath file

no CIRCUITSAVENAME file

no CIRCUITLOADNAME file

Numerical parameters:
  Absolute error : 
    Poisson : 1.0000e-03
    Electron : 1.0000e-05
    Hole : 1.0000e-05
    Photon-Rate-Equation : 1.0000e-07
    Photon-Phase-Equation : 1.0000e-05
    Rate-Stabilize-Equation : 1.0000e-07
    QW-Scattering-Equations : 1.0000e-05
    QW-eScattering-Equation : 1.0000e-05
    QW-hScattering-Equation : 1.0000e-05
    Optical Problem : 1.0000e-03
    Wavelength : 1.0000e-03
    Bandstructure : 1.0000e-03
    EmissionTable : 1.0000e-03
    DephasingRates : 1.0000e-03
    Photon Recycling : 1.0000e-03
    Electron-Temperature : 1.0000e-04
    Hole-Temperature : 1.0000e-04
    Lattice-Hole-Electron-Temperature : 1.0000e-03
    Circuit : 1.0000e-03
    TCircuit : 1.0000e-03
    Contact : 1.0000e-03
    TContact : 1.0000e-03
    Continuation : 1.0000e-03
    eLaplace : 1.0000e-03
    hLaplace : 1.0000e-03
    tLaplace : 1.0000e-03
    MonteCarlo : 1.0000e-03
    MCPoissonPDE : 1.0000e-03
    eQuantumPotential : 1.0000e-03
    hQuantumPotential : 1.0000e-03
    quasi-fermi-potential : 1.0000e-03
    ConductiveInsulator : 1.0000e-03
    ContactAndConductiveInsulator : 1.0000e-03
    SingletExciton : 1.0000e-05
    eHopping : 1.0000e-03
    hHopping : 1.0000e-03
    HydrogenAtom : 1.0000e-03
    HydrogenMolecule : 1.0000e-03
    HydrogenIon : 1.0000e-03
    HydrogenSiliconBondOccupation : 1.0000e-03
    eSHEDistribution : 1.0000e-03
    hSHEDistribution : 1.0000e-03
    Landau-Lifshitz-Gilbert[theta] : 1.0000e-03
    Landau-Lifshitz-Gilbert[phi] : 1.0000e-03
  RelErrControl (Reference error): 
    Poisson : 0.025852
    Electron : 1.0000e+10
    Hole : 1.0000e+10
    Photon-Rate-Equation : 1.0000e-07
    Photon-Phase-Equation : 1
    Rate-Stabilize-Equation : 1.0000e-07
    QW-Scattering-Equations : 1.0000e+10
    QW-eScattering-Equation : 1.0000e+10
    QW-hScattering-Equation : 1.0000e+10
    Optical Problem : 1
    Wavelength : 1
    Bandstructure : 1
    EmissionTable : 1
    DephasingRates : 1
    Photon Recycling : 1
    Electron-Temperature : 3.0000e+02
    Hole-Temperature : 3.0000e+02
    Lattice-Hole-Electron-Temperature : 3.0000e+02
    Circuit : 1
    TCircuit : 1
    Contact : 0.025852
    TContact : 1
    Continuation : 1
    eLaplace : 1
    hLaplace : 1
    tLaplace : 1
    MonteCarlo : 1
    MCPoissonPDE : 1
    eQuantumPotential : 0.025852
    hQuantumPotential : 0.025852
    quasi-fermi-potential : 0.025852
    ConductiveInsulator : 1
    ContactAndConductiveInsulator : 1
    SingletExciton : 1.0000e+10
    eHopping : 0.025852
    hHopping : 0.025852
    HydrogenAtom : 1.0000e+10
    HydrogenMolecule : 1.0000e+10
    HydrogenIon : 1.0000e+10
    HydrogenSiliconBondOccupation : 1
    eSHEDistribution : 0.025852
    hSHEDistribution : 0.025852
    Landau-Lifshitz-Gilbert[theta] : 1
    Landau-Lifshitz-Gilbert[phi] : 1
  Relative error : 6 digits
  Without checked transient error
  Max. #iterations : 20
  LineSearchDamping=1
  #undamped iterations : 50
  No incomplete Newton
  transient method : TR-BDF
  Linear solver : blocked decomposition
  Linear solver for AC analysis : blocked decomposition
  Linear solver for SHEDistribution Model : Super
  use linear extrapolation in transient/quasistationary computations
  use complex supernodal in ac-analysis (if possible)
  do not use smoothed PDE's in transient/quasistationary computations
  Harmonic balance (HB) specifications:
    Do not use MDFT mode in HB (i.e. one-tone and time domain assembly).
    Do not use in HB the logarithm of densities.
    No SolveSpectrum entries are specified.
    Plot HB results for time domain interval (0.0000e+00 , 0.0000e+00) using 0 intervals.
    HB Newton scaling parameters for rhs and update:
      Equation                         :  RhsScale  : UpdateScale
      Poisson                          :   1.00E+00 :   1.00E+00 
      Electron                         :   1.00E-05 :   1.00E+00 
      Hole                             :   1.00E-05 :   1.00E+00 
      Photon-Rate-Equation             :   1.00E-05 :   1.00E+00 
      Photon-Phase-Equation            :   1.00E+00 :   1.00E+00 
      Rate-Stabilize-Equation          :   1.00E+00 :   1.00E+00 
      QW-Scattering-Equations          :   1.00E-05 :   1.00E+00 
      QW-eScattering-Equation          :   1.00E-05 :   1.00E+00 
      QW-hScattering-Equation          :   1.00E-05 :   1.00E+00 
      Optical Problem                  :   1.00E+00 :   1.00E+00 
      Wavelength                       :   1.00E+00 :   1.00E+00 
      Bandstructure                    :   1.00E+00 :   1.00E+00 
      EmissionTable                    :   1.00E+00 :   1.00E+00 
      DephasingRates                   :   1.00E+00 :   1.00E+00 
      Photon Recycling                 :   1.00E+00 :   1.00E+00 
      Electron-Temperature             :   1.00E+00 :   1.00E+00 
      Hole-Temperature                 :   1.00E+00 :   1.00E+00 
      Lattice-Hole-Electron-Temperature:   1.00E+00 :   1.00E+00 
      Circuit                          :   1.00E-05 :   1.00E+00 
      TCircuit                         :   1.00E+00 :   1.00E+00 
      Contact                          :   1.00E-05 :   1.00E+00 
      TContact                         :   1.00E+00 :   1.00E+00 
      Continuation                     :   1.00E+00 :   1.00E+00 
      eLaplace                         :   1.00E+00 :   1.00E+00 
      hLaplace                         :   1.00E+00 :   1.00E+00 
      tLaplace                         :   1.00E+00 :   1.00E+00 
      MonteCarlo                       :   1.00E+00 :   1.00E+00 
      MCPoissonPDE                     :   1.00E+00 :   1.00E+00 
      eQuantumPotential                :   1.00E+00 :   1.00E+00 
      hQuantumPotential                :   1.00E+00 :   1.00E+00 
      quasi-fermi-potential            :   1.00E+00 :   1.00E+00 
      ConductiveInsulator              :   1.00E+00 :   1.00E+00 
      ContactAndConductiveInsulator    :   1.00E+00 :   1.00E+00 
      SingletExciton                   :   1.00E+00 :   1.00E+00 
      eHopping                         :   1.00E+00 :   1.00E+00 
      hHopping                         :   1.00E+00 :   1.00E+00 
      HydrogenAtom                     :   1.00E+00 :   1.00E+00 
      HydrogenMolecule                 :   1.00E+00 :   1.00E+00 
      HydrogenIon                      :   1.00E+00 :   1.00E+00 
      HydrogenSiliconBondOccupation    :   1.00E+00 :   1.00E+00 
      eSHEDistribution                 :   1.00E+00 :   1.00E+00 
      hSHEDistribution                 :   1.00E+00 :   1.00E+00 
      Landau-Lifshitz-Gilbert[theta]   :   1.00E+00 :   1.00E+00 
      Landau-Lifshitz-Gilbert[phi]     :   1.00E+00 :   1.00E+00 
    HB Newton correction parameters for values:
      Equation                         :     Min    :  Variation 
      Electron                         :   1.00E-20 :   1.00E+18 
      Hole                             :   1.00E-20 :   1.00E+18 
      Photon-Rate-Equation             :   0.00E+00 :   1.00E+18 
      QW-eScattering-Equation          :   1.00E-20 :   1.00E+18 
      QW-hScattering-Equation          :   1.00E-20 :   1.00E+18 
      Electron-Temperature             :   1.00E+02 :   1.00E+18 
      Hole-Temperature                 :   1.00E+02 :   1.00E+18 
      Lattice-Hole-Electron-Temperature:   1.00E+02 :   1.00E+18 
    
    Traps are solved by decoupled mode.
  use automatic coupling of contact/circuit stuff
  Spice temperature: 3.0015e+02
  Spice nominal temperature of parameter measurements: 3.0015e+02
  Spice minimum conductance gmin: 1.0000e-12
  Use 64 bit (double) normal precision floating point arithmetic.
  Mininum |rhs| : 1.0000e-05
  Maximum |rhs| : 1.0000e+15
  Maximum |rhs| factor : 1.0000e+10
  Lattice Temperature Range : (50,5.0000e+03)
  Carrier Temperature Range : (10,8.0000e+04)
  Simplified first order SHE of BTE will be solved
  SHERefinementCutoff : 20
  No user dependencies.
  Number of assembly threads: 1 (default)
  Number of solver threads: 4 (Sentaurus Device command file)
  Thread stacksize: 1000000 bytes (default)
  Go serial if not enough parallel licenses are available.

Default device parameters:
  Electrodes:
    "source" : 0.0000e+00 V (Ohmic), area factor : 1
    "drain" : 0.0000e+00 V (Ohmic), area factor : 1
    "gate" : 0.0000e+00 V (Ohmic, WorkFunction = 4.85169 eV), area factor : 1
  RayTrace Boundaries:
  Files:
    no Boundary file
    Grid file: 2d_Lg_15_3_msh.tdr
    no Doping file
    no MobilityDoping file
    Load file: Vd_1005_des.sav
    no Save file
    Plot file: 2d_Lg_15_1007.dat
    no DevFieldsName file
    no Path file
    no Lifetime file
    no Temperature file
    Current file: 2d_Lg_15_1007.plt
    no PMIUserFields file
    no Extraction file
    ModelParameters file: pp1007_des.par
    ParameterPath directories: 
    no Piezo file
    no ModeGain file
    no Optical emission table for stimulated emission file
    no Optical emission table for spontaneous emission file
    no Optical emission table for photon phase change coefficient file
    no EmissionTable file
    no DephasingRates file
    no ASESpectrum file
    no OpticalFarField file
    no OpticalIntensityPattern file
    no SaveOpticalIntensityPattern file
    no OpticalXYAnglePattern file
    no SaveOpticalXYAnglePattern file
    no MonteCarloInput file
    MonteCarloOutput file: n1007_mc.mcf
    no ACPlot file
-----------------------------------------------
  Numerical parameters:
    With exact derivatives
    With avalanche derivatives
    Using old wavelength search algorithm
    Do not reinitialize quasi Fermi potentials in quasi-stationary simulations
    Ignore ionization integral constraints
    Without diagonal preconditioning
    With Scharfetter-Gummel Discretization
    Relative error : 6 digits
    Delta for numerical tunnelling derivatives : 1.0000e-03
    Linear solver (submethod) : Pardiso
    Do not compute breakdown paths and ionization integrals
    QuasiFermiPotential is used for Contact Equation
-----------------------------------------------
-----------------------------------------------
  Physical models:
    Without incomplete ionization
    Use Si parameters
    TATNonlocalPathNC = 0.0000e+00
    With SRH-Recombination
      With Hurkx field dependent lifetimes (trap assisted tunneling model)
      With doping dependent lifetimes
      Without temperature dependent lifetimes
    Without CDL-Recombination
    With optical generation computation 
    Without Band-to-Band-Tunneling
    Without Auger-Recombination
    Without Radiative Recombination
    Without Surface-Recombination
    Without Trap-Assisted-Auger-Recombination
    PMI recombination models: none
  Without thermal resistance interfaces
  Without Piezo
  Without Anisotropic Material Properties
  Without Avalanche-Generation 
  Without Alpha Particle
  Without Heavy Ion
  Without polarization
  Volume charge density: 0.0000e+00 cm^-3
  Device Temperature = 3.0000e+02 K
  Electron Quasi Fermi Potential: 0.0000e+00 V
  Hole Quasi Fermi Potential: 0.0000e+00 V
  Without MagneticField
  With SingletExciton Barrier Type
  Intrinsic density models:
    default bandgap model
    Bandgap narrowing model: OldSlotboom with bandgap narrowing (no Fermi)
  default affinity model
  default effective mass model
  Electron mobility:
    Doping dependence:
      Default
    no Carrier-Carrier scattering
    E_normal dependence:
      Lombardi
    Without ThinLayer mobility model
    Diffusivity: Caughey-Thomas saturation model, using gradient quasi-Fermi potential.
    Einstein relation for diffusivity-mobility ratio.
  Hole mobility:
    Doping dependence:
      Default
    no Carrier-Carrier scattering
    E_normal dependence:
      Lombardi
    Without ThinLayer mobility model
    Diffusivity: Caughey-Thomas saturation model, using gradient quasi-Fermi potential.
    Einstein relation for diffusivity-mobility ratio.
  Energy relaxation time model: according to formula in parameter file
  Lattice thermal conductivity model: according to formula in parameter file
  Metal Resistivity model: according to formula in parameter file
  Thermo Electric Power model: extraploted Si data
  Metal Thermo Electric Power model: MetalThermoElectricPower model not defined
  Lattice heat capacity model: temperature dependent
  no piezoelectric polarization model
  Without default parameters from file (use built-in default parameters)
-----------------------------------------------
Monte Carlo parameters:
  With self-consistent Monte Carlo
        Compute Poisson equation with frozen quasi Fermis.
  Monte Carlo window:
    Rectangle[ ( 0.125, 0.142, 0.000 ) ( 0.175, 0.158, 0.000 ) um ]
  Prefactor of alloy scattering rate = 1
  Prefactor of impurity scattering rate = 1
  Prefactor of impact ionization scattering rate = 1
  HighK modus = 0
  No. of drain contact = 2
  Name of drain contact = ""
  internal current plot = "1"
  Name of substrate contact = ""
  Error bar for drain current = 2.5%
  Germanium content in active material = 0.0000e+00
  Strain-defining substrate Germanium content = 0.0000e+00
  Uniaxial tensile stress along 110 in MPa = 0.0000e+00
  Channel direction vector: (   1,   1,   0 ) 
  Normal-2-Oxide direction vector: (  -1,   1,   0 ) 
  Strain tensor XX YY ZZ YZ XZ XY: ( 0.000, 0.000, 0.000, 0.000, 0.000, 0.000 ) 
  Start wave vector for plotting energy dispersion ( 0.000, 0.000, 0.000 ) 
  End wave vector for plotting energy dispersion ( 1.000, 0.000, 0.000 ) 
  Minimal number of current computations = 8
  Number of electrons = 1
  Number of holes = 1
  Surface scattering ratio = 0.85
  Surface scattering ratio in ballistic window = 1
  Crystal Rotation = 0.0000e+00 degrees 
  Coupling with Lattice Heat Equation = 0.0000e+00
  Without carrier-carrier scattering
  Impurity scattering with Fermi-Dirac screening 
  Crystallographic nanowire surface orientation fixed 
  Nondegenerate statictics employed
    With Brooks-Herring impurity scattering
  With Sparta simulation
  Stationary simulation
  Initial time = 0.0000e+00s
  Final time = 3.6000e-07s
  Plot at [ 0.0000e+00 s, 1.2000e-08 s, 2.4000e-08 s, 3.6000e-08 s, 4.8000e-08 s
  , 6.0000e-08 s, 7.2000e-08 s, 8.4000e-08 s, 9.6000e-08 s, 1.0800e-07 s
  , 1.2000e-07 s, 1.3200e-07 s, 1.4400e-07 s, 1.5600e-07 s, 1.6800e-07 s
  , 1.8000e-07 s, 1.9200e-07 s, 2.0400e-07 s, 2.1600e-07 s, 2.2800e-07 s
  , 2.4000e-07 s, 2.5200e-07 s, 2.6400e-07 s, 2.7600e-07 s, 2.8800e-07 s
  , 3.0000e-07 s, 3.1200e-07 s, 3.2400e-07 s, 3.3600e-07 s, 3.4800e-07 s
  , 3.6000e-07 s, 3.7200e-07 s, 3.8400e-07 s, 3.9600e-07 s, 4.0800e-07 s
  , 4.2000e-07 s, 4.3200e-07 s, 4.4400e-07 s, 4.5600e-07 s, 4.6800e-07 s
  , 4.8000e-07 s, 4.9200e-07 s, 5.0400e-07 s, 5.1600e-07 s, 5.2800e-07 s
  , 5.4000e-07 s, 5.5200e-07 s, 5.6400e-07 s, 5.7600e-07 s, 5.8800e-07 s
  , 6.0000e-07 s, 6.1200e-07 s, 6.2400e-07 s, 6.3600e-07 s, 6.4800e-07 s
  , 6.6000e-07 s, 6.7200e-07 s, 6.8400e-07 s, 6.9600e-07 s, 7.0800e-07 s
  , 7.2000e-07 s, 7.3200e-07 s, 7.4400e-07 s, 7.5600e-07 s, 7.6800e-07 s
  , 7.8000e-07 s, 7.9200e-07 s, 8.0400e-07 s, 8.1600e-07 s, 8.2800e-07 s
  , 8.4000e-07 s, 8.5200e-07 s, 8.6400e-07 s, 8.7600e-07 s, 8.8800e-07 s
  , 9.0000e-07 s, 9.1200e-07 s, 9.2400e-07 s, 9.3600e-07 s, 9.4800e-07 s
  , 9.6000e-07 s, 9.7200e-07 s, 9.8400e-07 s, 9.9600e-07 s, 1.0080e-06 s
  , 1.0200e-06 s, 1.0320e-06 s, 1.0440e-06 s, 1.0560e-06 s, 1.0680e-06 s
  , 1.0800e-06 s, 1.0920e-06 s, 1.1040e-06 s, 1.1160e-06 s, 1.1280e-06 s
  , 1.1400e-06 s, 1.1520e-06 s, 1.1640e-06 s, 1.1760e-06 s, 1.1880e-06 s
  , 1.2000e-06 s ]
Process information for extraction purposes:
  none
Plot variables:
  MCField/Vector
  eMCDensity
  hMCDensity
  eMCEnergy
  hMCEnergy
  eMCVelocity/Vector
  hMCVelocity/Vector
  eMCAvalanche
  hMCAvalanche
  eMCCurrent/Vector
  hMCCurrent/Vector
  ElectricField/Vector
  eDensity
  hDensity
  TotalCurrentDensity/Vector
  eCurrentDensity/Vector
  hCurrentDensity/Vector
  eMobility
  hMobility
  eQuasiFermiPotential
  hQuasiFermiPotential
  ElectrostaticPotential
  SpaceCharge
  DopingConcentration
  DonorConcentration
  AcceptorConcentration
  SRHRecombination
  Band2BandGeneration
  ConductionBandEnergy
  ValenceBandEnergy

------------------------------------------------
NoisePlot variables:
  none
Plot groups:
  none

------------------------------------------------
CurrentPlot variables:
  none
Devices:
Systems:
Solve :
Coupled ( Digits : 6, Max. #iterations : 20, 
    Solver : blocked decomposition,
    #undamped iterations : 50 
)
    { Poisson Hole } 
MonteCarlo
Plot( FilePrefix = "n1007_mc" overwrite )
  { }

===============================

Reading grid '2d_Lg_15_3_msh.tdr' ... 
  coordinate system: DFISE, 2d_dfise (y is device down direction, 3d extension right-handed)
  use coordinate system as is (no transformation)
  TDR format
  Number of grid points is 10426.
done.

Adding interfaces and contacts .... done.
Computing edges ...
  Number of edges: 40994
done.
Computing boxes ...

  CVPL_AverageBoxMethod = TRUE 
   
  ElementWithMinVolume(  8576) Vertex0( 1198)( 1.425000e-01, 1.520313e-01) Volume = 4.882812e-09 um3 (2.36e-06 from TotalVolume)
    ElementWithMinEdge(   527) Vertex0( 1197)( 1.425000e-01, 1.520000e-01) Length = 3.125000e-05 um
        MaxFlatElement(  7242) Vertex0( 1037)( 1.393750e-01, 1.531700e-01)  Angle = 6.011625e+01 degrees
   ElementWithMinAngle(    61) Vertex0(  539)( 1.375000e-01, 1.531700e-01)  Angle = 2.061758e+00 degrees
                   tan(MinAngle) = 3.600000e-02 

   NumberOfEdges              =  40994 
   NumberOfGeometricalEdges   =  21126 
   NumberOfDoubleEdges        =      0 
   MaxNumberOfElementsPerEdge =      2 
   MaxNumberOfEdgesPerVertex  =      8 

  Boxmethod Parallel Computing: nbThreads = 1 

  Parallel Computing Delaunay coefficients ...   done.
  Delaunay coefficients time: (wallclock = 0.01 s, tcpu = 0.0000e+00 s)

  Parallel Computing Voronoi faces, coefficients, and measures ... 
  CVPL_Algorithm = TRUE 

    Computing Obtuse Elements ... 
     Obtuse Elements time:  tcpu = 0.0000e+00 s
      New Parameters time: (wallclock = 0.0000e+00 s, tcpu = 0.0000e+00 s)

                       NumberOfVertices =  10646 
                       NumberOfElements =  10701 
                      NumberOfTriangles =    877  ( 8.20 %)
                     NumberOfRectangles =   9824  (91.80 %)
                 NumberOfObtuseElements =      0  ( 0.00 %)
    done.
  done.
  (times: wallclock = 0.05 s, tcpu = 0.04 s)


/-------- Region non Delaunay elements --------------------------------------------------
 Region                 Volume      BoxMethodVolume  DeltaVolume  Elements  non Delaunay 
  name                   [um2]          [um2]           [%]                   Elements   
 ----------------------------------------------------------------------------------------
 Source_Ext          6.2000000e-04  6.2000000e-04       0.000       438       0 ( 0.00 %) 
 FIN.0               7.5000000e-05  7.5000000e-05       0.000      6720       0 ( 0.00 %) 
 Drain_Sili_lump_1   1.3000000e-04  1.3000000e-04       0.000        64       0 ( 0.00 %) 
 Sspacer.0_lump_1    4.1650000e-05  4.1650000e-05       0.000       153       0 ( 0.00 %) 
 Drain_Sili_lump_2   1.3000000e-04  1.3000000e-04       0.000        64       0 ( 0.00 %) 
 GateOxide.0_lump_1  1.0050000e-05  1.0050000e-05       0.000       640       0 ( 0.00 %) 
 Dspacer.0_lump_1    4.1650000e-05  4.1650000e-05       0.000       120       0 ( 0.00 %) 
 Sspacer.0_lump_2    4.1650000e-05  4.1650000e-05       0.000       148       0 ( 0.00 %) 
 SFIN.0              2.5000000e-05  2.5000000e-05       0.000       513       0 ( 0.00 %) 
 Drain_Ext           6.2000000e-04  6.2000000e-04       0.000       413       0 ( 0.00 %) 
 Source_Sili_lump_1  1.3000000e-04  1.3000000e-04       0.000        64       0 ( 0.00 %) 
 GateOxide.0_lump_2  1.0050000e-05  1.0050000e-05       0.000       640       0 ( 0.00 %) 
 Dspacer.0_lump_2    4.1650000e-05  4.1650000e-05       0.000       137       0 ( 0.00 %) 
 DFIN.0              2.5000000e-05  2.5000000e-05       0.000       523       0 ( 0.00 %) 
 Source_Sili_lump_2  1.3000000e-04  1.3000000e-04       0.000        64       0 ( 0.00 %) 
 Total               2.0717000e-03  2.0717000e-03       0.000     10701       0 ( 0.00 %) 
\----------------------------------------------------------------------------------------


/-------- Interface non Delaunay elements -----------------------------------------------
 Region1                Volume      BoxMethodVolume  DeltaVolume  Elements  non Delaunay 
 Region2                 [um2]          [um2]           [%]                   Elements   
 ----------------------------------------------------------------------------------------
 Source_Ext          1.1531250e-05  1.1531250e-05       0.000        15       0 ( 0.00 %) 
 Sspacer.0_lump_1    7.4699219e-06  7.4699219e-06       0.000        11       0 ( 0.00 %) 
 ........................................................................................
 Source_Ext          1.2703125e-05  1.2703125e-05       0.000        13       0 ( 0.00 %) 
 Sspacer.0_lump_2    6.4417969e-06  6.4417969e-06       0.000         9       0 ( 0.00 %) 
 ........................................................................................
 Source_Ext          5.7531250e-06  5.7531250e-06       0.000        22       0 ( 0.00 %) 
 SFIN.0              1.5625000e-06  1.5625000e-06       0.000        18       0 ( 0.00 %) 
 ........................................................................................
 Source_Ext          3.4403125e-05  3.4403125e-05       0.000        18       0 ( 0.00 %) 
 Source_Sili_lump_1  3.2500000e-05  3.2500000e-05       0.000        16       0 ( 0.00 %) 
 ........................................................................................
 Source_Ext          2.5128125e-05  2.5128125e-05       0.000        20       0 ( 0.00 %) 
 Source_Sili_lump_2  3.2500000e-05  3.2500000e-05       0.000        16       0 ( 0.00 %) 
 ........................................................................................
 FIN.0               4.6875000e-07  4.6875000e-07       0.000        64       0 ( 0.00 %) 
 GateOxide.0_lump_1  6.2812500e-07  6.2812500e-07       0.000        64       0 ( 0.00 %) 
 ........................................................................................
 FIN.0               1.1718750e-06  1.1718750e-06       0.000       105       0 ( 0.00 %) 
 SFIN.0              1.0339355e-06  1.0339355e-06       0.000       105       0 ( 0.00 %) 
 ........................................................................................
 FIN.0               5.2734375e-07  5.2734375e-07       0.000        64       0 ( 0.00 %) 
 GateOxide.0_lump_2  6.2812500e-07  6.2812500e-07       0.000        64       0 ( 0.00 %) 
 ........................................................................................
 FIN.0               1.1718750e-06  1.1718750e-06       0.000       105       0 ( 0.00 %) 
 DFIN.0              1.0717773e-06  1.0717773e-06       0.000       105       0 ( 0.00 %) 
 ........................................................................................
 Drain_Sili_lump_1   3.2500000e-05  3.2500000e-05       0.000        16       0 ( 0.00 %) 
 Drain_Ext           2.3350000e-05  2.3350000e-05       0.000        16       0 ( 0.00 %) 
 ........................................................................................
 Sspacer.0_lump_1    2.0937500e-07  2.0937500e-07       0.000        10       0 ( 0.00 %) 
 GateOxide.0_lump_1  1.5703125e-07  1.5703125e-07       0.000        10       0 ( 0.00 %) 
 ........................................................................................
 Sspacer.0_lump_1    2.0283203e-07  2.0283203e-07       0.000        16       0 ( 0.00 %) 
 SFIN.0              1.0498047e-06  1.0498047e-06       0.000        16       0 ( 0.00 %) 
 ........................................................................................
 Drain_Sili_lump_2   3.2500000e-05  3.2500000e-05       0.000        16       0 ( 0.00 %) 
 Drain_Ext           2.3350000e-05  2.3350000e-05       0.000        16       0 ( 0.00 %) 
 ........................................................................................
 GateOxide.0_lump_1  1.5703125e-07  1.5703125e-07       0.000        10       0 ( 0.00 %) 
 Dspacer.0_lump_2    2.0937500e-07  2.0937500e-07       0.000        10       0 ( 0.00 %) 
 ........................................................................................
 Dspacer.0_lump_1    8.4703125e-06  8.4703125e-06       0.000         8       0 ( 0.00 %) 
 Drain_Ext           9.9937500e-06  9.9937500e-06       0.000         8       0 ( 0.00 %) 
 ........................................................................................
 Dspacer.0_lump_1    2.0937500e-07  2.0937500e-07       0.000        10       0 ( 0.00 %) 
 GateOxide.0_lump_2  1.5703125e-07  1.5703125e-07       0.000        10       0 ( 0.00 %) 
 ........................................................................................
 Dspacer.0_lump_1    3.7294922e-07  3.7294922e-07       0.000        16       0 ( 0.00 %) 
 DFIN.0              4.7790527e-07  4.7790527e-07       0.000        16       0 ( 0.00 %) 
 ........................................................................................
 Sspacer.0_lump_2    2.0283203e-07  2.0283203e-07       0.000        16       0 ( 0.00 %) 
 SFIN.0              1.1810303e-06  1.1810303e-06       0.000        16       0 ( 0.00 %) 
 ........................................................................................
 Sspacer.0_lump_2    2.0937500e-07  2.0937500e-07       0.000        10       0 ( 0.00 %) 
 GateOxide.0_lump_2  1.5703125e-07  1.5703125e-07       0.000        10       0 ( 0.00 %) 
 ........................................................................................
 Drain_Ext           1.0203125e-05  1.0203125e-05       0.000         7       0 ( 0.00 %) 
 Dspacer.0_lump_2    7.9105469e-06  7.9105469e-06       0.000         7       0 ( 0.00 %) 
 ........................................................................................
 Drain_Ext           3.1250000e-06  3.1250000e-06       0.000        18       0 ( 0.00 %) 
 DFIN.0              1.5625000e-06  1.5625000e-06       0.000        18       0 ( 0.00 %) 
 ........................................................................................
 Dspacer.0_lump_2    2.0283203e-07  2.0283203e-07       0.000        16       0 ( 0.00 %) 
 DFIN.0              1.1083984e-06  1.1083984e-06       0.000        16       0 ( 0.00 %) 
 ........................................................................................
 Total               3.3592422e-04  3.3592422e-04       0.000      1172       0 ( 0.00 %) 
\----------------------------------------------------------------------------------------
done.
Reading doping '2d_Lg_15_3_msh.tdr' (TDR format) ...
done.
done.
Reading parameter file 'pp1007_des.par' ...
---------------------------------------------------
 Reading parameters for default parameter set
---------------------------------------------------

	Differences compared with default parameters:
	ComplexRefractiveIndex: Formula = 3, instead of: 1 [1]
	SchroedingerParameters: Formula(elec) = 0, instead of: 1 [1]
	SchroedingerParameters: Formula(hole) = 2, instead of: 1 [1]
	SchroedingerParameters: ml = 0.16, instead of: 0.0000e+00 [1]
	SchroedingerParameters: mh = 0.49, instead of: 0.0000e+00 [1]
	HighFieldMob(elec): beta0 = 1, instead of: 1.109 [1]
	HighFieldMob(elec): vsat0 = 1.6000e+07, instead of: 1.0700e+07 [cm/s]
	HighFieldMob(elec): A_vsat = 1.6000e+07, instead of: 1.0700e+07 [cm/s]
	HighFieldMob(hole): beta0 = 1, instead of: 1.213 [1]
	HighFieldMob(hole): vsat0 = 1.3392e+07, instead of: 8.3700e+06 [cm/s]
	HighFieldMob(hole): A_vsat = 1.3392e+07, instead of: 8.3700e+06 [cm/s]
	BarrierTunneling(elec): mt = 0.19, instead of: 0.0000e+00 [1]
	BarrierTunneling(hole): mt = 0.48, instead of: 0.0000e+00 [1]
	absorption: A0 = 1.2107e+15, instead of: 1.2107e+15 [cm-1]
	StressMobility: Nref = 2.0000e+17, instead of: 3.0000e+19 [cm^-3]

---------------------------------------------------
 Reading parameters for material "Nitride"
---------------------------------------------------
	BarrierTunneling(hole): mt = 0.28, instead of: 0.48 [1]
	BarrierTunneling(elec): alpha = 1, instead of: 0.0000e+00 [1]
	BarrierTunneling(hole): alpha = 1, instead of: 0.0000e+00 [1]
	SchroedingerParameters: ml = 0.044, instead of: 0.16 [1]
	SchroedingerParameters: mh = 0.28, instead of: 0.49 [1]
	SchroedingerParameters: me = 0.08, instead of: 0.07 [1]

---------------------------------------------------
 Reading parameters for material "Oxide"
---------------------------------------------------
	epsilon: epsilon = 2.755, instead of: 11.7 [1]
