****************************************************************************
***                           Sentaurus Device                           ***
***                          Version H-2013.03                           ***
***                            (1.5, RHEL64)                             ***
***                                                                      ***
***                       Copyright (C) 1994-2013                        ***
***                            Synopsys, Inc.                            ***
***                                                                      ***
***  This software and the associated documentation are confidential     ***
***  and proprietary to Synopsys, Inc.  Your use or disclosure of this   ***
***  software is subject to the terms and conditions of a written        ***
***  license agreement between you, or your company, and Synopsys, Inc.  ***
****************************************************************************

	Running on machine with the following configuration:
	Host Name: mcl18
	Operating System: Linux rel. 2.6.18-348.1.1.el5 ver. #1 SMP Tue Jan 22 16:19:19 EST 2013
	Machine Type: x86_64
	Process ID: 9834
	Number of processors: 16
	Domain Name: MCL-LAB
	Date: Fri Nov 22 14:46:02 2013  (IST)

Fri Nov 22 14:46:02 2013: checked out 1 Dessis license(s)
Fri Nov 22 14:46:02 2013: checked out 1 sdevice license(s)
Parsing circuit file /usr/local/Softwares/Sentaurus/Sentaurus_vH_2013.03/bin/../tcad/current/amd64/lib/sdevice/sd_hb_sRL.ccf
Parsing circuit file /usr/local/Softwares/Sentaurus/Sentaurus_vH_2013.03/bin/../tcad/current/amd64/lib/sdevice/sd_hb_isource.ccf
Parsing circuit file /usr/local/Softwares/Sentaurus/Sentaurus_vH_2013.03/bin/../tcad/current/amd64/lib/sdevice/sd_SRL1.ccf
Parsing circuit file /usr/local/Softwares/Sentaurus/Sentaurus_vH_2013.03/bin/../tcad/current/amd64/lib/sdevice/sd_hb_isource2.ccf
Parsing circuit file /usr/local/Softwares/Sentaurus/Sentaurus_vH_2013.03/bin/../tcad/current/amd64/lib/sdevice/sd_hb_vsource.ccf
Parsing circuit file /usr/local/Softwares/Sentaurus/Sentaurus_vH_2013.03/bin/../tcad/current/amd64/lib/sdevice/sd_hb_pGC.ccf
Parsing circuit file /usr/local/Softwares/Sentaurus/Sentaurus_vH_2013.03/bin/../tcad/current/amd64/lib/sdevice/sd_hb_vsource2.ccf
Parsing circuit file /usr/local/Softwares/Sentaurus/Sentaurus_vH_2013.03/bin/../tcad/current/amd64/lib/sdevice/bs_psource.ccf
Parsing circuit file /usr/local/Softwares/Sentaurus/Sentaurus_vH_2013.03/bin/../tcad/current/amd64/lib/scm/MOS_harness.ccf
Loading shared object file /usr/local/Softwares/Sentaurus/Sentaurus_vH_2013.03/bin/../tcad/current/amd64/lib/scm/MOS_harness.so.amd64
Loading shared object file /usr/local/Softwares/Sentaurus/Sentaurus_vH_2013.03/bin/../tcad/current/amd64/lib/sdevice/bs_psource.so.amd64
Loading shared object file /usr/local/Softwares/Sentaurus/Sentaurus_vH_2013.03/bin/../tcad/current/amd64/lib/sdevice/sd_hb_vsource2.so.amd64
Loading shared object file /usr/local/Softwares/Sentaurus/Sentaurus_vH_2013.03/bin/../tcad/current/amd64/lib/sdevice/sd_hb_pGC.so.amd64
Loading shared object file /usr/local/Softwares/Sentaurus/Sentaurus_vH_2013.03/bin/../tcad/current/amd64/lib/sdevice/sd_hb_vsource.so.amd64
Loading shared object file /usr/local/Softwares/Sentaurus/Sentaurus_vH_2013.03/bin/../tcad/current/amd64/lib/sdevice/sd_hb_isource2.so.amd64
Loading shared object file /usr/local/Softwares/Sentaurus/Sentaurus_vH_2013.03/bin/../tcad/current/amd64/lib/sdevice/sd_SRL1.so.amd64
Loading shared object file /usr/local/Softwares/Sentaurus/Sentaurus_vH_2013.03/bin/../tcad/current/amd64/lib/sdevice/sd_hb_isource.so.amd64
Loading shared object file /usr/local/Softwares/Sentaurus/Sentaurus_vH_2013.03/bin/../tcad/current/amd64/lib/sdevice/sd_hb_sRL.so.amd64
Fri Nov 22 14:46:02 2013: checked out 1 Dessis-Parallel license(s)
Fri Nov 22 14:46:02 2013: checked out 1 sdevice-parallel license(s)
Fri Nov 22 14:46:02 2013: checked out 1 sparallel license(s)

Input source: pp1339_des.cmd

===============================

Output file: 2d_Lg_15_1339.log_des.log


GlobalParameter {
}
no ACExtract file

PMIPath file: /usr/local/Softwares/Sentaurus/Sentaurus_vH_2013.03/bin/../tcad/current/amd64/lib/sdevice-21.0.5 /usr/local/Softwares/Sentaurus/Sentaurus_vH_2013.03/bin/../tcad/current/amd64/lib/sdevice

CMIPath file: /usr/local/Softwares/Sentaurus/Sentaurus_vH_2013.03/bin/../tcad/current/amd64/lib/sdevice /usr/local/Softwares/Sentaurus/Sentaurus_vH_2013.03/bin/../tcad/current/amd64/lib/scm

SPICEPath file: /usr/local/Softwares/Sentaurus/Sentaurus_vH_2013.03/bin/../tcad/current/lib/sdevice-21.0.5/spice

no DevicePath file

no CIRCUITSAVENAME file

no CIRCUITLOADNAME file

Numerical parameters:
  Absolute error : 
    Poisson : 1.0000e-03
    Electron : 1.0000e-05
    Hole : 1.0000e-05
    Photon-Rate-Equation : 1.0000e-07
    Photon-Phase-Equation : 1.0000e-05
    Rate-Stabilize-Equation : 1.0000e-07
    QW-Scattering-Equations : 1.0000e-05
    QW-eScattering-Equation : 1.0000e-05
    QW-hScattering-Equation : 1.0000e-05
    Optical Problem : 1.0000e-03
    Wavelength : 1.0000e-03
    Bandstructure : 1.0000e-03
    EmissionTable : 1.0000e-03
    DephasingRates : 1.0000e-03
    Photon Recycling : 1.0000e-03
    Electron-Temperature : 1.0000e-04
    Hole-Temperature : 1.0000e-04
    Lattice-Hole-Electron-Temperature : 1.0000e-03
    Circuit : 1.0000e-03
    TCircuit : 1.0000e-03
    Contact : 1.0000e-03
    TContact : 1.0000e-03
    Continuation : 1.0000e-03
    eLaplace : 1.0000e-03
    hLaplace : 1.0000e-03
    tLaplace : 1.0000e-03
    MonteCarlo : 1.0000e-03
    MCPoissonPDE : 1.0000e-03
    eQuantumPotential : 1.0000e-03
    hQuantumPotential : 1.0000e-03
    quasi-fermi-potential : 1.0000e-03
    ConductiveInsulator : 1.0000e-03
    ContactAndConductiveInsulator : 1.0000e-03
    SingletExciton : 1.0000e-05
    eHopping : 1.0000e-03
    hHopping : 1.0000e-03
    HydrogenAtom : 1.0000e-03
    HydrogenMolecule : 1.0000e-03
    HydrogenIon : 1.0000e-03
    HydrogenSiliconBondOccupation : 1.0000e-03
    eSHEDistribution : 1.0000e-03
    hSHEDistribution : 1.0000e-03
    Landau-Lifshitz-Gilbert[theta] : 1.0000e-03
    Landau-Lifshitz-Gilbert[phi] : 1.0000e-03
  RelErrControl (Reference error): 
    Poisson : 0.025852
    Electron : 1.0000e+10
    Hole : 1.0000e+10
    Photon-Rate-Equation : 1.0000e-07
    Photon-Phase-Equation : 1
    Rate-Stabilize-Equation : 1.0000e-07
    QW-Scattering-Equations : 1.0000e+10
    QW-eScattering-Equation : 1.0000e+10
    QW-hScattering-Equation : 1.0000e+10
    Optical Problem : 1
    Wavelength : 1
    Bandstructure : 1
    EmissionTable : 1
    DephasingRates : 1
    Photon Recycling : 1
    Electron-Temperature : 3.0000e+02
    Hole-Temperature : 3.0000e+02
    Lattice-Hole-Electron-Temperature : 3.0000e+02
    Circuit : 1
    TCircuit : 1
    Contact : 0.025852
    TContact : 1
    Continuation : 1
    eLaplace : 1
    hLaplace : 1
    tLaplace : 1
    MonteCarlo : 1
    MCPoissonPDE : 1
    eQuantumPotential : 0.025852
    hQuantumPotential : 0.025852
    quasi-fermi-potential : 0.025852
    ConductiveInsulator : 1
    ContactAndConductiveInsulator : 1
    SingletExciton : 1.0000e+10
    eHopping : 0.025852
    hHopping : 0.025852
    HydrogenAtom : 1.0000e+10
    HydrogenMolecule : 1.0000e+10
    HydrogenIon : 1.0000e+10
    HydrogenSiliconBondOccupation : 1
    eSHEDistribution : 0.025852
    hSHEDistribution : 0.025852
    Landau-Lifshitz-Gilbert[theta] : 1
    Landau-Lifshitz-Gilbert[phi] : 1
  Relative error : 6 digits
  Without checked transient error
  Max. #iterations : 20
  LineSearchDamping=1
  #undamped iterations : 50
  No incomplete Newton
  transient method : TR-BDF
  Linear solver : blocked decomposition
  Linear solver for AC analysis : blocked decomposition
  Linear solver for SHEDistribution Model : Super
  use linear extrapolation in transient/quasistationary computations
  use complex supernodal in ac-analysis (if possible)
  do not use smoothed PDE's in transient/quasistationary computations
  Harmonic balance (HB) specifications:
    Do not use MDFT mode in HB (i.e. one-tone and time domain assembly).
    Do not use in HB the logarithm of densities.
    No SolveSpectrum entries are specified.
    Plot HB results for time domain interval (0.0000e+00 , 0.0000e+00) using 0 intervals.
    HB Newton scaling parameters for rhs and update:
      Equation                         :  RhsScale  : UpdateScale
      Poisson                          :   1.00E+00 :   1.00E+00 
      Electron                         :   1.00E-05 :   1.00E+00 
      Hole                             :   1.00E-05 :   1.00E+00 
      Photon-Rate-Equation             :   1.00E-05 :   1.00E+00 
      Photon-Phase-Equation            :   1.00E+00 :   1.00E+00 
      Rate-Stabilize-Equation          :   1.00E+00 :   1.00E+00 
      QW-Scattering-Equations          :   1.00E-05 :   1.00E+00 
      QW-eScattering-Equation          :   1.00E-05 :   1.00E+00 
      QW-hScattering-Equation          :   1.00E-05 :   1.00E+00 
      Optical Problem                  :   1.00E+00 :   1.00E+00 
      Wavelength                       :   1.00E+00 :   1.00E+00 
      Bandstructure                    :   1.00E+00 :   1.00E+00 
      EmissionTable                    :   1.00E+00 :   1.00E+00 
      DephasingRates                   :   1.00E+00 :   1.00E+00 
      Photon Recycling                 :   1.00E+00 :   1.00E+00 
      Electron-Temperature             :   1.00E+00 :   1.00E+00 
      Hole-Temperature                 :   1.00E+00 :   1.00E+00 
      Lattice-Hole-Electron-Temperature:   1.00E+00 :   1.00E+00 
      Circuit                          :   1.00E-05 :   1.00E+00 
      TCircuit                         :   1.00E+00 :   1.00E+00 
      Contact                          :   1.00E-05 :   1.00E+00 
      TContact                         :   1.00E+00 :   1.00E+00 
      Continuation                     :   1.00E+00 :   1.00E+00 
      eLaplace                         :   1.00E+00 :   1.00E+00 
      hLaplace                         :   1.00E+00 :   1.00E+00 
      tLaplace                         :   1.00E+00 :   1.00E+00 
      MonteCarlo                       :   1.00E+00 :   1.00E+00 
      MCPoissonPDE                     :   1.00E+00 :   1.00E+00 
      eQuantumPotential                :   1.00E+00 :   1.00E+00 
      hQuantumPotential                :   1.00E+00 :   1.00E+00 
      quasi-fermi-potential            :   1.00E+00 :   1.00E+00 
      ConductiveInsulator              :   1.00E+00 :   1.00E+00 
      ContactAndConductiveInsulator    :   1.00E+00 :   1.00E+00 
      SingletExciton                   :   1.00E+00 :   1.00E+00 
      eHopping                         :   1.00E+00 :   1.00E+00 
      hHopping                         :   1.00E+00 :   1.00E+00 
      HydrogenAtom                     :   1.00E+00 :   1.00E+00 
      HydrogenMolecule                 :   1.00E+00 :   1.00E+00 
      HydrogenIon                      :   1.00E+00 :   1.00E+00 
      HydrogenSiliconBondOccupation    :   1.00E+00 :   1.00E+00 
      eSHEDistribution                 :   1.00E+00 :   1.00E+00 
      hSHEDistribution                 :   1.00E+00 :   1.00E+00 
      Landau-Lifshitz-Gilbert[theta]   :   1.00E+00 :   1.00E+00 
      Landau-Lifshitz-Gilbert[phi]     :   1.00E+00 :   1.00E+00 
    HB Newton correction parameters for values:
      Equation                         :     Min    :  Variation 
      Electron                         :   1.00E-20 :   1.00E+18 
      Hole                             :   1.00E-20 :   1.00E+18 
      Photon-Rate-Equation             :   0.00E+00 :   1.00E+18 
      QW-eScattering-Equation          :   1.00E-20 :   1.00E+18 
      QW-hScattering-Equation          :   1.00E-20 :   1.00E+18 
      Electron-Temperature             :   1.00E+02 :   1.00E+18 
      Hole-Temperature                 :   1.00E+02 :   1.00E+18 
      Lattice-Hole-Electron-Temperature:   1.00E+02 :   1.00E+18 
    
    Traps are solved by decoupled mode.
  use automatic coupling of contact/circuit stuff
  Spice temperature: 3.0015e+02
  Spice nominal temperature of parameter measurements: 3.0015e+02
  Spice minimum conductance gmin: 1.0000e-12
  Use 64 bit (double) normal precision floating point arithmetic.
  Mininum |rhs| : 1.0000e-05
  Maximum |rhs| : 1.0000e+15
  Maximum |rhs| factor : 1.0000e+10
  Lattice Temperature Range : (50,5.0000e+03)
  Carrier Temperature Range : (10,8.0000e+04)
  Simplified first order SHE of BTE will be solved
  SHERefinementCutoff : 20
  No user dependencies.
  Number of assembly threads: 1 (default)
  Number of solver threads: 4 (Sentaurus Device command file)
  Thread stacksize: 1000000 bytes (default)
  Go serial if not enough parallel licenses are available.

Default device parameters:
  Electrodes:
    "source" : 0.0000e+00 V (Ohmic), area factor : 1
    "drain" : 0.0000e+00 V (Ohmic), area factor : 1
    "gate" : 0.0000e+00 V (Ohmic, WorkFunction = 4.27987 eV), area factor : 1
  RayTrace Boundaries:
  Files:
    no Boundary file
    Grid file: 2d_Lg_15_1011_msh.tdr
    no Doping file
    no MobilityDoping file
    Load file: Vd_1337_des.sav
    no Save file
    Plot file: 2d_Lg_15_1339.dat
    no DevFieldsName file
    no Path file
    no Lifetime file
    no Temperature file
    Current file: 2d_Lg_15_1339.plt
    no PMIUserFields file
    no Extraction file
    ModelParameters file: pp1339_des.par
    ParameterPath directories: 
    no Piezo file
    no ModeGain file
    no Optical emission table for stimulated emission file
    no Optical emission table for spontaneous emission file
    no Optical emission table for photon phase change coefficient file
    no EmissionTable file
    no DephasingRates file
    no ASESpectrum file
    no OpticalFarField file
    no OpticalIntensityPattern file
    no SaveOpticalIntensityPattern file
    no OpticalXYAnglePattern file
    no SaveOpticalXYAnglePattern file
    no MonteCarloInput file
    MonteCarloOutput file: n1339_mc.mcf
    no ACPlot file
-----------------------------------------------
  Numerical parameters:
    With exact derivatives
    With avalanche derivatives
    Using old wavelength search algorithm
    Do not reinitialize quasi Fermi potentials in quasi-stationary simulations
    Ignore ionization integral constraints
    Without diagonal preconditioning
    With Scharfetter-Gummel Discretization
    Relative error : 6 digits
    Delta for numerical tunnelling derivatives : 1.0000e-03
    Linear solver (submethod) : Pardiso
    Do not compute breakdown paths and ionization integrals
    QuasiFermiPotential is used for Contact Equation
-----------------------------------------------
-----------------------------------------------
  Physical models:
    Without incomplete ionization
    Use Si parameters
    TATNonlocalPathNC = 0.0000e+00
    With SRH-Recombination
      With Hurkx field dependent lifetimes (trap assisted tunneling model)
      With doping dependent lifetimes
      Without temperature dependent lifetimes
    Without CDL-Recombination
    With optical generation computation 
    Without Band-to-Band-Tunneling
    Without Auger-Recombination
    Without Radiative Recombination
    Without Surface-Recombination
    Without Trap-Assisted-Auger-Recombination
    PMI recombination models: none
  Without thermal resistance interfaces
  Without Piezo
  Without Anisotropic Material Properties
  Without Avalanche-Generation 
  Without Alpha Particle
  Without Heavy Ion
  Without polarization
  Volume charge density: 0.0000e+00 cm^-3
  Device Temperature = 3.0000e+02 K
  Electron Quasi Fermi Potential: 0.0000e+00 V
  Hole Quasi Fermi Potential: 0.0000e+00 V
  Without MagneticField
  With SingletExciton Barrier Type
  Intrinsic density models:
    default bandgap model
    Bandgap narrowing model: OldSlotboom with bandgap narrowing (no Fermi)
  default affinity model
  default effective mass model
  Electron mobility:
    Doping dependence:
      Default
    no Carrier-Carrier scattering
    E_normal dependence:
      Lombardi
    Without ThinLayer mobility model
    Diffusivity: Caughey-Thomas saturation model, using gradient quasi-Fermi potential.
    Einstein relation for diffusivity-mobility ratio.
  Hole mobility:
    Doping dependence:
      Default
    no Carrier-Carrier scattering
    E_normal dependence:
      Lombardi
    Without ThinLayer mobility model
    Diffusivity: Caughey-Thomas saturation model, using gradient quasi-Fermi potential.
    Einstein relation for diffusivity-mobility ratio.
  Energy relaxation time model: according to formula in parameter file
  Lattice thermal conductivity model: according to formula in parameter file
  Metal Resistivity model: according to formula in parameter file
  Thermo Electric Power model: extraploted Si data
  Metal Thermo Electric Power model: MetalThermoElectricPower model not defined
  Lattice heat capacity model: temperature dependent
  no piezoelectric polarization model
  Without default parameters from file (use built-in default parameters)
-----------------------------------------------
Monte Carlo parameters:
  With self-consistent Monte Carlo
        Compute Poisson equation with frozen quasi Fermis.
  Monte Carlo window:
    Rectangle[ ( -0.500, -0.200, 0.000 ) ( 0.500, 0.200, 0.000 ) um ]
  Prefactor of alloy scattering rate = 1
  Prefactor of impurity scattering rate = 1
  Prefactor of impact ionization scattering rate = 1
  HighK modus = 0
  No. of drain contact = 0
  Name of drain contact = ""
  internal current plot = "1"
  Name of substrate contact = ""
  Error bar for drain current = 2.5%
  Germanium content in active material = 0.0000e+00
  Strain-defining substrate Germanium content = 0.0000e+00
  Uniaxial tensile stress along 110 in MPa = 0.0000e+00
  Channel direction vector: (   1,   1,   0 ) 
  Normal-2-Oxide direction vector: (  -1,   1,   0 ) 
  Strain tensor XX YY ZZ YZ XZ XY: ( 0.000, 0.000, 0.000, 0.000, 0.000, 0.000 ) 
  Start wave vector for plotting energy dispersion ( 0.000, 0.000, 0.000 ) 
  End wave vector for plotting energy dispersion ( 1.000, 0.000, 0.000 ) 
  Minimal number of current computations = 8
  Number of electrons = 1
  Number of holes = 1
  Surface scattering ratio = 0.5
  Surface scattering ratio in ballistic window = 1
  Crystal Rotation = 0.0000e+00 degrees 
  Coupling with Lattice Heat Equation = 0.0000e+00
  Without carrier-carrier scattering
  Impurity scattering with Fermi-Dirac screening 
  Crystallographic nanowire surface orientation fixed 
  Nondegenerate statictics employed
    With Brooks-Herring impurity scattering
  With Sparta simulation
  Stationary simulation
  Initial time = 0.0000e+00s
  Final time = 3.6000e-07s
  Plot at [ 0.0000e+00 s, 1.2000e-08 s, 2.4000e-08 s, 3.6000e-08 s, 4.8000e-08 s
  , 6.0000e-08 s, 7.2000e-08 s, 8.4000e-08 s, 9.6000e-08 s, 1.0800e-07 s
  , 1.2000e-07 s, 1.3200e-07 s, 1.4400e-07 s, 1.5600e-07 s, 1.6800e-07 s
  , 1.8000e-07 s, 1.9200e-07 s, 2.0400e-07 s, 2.1600e-07 s, 2.2800e-07 s
  , 2.4000e-07 s, 2.5200e-07 s, 2.6400e-07 s, 2.7600e-07 s, 2.8800e-07 s
  , 3.0000e-07 s, 3.1200e-07 s, 3.2400e-07 s, 3.3600e-07 s, 3.4800e-07 s
  , 3.6000e-07 s, 3.7200e-07 s, 3.8400e-07 s, 3.9600e-07 s, 4.0800e-07 s
  , 4.2000e-07 s, 4.3200e-07 s, 4.4400e-07 s, 4.5600e-07 s, 4.6800e-07 s
  , 4.8000e-07 s, 4.9200e-07 s, 5.0400e-07 s, 5.1600e-07 s, 5.2800e-07 s
  , 5.4000e-07 s, 5.5200e-07 s, 5.6400e-07 s, 5.7600e-07 s, 5.8800e-07 s
  , 6.0000e-07 s, 6.1200e-07 s, 6.2400e-07 s, 6.3600e-07 s, 6.4800e-07 s
  , 6.6000e-07 s, 6.7200e-07 s, 6.8400e-07 s, 6.9600e-07 s, 7.0800e-07 s
  , 7.2000e-07 s, 7.3200e-07 s, 7.4400e-07 s, 7.5600e-07 s, 7.6800e-07 s
  , 7.8000e-07 s, 7.9200e-07 s, 8.0400e-07 s, 8.1600e-07 s, 8.2800e-07 s
  , 8.4000e-07 s, 8.5200e-07 s, 8.6400e-07 s, 8.7600e-07 s, 8.8800e-07 s
  , 9.0000e-07 s, 9.1200e-07 s, 9.2400e-07 s, 9.3600e-07 s, 9.4800e-07 s
  , 9.6000e-07 s, 9.7200e-07 s, 9.8400e-07 s, 9.9600e-07 s, 1.0080e-06 s
  , 1.0200e-06 s, 1.0320e-06 s, 1.0440e-06 s, 1.0560e-06 s, 1.0680e-06 s
  , 1.0800e-06 s, 1.0920e-06 s, 1.1040e-06 s, 1.1160e-06 s, 1.1280e-06 s
  , 1.1400e-06 s, 1.1520e-06 s, 1.1640e-06 s, 1.1760e-06 s, 1.1880e-06 s
  , 1.2000e-06 s ]
Process information for extraction purposes:
  none
Plot variables:
  MCField/Vector
  eMCDensity
  hMCDensity
  eMCEnergy
  hMCEnergy
  eMCVelocity/Vector
  hMCVelocity/Vector
  eMCAvalanche
  hMCAvalanche
  eMCCurrent/Vector
  hMCCurrent/Vector
  ElectricField/Vector
  eDensity
  hDensity
  TotalCurrentDensity/Vector
  eCurrentDensity/Vector
  hCurrentDensity/Vector
  eMobility
  hMobility
  eQuasiFermiPotential
  hQuasiFermiPotential
  ElectrostaticPotential
  SpaceCharge
  DopingConcentration
  DonorConcentration
  AcceptorConcentration
  SRHRecombination
  Band2BandGeneration
  ConductionBandEnergy
  ValenceBandEnergy

------------------------------------------------
NoisePlot variables:
  none
Plot groups:
  none

------------------------------------------------
CurrentPlot variables:
  none
Devices:
Systems:
Solve :
Coupled ( Digits : 6, Max. #iterations : 20, 
    Solver : blocked decomposition,
    #undamped iterations : 50 
)
    { Poisson Hole } 
MonteCarlo
Plot( FilePrefix = "n1339_mc" overwrite )
  { }

===============================

Reading grid '2d_Lg_15_1011_msh.tdr' ... 
  coordinate system: DFISE, 2d_dfise (y is device down direction, 3d extension right-handed)
  use coordinate system as is (no transformation)
  TDR format
  Number of grid points is 10426.
done.

Adding interfaces and contacts .... done.
Computing edges ...
  Number of edges: 40994
done.
Computing boxes ...

  CVPL_AverageBoxMethod = TRUE 
   
  ElementWithMinVolume(  8576) Vertex0( 1198)( 1.425000e-01, 1.520313e-01) Volume = 4.882812e-09 um3 (2.36e-06 from TotalVolume)
    ElementWithMinEdge(   527) Vertex0( 1197)( 1.425000e-01, 1.520000e-01) Length = 3.125000e-05 um
        MaxFlatElement(  7242) Vertex0( 1037)( 1.393750e-01, 1.531700e-01)  Angle = 6.011625e+01 degrees
   ElementWithMinAngle(    61) Vertex0(  539)( 1.375000e-01, 1.531700e-01)  Angle = 2.061758e+00 degrees
                   tan(MinAngle) = 3.600000e-02 

   NumberOfEdges              =  40994 
   NumberOfGeometricalEdges   =  21126 
   NumberOfDoubleEdges        =      0 
   MaxNumberOfElementsPerEdge =      2 
   MaxNumberOfEdgesPerVertex  =      8 

  Boxmethod Parallel Computing: nbThreads = 1 

  Parallel Computing Delaunay coefficients ...   done.
  Delaunay coefficients time: (wallclock = 0.0000e+00 s, tcpu = 0.0000e+00 s)

  Parallel Computing Voronoi faces, coefficients, and measures ... 
  CVPL_Algorithm = TRUE 

    Computing Obtuse Elements ... 
     Obtuse Elements time:  tcpu = 0.0000e+00 s
      New Parameters time: (wallclock = 0.0000e+00 s, tcpu = 0.0000e+00 s)

                       NumberOfVertices =  10646 
                       NumberOfElements =  10701 
                      NumberOfTriangles =    877  ( 8.20 %)
                     NumberOfRectangles =   9824  (91.80 %)
                 NumberOfObtuseElements =      0  ( 0.00 %)
    done.
  done.
  (times: wallclock = 0.06 s, tcpu = 0.04 s)


/-------- Region non Delaunay elements --------------------------------------------------
 Region                 Volume      BoxMethodVolume  DeltaVolume  Elements  non Delaunay 
  name                   [um2]          [um2]           [%]                   Elements   
 ----------------------------------------------------------------------------------------
 Source_Ext          6.2000000e-04  6.2000000e-04       0.000       438       0 ( 0.00 %) 
 FIN.0               7.5000000e-05  7.5000000e-05       0.000      6720       0 ( 0.00 %) 
 Drain_Sili_lump_1   1.3000000e-04  1.3000000e-04       0.000        64       0 ( 0.00 %) 
 Sspacer.0_lump_1    4.1650000e-05  4.1650000e-05       0.000       153       0 ( 0.00 %) 
 Drain_Sili_lump_2   1.3000000e-04  1.3000000e-04       0.000        64       0 ( 0.00 %) 
 GateOxide.0_lump_1  1.0050000e-05  1.0050000e-05       0.000       640       0 ( 0.00 %) 
 Dspacer.0_lump_1    4.1650000e-05  4.1650000e-05       0.000       120       0 ( 0.00 %) 
 Sspacer.0_lump_2    4.1650000e-05  4.1650000e-05       0.000       148       0 ( 0.00 %) 
 SFIN.0              2.5000000e-05  2.5000000e-05       0.000       513       0 ( 0.00 %) 
 Drain_Ext           6.2000000e-04  6.2000000e-04       0.000       413       0 ( 0.00 %) 
 Source_Sili_lump_1  1.3000000e-04  1.3000000e-04       0.000        64       0 ( 0.00 %) 
 GateOxide.0_lump_2  1.0050000e-05  1.0050000e-05       0.000       640       0 ( 0.00 %) 
 Dspacer.0_lump_2    4.1650000e-05  4.1650000e-05       0.000       137       0 ( 0.00 %) 
 DFIN.0              2.5000000e-05  2.5000000e-05       0.000       523       0 ( 0.00 %) 
 Source_Sili_lump_2  1.3000000e-04  1.3000000e-04       0.000        64       0 ( 0.00 %) 
 Total               2.0717000e-03  2.0717000e-03       0.000     10701       0 ( 0.00 %) 
\----------------------------------------------------------------------------------------


/-------- Interface non Delaunay elements -----------------------------------------------
 Region1                Volume      BoxMethodVolume  DeltaVolume  Elements  non Delaunay 
 Region2                 [um2]          [um2]           [%]                   Elements   
 ----------------------------------------------------------------------------------------
 Source_Ext          1.1531250e-05  1.1531250e-05       0.000        15       0 ( 0.00 %) 
 Sspacer.0_lump_1    7.4699219e-06  7.4699219e-06       0.000        11       0 ( 0.00 %) 
 ........................................................................................
 Source_Ext          1.2703125e-05  1.2703125e-05       0.000        13       0 ( 0.00 %) 
 Sspacer.0_lump_2    6.4417969e-06  6.4417969e-06       0.000         9       0 ( 0.00 %) 
 ........................................................................................
 Source_Ext          5.7531250e-06  5.7531250e-06       0.000        22       0 ( 0.00 %) 
 SFIN.0              1.5625000e-06  1.5625000e-06       0.000        18       0 ( 0.00 %) 
 ........................................................................................
 Source_Ext          3.4403125e-05  3.4403125e-05       0.000        18       0 ( 0.00 %) 
 Source_Sili_lump_1  3.2500000e-05  3.2500000e-05       0.000        16       0 ( 0.00 %) 
 ........................................................................................
 Source_Ext          2.5128125e-05  2.5128125e-05       0.000        20       0 ( 0.00 %) 
 Source_Sili_lump_2  3.2500000e-05  3.2500000e-05       0.000        16       0 ( 0.00 %) 
 ........................................................................................
 FIN.0               4.6875000e-07  4.6875000e-07       0.000        64       0 ( 0.00 %) 
 GateOxide.0_lump_1  6.2812500e-07  6.2812500e-07       0.000        64       0 ( 0.00 %) 
 ........................................................................................
 FIN.0               1.1718750e-06  1.1718750e-06       0.000       105       0 ( 0.00 %) 
 SFIN.0              1.0339355e-06  1.0339355e-06       0.000       105       0 ( 0.00 %) 
 ........................................................................................
 FIN.0               5.2734375e-07  5.2734375e-07       0.000        64       0 ( 0.00 %) 
 GateOxide.0_lump_2  6.2812500e-07  6.2812500e-07       0.000        64       0 ( 0.00 %) 
 ........................................................................................
 FIN.0               1.1718750e-06  1.1718750e-06       0.000       105       0 ( 0.00 %) 
 DFIN.0              1.0717773e-06  1.0717773e-06       0.000       105       0 ( 0.00 %) 
 ........................................................................................
 Drain_Sili_lump_1   3.2500000e-05  3.2500000e-05       0.000        16       0 ( 0.00 %) 
 Drain_Ext           2.3350000e-05  2.3350000e-05       0.000        16       0 ( 0.00 %) 
 ........................................................................................
 Sspacer.0_lump_1    2.0937500e-07  2.0937500e-07       0.000        10       0 ( 0.00 %) 
 GateOxide.0_lump_1  1.5703125e-07  1.5703125e-07       0.000        10       0 ( 0.00 %) 
 ........................................................................................
 Sspacer.0_lump_1    2.0283203e-07  2.0283203e-07       0.000        16       0 ( 0.00 %) 
 SFIN.0              1.0498047e-06  1.0498047e-06       0.000        16       0 ( 0.00 %) 
 ........................................................................................
 Drain_Sili_lump_2   3.2500000e-05  3.2500000e-05       0.000        16       0 ( 0.00 %) 
 Drain_Ext           2.3350000e-05  2.3350000e-05       0.000        16       0 ( 0.00 %) 
 ........................................................................................
 GateOxide.0_lump_1  1.5703125e-07  1.5703125e-07       0.000        10       0 ( 0.00 %) 
 Dspacer.0_lump_2    2.0937500e-07  2.0937500e-07       0.000        10       0 ( 0.00 %) 
 ........................................................................................
 Dspacer.0_lump_1    8.4703125e-06  8.4703125e-06       0.000         8       0 ( 0.00 %) 
 Drain_Ext           9.9937500e-06  9.9937500e-06       0.000         8       0 ( 0.00 %) 
 ........................................................................................
 Dspacer.0_lump_1    2.0937500e-07  2.0937500e-07       0.000        10       0 ( 0.00 %) 
 GateOxide.0_lump_2  1.5703125e-07  1.5703125e-07       0.000        10       0 ( 0.00 %) 
 ........................................................................................
 Dspacer.0_lump_1    3.7294922e-07  3.7294922e-07       0.000        16       0 ( 0.00 %) 
 DFIN.0              4.7790527e-07  4.7790527e-07       0.000        16       0 ( 0.00 %) 
 ........................................................................................
 Sspacer.0_lump_2    2.0283203e-07  2.0283203e-07       0.000        16       0 ( 0.00 %) 
 SFIN.0              1.1810303e-06  1.1810303e-06       0.000        16       0 ( 0.00 %) 
 ........................................................................................
 Sspacer.0_lump_2    2.0937500e-07  2.0937500e-07       0.000        10       0 ( 0.00 %) 
 GateOxide.0_lump_2  1.5703125e-07  1.5703125e-07       0.000        10       0 ( 0.00 %) 
 ........................................................................................
 Drain_Ext           1.0203125e-05  1.0203125e-05       0.000         7       0 ( 0.00 %) 
 Dspacer.0_lump_2    7.9105469e-06  7.9105469e-06       0.000         7       0 ( 0.00 %) 
 ........................................................................................
 Drain_Ext           3.1250000e-06  3.1250000e-06       0.000        18       0 ( 0.00 %) 
 DFIN.0              1.5625000e-06  1.5625000e-06       0.000        18       0 ( 0.00 %) 
 ........................................................................................
 Dspacer.0_lump_2    2.0283203e-07  2.0283203e-07       0.000        16       0 ( 0.00 %) 
 DFIN.0              1.1083984e-06  1.1083984e-06       0.000        16       0 ( 0.00 %) 
 ........................................................................................
 Total               3.3592422e-04  3.3592422e-04       0.000      1172       0 ( 0.00 %) 
\----------------------------------------------------------------------------------------
done.
Reading doping '2d_Lg_15_1011_msh.tdr' (TDR format) ...
done.
done.
Reading parameter file 'pp1339_des.par' ...
---------------------------------------------------
 Reading parameters for material "HfO2"
---------------------------------------------------

---------------------------------------------------
 Reading parameters for material "InterfacialOxide"
---------------------------------------------------

	Differences compared with default parameters:
	epsilon: epsilon = 2.629, instead of: 3.9 [1]

---------------------------------------------------
 Reading parameters for material "Silicon"
---------------------------------------------------

	Differences compared with default parameters:
	Bandgap: Eg0 = 1.12, instead of: 1.16964 [eV]
	Bandgap: dEg0(Slotboom) = 0.0000e+00, instead of: -4.7950e-03 [eV]
	Bandgap: alpha = 0.0000e+00, instead of: 4.7300e-04 [eV/K]
	Bandgap: beta = 0.0000e+00, instead of: 6.3600e+02 [K]
	Bandgap: Tpar = 3.0000e+02, instead of: 0.0000e+00 [K]
	DOSeMass: Formula = 2, instead of: 1 [1]
	DOSeMass: Nc300 = 2.9710e+19, instead of: 2.8900e+19 [1]
	DOShMass: Formula = 2, instead of: 1 [1]
	DOShMass: Nv300 = 2.2400e+19, instead of: 3.1400e+19 [cm-3]
	ConstMob(elec): mumax = 1.4230e+03, instead of: 1.4170e+03 [cm^2/(Vs)]
	ConstMob(hole): mumax = 4.7607e+02, instead of: 4.7050e+02 [cm^2/(Vs)]
	HighFieldMob(elec): beta0 = 1.13417, instead of: 1.109 [1]
	HighFieldMob(elec): vsat0 = 1.0200e+07, instead of: 1.0700e+07 [cm/s]
	PhuMob(As): mumax = 1.4230e+03, instead of: 1.4170e+03 [cm^2/Vs]
	PhuMob(As): mumin = 55.9, instead of: 52.2 [cm^2/Vs]
	PhuMob(Ph): mumax = 1.4230e+03, instead of: 1.4140e+03 [cm^2/Vs]
	PhuMob(B): mumax = 4.7607e+02, instead of: 4.7050e+02 [cm^2/Vs]
	EnormalMob(elec): B = 1.8050e+07, instead of: 4.7500e+07 [cm/s]
	EnormalMob(elec): C = 5.1000e+03, instead of: 5.8000e+02 [cm^(5/3)/(V^(2/3)s)]
	EnormalMob(elec): lambda = 0.0233, instead of: 0.125 [1]
	EnormalMob(elec): delta = 1.7900e+18, instead of: 5.8200e+14 [cm^2/(Vs)]
	EnormalMob(elec): A = 2.688, instead of: 2 [1]
	EnormalMob(elec): alpha = 2.7400e-20, instead of: 0.0000e+00 [cm^3]
	EnormalMob(elec): nu = 0.0767, instead of: 1 [1]
	EnormalMob(elec): eta = 1.0000e+300, instead of: 5.8200e+30 [V^2/(cms)]
	EnormalMob(hole): B = 3.0200e+07, instead of: 9.9250e+06 [cm/s]
	EnormalMob(hole): C = 1.6720e+04, instead of: 2.9470e+03 [cm^(5/3)/(V^(2/3)s)]
	EnormalMob(hole): lambda = 0.0119, instead of: 0.0317 [1]
	EnormalMob(hole): delta = 1.2300e+16, instead of: 2.0546e+14 [cm^2/(Vs)]
	EnormalMob(hole): A = 2.18, instead of: 2 [1]
	EnormalMob(hole): alpha = 3.1300e-20, instead of: 0.0000e+00 [cm^3]
	EnormalMob(hole): nu = 0.123, instead of: 1 [1]
	EnormalMob(hole): eta = 1.0000e+300, instead of: 2.0546e+30 [V^2/(cms)]
	Lombardi_highk: B_e = 1.805e+07
	Lombardi_highk: B_h = 3.02e+07
	Lombardi_highk: C_e = 5100
	Lombardi_highk: C_h = 16720
	Lombardi_highk: lambda_e = 0.0233
	Lombardi_highk: lambda_h = 0.0119
	Lombardi_highk: k_e = 1
	Lombardi_highk: k_h = 1
	Lombardi_highk: delta_e = 1.79e+18
	Lombardi_highk: delta_h = 1.23e+16
	Lombardi_highk: A_e = 2.688
	Lombardi_highk: A_h = 2.18
	Lombardi_highk: alpha_e = 2.74e-20
	Lombardi_highk: alpha_h = 3.13e-20
	Lombardi_highk: nu_e = 0.0767
	Lombardi_highk: nu_h = 0.123
	Lombardi_highk: eta_e = 1e+300
	Lombardi_highk: eta_h = 1e+300
	Lombardi_highk: l_crit_e = 1e-06
	Lombardi_highk: l_crit_h = 1e-06
	Lombardi_highk: alpha_rcs_e = 0
	Lombardi_highk: alpha_rcs_h = 0
	Lombardi_highk: alpha_rps_e = 0
	Lombardi_highk: alpha_rps_h = 0
	LatticeParam: X = (1, 0.0000e+00, 1) [1],
		instead of: X = (1, 0.0000e+00, 0.0000e+00) [1]
	LatticeParam: Y = (-1.0000e+00, 0.0000e+00, 1) [1],
		instead of: Y = (0.0000e+00, 1, 0.0000e+00) [1]
	QuantumPotentialParameters(elec): gamma = 10.2, instead of: 3.6 [1]
	QuantumPotentialParameters(hole): gamma = 2.9, instead of: 5.6 [1]


=======
Region: "DFIN.0"
  (material is "Silicon")
=======
  Model: "Bandgap"
    Parameter "Chi0_300" is modified from 4.07274 to 4.05
    Parameter "Eg0" is modified from 1.16964 to 1.12
    Parameter "Eg0_300" is modified from 1.12416 to 1.12
    Parameter "Tpar" is modified from 0 to 300
    Parameter "alpha" is modified from 0.000473 to 0
    Parameter "beta" is modified from 636 to 0
    Parameter "dEg0(Slotboom)" is modified from -0.004795 to 0
  Model: "ConstantMobility_electron"
    Parameter "mumax" is modified from 1417 to 1423
  Model: "ConstantMobility_hole"
    Parameter "mumax" is modified from 470.5 to 476.07
  Model: "DOSMass_electron"
    Parameter "Nc300" is modified from 2.89e+19 to 2.97101e+19
  Model: "DOSMass_hole"
    Parameter "Nv300" is modified from 3.14e+19 to 2.24e+19
  Model: "EnormalDependence_electron"
    Parameter "A" is modified from 2 to 2.688
    Parameter "B" is modified from 4.75e+07 to 1.805e+07
    Parameter "C" is modified from 580 to 5100
    Parameter "alpha" is modified from 0 to 2.74e-20
    Parameter "delta" is modified from 5.82e+14 to 1.79e+18
    Parameter "eta" is modified from 5.82e+30 to 1e+300
    Parameter "lambda" is modified from 0.125 to 0.0233
    Parameter "nu" is modified from 1 to 0.0767
  Model: "EnormalDependence_hole"
    Parameter "A" is modified from 2 to 2.18
    Parameter "B" is modified from 9.925e+06 to 3.02e+07
    Parameter "C" is modified from 2947 to 16720
    Parameter "alpha" is modified from 0 to 3.13e-20
    Parameter "delta" is modified from 2.0546e+14 to 1.23e+16
    Parameter "eta" is modified from 2.0546e+30 to 1e+300
    Parameter "lambda" is modified from 0.0317 to 0.0119
    Parameter "nu" is modified from 1 to 0.123
  Model: "HighFieldDependence_electron"
    Parameter "beta0" is modified from 1.109 to 1.13417
    Parameter "vsat0" is modified from 1.07e+07 to 1.02e+07
  Model: "Lombardi_highk"
    Parameter "A_e" is new with value equal to 2.688
    Parameter "A_h" is new with value equal to 2.18
    Parameter "B_e" is new with value equal to 1.805e+07
    Parameter "B_h" is new with value equal to 3.02e+07
    Parameter "C_e" is new with value equal to 5100
    Parameter "C_h" is new with value equal to 16720
    Parameter "alpha_e" is new with value equal to 2.74e-20
    Parameter "alpha_h" is new with value equal to 3.13e-20
    Parameter "alpha_rcs_e" is new with value equal to 0
    Parameter "alpha_rcs_h" is new with value equal to 0
    Parameter "alpha_rps_e" is new with value equal to 0
    Parameter "alpha_rps_h" is new with value equal to 0
    Parameter "delta_e" is new with value equal to 1.79e+18
    Parameter "delta_h" is new with value equal to 1.23e+16
    Parameter "eta_e" is new with value equal to 1e+300
    Parameter "eta_h" is new with value equal to 1e+300
    Parameter "k_e" is new with value equal to 1
    Parameter "k_h" is new with value equal to 1
    Parameter "l_crit_e" is new with value equal to 1e-06
    Parameter "l_crit_h" is new with value equal to 1e-06
    Parameter "lambda_e" is new with value equal to 0.0233
    Parameter "lambda_h" is new with value equal to 0.0119
    Parameter "nu_e" is new with value equal to 0.0767
    Parameter "nu_h" is new with value equal to 0.123
  Model: "PhuMob_Arsenic"
    Parameter "mumax_As" is modified from 1417 to 1423
    Parameter "mumin_As" is modified from 52.2 to 55.9
  Model: "PhuMob_Boron"
    Parameter "mumax_B" is modified from 470.5 to 476.07
  Model: "PhuMob_Phosphorus"
    Parameter "mumax_P" is modified from 1414 to 1423
  Model: "QuantumPotentialParam_electron"
    Parameter "gamma" is modified from 3.6 to 10.2
  Model: "QuantumPotentialParam_hole"
    Parameter "gamma" is modified from 5.6 to 2.9

=======
Region: "Drain_Ext"
  (material is "Silicon")
=======
  Model: "Bandgap"
    Parameter "Chi0_300" is modified from 4.07274 to 4.05
    Parameter "Eg0" is modified from 1.16964 to 1.12
    Parameter "Eg0_300" is modified from 1.12416 to 1.12
    Parameter "Tpar" is modified from 0 to 300
    Parameter "alpha" is modified from 0.000473 to 0
    Parameter "beta" is modified from 636 to 0
    Parameter "dEg0(Slotboom)" is modified from -0.004795 to 0
  Model: "ConstantMobility_electron"
    Parameter "mumax" is modified from 1417 to 1423
  Model: "ConstantMobility_hole"
    Parameter "mumax" is modified from 470.5 to 476.07
  Model: "DOSMass_electron"
    Parameter "Nc300" is modified from 2.89e+19 to 2.97101e+19
  Model: "DOSMass_hole"
    Parameter "Nv300" is modified from 3.14e+19 to 2.24e+19
  Model: "EnormalDependence_electron"
    Parameter "A" is modified from 2 to 2.688
    Parameter "B" is modified from 4.75e+07 to 1.805e+07
    Parameter "C" is modified from 580 to 5100
    Parameter "alpha" is modified from 0 to 2.74e-20
    Parameter "delta" is modified from 5.82e+14 to 1.79e+18
    Parameter "eta" is modified from 5.82e+30 to 1e+300
    Parameter "lambda" is modified from 0.125 to 0.0233
    Parameter "nu" is modified from 1 to 0.0767
  Model: "EnormalDependence_hole"
    Parameter "A" is modified from 2 to 2.18
    Parameter "B" is modified from 9.925e+06 to 3.02e+07
    Parameter "C" is modified from 2947 to 16720
    Parameter "alpha" is modified from 0 to 3.13e-20
    Parameter "delta" is modified from 2.0546e+14 to 1.23e+16
    Parameter "eta" is modified from 2.0546e+30 to 1e+300
    Parameter "lambda" is modified from 0.0317 to 0.0119
    Parameter "nu" is modified from 1 to 0.123
  Model: "HighFieldDependence_electron"
    Parameter "beta0" is modified from 1.109 to 1.13417
    Parameter "vsat0" is modified from 1.07e+07 to 1.02e+07
  Model: "Lombardi_highk"
    Parameter "A_e" is new with value equal to 2.688
    Parameter "A_h" is new with value equal to 2.18
    Parameter "B_e" is new with value equal to 1.805e+07
    Parameter "B_h" is new with value equal to 3.02e+07
    Parameter "C_e" is new with value equal to 5100
    Parameter "C_h" is new with value equal to 16720
    Parameter "alpha_e" is new with value equal to 2.74e-20
    Parameter "alpha_h" is new with value equal to 3.13e-20
    Parameter "alpha_rcs_e" is new with value equal to 0
    Parameter "alpha_rcs_h" is new with value equal to 0
    Parameter "alpha_rps_e" is new with value equal to 0
    Parameter "alpha_rps_h" is new with value equal to 0
    Parameter "delta_e" is new with value equal to 1.79e+18
    Parameter "delta_h" is new with value equal to 1.23e+16
    Parameter "eta_e" is new with value equal to 1e+300
    Parameter "eta_h" is new with value equal to 1e+300
    Parameter "k_e" is new with value equal to 1
    Parameter "k_h" is new with value equal to 1
    Parameter "l_crit_e" is new with value equal to 1e-06
    Parameter "l_crit_h" is new with value equal to 1e-06
    Parameter "lambda_e" is new with value equal to 0.0233
    Parameter "lambda_h" is new with value equal to 0.0119
    Parameter "nu_e" is new with value equal to 0.0767
    Parameter "nu_h" is new with value equal to 0.123
  Model: "PhuMob_Arsenic"
    Parameter "mumax_As" is modified from 1417 to 1423
    Parameter "mumin_As" is modified from 52.2 to 55.9
  Model: "PhuMob_Boron"
    Parameter "mumax_B" is modified from 470.5 to 476.07
  Model: "PhuMob_Phosphorus"
    Parameter "mumax_P" is modified from 1414 to 1423
  Model: "QuantumPotentialParam_electron"
    Parameter "gamma" is modified from 3.6 to 10.2
  Model: "QuantumPotentialParam_hole"
    Parameter "gamma" is modified from 5.6 to 2.9

=======
Region: "Drain_Sili_lump_1"
  (material is "Silicide")
=======
  Constants are not modified and equal to default ones

=======
Region: "Drain_Sili_lump_2"
  (material is "Silicide")
=======
  Constants are not modified and equal to default ones

=======
Region: "Dspacer.0_lump_1"
  (material is "Nitride")
=======
  Constants are not modified and equal to default ones

=======
Region: "Dspacer.0_lump_2"
  (material is "Nitride")
=======
  Constants are not modified and equal to default ones

=======
Region: "FIN.0"
  (material is "Silicon")
=======
  Model: "Bandgap"
    Parameter "Chi0_300" is modified from 4.07274 to 4.05
    Parameter "Eg0" is modified from 1.16964 to 1.12
    Parameter "Eg0_300" is modified from 1.12416 to 1.12
    Parameter "Tpar" is modified from 0 to 300
    Parameter "alpha" is modified from 0.000473 to 0
    Parameter "beta" is modified from 636 to 0
    Parameter "dEg0(Slotboom)" is modified from -0.004795 to 0
  Model: "ConstantMobility_electron"
    Parameter "mumax" is modified from 1417 to 1423
  Model: "ConstantMobility_hole"
    Parameter "mumax" is modified from 470.5 to 476.07
  Model: "DOSMass_electron"
    Parameter "Nc300" is modified from 2.89e+19 to 2.97101e+19
  Model: "DOSMass_hole"
    Parameter "Nv300" is modified from 3.14e+19 to 2.24e+19
  Model: "EnormalDependence_electron"
    Parameter "A" is modified from 2 to 2.688
    Parameter "B" is modified from 4.75e+07 to 1.805e+07
    Parameter "C" is modified from 580 to 5100
    Parameter "alpha" is modified from 0 to 2.74e-20
    Parameter "delta" is modified from 5.82e+14 to 1.79e+18
    Parameter "eta" is modified from 5.82e+30 to 1e+300
    Parameter "lambda" is modified from 0.125 to 0.0233
    Parameter "nu" is modified from 1 to 0.0767
  Model: "EnormalDependence_hole"
    Parameter "A" is modified from 2 to 2.18
    Parameter "B" is modified from 9.925e+06 to 3.02e+07
    Parameter "C" is modified from 2947 to 16720
    Parameter "alpha" is modified from 0 to 3.13e-20
    Parameter "delta" is modified from 2.0546e+14 to 1.23e+16
    Parameter "eta" is modified from 2.0546e+30 to 1e+300
    Parameter "lambda" is modified from 0.0317 to 0.0119
    Parameter "nu" is modified from 1 to 0.123
  Model: "HighFieldDependence_electron"
    Parameter "beta0" is modified from 1.109 to 1.13417
    Parameter "vsat0" is modified from 1.07e+07 to 1.02e+07
  Model: "Lombardi_highk"
    Parameter "A_e" is new with value equal to 2.688
    Parameter "A_h" is new with value equal to 2.18
    Parameter "B_e" is new with value equal to 1.805e+07
    Parameter "B_h" is new with value equal to 3.02e+07
    Parameter "C_e" is new with value equal to 5100
    Parameter "C_h" is new with value equal to 16720
    Parameter "alpha_e" is new with value equal to 2.74e-20
    Parameter "alpha_h" is new with value equal to 3.13e-20
    Parameter "alpha_rcs_e" is new with value equal to 0
    Parameter "alpha_rcs_h" is new with value equal to 0
    Parameter "alpha_rps_e" is new with value equal to 0
    Parameter "alpha_rps_h" is new with value equal to 0
    Parameter "delta_e" is new with value equal to 1.79e+18
    Parameter "delta_h" is new with value equal to 1.23e+16
    Parameter "eta_e" is new with value equal to 1e+300
    Parameter "eta_h" is new with value equal to 1e+300
    Parameter "k_e" is new with value equal to 1
    Parameter "k_h" is new with value equal to 1
    Parameter "l_crit_e" is new with value equal to 1e-06
    Parameter "l_crit_h" is new with value equal to 1e-06
    Parameter "lambda_e" is new with value equal to 0.0233
    Parameter "lambda_h" is new with value equal to 0.0119
    Parameter "nu_e" is new with value equal to 0.0767
    Parameter "nu_h" is new with value equal to 0.123
  Model: "PhuMob_Arsenic"
    Parameter "mumax_As" is modified from 1417 to 1423
    Parameter "mumin_As" is modified from 52.2 to 55.9
  Model: "PhuMob_Boron"
    Parameter "mumax_B" is modified from 470.5 to 476.07
  Model: "PhuMob_Phosphorus"
    Parameter "mumax_P" is modified from 1414 to 1423
  Model: "QuantumPotentialParam_electron"
    Parameter "gamma" is modified from 3.6 to 10.2
  Model: "QuantumPotentialParam_hole"
    Parameter "gamma" is modified from 5.6 to 2.9

=======
Region: "GateOxide.0_lump_1"
  (material is "Oxide")
=======
  Constants are not modified and equal to default ones

=======
Region: "GateOxide.0_lump_2"
  (material is "Oxide")
=======
  Constants are not modified and equal to default ones

=======
Region: "SFIN.0"
  (material is "Silicon")
=======
  Model: "Bandgap"
    Parameter "Chi0_300" is modified from 4.07274 to 4.05
    Parameter "Eg0" is modified from 1.16964 to 1.12
    Parameter "Eg0_300" is modified from 1.12416 to 1.12
    Parameter "Tpar" is modified from 0 to 300
    Parameter "alpha" is modified from 0.000473 to 0
    Parameter "beta" is modified from 636 to 0
    Parameter "dEg0(Slotboom)" is modified from -0.004795 to 0
  Model: "ConstantMobility_electron"
    Parameter "mumax" is modified from 1417 to 1423
  Model: "ConstantMobility_hole"
    Parameter "mumax" is modified from 470.5 to 476.07
  Model: "DOSMass_electron"
    Parameter "Nc300" is modified from 2.89e+19 to 2.97101e+19
  Model: "DOSMass_hole"
    Parameter "Nv300" is modified from 3.14e+19 to 2.24e+19
  Model: "EnormalDependence_electron"
    Parameter "A" is modified from 2 to 2.688
    Parameter "B" is modified from 4.75e+07 to 1.805e+07
    Parameter "C" is modified from 580 to 5100
    Parameter "alpha" is modified from 0 to 2.74e-20
    Parameter "delta" is modified from 5.82e+14 to 1.79e+18
    Parameter "eta" is modified from 5.82e+30 to 1e+300
    Parameter "lambda" is modified from 0.125 to 0.0233
    Parameter "nu" is modified from 1 to 0.0767
  Model: "EnormalDependence_hole"
    Parameter "A" is modified from 2 to 2.18
    Parameter "B" is modified from 9.925e+06 to 3.02e+07
    Parameter "C" is modified from 2947 to 16720
    Parameter "alpha" is modified from 0 to 3.13e-20
    Parameter "delta" is modified from 2.0546e+14 to 1.23e+16
    Parameter "eta" is modified from 2.0546e+30 to 1e+300
    Parameter "lambda" is modified from 0.0317 to 0.0119
    Parameter "nu" is modified from 1 to 0.123
  Model: "HighFieldDependence_electron"
    Parameter "beta0" is modified from 1.109 to 1.13417
    Parameter "vsat0" is modified from 1.07e+07 to 1.02e+07
  Model: "Lombardi_highk"
    Parameter "A_e" is new with value equal to 2.688
    Parameter "A_h" is new with value equal to 2.18
    Parameter "B_e" is new with value equal to 1.805e+07
    Parameter "B_h" is new with value equal to 3.02e+07
    Parameter "C_e" is new with value equal to 5100
    Parameter "C_h" is new with value equal to 16720
    Parameter "alpha_e" is new with value equal to 2.74e-20
    Parameter "alpha_h" is new with value equal to 3.13e-20
    Parameter "alpha_rcs_e" is new with value equal to 0
    Parameter "alpha_rcs_h" is new with value equal to 0
    Parameter "alpha_rps_e" is new with value equal to 0
    Parameter "alpha_rps_h" is new with value equal to 0
    Parameter "delta_e" is new with value equal to 1.79e+18
    Parameter "delta_h" is new with value equal to 1.23e+16
    Parameter "eta_e" is new with value equal to 1e+300
    Parameter "eta_h" is new with value equal to 1e+300
    Parameter "k_e" is new with value equal to 1
    Parameter "k_h" is new with value equal to 1
    Parameter "l_crit_e" is new with value equal to 1e-06
    Parameter "l_crit_h" is new with value equal to 1e-06
    Parameter "lambda_e" is new with value equal to 0.0233
    Parameter "lambda_h" is new with value equal to 0.0119
    Parameter "nu_e" is new with value equal to 0.0767
    Parameter "nu_h" is new with value equal to 0.123
  Model: "PhuMob_Arsenic"
    Parameter "mumax_As" is modified from 1417 to 1423
    Parameter "mumin_As" is modified from 52.2 to 55.9
  Model: "PhuMob_Boron"
    Parameter "mumax_B" is modified from 470.5 to 476.07
  Model: "PhuMob_Phosphorus"
    Parameter "mumax_P" is modified from 1414 to 1423
  Model: "QuantumPotentialParam_electron"
    Parameter "gamma" is modified from 3.6 to 10.2
  Model: "QuantumPotentialParam_hole"
    Parameter "gamma" is modified from 5.6 to 2.9

=======
Region: "Source_Ext"
  (material is "Silicon")
=======
  Model: "Bandgap"
    Parameter "Chi0_300" is modified from 4.07274 to 4.05
    Parameter "Eg0" is modified from 1.16964 to 1.12
    Parameter "Eg0_300" is modified from 1.12416 to 1.12
    Parameter "Tpar" is modified from 0 to 300
    Parameter "alpha" is modified from 0.000473 to 0
    Parameter "beta" is modified from 636 to 0
    Parameter "dEg0(Slotboom)" is modified from -0.004795 to 0
  Model: "ConstantMobility_electron"
    Parameter "mumax" is modified from 1417 to 1423
  Model: "ConstantMobility_hole"
    Parameter "mumax" is modified from 470.5 to 476.07
  Model: "DOSMass_electron"
    Parameter "Nc300" is modified from 2.89e+19 to 2.97101e+19
  Model: "DOSMass_hole"
    Parameter "Nv300" is modified from 3.14e+19 to 2.24e+19
  Model: "EnormalDependence_electron"
    Parameter "A" is modified from 2 to 2.688
    Parameter "B" is modified from 4.75e+07 to 1.805e+07
    Parameter "C" is modified from 580 to 5100
    Parameter "alpha" is modified from 0 to 2.74e-20
    Parameter "delta" is modified from 5.82e+14 to 1.79e+18
    Parameter "eta" is modified from 5.82e+30 to 1e+300
    Parameter "lambda" is modified from 0.125 to 0.0233
    Parameter "nu" is modified from 1 to 0.0767
  Model: "EnormalDependence_hole"
    Parameter "A" is modified from 2 to 2.18
    Parameter "B" is modified from 9.925e+06 to 3.02e+07
    Parameter "C" is modified from 2947 to 16720
    Parameter "alpha" is modified from 0 to 3.13e-20
    Parameter "delta" is modified from 2.0546e+14 to 1.23e+16
    Parameter "eta" is modified from 2.0546e+30 to 1e+300
    Parameter "lambda" is modified from 0.0317 to 0.0119
    Parameter "nu" is modified from 1 to 0.123
  Model: "HighFieldDependence_electron"
    Parameter "beta0" is modified from 1.109 to 1.13417
    Parameter "vsat0" is modified from 1.07e+07 to 1.02e+07
  Model: "Lombardi_highk"
    Parameter "A_e" is new with value equal to 2.688
    Parameter "A_h" is new with value equal to 2.18
    Parameter "B_e" is new with value equal to 1.805e+07
    Parameter "B_h" is new with value equal to 3.02e+07
    Parameter "C_e" is new with value equal to 5100
    Parameter "C_h" is new with value equal to 16720
    Parameter "alpha_e" is new with value equal to 2.74e-20
    Parameter "alpha_h" is new with value equal to 3.13e-20
    Parameter "alpha_rcs_e" is new with value equal to 0
    Parameter "alpha_rcs_h" is new with value equal to 0
    Parameter "alpha_rps_e" is new with value equal to 0
    Parameter "alpha_rps_h" is new with value equal to 0
    Parameter "delta_e" is new with value equal to 1.79e+18
    Parameter "delta_h" is new with value equal to 1.23e+16
    Parameter "eta_e" is new with value equal to 1e+300
    Parameter "eta_h" is new with value equal to 1e+300
    Parameter "k_e" is new with value equal to 1
    Parameter "k_h" is new with value equal to 1
    Parameter "l_crit_e" is new with value equal to 1e-06
    Parameter "l_crit_h" is new with value equal to 1e-06
    Parameter "lambda_e" is new with value equal to 0.0233
    Parameter "lambda_h" is new with value equal to 0.0119
    Parameter "nu_e" is new with value equal to 0.0767
    Parameter "nu_h" is new with value equal to 0.123
  Model: "PhuMob_Arsenic"
    Parameter "mumax_As" is modified from 1417 to 1423
    Parameter "mumin_As" is modified from 52.2 to 55.9
  Model: "PhuMob_Boron"
    Parameter "mumax_B" is modified from 470.5 to 476.07
  Model: "PhuMob_Phosphorus"
    Parameter "mumax_P" is modified from 1414 to 1423
  Model: "QuantumPotentialParam_electron"
    Parameter "gamma" is modified from 3.6 to 10.2
  Model: "QuantumPotentialParam_hole"
    Parameter "gamma" is modified from 5.6 to 2.9

=======
Region: "Source_Sili_lump_1"
  (material is "Silicide")
=======
  Constants are not modified and equal to default ones

=======
Region: "Source_Sili_lump_2"
  (material is "Silicide")
=======
  Constants are not modified and equal to default ones

=======
Region: "Sspacer.0_lump_1"
  (material is "Nitride")
=======
  Constants are not modified and equal to default ones

=======
Region: "Sspacer.0_lump_2"
  (material is "Nitride")
=======
  Constants are not modified and equal to default ones

================
RegionInterface: "Drain_Ext/DFIN.0"
  (material interface is "Silicon/Silicon")
================
  Constants are not modified and equal to default ones

================
RegionInterface: "Dspacer.0_lump_1/DFIN.0"
  (material interface is "Nitride/Silicon")
================
  Constants are not modified and equal to default ones

================
RegionInterface: "Dspacer.0_lump_2/DFIN.0"
  (material interface is "Nitride/Silicon")
================
  Constants are not modified and equal to default ones

================
RegionInterface: "FIN.0/DFIN.0"
  (material interface is "Silicon/Silicon")
================
  Constants are not modified and equal to default ones

================
RegionInterface: "Drain_Sili_lump_1/Drain_Ext"
  (material interface is "Silicide/Silicon")
================
  Constants are not modified and equal to default ones

================
RegionInterface: "Drain_Sili_lump_2/Drain_Ext"
  (material interface is "Silicide/Silicon")
================
  Constants are not modified and equal to default ones

================
RegionInterface: "Dspacer.0_lump_1/Drain_Ext"
  (material interface is "Nitride/Silicon")
================
  Constants are not modified and equal to default ones

================
RegionInterface: "Drain_Ext/Dspacer.0_lump_2"
  (material interface is "Silicon/Nitride")
================
  Constants are not modified and equal to default ones

================
RegionInterface: "Dspacer.0_lump_1/GateOxide.0_lump_2"
  (material interface is "Nitride/Oxide")
================
  Constants are not modified and equal to default ones

================
RegionInterface: "GateOxide.0_lump_1/Dspacer.0_lump_2"
  (material interface is "Oxide/Nitride")
================
  Constants are not modified and equal to default ones

================
RegionInterface: "FIN.0/GateOxide.0_lump_1"
  (material interface is "Silicon/Oxide")
================
  Constants are not modified and equal to default ones

================
RegionInterface: "FIN.0/GateOxide.0_lump_2"
  (material interface is "Silicon/Oxide")
================
  Constants are not modified and equal to default ones

================
RegionInterface: "FIN.0/SFIN.0"
  (material interface is "Silicon/Silicon")
================
  Constants are not modified and equal to default ones

================
RegionInterface: "Sspacer.0_lump_1/GateOxide.0_lump_1"
  (material interface is "Nitride/Oxide")
================
  Constants are not modified and equal to default ones

================
RegionInterface: "Sspacer.0_lump_2/GateOxide.0_lump_2"
  (material interface is "Nitride/Oxide")
================
  Constants are not modified and equal to default ones

================
RegionInterface: "Source_Ext/SFIN.0"
  (material interface is "Silicon/Silicon")
================
  Constants are not modified and equal to default ones

================
RegionInterface: "Sspacer.0_lump_1/SFIN.0"
  (material interface is "Nitride/Silicon")
================
  Constants are not modified and equal to default ones

================
RegionInterface: "Sspacer.0_lump_2/SFIN.0"
  (material interface is "Nitride/Silicon")
================
  Constants are not modified and equal to default ones

================
RegionInterface: "Source_Ext/Source_Sili_lump_1"
  (material interface is "Silicon/Silicide")
================
  Constants are not modified and equal to default ones

================
RegionInterface: "Source_Ext/Source_Sili_lump_2"
  (material interface is "Silicon/Silicide")
================
  Constants are not modified and equal to default ones

================
RegionInterface: "Source_Ext/Sspacer.0_lump_1"
  (material interface is "Silicon/Nitride")
================
  Constants are not modified and equal to default ones

================
RegionInterface: "Source_Ext/Sspacer.0_lump_2"
  (material interface is "Silicon/Nitride")
================
  Constants are not modified and equal to default ones

==========
Electrode: "drain"
==========
  Constants are not modified and equal to default ones

==========
Electrode: "gate"
==========
  Constants are not modified and equal to default ones

==========
Electrode: "source"
==========
  Constants are not modified and equal to default ones


Acceptor and donor concentrations (AcceptorConcentration, DonorConcentration):
    computed based on the following species from the doping file:
        PhosphorusActiveConcentration (donor)
        BoronActiveConcentration (acceptor)
Net doping concentration (DopingConcentration):
    obtained from doping file
Total doping concentration (TotalConcentration):
    recomputed from acceptor and donor concentrations



With Constant Reference Potential:
  Parameters of Reference Semiconductor:
    The Electron Affinity: 4.05
    The Band Gap: 1.10405
    The Electron DOS: 2.9710e+19
    The Hole DOS: 2.2400e+19
  The Constant Reference Potential: 4.60568
Reading save 'Vd_1337_des.sav' (TDR format) ...
  coordinate system: DFISE, 2d_dfise (y is device down direction, 3d extension right-handed)
  use coordinate system as is (no transformation)
done.
Fri Nov 22 14:46:04 2013: checked out 1 Dessis-MonteCarlo license(s)
Fri Nov 22 14:46:04 2013: checked out 1 sdevice-montecarlo license(s)

===============================
Starting solve of next problem:
Coupled ( Digits : 6, Max. #iterations : 20, 
    Solver : blocked decomposition,
    #undamped iterations : 50 
)
    { Poisson Hole } 
===============================

Computing Coupled( 1 poisson-equation(s) , 1 current-contact-equation(s) , 
                   1 hole-equation(s) ) 
using Bank/Rose nonlinear solver.

Iteration   |Rhs|      factor     |step|     error   #inner  #iterative  time
------------------------------------------------------------------------------
    0      1.36e+05                                                      0.54
    1      2.27e+03   1.00e+00   1.69e+00   4.56e+04    0         1      1.77
    2      4.34e+01   1.00e+00   1.13e-01   2.30e+03    0         1      2.68
    3      8.90e-01   1.00e+00   5.38e-01   1.77e+02    0         1      3.59
    4      1.91e-02   1.00e+00   5.10e-01   8.68e-01    0         1      4.60
Finished, because...
Error smaller than 1 ( 8.6781E-01 ).

Accumulated times:
Rhs time:        2.70 s
Jacobian time:   0.24 s
Solve time:      1.64 s
Total time:      4.60 s

contact        voltage     electron current    hole current  conduction current
 gate         7.800E-01       0.000E+00         0.000E+00        0.000E+00
 source       0.000E+00      -4.784E-04        -5.913E-25       -4.784E-04
 drain        5.000E-02       4.776E-04         5.129E-25        4.776E-04


===============================
Starting solve of next problem:
MonteCarlo
===============================

Computing Monte Carlo interface information ...
Contact number 0 corresponds to contact region "gate".
done.
  Number of window   elements : 10701
  Number of boundary elements : 0

 ReflectionData: 
  Initial element: 66(W) 66(S)
  Final   element: 9288(W) 9288(S)
  Initial: 1.1813e-05, 1.3450e-05, 0.0000e+00
    real coordinates : 1.1812500000000002e-01 1.3450243750000002e-01 0.0000000000000000e+00 
  Final  : 1.1813e-05, 1.3450e-05, 0.0000e+00
    real coordinates : 1.1812500000000002e-01 1.3449756250000003e-01 0.0000000000000000e+00 
  Lost/All=1/11 = 0.0909091
  Counter: 1

 ReflectionData: 
  Initial element: 67(W) 67(S)
  Final   element: 9289(W) 9289(S)
  Initial: 1.1938e-05, 1.3450e-05, 0.0000e+00
    real coordinates : 1.1937500000000001e-01 1.3450243750000002e-01 0.0000000000000000e+00 
  Final  : 1.1938e-05, 1.3450e-05, 0.0000e+00
    real coordinates : 1.1937500000000001e-01 1.3449756250000003e-01 0.0000000000000000e+00 
  Lost/All=2/13 = 0.153846
  Counter: 1

 ReflectionData: 
  Initial element: 68(W) 68(S)
  Final   element: 9290(W) 9290(S)
  Initial: 1.2063e-05, 1.3450e-05, 0.0000e+00
    real coordinates : 1.2062500000000002e-01 1.3450243750000002e-01 0.0000000000000000e+00 
  Final  : 1.2063e-05, 1.3450e-05, 0.0000e+00
    real coordinates : 1.2062500000000002e-01 1.3449756250000003e-01 0.0000000000000000e+00 
  Lost/All=3/14 = 0.214286
  Counter: 1

 ReflectionData: 
  Initial element: 69(W) 69(S)
  Final   element: 9291(W) 9291(S)
  Initial: 1.2188e-05, 1.3450e-05, 0.0000e+00
    real coordinates : 1.2187500000000001e-01 1.3450243750000002e-01 0.0000000000000000e+00 
  Final  : 1.2188e-05, 1.3450e-05, 0.0000e+00
    real coordinates : 1.2187500000000001e-01 1.3449756250000003e-01 0.0000000000000000e+00 
  Lost/All=4/15 = 0.266667
  Counter: 1

 ReflectionData: 
  Initial element: 70(W) 70(S)
  Final   element: 9292(W) 9292(S)
  Initial: 1.2313e-05, 1.3450e-05, 0.0000e+00
    real coordinates : 1.2312500000000001e-01 1.3450243750000002e-01 0.0000000000000000e+00 
  Final  : 1.2313e-05, 1.3450e-05, 0.0000e+00
    real coordinates : 1.2312500000000001e-01 1.3449756250000003e-01 0.0000000000000000e+00 
  Lost/All=5/16 = 0.3125
  Counter: 1

 ReflectionData: 
  Initial element: 71(W) 71(S)
  Final   element: 9305(W) 9305(S)
  Initial: 1.2438e-05, 1.3450e-05, 0.0000e+00
    real coordinates : 1.2437500000000001e-01 1.3450243750000002e-01 0.0000000000000000e+00 
  Final  : 1.2438e-05, 1.3450e-05, 0.0000e+00
    real coordinates : 1.2437500000000001e-01 1.3449756250000003e-01 0.0000000000000000e+00 
  Lost/All=6/17 = 0.352941
  Counter: 1

 ReflectionData: 
  Initial element: 72(W) 72(S)
  Final   element: 9306(W) 9306(S)
  Initial: 1.2563e-05, 1.3450e-05, 0.0000e+00
    real coordinates : 1.2562500000000001e-01 1.3450243750000002e-01 0.0000000000000000e+00 
  Final  : 1.2563e-05, 1.3450e-05, 0.0000e+00
    real coordinates : 1.2562500000000001e-01 1.3449756250000003e-01 0.0000000000000000e+00 
  Lost/All=7/18 = 0.388889
  Counter: 1

 ReflectionData: 
  Initial element: 73(W) 73(S)
  Final   element: 9307(W) 9307(S)
  Initial: 1.2688e-05, 1.3450e-05, 0.0000e+00
    real coordinates : 1.2687500000000002e-01 1.3450243750000002e-01 0.0000000000000000e+00 
  Final  : 1.2688e-05, 1.3450e-05, 0.0000e+00
    real coordinates : 1.2687500000000002e-01 1.3449756250000003e-01 0.0000000000000000e+00 
  Lost/All=8/19 = 0.421053
  Counter: 1

 ReflectionData: 
  Initial element: 74(W) 74(S)
  Final   element: 9308(W) 9308(S)
  Initial: 1.2813e-05, 1.3450e-05, 0.0000e+00
    real coordinates : 1.2812500000000002e-01 1.3450243750000002e-01 0.0000000000000000e+00 
  Final  : 1.2813e-05, 1.3450e-05, 0.0000e+00
    real coordinates : 1.2812500000000002e-01 1.3449756250000003e-01 0.0000000000000000e+00 
  Lost/All=9/20 = 0.45
  Counter: 1

 ReflectionData: 
  Initial element: 75(W) 75(S)
  Final   element: 9321(W) 9321(S)
  Initial: 1.2938e-05, 1.3450e-05, 0.0000e+00
    real coordinates : 1.2937500000000002e-01 1.3450243750000002e-01 0.0000000000000000e+00 
  Final  : 1.2938e-05, 1.3450e-05, 0.0000e+00
    real coordinates : 1.2937500000000002e-01 1.3449756250000003e-01 0.0000000000000000e+00 
  Lost/All=10/21 = 0.47619
  Counter: 1

 ReflectionData: 
  Initial element: 76(W) 76(S)
  Final   element: 9322(W) 9322(S)
  Initial: 1.3063e-05, 1.3450e-05, 0.0000e+00
    real coordinates : 1.3062500000000002e-01 1.3450243750000002e-01 0.0000000000000000e+00 
  Final  : 1.3063e-05, 1.3450e-05, 0.0000e+00
    real coordinates : 1.3062500000000002e-01 1.3449756250000003e-01 0.0000000000000000e+00 
  Lost/All=11/22 = 0.5
  Counter: 1

 ReflectionData: 
  Initial element: 77(W) 77(S)
  Final   element: 9323(W) 9323(S)
  Initial: 1.3188e-05, 1.3450e-05, 0.0000e+00
    real coordinates : 1.3187500000000002e-01 1.3450243750000002e-01 0.0000000000000000e+00 
  Final  : 1.3188e-05, 1.3450e-05, 0.0000e+00
    real coordinates : 1.3187500000000002e-01 1.3449756250000003e-01 0.0000000000000000e+00 
  Lost/All=12/23 = 0.521739
  Counter: 1

 ReflectionData: 
  Initial element: 78(W) 78(S)
  Final   element: 9324(W) 9324(S)
  Initial: 1.3313e-05, 1.3450e-05, 0.0000e+00
    real coordinates : 1.3312500000000002e-01 1.3450243750000002e-01 0.0000000000000000e+00 
  Final  : 1.3313e-05, 1.3450e-05, 0.0000e+00
    real coordinates : 1.3312500000000002e-01 1.3449756250000003e-01 0.0000000000000000e+00 
  Lost/All=13/24 = 0.541667
  Counter: 1

 ReflectionData: 
  Initial element: 79(W) 79(S)
  Final   element: 9334(W) 9334(S)
  Initial: 1.3438e-05, 1.3450e-05, 0.0000e+00
    real coordinates : 1.3437500000000002e-01 1.3450243750000002e-01 0.0000000000000000e+00 
  Final  : 1.3438e-05, 1.3450e-05, 0.0000e+00
    real coordinates : 1.3437500000000002e-01 1.3449756250000003e-01 0.0000000000000000e+00 
  Lost/All=14/25 = 0.56
  Counter: 1

 ReflectionData: 
  Initial element: 80(W) 80(S)
  Final   element: 9335(W) 9335(S)
  Initial: 1.3563e-05, 1.3450e-05, 0.0000e+00
    real coordinates : 1.3562500000000002e-01 1.3450243750000002e-01 0.0000000000000000e+00 
  Final  : 1.3563e-05, 1.3450e-05, 0.0000e+00
    real coordinates : 1.3562500000000002e-01 1.3449756250000003e-01 0.0000000000000000e+00 
  Lost/All=15/26 = 0.576923
  Counter: 1

 ReflectionData: 
  Initial element: 81(W) 81(S)
  Final   element: 9336(W) 9336(S)
  Initial: 1.3688e-05, 1.3450e-05, 0.0000e+00
    real coordinates : 1.3687500000000005e-01 1.3450243750000002e-01 0.0000000000000000e+00 
  Final  : 1.3688e-05, 1.3450e-05, 0.0000e+00
    real coordinates : 1.3687500000000005e-01 1.3449756250000003e-01 0.0000000000000000e+00 
  Lost/All=16/27 = 0.592593
  Counter: 1

 ReflectionData: 
  Initial element: 305(W) 305(S)
  Final   element: 10637(W) 10637(S)
  Initial: 1.1813e-05, 1.6550e-05, 0.0000e+00
    real coordinates : 1.1812500000000002e-01 1.6549831250000002e-01 0.0000000000000000e+00 
  Final  : 1.1813e-05, 1.6550e-05, 0.0000e+00
    real coordinates : 1.1812500000000002e-01 1.6550168750000002e-01 0.0000000000000000e+00 
  Lost/All=17/59 = 0.288136
  Counter: 1

 ReflectionData: 
  Initial element: 306(W) 306(S)
  Final   element: 10638(W) 10638(S)
  Initial: 1.1938e-05, 1.6550e-05, 0.0000e+00
    real coordinates : 1.1937500000000001e-01 1.6549831250000002e-01 0.0000000000000000e+00 
  Final  : 1.1938e-05, 1.6550e-05, 0.0000e+00
    real coordinates : 1.1937500000000001e-01 1.6550168750000002e-01 0.0000000000000000e+00 
  Lost/All=18/60 = 0.3
  Counter: 1

 ReflectionData: 
  Initial element: 307(W) 307(S)
  Final   element: 10639(W) 10639(S)
  Initial: 1.2063e-05, 1.6550e-05, 0.0000e+00
    real coordinates : 1.2062500000000002e-01 1.6549831250000002e-01 0.0000000000000000e+00 
  Final  : 1.2063e-05, 1.6550e-05, 0.0000e+00
    real coordinates : 1.2062500000000002e-01 1.6550168750000002e-01 0.0000000000000000e+00 
  Lost/All=19/61 = 0.311475
  Counter: 1

 ReflectionData: 
  Initial element: 312(W) 312(S)
  Final   element: 10640(W) 10640(S)
  Initial: 1.2188e-05, 1.6550e-05, 0.0000e+00
    real coordinates : 1.2187500000000001e-01 1.6549831250000002e-01 0.0000000000000000e+00 
  Final  : 1.2188e-05, 1.6550e-05, 0.0000e+00
    real coordinates : 1.2187500000000001e-01 1.6550168750000002e-01 0.0000000000000000e+00 
  Lost/All=20/62 = 0.322581
  Counter: 1

 ReflectionData: 
  Initial element: 313(W) 313(S)
  Final   element: 10641(W) 10641(S)
  Initial: 1.2313e-05, 1.6550e-05, 0.0000e+00
    real coordinates : 1.2312500000000001e-01 1.6549831250000002e-01 0.0000000000000000e+00 
  Final  : 1.2313e-05, 1.6550e-05, 0.0000e+00
    real coordinates : 1.2312500000000001e-01 1.6550168750000002e-01 0.0000000000000000e+00 
  Lost/All=21/63 = 0.333333
  Counter: 1

 ReflectionData: 
  Initial element: 334(W) 334(S)
  Final   element: 10642(W) 10642(S)
  Initial: 1.2438e-05, 1.6550e-05, 0.0000e+00
    real coordinates : 1.2437500000000001e-01 1.6549831250000002e-01 0.0000000000000000e+00 
  Final  : 1.2438e-05, 1.6550e-05, 0.0000e+00
    real coordinates : 1.2437500000000001e-01 1.6550168750000002e-01 0.0000000000000000e+00 
  Lost/All=22/64 = 0.34375
  Counter: 1

 ReflectionData: 
  Initial element: 335(W) 335(S)
  Final   element: 10643(W) 10643(S)
  Initial: 1.2563e-05, 1.6550e-05, 0.0000e+00
    real coordinates : 1.2562500000000001e-01 1.6549831250000002e-01 0.0000000000000000e+00 
  Final  : 1.2563e-05, 1.6550e-05, 0.0000e+00
    real coordinates : 1.2562500000000001e-01 1.6550168750000002e-01 0.0000000000000000e+00 
  Lost/All=23/65 = 0.353846
  Counter: 1

 ReflectionData: 
  Initial element: 340(W) 340(S)
  Final   element: 10644(W) 10644(S)
  Initial: 1.2688e-05, 1.6550e-05, 0.0000e+00
    real coordinates : 1.2687500000000002e-01 1.6549831250000002e-01 0.0000000000000000e+00 
  Final  : 1.2688e-05, 1.6550e-05, 0.0000e+00
    real coordinates : 1.2687500000000002e-01 1.6550168750000002e-01 0.0000000000000000e+00 
  Lost/All=24/66 = 0.363636
  Counter: 1

 ReflectionData: 
  Initial element: 341(W) 341(S)
  Final   element: 10645(W) 10645(S)
  Initial: 1.2813e-05, 1.6550e-05, 0.0000e+00
    real coordinates : 1.2812500000000002e-01 1.6549831250000002e-01 0.0000000000000000e+00 
  Final  : 1.2813e-05, 1.6550e-05, 0.0000e+00
    real coordinates : 1.2812500000000002e-01 1.6550168750000002e-01 0.0000000000000000e+00 
  Lost/All=25/67 = 0.373134
  Counter: 1

 ReflectionData: 
  Initial element: 410(W) 410(S)
  Final   element: 10646(W) 10646(S)
  Initial: 1.2938e-05, 1.6550e-05, 0.0000e+00
    real coordinates : 1.2937500000000002e-01 1.6549831250000002e-01 0.0000000000000000e+00 
  Final  : 1.2938e-05, 1.6550e-05, 0.0000e+00
    real coordinates : 1.2937500000000002e-01 1.6550168750000002e-01 0.0000000000000000e+00 
  Lost/All=26/72 = 0.361111
  Counter: 1

 ReflectionData: 
  Initial element: 411(W) 411(S)
  Final   element: 10647(W) 10647(S)
  Initial: 1.3063e-05, 1.6550e-05, 0.0000e+00
    real coordinates : 1.3062500000000002e-01 1.6549831250000002e-01 0.0000000000000000e+00 
  Final  : 1.3063e-05, 1.6550e-05, 0.0000e+00
    real coordinates : 1.3062500000000002e-01 1.6550168750000002e-01 0.0000000000000000e+00 
  Lost/All=27/73 = 0.369863
  Counter: 1

 ReflectionData: 
  Initial element: 416(W) 416(S)
  Final   element: 10648(W) 10648(S)
  Initial: 1.3188e-05, 1.6550e-05, 0.0000e+00
    real coordinates : 1.3187500000000002e-01 1.6549831250000002e-01 0.0000000000000000e+00 
  Final  : 1.3188e-05, 1.6550e-05, 0.0000e+00
    real coordinates : 1.3187500000000002e-01 1.6550168750000002e-01 0.0000000000000000e+00 
  Lost/All=28/74 = 0.378378
  Counter: 1

 ReflectionData: 
  Initial element: 417(W) 417(S)
  Final   element: 10649(W) 10649(S)
  Initial: 1.3313e-05, 1.6550e-05, 0.0000e+00
    real coordinates : 1.3312500000000002e-01 1.6549831250000002e-01 0.0000000000000000e+00 
  Final  : 1.3313e-05, 1.6550e-05, 0.0000e+00
    real coordinates : 1.3312500000000002e-01 1.6550168750000002e-01 0.0000000000000000e+00 
  Lost/All=29/75 = 0.386667
  Counter: 1

 ReflectionData: 
  Initial element: 433(W) 433(S)
  Final   element: 10650(W) 10650(S)
  Initial: 1.3438e-05, 1.6550e-05, 0.0000e+00
    real coordinates : 1.3437500000000002e-01 1.6549831250000002e-01 0.0000000000000000e+00 
  Final  : 1.3438e-05, 1.6550e-05, 0.0000e+00
    real coordinates : 1.3437500000000002e-01 1.6550168750000002e-01 0.0000000000000000e+00 
  Lost/All=30/79 = 0.379747
  Counter: 1

 ReflectionData: 
  Initial element: 434(W) 434(S)
  Final   element: 10651(W) 10651(S)
  Initial: 1.3563e-05, 1.6550e-05, 0.0000e+00
    real coordinates : 1.3562500000000002e-01 1.6549831250000002e-01 0.0000000000000000e+00 
  Final  : 1.3563e-05, 1.6550e-05, 0.0000e+00
    real coordinates : 1.3562500000000002e-01 1.6550168750000002e-01 0.0000000000000000e+00 
  Lost/All=31/80 = 0.3875
  Counter: 1

 ReflectionData: 
  Initial element: 437(W) 437(S)
  Final   element: 10652(W) 10652(S)
  Initial: 1.3688e-05, 1.6550e-05, 0.0000e+00
    real coordinates : 1.3687500000000005e-01 1.6549831250000002e-01 0.0000000000000000e+00 
  Final  : 1.3688e-05, 1.6550e-05, 0.0000e+00
    real coordinates : 1.3687500000000005e-01 1.6550168750000002e-01 0.0000000000000000e+00 
  Lost/All=32/83 = 0.385542
  Counter: 1

 ReflectionData: 
  Initial element: 8914(W) 8914(S)
  Final   element: 7173(W) 7173(S)
  Initial: 1.6313e-05, 1.3450e-05, 0.0000e+00
    real coordinates : 1.6312500000000005e-01 1.3450175125000002e-01 0.0000000000000000e+00 
  Final  : 1.6313e-05, 1.3450e-05, 0.0000e+00
    real coordinates : 1.6312500000000005e-01 1.3449824875000002e-01 0.0000000000000000e+00 
  Lost/All=33/249 = 0.13253
  Counter: 1

 ReflectionData: 
  Initial element: 8915(W) 8915(S)
  Final   element: 7174(W) 7174(S)
  Initial: 1.6438e-05, 1.3450e-05, 0.0000e+00
    real coordinates : 1.6437500000000002e-01 1.3450175125000002e-01 0.0000000000000000e+00 
  Final  : 1.6438e-05, 1.3450e-05, 0.0000e+00
    real coordinates : 1.6437500000000002e-01 1.3449824875000002e-01 0.0000000000000000e+00 
  Lost/All=34/251 = 0.135458
  Counter: 1

 ReflectionData: 
  Initial element: 8916(W) 8916(S)
  Final   element: 7175(W) 7175(S)
  Initial: 1.6563e-05, 1.3450e-05, 0.0000e+00
    real coordinates : 1.6562500000000002e-01 1.3450175125000002e-01 0.0000000000000000e+00 
  Final  : 1.6563e-05, 1.3450e-05, 0.0000e+00
    real coordinates : 1.6562500000000002e-01 1.3449824875000002e-01 0.0000000000000000e+00 
  Lost/All=35/252 = 0.138889
  Counter: 1

 ReflectionData: 
  Initial element: 8917(W) 8917(S)
  Final   element: 7176(W) 7176(S)
  Initial: 1.6687e-05, 1.3450e-05, 0.0000e+00
    real coordinates : 1.6687500000000000e-01 1.3450175125000002e-01 0.0000000000000000e+00 
  Final  : 1.6687e-05, 1.3450e-05, 0.0000e+00
    real coordinates : 1.6687500000000000e-01 1.3449824875000002e-01 0.0000000000000000e+00 
  Lost/All=36/253 = 0.142292
  Counter: 1

 ReflectionData: 
  Initial element: 8918(W) 8918(S)
  Final   element: 7177(W) 7177(S)
  Initial: 1.6813e-05, 1.3450e-05, 0.0000e+00
    real coordinates : 1.6812500000000002e-01 1.3450175125000002e-01 0.0000000000000000e+00 
  Final  : 1.6813e-05, 1.3450e-05, 0.0000e+00
    real coordinates : 1.6812500000000002e-01 1.3449824875000002e-01 0.0000000000000000e+00 
  Lost/All=37/254 = 0.145669
  Counter: 1

 ReflectionData: 
  Initial element: 8919(W) 8919(S)
  Final   element: 7190(W) 7190(S)
  Initial: 1.6938e-05, 1.3450e-05, 0.0000e+00
    real coordinates : 1.6937500000000005e-01 1.3450175125000002e-01 0.0000000000000000e+00 
  Final  : 1.6938e-05, 1.3450e-05, 0.0000e+00
    real coordinates : 1.6937500000000005e-01 1.3449824875000002e-01 0.0000000000000000e+00 
  Lost/All=38/255 = 0.14902
  Counter: 1

 ReflectionData: 
  Initial element: 8920(W) 8920(S)
  Final   element: 7191(W) 7191(S)
  Initial: 1.7063e-05, 1.3450e-05, 0.0000e+00
    real coordinates : 1.7062500000000003e-01 1.3450175125000002e-01 0.0000000000000000e+00 
  Final  : 1.7063e-05, 1.3450e-05, 0.0000e+00
    real coordinates : 1.7062500000000003e-01 1.3449824875000002e-01 0.0000000000000000e+00 
  Lost/All=39/256 = 0.152344
  Counter: 1

 ReflectionData: 
  Initial element: 8921(W) 8921(S)
  Final   element: 7192(W) 7192(S)
  Initial: 1.7188e-05, 1.3450e-05, 0.0000e+00
    real coordinates : 1.7187500000000006e-01 1.3450175125000002e-01 0.0000000000000000e+00 
  Final  : 1.7188e-05, 1.3450e-05, 0.0000e+00
    real coordinates : 1.7187500000000006e-01 1.3449824875000002e-01 0.0000000000000000e+00 
  Lost/All=40/257 = 0.155642
  Counter: 1

 ReflectionData: 
  Initial element: 8922(W) 8922(S)
  Final   element: 7193(W) 7193(S)
  Initial: 1.7313e-05, 1.3450e-05, 0.0000e+00
    real coordinates : 1.7312500000000000e-01 1.3450175125000002e-01 0.0000000000000000e+00 
  Final  : 1.7313e-05, 1.3450e-05, 0.0000e+00
    real coordinates : 1.7312500000000000e-01 1.3449824875000002e-01 0.0000000000000000e+00 
  Lost/All=41/258 = 0.158915
  Counter: 1

 ReflectionData: 
  Initial element: 8923(W) 8923(S)
  Final   element: 7206(W) 7206(S)
  Initial: 1.7438e-05, 1.3450e-05, 0.0000e+00
    real coordinates : 1.7437500000000003e-01 1.3450175125000002e-01 0.0000000000000000e+00 
  Final  : 1.7438e-05, 1.3450e-05, 0.0000e+00
    real coordinates : 1.7437500000000003e-01 1.3449824875000002e-01 0.0000000000000000e+00 
  Lost/All=42/259 = 0.162162
  Counter: 1

 ReflectionData: 
  Initial element: 8924(W) 8924(S)
  Final   element: 7207(W) 7207(S)
  Initial: 1.7563e-05, 1.3450e-05, 0.0000e+00
    real coordinates : 1.7562500000000006e-01 1.3450175125000002e-01 0.0000000000000000e+00 
  Final  : 1.7563e-05, 1.3450e-05, 0.0000e+00
    real coordinates : 1.7562500000000006e-01 1.3449824875000002e-01 0.0000000000000000e+00 
  Lost/All=43/260 = 0.165385
  Counter: 1

 ReflectionData: 
  Initial element: 8925(W) 8925(S)
  Final   element: 7208(W) 7208(S)
  Initial: 1.7688e-05, 1.3450e-05, 0.0000e+00
    real coordinates : 1.7687500000000003e-01 1.3450175125000002e-01 0.0000000000000000e+00 
  Final  : 1.7688e-05, 1.3450e-05, 0.0000e+00
    real coordinates : 1.7687500000000003e-01 1.3449824875000002e-01 0.0000000000000000e+00 
  Lost/All=44/261 = 0.168582
  Counter: 1

 ReflectionData: 
  Initial element: 8926(W) 8926(S)
  Final   element: 7209(W) 7209(S)
  Initial: 1.7813e-05, 1.3450e-05, 0.0000e+00
    real coordinates : 1.7812500000000003e-01 1.3450175125000002e-01 0.0000000000000000e+00 
  Final  : 1.7813e-05, 1.3450e-05, 0.0000e+00
    real coordinates : 1.7812500000000003e-01 1.3449824875000002e-01 0.0000000000000000e+00 
  Lost/All=45/262 = 0.171756
  Counter: 1

 ReflectionData: 
  Initial element: 8927(W) 8927(S)
  Final   element: 7219(W) 7219(S)
  Initial: 1.7938e-05, 1.3450e-05, 0.0000e+00
    real coordinates : 1.7937500000000003e-01 1.3450175125000002e-01 0.0000000000000000e+00 
  Final  : 1.7938e-05, 1.3450e-05, 0.0000e+00
    real coordinates : 1.7937500000000003e-01 1.3449824875000002e-01 0.0000000000000000e+00 
  Lost/All=46/263 = 0.174905
  Counter: 1

 ReflectionData: 
  Initial element: 8928(W) 8928(S)
  Final   element: 7220(W) 7220(S)
  Initial: 1.8063e-05, 1.3450e-05, 0.0000e+00
    real coordinates : 1.8062500000000006e-01 1.3450175125000002e-01 0.0000000000000000e+00 
  Final  : 1.8063e-05, 1.3450e-05, 0.0000e+00
    real coordinates : 1.8062500000000006e-01 1.3449824875000002e-01 0.0000000000000000e+00 
  Lost/All=47/264 = 0.17803
  Counter: 1

 ReflectionData: 
  Initial element: 8929(W) 8929(S)
  Final   element: 7221(W) 7221(S)
  Initial: 1.8188e-05, 1.3450e-05, 0.0000e+00
    real coordinates : 1.8187500000000001e-01 1.3450175125000002e-01 0.0000000000000000e+00 
  Final  : 1.8188e-05, 1.3450e-05, 0.0000e+00
    real coordinates : 1.8187500000000001e-01 1.3449824875000002e-01 0.0000000000000000e+00 
  Lost/All=48/265 = 0.181132
  Counter: 1

 ReflectionData: 
  Initial element: 9203(W) 9203(S)
  Final   element: 7375(W) 7375(S)
  Initial: 1.6313e-05, 1.6550e-05, 0.0000e+00
    real coordinates : 1.6312500000000005e-01 1.6549824875000002e-01 0.0000000000000000e+00 
  Final  : 1.6313e-05, 1.6550e-05, 0.0000e+00
    real coordinates : 1.6312500000000005e-01 1.6550175125000005e-01 0.0000000000000000e+00 
  Lost/All=49/300 = 0.163333
  Counter: 1

 ReflectionData: 
  Initial element: 9204(W) 9204(S)
  Final   element: 7376(W) 7376(S)
  Initial: 1.6438e-05, 1.6550e-05, 0.0000e+00
    real coordinates : 1.6437500000000002e-01 1.6549824875000002e-01 0.0000000000000000e+00 
  Final  : 1.6438e-05, 1.6550e-05, 0.0000e+00
    real coordinates : 1.6437500000000002e-01 1.6550175125000005e-01 0.0000000000000000e+00 
  Lost/All=50/301 = 0.166113
  Counter: 1

 ReflectionData: 
  Initial element: 9205(W) 9205(S)
  Final   element: 7377(W) 7377(S)
  Initial: 1.6563e-05, 1.6550e-05, 0.0000e+00
    real coordinates : 1.6562500000000002e-01 1.6549824875000002e-01 0.0000000000000000e+00 
  Final  : 1.6563e-05, 1.6550e-05, 0.0000e+00
    real coordinates : 1.6562500000000002e-01 1.6550175125000005e-01 0.0000000000000000e+00 
  Lost/All=51/302 = 0.168874
  Counter: 1

 ReflectionData: 
  Initial element: 9210(W) 9210(S)
  Final   element: 7378(W) 7378(S)
  Initial: 1.6687e-05, 1.6550e-05, 0.0000e+00
    real coordinates : 1.6687500000000000e-01 1.6549824875000002e-01 0.0000000000000000e+00 
  Final  : 1.6687e-05, 1.6550e-05, 0.0000e+00
    real coordinates : 1.6687500000000000e-01 1.6550175125000005e-01 0.0000000000000000e+00 
  Lost/All=52/303 = 0.171617
  Counter: 1

 ReflectionData: 
  Initial element: 9211(W) 9211(S)
  Final   element: 7379(W) 7379(S)
  Initial: 1.6813e-05, 1.6550e-05, 0.0000e+00
    real coordinates : 1.6812500000000002e-01 1.6549824875000002e-01 0.0000000000000000e+00 
  Final  : 1.6813e-05, 1.6550e-05, 0.0000e+00
    real coordinates : 1.6812500000000002e-01 1.6550175125000005e-01 0.0000000000000000e+00 
  Lost/All=53/304 = 0.174342
  Counter: 1

 ReflectionData: 
  Initial element: 9216(W) 9216(S)
  Final   element: 7380(W) 7380(S)
  Initial: 1.6938e-05, 1.6550e-05, 0.0000e+00
    real coordinates : 1.6937500000000005e-01 1.6549824875000002e-01 0.0000000000000000e+00 
  Final  : 1.6938e-05, 1.6550e-05, 0.0000e+00
    real coordinates : 1.6937500000000005e-01 1.6550175125000005e-01 0.0000000000000000e+00 
  Lost/All=54/305 = 0.177049
  Counter: 1

 ReflectionData: 
  Initial element: 9217(W) 9217(S)
  Final   element: 7381(W) 7381(S)
  Initial: 1.7063e-05, 1.6550e-05, 0.0000e+00
    real coordinates : 1.7062500000000003e-01 1.6549824875000002e-01 0.0000000000000000e+00 
  Final  : 1.7063e-05, 1.6550e-05, 0.0000e+00
    real coordinates : 1.7062500000000003e-01 1.6550175125000005e-01 0.0000000000000000e+00 
  Lost/All=55/306 = 0.179739
  Counter: 1

 ReflectionData: 
  Initial element: 9222(W) 9222(S)
  Final   element: 7382(W) 7382(S)
  Initial: 1.7188e-05, 1.6550e-05, 0.0000e+00
    real coordinates : 1.7187500000000006e-01 1.6549824875000002e-01 0.0000000000000000e+00 
  Final  : 1.7188e-05, 1.6550e-05, 0.0000e+00
    real coordinates : 1.7187500000000006e-01 1.6550175125000005e-01 0.0000000000000000e+00 
  Lost/All=56/307 = 0.18241
  Counter: 1

 ReflectionData: 
  Initial element: 9223(W) 9223(S)
  Final   element: 7383(W) 7383(S)
  Initial: 1.7313e-05, 1.6550e-05, 0.0000e+00
    real coordinates : 1.7312500000000000e-01 1.6549824875000002e-01 0.0000000000000000e+00 
  Final  : 1.7313e-05, 1.6550e-05, 0.0000e+00
    real coordinates : 1.7312500000000000e-01 1.6550175125000005e-01 0.0000000000000000e+00 
  Lost/All=57/308 = 0.185065
  Counter: 1

 ReflectionData: 
  Initial element: 9266(W) 9266(S)
  Final   element: 7411(W) 7411(S)
  Initial: 1.7438e-05, 1.6550e-05, 0.0000e+00
    real coordinates : 1.7437500000000003e-01 1.6549824875000002e-01 0.0000000000000000e+00 
  Final  : 1.7438e-05, 1.6550e-05, 0.0000e+00
    real coordinates : 1.7437500000000003e-01 1.6550175125000005e-01 0.0000000000000000e+00 
  Lost/All=58/315 = 0.184127
  Counter: 1

 ReflectionData: 
  Initial element: 9267(W) 9267(S)
  Final   element: 7412(W) 7412(S)
  Initial: 1.7563e-05, 1.6550e-05, 0.0000e+00
    real coordinates : 1.7562500000000006e-01 1.6549824875000002e-01 0.0000000000000000e+00 
  Final  : 1.7563e-05, 1.6550e-05, 0.0000e+00
    real coordinates : 1.7562500000000006e-01 1.6550175125000005e-01 0.0000000000000000e+00 
  Lost/All=59/316 = 0.186709
  Counter: 1

 ReflectionData: 
  Initial element: 9268(W) 9268(S)
  Final   element: 7415(W) 7415(S)
  Initial: 1.7688e-05, 1.6550e-05, 0.0000e+00
    real coordinates : 1.7687500000000003e-01 1.6549824875000002e-01 0.0000000000000000e+00 
  Final  : 1.7688e-05, 1.6550e-05, 0.0000e+00
    real coordinates : 1.7687500000000003e-01 1.6550175125000005e-01 0.0000000000000000e+00 
  Lost/All=60/317 = 0.189274
  Counter: 1

 ReflectionData: 
  Initial element: 9269(W) 9269(S)
  Final   element: 7416(W) 7416(S)
  Initial: 1.7813e-05, 1.6550e-05, 0.0000e+00
    real coordinates : 1.7812500000000003e-01 1.6549824875000002e-01 0.0000000000000000e+00 
  Final  : 1.7813e-05, 1.6550e-05, 0.0000e+00
    real coordinates : 1.7812500000000003e-01 1.6550175125000005e-01 0.0000000000000000e+00 
  Lost/All=61/318 = 0.191824
  Counter: 1

 ReflectionData: 
  Initial element: 9270(W) 9270(S)
  Final   element: 7427(W) 7427(S)
  Initial: 1.7938e-05, 1.6550e-05, 0.0000e+00
    real coordinates : 1.7937500000000003e-01 1.6549824875000002e-01 0.0000000000000000e+00 
  Final  : 1.7938e-05, 1.6550e-05, 0.0000e+00
    real coordinates : 1.7937500000000003e-01 1.6550175125000005e-01 0.0000000000000000e+00 
  Lost/All=62/319 = 0.194357
  Counter: 1

 ReflectionData: 
  Initial element: 9271(W) 9271(S)
  Final   element: 7428(W) 7428(S)
  Initial: 1.8063e-05, 1.6550e-05, 0.0000e+00
    real coordinates : 1.8062500000000006e-01 1.6549824875000002e-01 0.0000000000000000e+00 
  Final  : 1.8063e-05, 1.6550e-05, 0.0000e+00
    real coordinates : 1.8062500000000006e-01 1.6550175125000005e-01 0.0000000000000000e+00 
  Lost/All=63/320 = 0.196875
  Counter: 1

 ReflectionData: 
  Initial element: 9272(W) 9272(S)
  Final   element: 7431(W) 7431(S)
  Initial: 1.8188e-05, 1.6550e-05, 0.0000e+00
    real coordinates : 1.8187500000000001e-01 1.6549824875000002e-01 0.0000000000000000e+00 
  Final  : 1.8188e-05, 1.6550e-05, 0.0000e+00
    real coordinates : 1.8187500000000001e-01 1.6550175125000005e-01 0.0000000000000000e+00 
  Lost/All=64/321 = 0.199377
  Counter: 1
