****************************************************************************
***                           Sentaurus Device                           ***
***                          Version F-2011.09                           ***
***                         (1.8, amd64, linux)                          ***
***                                                                      ***
***                       Copyright (C) 1994-2011                        ***
***                            Synopsys, Inc.                            ***
***                                                                      ***
***  This software and the associated documentation are confidential     ***
***  and proprietary to Synopsys, Inc.  Your use or disclosure of this   ***
***  software is subject to the terms and conditions of a written        ***
***  license agreement between you, or your company, and Synopsys, Inc.  ***
****************************************************************************

	Running on machine with the following configuration:
	Host Name: mcl16
	Operating System: Linux rel. 2.6.32-71.el6.x86_64 ver. #1 SMP Tue Nov 23 06:49:13 CST 2010
	Machine Type: x86_64
	Process ID: 24311
	Number of processors: 16
	Domain Name: MCL-LAB
	Date: Tue Aug 27 14:31:25 2013  (IST)

Tue Aug 27 14:31:25 2013: checked out 1 Dessis license(s)
Tue Aug 27 14:31:25 2013: checked out 1 sdevice license(s)
Parsing circuit file /usr/local/tcadtaurus/Sentaurus_vF_2011.09/bin/../tcad/current/amd64/lib/sdevice/sd_hb_pGC.ccf
Parsing circuit file /usr/local/tcadtaurus/Sentaurus_vF_2011.09/bin/../tcad/current/amd64/lib/sdevice/bs_psource.ccf
Parsing circuit file /usr/local/tcadtaurus/Sentaurus_vF_2011.09/bin/../tcad/current/amd64/lib/sdevice/sd_hb_isource2.ccf
Parsing circuit file /usr/local/tcadtaurus/Sentaurus_vF_2011.09/bin/../tcad/current/amd64/lib/sdevice/sd_hb_vsource2.ccf
Parsing circuit file /usr/local/tcadtaurus/Sentaurus_vF_2011.09/bin/../tcad/current/amd64/lib/sdevice/sd_hb_sRL.ccf
Parsing circuit file /usr/local/tcadtaurus/Sentaurus_vF_2011.09/bin/../tcad/current/amd64/lib/sdevice/sd_hb_vsource.ccf
Parsing circuit file /usr/local/tcadtaurus/Sentaurus_vF_2011.09/bin/../tcad/current/amd64/lib/sdevice/sd_hb_isource.ccf
Parsing circuit file /usr/local/tcadtaurus/Sentaurus_vF_2011.09/bin/../tcad/current/amd64/lib/sdevice/sd_SRL1.ccf
Loading shared object file /usr/local/tcadtaurus/Sentaurus_vF_2011.09/bin/../tcad/current/amd64/lib/sdevice/sd_SRL1.so.amd64
Loading shared object file /usr/local/tcadtaurus/Sentaurus_vF_2011.09/bin/../tcad/current/amd64/lib/sdevice/sd_hb_isource.so.amd64
Loading shared object file /usr/local/tcadtaurus/Sentaurus_vF_2011.09/bin/../tcad/current/amd64/lib/sdevice/sd_hb_vsource.so.amd64
Loading shared object file /usr/local/tcadtaurus/Sentaurus_vF_2011.09/bin/../tcad/current/amd64/lib/sdevice/sd_hb_sRL.so.amd64
Loading shared object file /usr/local/tcadtaurus/Sentaurus_vF_2011.09/bin/../tcad/current/amd64/lib/sdevice/sd_hb_vsource2.so.amd64
Loading shared object file /usr/local/tcadtaurus/Sentaurus_vF_2011.09/bin/../tcad/current/amd64/lib/sdevice/sd_hb_isource2.so.amd64
Loading shared object file /usr/local/tcadtaurus/Sentaurus_vF_2011.09/bin/../tcad/current/amd64/lib/sdevice/bs_psource.so.amd64
Loading shared object file /usr/local/tcadtaurus/Sentaurus_vF_2011.09/bin/../tcad/current/amd64/lib/sdevice/sd_hb_pGC.so.amd64
Tue Aug 27 14:31:25 2013: checked out 1 Dessis-Parallel license(s)
Tue Aug 27 14:31:25 2013: checked out 1 sdevice-parallel license(s)
Tue Aug 27 14:31:25 2013: checked out 1 sparallel license(s)

Input source: pp1325_des.cmd

===============================

Output file: Cprime_prelims_1325.log_des.log


GlobalParameter {
}
no ACExtract file

PMIPath file: /usr/local/tcadtaurus/Sentaurus_vF_2011.09/bin/../tcad/current/amd64/lib/sdevice-19.0.8 /usr/local/tcadtaurus/Sentaurus_vF_2011.09/bin/../tcad/current/amd64/lib/sdevice

CMIPath file: /usr/local/tcadtaurus/Sentaurus_vF_2011.09/bin/../tcad/current/amd64/lib/sdevice

SPICEPath file: /usr/local/tcadtaurus/Sentaurus_vF_2011.09/bin/../tcad/current/lib/sdevice-19.0.8/spice

no DevicePath file

no CIRCUITSAVENAME file

no CIRCUITLOADNAME file

Numerical parameters:
  Absolute error : 
    Poisson : 1.0000e-03
    Electron : 1.0000e-05
    Hole : 1.0000e-05
    Photon-Rate-Equation : 1.0000e-07
    Photon-Phase-Equation : 1.0000e-05
    Rate-Stabilize-Equation : 1.0000e-07
    QW-Scattering-Equations : 1.0000e-05
    QW-eScattering-Equation : 1.0000e-05
    QW-hScattering-Equation : 1.0000e-05
    Optical Problem : 1.0000e-03
    Wavelength : 1.0000e-03
    Bandstructure : 1.0000e-03
    EmissionTable : 1.0000e-03
    DephasingRates : 1.0000e-03
    Photon Recycling : 1.0000e-03
    Electron-Temperature : 1.0000e-04
    Hole-Temperature : 1.0000e-04
    Lattice-Hole-Electron-Temperature : 1.0000e-03
    Circuit : 1.0000e-03
    TCircuit : 1.0000e-03
    Contact : 1.0000e-03
    TContact : 1.0000e-03
    Continuation : 1.0000e-03
    eLaplace : 1.0000e-03
    hLaplace : 1.0000e-03
    tLaplace : 1.0000e-03
    MonteCarlo : 1.0000e-03
    MCPoissonPDE : 1.0000e-03
    eQuantumPotential : 1.0000e-03
    hQuantumPotential : 1.0000e-03
    quasi-fermi-potential : 1.0000e-03
    ConductiveInsulator : 1.0000e-03
    ContactAndConductiveInsulator : 1.0000e-03
    SingletExciton : 1.0000e-05
    eHopping : 1.0000e-03
    hHopping : 1.0000e-03
    HydrogenAtom : 1.0000e-03
    HydrogenMolecule : 1.0000e-03
    HydrogenIon : 1.0000e-03
    HydrogenSiliconBondOccupation : 1.0000e-03
    eSHEDistribution : 1.0000e-03
    hSHEDistribution : 1.0000e-03
  RelErrControl (Reference error): 
    Poisson : 0.025852
    Electron : 1.0000e+07
    Hole : 1.0000e+07
    Photon-Rate-Equation : 1.0000e-07
    Photon-Phase-Equation : 1
    Rate-Stabilize-Equation : 1.0000e-07
    QW-Scattering-Equations : 1.0000e+10
    QW-eScattering-Equation : 1.0000e+10
    QW-hScattering-Equation : 1.0000e+10
    Optical Problem : 1
    Wavelength : 1
    Bandstructure : 1
    EmissionTable : 1
    DephasingRates : 1
    Photon Recycling : 1
    Electron-Temperature : 3.0000e+02
    Hole-Temperature : 3.0000e+02
    Lattice-Hole-Electron-Temperature : 3.0000e+02
    Circuit : 1
    TCircuit : 1
    Contact : 0.025852
    TContact : 1
    Continuation : 1
    eLaplace : 1
    hLaplace : 1
    tLaplace : 1
    MonteCarlo : 1
    MCPoissonPDE : 1
    eQuantumPotential : 0.025852
    hQuantumPotential : 0.025852
    quasi-fermi-potential : 0.025852
    ConductiveInsulator : 1
    ContactAndConductiveInsulator : 1
    SingletExciton : 1.0000e+10
    eHopping : 0.025852
    hHopping : 0.025852
    HydrogenAtom : 1.0000e+10
    HydrogenMolecule : 1.0000e+10
    HydrogenIon : 1.0000e+10
    HydrogenSiliconBondOccupation : 1
    eSHEDistribution : 0.025852
    hSHEDistribution : 0.025852
  Relative error : 3 digits
  Without checked transient error
  Max. #iterations : 10
  LineSearchDamping=1
  #undamped iterations : 50
  No incomplete Newton
  transient method : TR-BDF
  Linear solver : ILS ( Set = 1 )
  Linear solver for AC analysis : blocked decomposition
  Linear solver for SHEDistribution Model : Super
  use extrapolation in transient/quasistationary computations
    use complex supernodal in ac-analysis (if possible)
  do not use smoothed PDE's in transient/quasistationary computations
  Harmonic balance (HB) specifications:
    Do not use MDFT mode in HB (i.e. one-tone and time domain assembly).
    Do not use in HB the logarithm of densities.
    No SolveSpectrum entries are specified.
    Plot HB results for time domain interval (0.0000e+00 , 0.0000e+00) using 0 intervals.
    HB Newton scaling parameters for rhs and update:
      Equation                         :  RhsScale  : UpdateScale
      Poisson                          :   1.00E+00 :   1.00E+00 
      Electron                         :   1.00E-05 :   1.00E+00 
      Hole                             :   1.00E-05 :   1.00E+00 
      Photon-Rate-Equation             :   1.00E-05 :   1.00E+00 
      Photon-Phase-Equation            :   1.00E+00 :   1.00E+00 
      Rate-Stabilize-Equation          :   1.00E+00 :   1.00E+00 
      QW-Scattering-Equations          :   1.00E-05 :   1.00E+00 
      QW-eScattering-Equation          :   1.00E-05 :   1.00E+00 
      QW-hScattering-Equation          :   1.00E-05 :   1.00E+00 
      Optical Problem                  :   1.00E+00 :   1.00E+00 
      Wavelength                       :   1.00E+00 :   1.00E+00 
      Bandstructure                    :   1.00E+00 :   1.00E+00 
      EmissionTable                    :   1.00E+00 :   1.00E+00 
      DephasingRates                   :   1.00E+00 :   1.00E+00 
      Photon Recycling                 :   1.00E+00 :   1.00E+00 
      Electron-Temperature             :   1.00E+00 :   1.00E+00 
      Hole-Temperature                 :   1.00E+00 :   1.00E+00 
      Lattice-Hole-Electron-Temperature:   1.00E+00 :   1.00E+00 
      Circuit                          :   1.00E-05 :   1.00E+00 
      TCircuit                         :   1.00E+00 :   1.00E+00 
      Contact                          :   1.00E-05 :   1.00E+00 
      TContact                         :   1.00E+00 :   1.00E+00 
      Continuation                     :   1.00E+00 :   1.00E+00 
      eLaplace                         :   1.00E+00 :   1.00E+00 
      hLaplace                         :   1.00E+00 :   1.00E+00 
      tLaplace                         :   1.00E+00 :   1.00E+00 
      MonteCarlo                       :   1.00E+00 :   1.00E+00 
      MCPoissonPDE                     :   1.00E+00 :   1.00E+00 
      eQuantumPotential                :   1.00E+00 :   1.00E+00 
      hQuantumPotential                :   1.00E+00 :   1.00E+00 
      quasi-fermi-potential            :   1.00E+00 :   1.00E+00 
      ConductiveInsulator              :   1.00E+00 :   1.00E+00 
      ContactAndConductiveInsulator    :   1.00E+00 :   1.00E+00 
      SingletExciton                   :   1.00E+00 :   1.00E+00 
      eHopping                         :   1.00E+00 :   1.00E+00 
      hHopping                         :   1.00E+00 :   1.00E+00 
      HydrogenAtom                     :   1.00E+00 :   1.00E+00 
      HydrogenMolecule                 :   1.00E+00 :   1.00E+00 
      HydrogenIon                      :   1.00E+00 :   1.00E+00 
      HydrogenSiliconBondOccupation    :   1.00E+00 :   1.00E+00 
      eSHEDistribution                 :   1.00E+00 :   1.00E+00 
      hSHEDistribution                 :   1.00E+00 :   1.00E+00 
    HB Newton correction parameters for values:
      Equation                         :     Min    :  Variation 
      Electron                         :   1.00E-20 :   1.00E+18 
      Hole                             :   1.00E-20 :   1.00E+18 
      Photon-Rate-Equation             :   0.00E+00 :   1.00E+18 
      QW-eScattering-Equation          :   1.00E-20 :   1.00E+18 
      QW-hScattering-Equation          :   1.00E-20 :   1.00E+18 
      Electron-Temperature             :   1.00E+02 :   1.00E+18 
      Hole-Temperature                 :   1.00E+02 :   1.00E+18 
      Lattice-Hole-Electron-Temperature:   1.00E+02 :   1.00E+18 
    
    Traps are solved by decoupled mode.
  use automatic coupling of contact/circuit stuff
  Spice temperature: 3.0015e+02
  Spice nominal temperature of parameter measurements: 3.0015e+02
  Spice minimum conductance gmin: 1.0000e-12
  Mininum |rhs| : 1.0000e-05
  Maximum |rhs| : 1.0000e+15
  Maximum |rhs| factor : 1.0000e+10
  Lattice Temperature Range : (50,5.0000e+03)
  Carrier Temperature Range : (10,8.0000e+04)
  Simplified first order SHE of BTE will be solved
  SHERefinementCutoff : 20
  No user dependencies.
  Number of assembly threads: 4 (Sentaurus Device command file)
  Number of solver threads: 4 (Sentaurus Device command file)
  Thread stacksize: 1000000 bytes (default)
  Go serial if not enough parallel licenses are available.

Default device parameters:
  Electrodes:
    "source" : 0.0000e+00 V (Ohmic), area factor : 1
    "drain" : 0.0000e+00 V (Ohmic), area factor : 1
    "gate" : 0.0000e+00 V (Ohmic, WorkFunction = 4.8 eV), area factor : 1
  Files:
    no Boundary file
    Grid file: 2d_Lg_15_1321_msh.tdr
    no Doping file
    no MobilityDoping file
    no Load file
    no Save file
    Plot file: Cprime_prelims_1325.dat
    NonLocal file: n1325_nonlocal.plt
    no DevFieldsName file
    no Path file
    no optical-Generation file
    no Lifetime file
    no Temperature file
    Current file: Cprime_prelims_1325.plt
    no PMIUserFields file
    no Extraction file
    ModelParameters file: pp1325_des.par
    no Piezo file
    no ModeGain file
    no Optical emission table for stimulated emission file
    no Optical emission table for spontaneous emission file
    no Optical emission table for photon phase change coefficient file
    no EmissionTable file
    no DephasingRates file
    no ASESpectrum file
    no OpticalFarField file
    no OpticalIntensityPattern file
    no SaveOpticalIntensityPattern file
    no OpticalXYAnglePattern file
    no SaveOpticalXYAnglePattern file
    no MonteCarloInput file
    no MonteCarloOutput file
    no ACPlot file
-----------------------------------------------
  Numerical parameters:
    With exact derivatives
    With avalanche derivatives
    Using old wavelength search algorithm
    Do not reinitialize quasi Fermi potentials in quasi-stationary simulations
    Ignore ionization integral constraints
    Without diagonal preconditioning
    With Scharfetter-Gummel Discretization
    Relative error : 3 digits
    Delta for numerical tunnelling derivatives : 1.0000e-03
    Minimal (regularization) density in relaxation terms : 1.0000e+06 
    Minimal (regularization) density at zero carrier temperature : 2.0000e+08 
    Do not compute breakdown paths and ionization integrals
    QuasiFermiPotential is used for Contact Equation
    NonLocal interface or contact specific settings:
      Max. line length from interface/contact = -1.0000e+00
      Extension across interface or contact: 0.0000e+00
      Line direction: any
      Max. deviation of line direction from this direction: 91 degree
      lines may pass through space outside the device
      EnergyResolution = 1.0000e-04, Digits = 2
-----------------------------------------------
-----------------------------------------------
  Physical models:
    Without incomplete ionization
    Use Si parameters
    TATNonlocalPathNC = 0.0000e+00
    With SRH-Recombination
      With Hurkx field dependent lifetimes (trap assisted tunneling model)
      With doping dependent lifetimes
      Without temperature dependent lifetimes
    Without CDL-Recombination
    With optical generation computation 
    Without Band-to-Band-Tunneling
    Without Auger-Recombination
    Without Radiative Recombination
    Without Surface-Recombination
    Without Trap-Assisted-Auger-Recombination
    PMI recombination models: none
  Without Piezo
  Without Anisotropic Material Properties
  Without Avalanche-Generation 
  Without Alpha Particle
  Without Heavy Ion
  Without polarization
  Volume charge density: 0.0000e+00 cm^-3
  Device Temperature = 3.0000e+02 K
  Electron Quasi Fermi Potential: 0.0000e+00 V
  Hole Quasi Fermi Potential: 0.0000e+00 V
  Without MagneticField
  With SingletExciton Barrier Type
  Intrinsic density models:
    default bandgap model
    Bandgap narrowing model: OldSlotboom with bandgap narrowing (no Fermi)
  default affinity model
  default effective mass model
  Electron mobility:
    Doping dependence:
      Default
    no Carrier-Carrier scattering
    E_normal dependence:
      Lombardi
    Without ThinLayer mobility model
    Diffusivity: Caughey-Thomas saturation model, using gradient quasi-Fermi potential.
    Einstein relation for diffusivity-mobility ratio.
  Hole mobility:
    Doping dependence:
      Default
    no Carrier-Carrier scattering
    E_normal dependence:
      Lombardi
    Without ThinLayer mobility model
    Diffusivity: Caughey-Thomas saturation model, using gradient quasi-Fermi potential.
    Einstein relation for diffusivity-mobility ratio.
  LimitOfLatticeTemperature = 1.0000e+30
  With quantum potential for electrons
    Use Synopsys' potential-based formula
    Do not resolve abrupt jumps in band edge
  Energy relaxation time model: according to formula in parameter file
  Lattice thermal conductivity model: according to formula in parameter file
  Metal Resistivity model: according to formula in parameter file
  Lattice heat capacity model: temperature dependent
  no piezoelectric polarization model
  Without default parameters from file (use built-in default parameters)
  Ignore nitrogen as a doping species
-----------------------------------------------
Process information for extraction purposes:
  none
Plot variables:
  eDensity
  hDensity
  TotalCurrentDensity/Vector
  eCurrentDensity/Vector
  hCurrentDensity/Vector
  eMobility
  hMobility
  eQuasiFermiPotential
  hQuasiFermiPotential
  ElectricField/Vector
  ElectrostaticPotential
  SpaceCharge
  DopingConcentration
  DonorConcentration
  AcceptorConcentration
  SRHRecombination
  Band2BandGeneration
  hQuantumPotential
  ConductionBandEnergy
  ValenceBandEnergy
  eQuantumPotential
  eInterfaceTrappedCharge
  hInterfaceTrappedCharge
  TotalInterfaceTrapConcentration
  TotalTrapConcentration
  eNLLTunnelingGeneration
  hNLLTunnelingGeneration
  NonLocalDirection/Vector
  NonLocalBackDirection/Vector

------------------------------------------------
NoisePlot variables:
  none
Plot groups:
  none

------------------------------------------------
CurrentPlot variables:
  none
Devices:
Systems:
Solve :
 Poisson
Coupled ( Digits : 3, Max. #iterations : 10, 
    Solver : ILS ( Set = 1 ),
    #undamped iterations : 50 )
    { Poisson eQuantumPotential } 
Plot( FilePrefix = "OnlyPoisson_1325" overwrite )
  { }
Quasistationary ( Digits : 3, Max. #iterations : 10, 
      Initial step in t : 1.0000e-03, 
      Minimum step in t : 1.0000e-10, Maximum step in t : 0.05, 
      Increment : 2, Decrement : 2, 
      Goal values :
        Contact drain : 1.5V
    )
  {
    Coupled ( Digits : 3, Max. #iterations : 10, 
        Solver : ILS ( Set = 1 ),
        #undamped iterations : 50 )
        { Poisson Electron Hole
          eQuantumPotential } 
    Save( FilePrefix = "Vd_1325" nooverwrite
         Time (fixed times:
             0.0000e+00 1) )
      { }
  }
Plot( FilePrefix = "DrainRamped_1325" overwrite )
  { }
Load( FilePrefix = "Vd_1325_0001" )
  { }
Quasistationary ( Digits : 3, Max. #iterations : 10, 
      Initial step in t : 1.0000e-03, 
      Minimum step in t : 1.0000e-07, Maximum step in t : 0.05, 
      Increment : 2, Decrement : 2, 
      Goal values :
        Contact gate : 0.1V
    )
  {
    Coupled ( Digits : 3, Max. #iterations : 10, 
        Solver : ILS ( Set = 1 ),
        #undamped iterations : 50 )
        { Poisson Electron Hole
          eQuantumPotential } 
    CurrentPlot (
         Time (fixed times:
             0.0000e+00 0.0166667 0.0333333 0.05 0.0666667
             0.0833333 0.1 0.116667 0.133333 0.15
             0.166667 0.183333 0.2 0.216667 0.233333
             0.25 0.266667 0.283333 0.3 0.316667
             0.333333 0.35 0.366667 0.383333 0.4
             0.416667 0.433333 0.45 0.466667 0.483333
             0.5 0.516667 0.533333 0.55 0.566667
             0.583333 0.6 0.616667 0.633333 0.65
             0.666667 0.683333 0.7 0.716667 0.733333
             0.75 0.766667 0.783333 0.8 0.816667
             0.833333 0.85 0.866667 0.883333 0.9
             0.916667 0.933333 0.95 0.966667 0.983333
             1) )
      { }
  }

===============================

Reading grid '2d_Lg_15_1321_msh.tdr' ... 
  coordinate system: DFISE, 2d_dfise (y is device down direction, 3d extension right-handed)
  use coordinate system as is (no transformation)
  TDR format
  Number of grid points is 96107.
done.

Adding interfaces and contacts .... done.
Computing edges ... done.
Reading doping '2d_Lg_15_1321_msh.tdr' (TDR format) ...
done.
Computing boxes ...

  CVPL_AverageBoxMethod = TRUE 
   
  ElementWithMinVolume( 95894) Vertex0(65186)( 2.250000e-01, 1.324219e-01) Volume = 3.051758e-08 um3 (2.52e-06 from TotalVolume)
    ElementWithMinEdge(   978) Vertex0( 1381)( 7.500000e-02, 1.324219e-01) Length = 4.882812e-05 um
        MaxFlatElement( 93535) Vertex0(94720)( 2.300000e-01, 1.588379e-01)  Angle = 6.307797e+01 degrees
   ElementWithMinAngle( 96739) Vertex0(94435)( 2.262500e-01, 1.336914e-01)  Angle = 2.236979e+00 degrees
                   tan(MinAngle) = 3.906250e-02 

   NumberOfEdges              = 33081855 
   NumberOfGeometricalEdges   = 194010 
   NumberOfDoubleEdges        =      0 
   MaxNumberOfElementsPerEdge =      2 
   MaxNumberOfEdgesPerVertex  =      7 

  Computing coefficient and measure ...   done.
  Old Parameters time:   0.01 s

  Computing Voronoi faces, coefficients, and measures ... 
  CVPL_Algorithm = TRUE 

