****************************************************************************
***                               Inspect                                ***
***                          Version H-2013.03                           ***
***                            (1.3, RHEL64)                             ***
***                                                                      ***
***                       Copyright (C) 1994-2013                        ***
***                            Synopsys, Inc.                            ***
***                                                                      ***
***  This software and the associated documentation are confidential     ***
***  and proprietary to Synopsys, Inc.  Your use or disclosure of this   ***
***  software is subject to the terms and conditions of a written        ***
***  license agreement between you, or your company, and Synopsys, Inc.  ***
****************************************************************************

Loading library 'EXTRACT' from file '/usr/local/Softwares/Sentaurus/Sentaurus_vH_2013.03/bin/../tcad/current/lib/inspectlib/EXTRACT.tcl'
Loading EXTRACT.tcl V2.2
 
--------------------------------------------------- 
   INSPECT variable extraction: 
--------------------------------------------------- 
 
Date      : Sat Jul 12 03:20:16 IST 2014 
Directory : /home/users/sharath/Desktop/calibrationFinFET 
 
out_file = Cprime_prelims_1002
proj_load = Cprime_prelims_1002.plt
DOE: Vti 0.157
Vti (Vg at Io=1.000e-05): 0.157 V

S: Threshold   voltage VTScl ( slope sqrt pentode )        = -0.15685303863978481  Volts
DOE: VTScl -0.15685303863978481
