****************************************************************************
***                               Inspect                                ***
***                          Version H-2013.03                           ***
***                            (1.3, RHEL64)                             ***
***                                                                      ***
***                       Copyright (C) 1994-2013                        ***
***                            Synopsys, Inc.                            ***
***                                                                      ***
***  This software and the associated documentation are confidential     ***
***  and proprietary to Synopsys, Inc.  Your use or disclosure of this   ***
***  software is subject to the terms and conditions of a written        ***
***  license agreement between you, or your company, and Synopsys, Inc.  ***
****************************************************************************

 
--------------------------------------------------- 
   INSPECT variable extraction: 
--------------------------------------------------- 
 
Date      : Sat Jul 12 03:19:54 IST 2014 
Directory : /home/users/sharath/Desktop/calibrationFinFET 
 
proj_load = n997_nonlocal.plt
proj_load = n1000_nonlocal.plt
DOE: EPSOXNEW 2.755
DOE: xqm 1.387
DOE: xcl 0.551
New oxide epsilon  = 2.7547248438520642


