****************************************************************************
***                      Sentaurus Structure Editor                      ***
***                          Version F-2011.09                           ***
***                         (1.3, amd64, linux)                          ***
***                                                                      ***
***               Copyright (C) 1994-2011 Synopsys, Inc.                 ***
***        Portions of this software are owned by Spatial Corp.          ***
***            Copyright (C) 1986-2011. All Rights Reserved.             ***
***                                                                      ***
***  This software and the associated documentation are confidential     ***
***  and proprietary to Synopsys, Inc.  Your use or disclosure of this   ***
***  software is subject to the terms and conditions of a written        ***
***  license agreement between you, or your company, and Synopsys, Inc.  ***
****************************************************************************

Compiled Thu Jun 16 22:30:45 PDT 2011 on tcadprod5

Machine type information not available.

Evaluating file n1011_dvs.cmd

---> (sde:clear)


---> (define Nd_high 1e+17)

---> (define Nd 1e+17)

---> (define Na_ldd 2e+20)

---> (define Na 2e+20)

---> (define Naext 2e+20)

---> (define nm 0.001)

---> (define Lbox (* 300 nm))

---> (define Wbox (* 300 nm))

---> (define Hbox (* 100 nm))

---> (define gausdivfac 70)

---> (define nmperdec (* 2 nm))

---> (define decades 5)

---> (define overlap (* -0.01 nm))

---> (define modoverlap (* 0.01 nm))

---> (define EOT (* 0.67 nm))

---> (define Ehighk 3.9)

---> (define ESiO2 3.9)

---> (define TOX (/ (* Ehighk EOT) ESiO2))

---> (define ESi 11.8)

---> (define Lgate (* 15 nm))

---> (define over (* 0 nm))

---> (define Wfin (* 5 nm))

---> (define Hfin (* 45 nm))

---> (define pitchfin (* 50 nm))

---> (define by10factor (/ 50 15))

---> (define depth_inversion (/ (* 2 nm) by10factor))

---> (define junction_refine (/ (* 5 nm) by10factor))

---> (define debye_length_original (* 0.1 nm))

---> (define debye_length (/ (/ debye_length_original 2) by10factor))

---> (define nfin 1)

---> (define Gthick (* 20 nm))

---> (define TOX_twice (* 2 TOX))

---> (define Gthick_twice (* 2 Gthick))

---> (define Woxide (+ Wfin TOX_twice))

---> (define Hoxide (+ Hfin TOX))

---> (define Wgate (+ Woxide Gthick_twice))

---> (define Hgate (+ Hoxide Gthick))

---> (define Loxide Lgate)

---> (define Lspacer (* 5 nm))




---> (define hmask (* 20 nm))

---> (define Lext (* 20 nm))

---> (define Epi (* 13 nm))

---> (define Wext (+ Wfin (* Epi 2)))

---> (define Hext (+ Hfin Epi))

---> (define Silicide (* 6.5 nm))

---> (define LSilicide Lext)







---> (define zfinlow Hbox)

---> (define zfinhigh (+ Hbox Hfin))





---> (define zoxidelow Hbox)






---> (define zhmasklow Hbox)

---> (define zhmaskhigh (+ zoxidehigh hmask))

---> (define xgatelow (- (/ Lbox 2) (/ Lgate 2)))

---> (define xgatehigh (+ (/ Lbox 2) (/ Lgate 2)))

---> (define ygatelow (- (/ Wbox 2) (/ Wgate 2)))

---> (define ygatehigh (+ (/ Wbox 2) (/ Wgate 2)))

---> (define zgatelow Hbox)



---> (define xsrcexthigh xfinlow)



---> (define zsrcextlow Hbox)

---> (define zsrcexthigh (+ Hbox Hext))

---> (define xdrnextlow xfinhigh)




---> (define zdrnextlow Hbox)

---> (define zdrnexthigh (+ Hbox Hext))


---> (define xsrcSilexthigh xfinlow)



---> (define zsrcSilextlow Hbox)


---> (define xdrnSilextlow xfinhigh)




---> (define zdrnSilextlow Hbox)



---> (define xSspacerhigh xgatelow)



---> (define zSspacerlow Hbox)


---> (define xDspacerlow xgatehigh)




---> (define zDspacerlow Hbox)


---> (define printfin nfin)


---> (define newygatehigh (+ (* (- nfin 1) pitchfin) ygatehigh))

---> (sdegeo:set-default-boolean BAB)

---> (sdegeo:set-default-boolean BAB)

---> (sdegeo:create-rectangle (position xdrnextlow ydrnextlow 0) (position xdrnexthigh ydrnexthigh 0) Silicon Drain_Ext)

---> (sdegeo:create-rectangle (position xsrcextlow ysrcextlow 0) (position xsrcexthigh ysrcexthigh 0) Silicon Source_Ext)

---> (sdegeo:set-default-boolean BAB)


---> (sdegeo:create-rectangle (position xsrcSilextlow ysrcSilextlow 0) (position xsrcSilexthigh ysrcSilexthigh 0) Silicide Source_Sili)

---> (sdegeo:define-contact-set gate 4.0 (color:rgb 1.0 0.0 0.0) ##)

---> (sdegeo:define-contact-set drain 4.0 (color:rgb 1.0 0.0 0.0) ||)

---> (sdegeo:define-contact-set source 4.0 (color:rgb 1.0 0.0 0.0) ==)

---> (sdegeo:set-current-contact-set gate)

---> (sdegeo:set-contact-edges (find-edge-id (position xgatelow (/ (+ yoxidehigh ySspacerhigh) 2) 0)) gate)

(sdegeo:set-contact-edges (list (car (find-edge-id (position 0.1425 0.157001666666667 0)))) "gate")

---> (sdegeo:set-current-contact-set gate)

---> (sdegeo:set-contact-edges (find-edge-id (position xgatehigh (/ (+ yoxidehigh ySspacerhigh) 2) 0)) gate)

(sdegeo:set-contact-edges (list (car (find-edge-id (position 0.1575 0.157001666666667 0)))) "gate")

---> (sdegeo:set-current-contact-set gate)

---> (sdegeo:set-contact-edges (find-edge-id (position xgatelow (/ (+ yoxidelow ySspacerlow) 2) 0)) gate)

(sdegeo:set-contact-edges (list (car (find-edge-id (position 0.1425 0.142998333333333 0)))) "gate")

---> (sdegeo:set-current-contact-set gate)


(sdegeo:set-contact-edges (list (car (find-edge-id (position 0.1575 0.142998333333333 0)))) "gate")

---> (sdegeo:set-current-contact-set gate)


(sdegeo:set-contact-edges (list (car (find-edge-id (position 0.15 0.15317 0)))) "gate")

---> (sdegeo:set-current-contact-set gate)


(sdegeo:set-contact-edges (list (car (find-edge-id (position 0.15 0.14683 0)))) "gate")



(sdegeo:set-contact-edges (list (car (find-edge-id (position 0.1275 0.128 0)))) "source")


(sdegeo:set-contact-edges (list (car (find-edge-id (position 0.1275 0.172 0)))) "source")



(sdegeo:set-contact-edges (list (car (find-edge-id (position 0.1725 0.128 0)))) "drain")

---> (sdegeo:set-contact-edges (find-edge-id (position (/ (+ xdrnSilexthigh xdrnSilextlow) 2) ydrnSilexthigh 0)) drain)

(sdegeo:set-contact-edges (list (car (find-edge-id (position 0.1725 0.172 0)))) "drain")

---> (define xchannel_N_low xoxidelow)

---> (define xchannel_N_high xoxidehigh)

---> (define xchannellow (+ xoxidelow overlap))

---> (define xchannelhigh (- xoxidehigh overlap))



---> (define zchannellow Hbox)


---> (define length_highdope (* 5 nm))


---> (define xsourcelow xfinlow)

---> (define xsourcehigh xchannellow)

---> (define ysourcelow ychannellow)

---> (define ysourcehigh ychannelhigh)

---> (define zsourcelow Hbox)

---> (define zsourcehigh (+ Hbox Hfin))

---> (define xdrainlow xchannelhigh)

---> (define xdrainhigh xfinhigh)

---> (define ydrainlow ychannellow)

---> (define ydrainhigh ychannelhigh)

---> (define zdrainlow Hbox)

---> (define zdrainhigh (+ Hbox Hfin))

---> (define length_ldd (* 0.1 nm))



---> (sdedr:define-gaussian-profile G2_Prof DSD PeakPos 0 PeakVal (* 2 Na) ValueAtDepth (* 2 Na) Depth 2.5e-09 Gauss Length 0)





---> (sdedr:define-refinement-window G1 Line (position 0.1611 0.1525 0) (position 0.1611 0.1475 0))

---> (sdedr:define-gaussian-profile G1_Prof DSD PeakPos 0 PeakVal (* 2 Na) ValueAtDepth (* 2 Na) Depth 0.0036 Gauss Length 0)







---> (sdedr:define-constant-profile-placement SourceExtDef SourceRegion SourceExtention)


---> (sdedr:define-refeval-window DrainExtention Rectangle (position xdrnextlow ydrnextlow 0) (position xdrnexthigh ydrnexthigh 0))

---> (sdedr:define-constant-profile-placement DrainExtDef DrainRegion DrainExtention)

---> (sdedr:define-refeval-window UnivMesh Rectangle (position 0 0 0) (position Lbox Wbox 0))

---> (sdedr:define-refinement-size UnivMeshDef 0.001 0.001 0.001 0.001 0.001 0.001)

---> (sdedr:define-refinement-placement Ref1 UnivMeshDef UnivMesh)


---> (sdedr:define-refinement-size SourceExtMeshDef (/ Lext 3) (/ Wext 3) (/ Lext 3) (/ Wext 3))

---> (sdedr:define-refinement-placement RefSrcExt SourceExtMeshDef SourceExtMesh)

---> (sdedr:define-refeval-window DrainExtMesh Rectangle (position xdrnextlow ydrnextlow 0) (position xdrnexthigh ydrnexthigh 0))

---> (sdedr:define-refinement-size DrainExtMeshDef (/ Lext 3) (/ Wext 3) (/ Lext 3) (/ Wext 3))



---> (sdedr:define-refinement-size FinMeshDef (/ Lfin 120) (/ Wfin 25) (/ Lfin 120) (/ Wfin 25))

---> (sdedr:define-refinement-placement RefFin FinMeshDef FinMesh)


---> (sdedr:define-refinement-size CFinMeshDef (/ Lgate 80) (/ Wfin 25) (/ Lgate 80) (/ Wfin 25))

---> (sdedr:define-refinement-placement CRefFin CFinMeshDef CFinMesh)

---> (sdedr:define-refeval-window Ch0Mesh Rectangle (position xchannel_N_low ychannellow 0) (position xchannel_N_high (+ ychannellow (/ Wfin 3)) 0))

---> (sdedr:define-refinement-size Ch0MeshDef (/ Lgate 25) (/ debye_length 0.5) (/ Lgate 25) (/ debye_length 0.5))

---> (sdedr:define-refinement-placement RefCh0 Ch0MeshDef Ch0Mesh)

---> (sdedr:define-refeval-window Ch1Mesh Rectangle (position xchannel_N_low (- ychannelhigh (/ Wfin 3)) 0) (position xchannel_N_high ychannelhigh 0))

---> (sdedr:define-refinement-size Ch1MeshDef (/ Lgate 25) (/ debye_length 0.5) (/ Lgate 25) (/ debye_length 0.5))

---> (sdedr:define-refinement-placement RefCh1 Ch1MeshDef Ch1Mesh)

---> (sdedr:define-refeval-window BackOxideMesh Rectangle (position xchannellow ychannelhigh 0) (position xchannelhigh (+ ychannelhigh EOT) 0))

---> (sdedr:define-refinement-size BackOxideMeshDef (/ Lgate 30) (/ EOT 15) (/ Lgate 30) (/ EOT 15))

---> (sdedr:define-refinement-placement RefBackOxide BackOxideMeshDef BackOxideMesh)



---> (sdedr:define-refinement-placement RefFntOxide FntOxideMeshDef FntOxideMesh)







---> (sdedr:define-refeval-window GateMesh0 Rectangle (position xgatelow ygatelow 0) (position xdrainlow yoxidelow 0))

---> (sdedr:define-refinement-size GateMeshDef0 (/ Lgate 10) (/ Wgate 5) (/ Lgate 13) (/ Wgate 7))

---> (sdedr:define-refinement-placement RefGate0 GateMeshDef0 GateMesh0)



---> (sdedr:define-refinement-placement RefGate2 GateMeshDef2 GateMesh2)

****************************************************************************
***                                 Mesh                                 ***
***                          Version F-2011.09                           ***
***                         (1.0, amd64, linux)                          ***
***                                                                      ***
***                       Copyright (C) 1994-2011                        ***
***                            Synopsys, Inc.                            ***
***                                                                      ***
***  This software and the associated documentation are confidential     ***
***  and proprietary to Synopsys, Inc.  Your use or disclosure of this   ***
***  software is subject to the terms and conditions of a written        ***
***  license agreement between you, or your company, and Synopsys, Inc.  ***
****************************************************************************

> Compiled Sun May 22 15:24:44 PDT 2011 on: tcadprod5
> Running on: Linux mcl18 2.6.18-348.1.1.el5 #1 SMP Tue Jan 22 16:19:19 EST 2013 x86_64

> Process ID: 9255
> 
> Flags used: -F tdr
> 
> Reading Boundary from 2d_Lg_15_1011_bnd.tdr
> Loaded 36 point(s), 15 region(s), 3 contact(s). done. Time: 0.06599 secs.
> Statistics from input geometry:
> 36 vertices, 50 edges, 25 elements (10 segments) (15 polygons)
> 	10 1D elements
> 	15 2D elements
> Average edge length (std): 0.00958667 (0.051637)
> Min edge length (17): 0.00067
> 
> Average area (std): 0.005709 (0.0383528)
> Min. element area (5): 1.005e-05
> 
> Average connectivity: 2.77778
> Max. connectivity (8): 4
> 
> Error: peak value 4e+20 must be greater than the value at junction 4e+20 .
Assigning a default value of sqrt(2.0) for the standard deviation
> Error: peak value 4e+20 must be greater than the value at junction 4e+20 .
Assigning a default value of sqrt(2.0) for the standard deviation
> Step sequence to perform: 
> 	MLRefineGeometry-MLRefineOnSize
> 
> Fitting geometry ... Number of elements to check: 1
> Number of elements to check: 11
> done. Time: 0.008999 secs.
> Refining on MaxElementSize ... Number of elements to check: 9
> Number of elements to check: 9115
> done. Time: 0.531919 secs.
> Handling green elements ... Number of elements to check: 9086
> Number of elements to check: 1133
> Number of elements to check: 172
> Number of elements to check: 133
> Number of elements to check: 121
> Number of elements to check: 85
> Number of elements to check: 49
> Number of elements to check: 41
> Number of elements to check: 30
> Number of elements to check: 12
> Number of elements to check: 9
> done. Time: 0.06499 secs.
> Building final elements ... Number of elements to check: 10116
> Number of elements to check: 877
> done. Time: 0.019997 secs.
> Testing elements ... Number of elements to check: 10701
> done. Time: 0.302954 secs.
> Preparing data for output... Number of final elements 10701
> Statistics from Qtree/Oc-tree:
> 10426 vertices, 21126 edges, 10915 elements (214 segments) (877 triangles) (9824 rectangles)
> 	214 1D elements
> 	10701 2D elements
> Average edge length (std): 0.000294061 (0.0569808)
> Min edge length (2459): 3.125e-05
> 
> Average area (std): 1.30748e-05 (0.0122559)
> Min. element area (1298): 4.88281e-09
> 
> Min. element angle (527): 2.06176 degrees.
> Max. element angle (0): 90 degrees.
> Average connectivity: 4.05256
> Max. connectivity (8812): 8
> 
> done. Time: 0.169974 secs.
> 
> Total time : 1.16482 secs.
> Saving mesh `2d_Lg_15_1011_msh' in TDR format...
> Interpolating data ... done
---> (sde:build-mesh mesh -F tdr  2d_Lg_15_1011)


"Meshing successful"
---> #[end-of-file]

"************************************************************************"
"Sentaurus Structure Editor "
"Total Execution Time (sec):    0"
"Total System calls Time (sec): 0"
"************************************************************************"
