****************************************************************************
***                               Inspect                                ***
***                          Version F-2011.09                           ***
***                         (1.3, amd64, linux)                          ***
***                                                                      ***
***                       Copyright (C) 1994-2011                        ***
***                            Synopsys, Inc.                            ***
***                                                                      ***
***  This software and the associated documentation are confidential     ***
***  and proprietary to Synopsys, Inc.  Your use or disclosure of this   ***
***  software is subject to the terms and conditions of a written        ***
***  license agreement between you, or your company, and Synopsys, Inc.  ***
****************************************************************************

 
--------------------------------------------------- 
   INSPECT variable extraction: 
--------------------------------------------------- 
 
Date      : Wed May  8 17:41:48 IST 2013 
Directory : /home/users/psd/work/workdir/inverter/calibrationFinFET 
 
proj_load = n1031_nonlocal.plt
proj_load = n1034_nonlocal.plt
DOE: EPSOXNEW 2.860
DOE: xqm 1.280
DOE: xcl 0.548
New oxide epsilon  = 2.8597956351149723


