****************************************************************************
***                               Inspect                                ***
***                          Version F-2011.09                           ***
***                         (1.3, amd64, linux)                          ***
***                                                                      ***
***                       Copyright (C) 1994-2011                        ***
***                            Synopsys, Inc.                            ***
***                                                                      ***
***  This software and the associated documentation are confidential     ***
***  and proprietary to Synopsys, Inc.  Your use or disclosure of this   ***
***  software is subject to the terms and conditions of a written        ***
***  license agreement between you, or your company, and Synopsys, Inc.  ***
****************************************************************************

Loading library 'EXTRACT' from file '/usr/local/Softwares/Sentaurus/Sentaurus_vF_2011.09/bin/../tcad/current/lib/inspectlib/EXTRACT.tcl'
Loading EXTRACT.tcl V2.2
 
--------------------------------------------------- 
   INSPECT variable extraction: 
--------------------------------------------------- 
 
Date      : Wed May  8 17:05:52 IST 2013 
Directory : /home/users/psd/work/workdir/inverter/calibrationFinFET 
 
out_file = Cprime_prelims_1031
proj_load = Cprime_prelims_1031.plt
DOE: Vti -0.186
Vti (Vg at Io=1.000e-05): -0.186 V

------------------------------------------------------------
Error : not found
------------------------------------------------------------
DOE: VTS 0.18624850000000001
DOE: IOFF 8.8825958e-09
DOE: IDSAT 

 formula_vecvaly -> val not in range 

 val, xmin, xmax -> -0.779922   0  0.78
