****************************************************************************
***                               Inspect                                ***
***                          Version H-2013.03                           ***
***                            (1.3, RHEL64)                             ***
***                                                                      ***
***                       Copyright (C) 1994-2013                        ***
***                            Synopsys, Inc.                            ***
***                                                                      ***
***  This software and the associated documentation are confidential     ***
***  and proprietary to Synopsys, Inc.  Your use or disclosure of this   ***
***  software is subject to the terms and conditions of a written        ***
***  license agreement between you, or your company, and Synopsys, Inc.  ***
****************************************************************************

 
--------------------------------------------------- 
   INSPECT variable extraction: 
--------------------------------------------------- 
 
Date      : Thu Sep 11 07:11:59 IST 2014 
Directory : /home/users/sharath/Desktop/calibrationFinFET 
 
proj_load = n1079_nonlocal.plt

!!! Fatal error: could not load data set from file "n1082_nonlocal.plt" !!!

