****************************************************************************
***                               Inspect                                ***
***                          Version F-2011.09                           ***
***                         (1.3, amd64, linux)                          ***
***                                                                      ***
***                       Copyright (C) 1994-2011                        ***
***                            Synopsys, Inc.                            ***
***                                                                      ***
***  This software and the associated documentation are confidential     ***
***  and proprietary to Synopsys, Inc.  Your use or disclosure of this   ***
***  software is subject to the terms and conditions of a written        ***
***  license agreement between you, or your company, and Synopsys, Inc.  ***
****************************************************************************

 
--------------------------------------------------- 
   INSPECT variable extraction: 
--------------------------------------------------- 
 
Date      : Mon Sep  2 10:31:37 IST 2013 
Directory : /home/users/sabareeshn/Desktop/calibrationFinFET 
 
proj_load = n1127_nonlocal.plt
proj_load = n1130_nonlocal.plt
DOE: EPSOXNEW 2.561
DOE: xqm 1.688
DOE: xcl 0.637
New oxide epsilon  = 2.5612739373373601


