****************************************************************************
***                               Inspect                                ***
***                          Version F-2011.09                           ***
***                         (1.3, amd64, linux)                          ***
***                                                                      ***
***                       Copyright (C) 1994-2011                        ***
***                            Synopsys, Inc.                            ***
***                                                                      ***
***  This software and the associated documentation are confidential     ***
***  and proprietary to Synopsys, Inc.  Your use or disclosure of this   ***
***  software is subject to the terms and conditions of a written        ***
***  license agreement between you, or your company, and Synopsys, Inc.  ***
****************************************************************************

 
--------------------------------------------------- 
   INSPECT variable extraction: 
--------------------------------------------------- 
 
Date      : Tue Oct  1 11:08:37 IST 2013 
Directory : /home/users/sabareeshn/Desktop/calibrationFinFET 
 
proj_load = n1309_nonlocal.plt
proj_load = n1312_nonlocal.plt
DOE: EPSOXNEW 2.843
DOE: xqm 1.235
DOE: xcl 0.488
New oxide epsilon  = 2.8434162551959088


