****************************************************************************
***                               Inspect                                ***
***                          Version F-2011.09                           ***
***                         (1.3, amd64, linux)                          ***
***                                                                      ***
***                       Copyright (C) 1994-2011                        ***
***                            Synopsys, Inc.                            ***
***                                                                      ***
***  This software and the associated documentation are confidential     ***
***  and proprietary to Synopsys, Inc.  Your use or disclosure of this   ***
***  software is subject to the terms and conditions of a written        ***
***  license agreement between you, or your company, and Synopsys, Inc.  ***
****************************************************************************

Loading library 'EXTRACT' from file '/usr/local/tcadtaurus/Sentaurus_vF_2011.09/bin/../tcad/current/lib/inspectlib/EXTRACT.tcl'
Loading EXTRACT.tcl V2.2
 
--------------------------------------------------- 
   INSPECT variable extraction: 
--------------------------------------------------- 
 
Date      : Tue Oct  1 11:08:41 IST 2013 
Directory : /home/users/sabareeshn/Desktop/calibrationFinFET 
 
out_file = Cprime_prelims_1314
proj_load = Cprime_prelims_1314.plt
DOE: Vti -0.207
Vti (Vg at Io=1.000e-05): -0.207 V

S: Threshold   voltage VTScl ( slope sqrt pentode )        = 0.20662412999999999  Volts
DOE: VTScl 0.20662412999999999
