****************************************************************************
***                               Inspect                                ***
***                          Version H-2013.03                           ***
***                            (1.3, RHEL64)                             ***
***                                                                      ***
***                       Copyright (C) 1994-2013                        ***
***                            Synopsys, Inc.                            ***
***                                                                      ***
***  This software and the associated documentation are confidential     ***
***  and proprietary to Synopsys, Inc.  Your use or disclosure of this   ***
***  software is subject to the terms and conditions of a written        ***
***  license agreement between you, or your company, and Synopsys, Inc.  ***
****************************************************************************

Loading library 'EXTRACT' from file '/usr/local/Softwares/Sentaurus/Sentaurus_vH_2013.03/bin/../tcad/current/lib/inspectlib/EXTRACT.tcl'
Loading EXTRACT.tcl V2.2
 
--------------------------------------------------- 
   INSPECT variable extraction: 
--------------------------------------------------- 
 
Date      : Thu Nov 21 22:56:39 IST 2013 
Directory : /home/users/sabareeshn/Desktop/calibrationFinFET 
 
out_file = Cprime_prelims_1329
proj_load = Cprime_prelims_1329.plt
DOE: Vti 0.160
Vti (Vg at Io=1.000e-05): 0.160 V

------------------------------------------------------------
Error : not found
------------------------------------------------------------
DOE: VTS 0.16040142223412979
DOE: IOFF 2.76972021699077e-08
DOE: IDSAT 

 formula_vecvaly -> val not in range 

 val, xmin, xmax -> -0.779922   0  0.78
