****************************************************************************
***                               Inspect                                ***
***                          Version H-2013.03                           ***
***                            (1.3, RHEL64)                             ***
***                                                                      ***
***                       Copyright (C) 1994-2013                        ***
***                            Synopsys, Inc.                            ***
***                                                                      ***
***  This software and the associated documentation are confidential     ***
***  and proprietary to Synopsys, Inc.  Your use or disclosure of this   ***
***  software is subject to the terms and conditions of a written        ***
***  license agreement between you, or your company, and Synopsys, Inc.  ***
****************************************************************************

 
--------------------------------------------------- 
   INSPECT variable extraction: 
--------------------------------------------------- 
 
Date      : Tue Oct 22 12:08:18 IST 2013 
Directory : /home/users/sabareeshn/Desktop/calibrationFinFET 
 
proj_load = n1388_nonlocal.plt
proj_load = n1391_nonlocal.plt
DOE: EPSOXNEW 2.806
DOE: xqm 1.181
DOE: xcl 0.397
New oxide epsilon  = 2.8062681361376764


