****************************************************************************
***                           Sentaurus Device                           ***
***                          Version H-2013.03                           ***
***                            (1.5, RHEL64)                             ***
***                                                                      ***
***                       Copyright (C) 1994-2013                        ***
***                            Synopsys, Inc.                            ***
***                                                                      ***
***  This software and the associated documentation are confidential     ***
***  and proprietary to Synopsys, Inc.  Your use or disclosure of this   ***
***  software is subject to the terms and conditions of a written        ***
***  license agreement between you, or your company, and Synopsys, Inc.  ***
****************************************************************************

	Running on machine with the following configuration:
	Host Name: mcl20
	Operating System: Linux rel. 2.6.18-308.11.1.el5 ver. #1 SMP Tue Jul 10 08:48:43 EDT 2012
	Machine Type: x86_64
	Process ID: 22450
	Number of processors: 16
	Domain Name: MCL-LAB
	Date: Wed Oct 23 15:44:53 2013  (IST)

Parsing "/usr/local/Softwares/Sentaurus/Sentaurus_vH_2013.03/bin/../tcad/current/lib/sdevice-21.0.5/MaterialDB/Molefraction.txt"
Wed Oct 23 15:44:53 2013: checked out 1 Dessis license(s)
Wed Oct 23 15:44:53 2013: checked out 1 sdevice license(s)
Parsing circuit file /usr/local/Softwares/Sentaurus/Sentaurus_vH_2013.03/bin/../tcad/current/amd64/lib/sdevice/sd_hb_vsource.ccf
Parsing circuit file /usr/local/Softwares/Sentaurus/Sentaurus_vH_2013.03/bin/../tcad/current/amd64/lib/sdevice/sd_hb_isource2.ccf
Parsing circuit file /usr/local/Softwares/Sentaurus/Sentaurus_vH_2013.03/bin/../tcad/current/amd64/lib/sdevice/sd_hb_pGC.ccf
Parsing circuit file /usr/local/Softwares/Sentaurus/Sentaurus_vH_2013.03/bin/../tcad/current/amd64/lib/sdevice/sd_hb_sRL.ccf
Parsing circuit file /usr/local/Softwares/Sentaurus/Sentaurus_vH_2013.03/bin/../tcad/current/amd64/lib/sdevice/sd_hb_isource.ccf
Parsing circuit file /usr/local/Softwares/Sentaurus/Sentaurus_vH_2013.03/bin/../tcad/current/amd64/lib/sdevice/sd_SRL1.ccf
Parsing circuit file /usr/local/Softwares/Sentaurus/Sentaurus_vH_2013.03/bin/../tcad/current/amd64/lib/sdevice/bs_psource.ccf
Parsing circuit file /usr/local/Softwares/Sentaurus/Sentaurus_vH_2013.03/bin/../tcad/current/amd64/lib/sdevice/sd_hb_vsource2.ccf
Parsing circuit file /usr/local/Softwares/Sentaurus/Sentaurus_vH_2013.03/bin/../tcad/current/amd64/lib/scm/MOS_harness.ccf
Loading shared object file /usr/local/Softwares/Sentaurus/Sentaurus_vH_2013.03/bin/../tcad/current/amd64/lib/scm/MOS_harness.so.amd64
Loading shared object file /usr/local/Softwares/Sentaurus/Sentaurus_vH_2013.03/bin/../tcad/current/amd64/lib/sdevice/sd_hb_vsource2.so.amd64
Loading shared object file /usr/local/Softwares/Sentaurus/Sentaurus_vH_2013.03/bin/../tcad/current/amd64/lib/sdevice/bs_psource.so.amd64
Loading shared object file /usr/local/Softwares/Sentaurus/Sentaurus_vH_2013.03/bin/../tcad/current/amd64/lib/sdevice/sd_SRL1.so.amd64
Loading shared object file /usr/local/Softwares/Sentaurus/Sentaurus_vH_2013.03/bin/../tcad/current/amd64/lib/sdevice/sd_hb_isource.so.amd64
Loading shared object file /usr/local/Softwares/Sentaurus/Sentaurus_vH_2013.03/bin/../tcad/current/amd64/lib/sdevice/sd_hb_sRL.so.amd64
Loading shared object file /usr/local/Softwares/Sentaurus/Sentaurus_vH_2013.03/bin/../tcad/current/amd64/lib/sdevice/sd_hb_pGC.so.amd64
Loading shared object file /usr/local/Softwares/Sentaurus/Sentaurus_vH_2013.03/bin/../tcad/current/amd64/lib/sdevice/sd_hb_isource2.so.amd64
Loading shared object file /usr/local/Softwares/Sentaurus/Sentaurus_vH_2013.03/bin/../tcad/current/amd64/lib/sdevice/sd_hb_vsource.so.amd64
Wed Oct 23 15:44:53 2013: checked out 1 Dessis-Parallel license(s)
Wed Oct 23 15:44:54 2013: checked out 1 sdevice-parallel license(s)
Wed Oct 23 15:44:54 2013: checked out 1 sparallel license(s)

Input source: pp1404_des.cmd

===============================

Output file: Cprime_prelims_1404.log_des.log


GlobalParameter {
}
no ACExtract file

PMIPath file: /usr/local/Softwares/Sentaurus/Sentaurus_vH_2013.03/bin/../tcad/current/amd64/lib/sdevice-21.0.5 /usr/local/Softwares/Sentaurus/Sentaurus_vH_2013.03/bin/../tcad/current/amd64/lib/sdevice

CMIPath file: /usr/local/Softwares/Sentaurus/Sentaurus_vH_2013.03/bin/../tcad/current/amd64/lib/sdevice /usr/local/Softwares/Sentaurus/Sentaurus_vH_2013.03/bin/../tcad/current/amd64/lib/scm

SPICEPath file: /usr/local/Softwares/Sentaurus/Sentaurus_vH_2013.03/bin/../tcad/current/lib/sdevice-21.0.5/spice

no DevicePath file

no CIRCUITSAVENAME file

no CIRCUITLOADNAME file

Numerical parameters:
  Absolute error : 
    Poisson : 1.0000e-03
    Electron : 1.0000e-05
    Hole : 1.0000e-05
    Photon-Rate-Equation : 1.0000e-07
    Photon-Phase-Equation : 1.0000e-05
    Rate-Stabilize-Equation : 1.0000e-07
    QW-Scattering-Equations : 1.0000e-05
    QW-eScattering-Equation : 1.0000e-05
    QW-hScattering-Equation : 1.0000e-05
    Optical Problem : 1.0000e-03
    Wavelength : 1.0000e-03
    Bandstructure : 1.0000e-03
    EmissionTable : 1.0000e-03
    DephasingRates : 1.0000e-03
    Photon Recycling : 1.0000e-03
    Electron-Temperature : 1.0000e-04
    Hole-Temperature : 1.0000e-04
    Lattice-Hole-Electron-Temperature : 1.0000e-03
    Circuit : 1.0000e-03
    TCircuit : 1.0000e-03
    Contact : 1.0000e-03
    TContact : 1.0000e-03
    Continuation : 1.0000e-03
    eLaplace : 1.0000e-03
    hLaplace : 1.0000e-03
    tLaplace : 1.0000e-03
    MonteCarlo : 1.0000e-03
    MCPoissonPDE : 1.0000e-03
    eQuantumPotential : 1.0000e-03
    hQuantumPotential : 1.0000e-03
    quasi-fermi-potential : 1.0000e-03
    ConductiveInsulator : 1.0000e-03
    ContactAndConductiveInsulator : 1.0000e-03
    SingletExciton : 1.0000e-05
    eHopping : 1.0000e-03
    hHopping : 1.0000e-03
    HydrogenAtom : 1.0000e-03
    HydrogenMolecule : 1.0000e-03
    HydrogenIon : 1.0000e-03
    HydrogenSiliconBondOccupation : 1.0000e-03
    eSHEDistribution : 1.0000e-03
    hSHEDistribution : 1.0000e-03
    Landau-Lifshitz-Gilbert[theta] : 1.0000e-03
    Landau-Lifshitz-Gilbert[phi] : 1.0000e-03
  RelErrControl (Reference error): 
    Poisson : 0.025852
    Electron : 1.0000e+07
    Hole : 1.0000e+07
    Photon-Rate-Equation : 1.0000e-07
    Photon-Phase-Equation : 1
    Rate-Stabilize-Equation : 1.0000e-07
    QW-Scattering-Equations : 1.0000e+10
    QW-eScattering-Equation : 1.0000e+10
    QW-hScattering-Equation : 1.0000e+10
    Optical Problem : 1
    Wavelength : 1
    Bandstructure : 1
    EmissionTable : 1
    DephasingRates : 1
    Photon Recycling : 1
    Electron-Temperature : 3.0000e+02
    Hole-Temperature : 3.0000e+02
    Lattice-Hole-Electron-Temperature : 3.0000e+02
    Circuit : 1
    TCircuit : 1
    Contact : 0.025852
    TContact : 1
    Continuation : 1
    eLaplace : 1
    hLaplace : 1
    tLaplace : 1
    MonteCarlo : 1
    MCPoissonPDE : 1
    eQuantumPotential : 0.025852
    hQuantumPotential : 0.025852
    quasi-fermi-potential : 0.025852
    ConductiveInsulator : 1
    ContactAndConductiveInsulator : 1
    SingletExciton : 1.0000e+10
    eHopping : 0.025852
    hHopping : 0.025852
    HydrogenAtom : 1.0000e+10
    HydrogenMolecule : 1.0000e+10
    HydrogenIon : 1.0000e+10
    HydrogenSiliconBondOccupation : 1
    eSHEDistribution : 0.025852
    hSHEDistribution : 0.025852
    Landau-Lifshitz-Gilbert[theta] : 1
    Landau-Lifshitz-Gilbert[phi] : 1
  Relative error : 3 digits
  Without checked transient error
  Max. #iterations : 10
  LineSearchDamping=1
  #undamped iterations : 50
  No incomplete Newton
  transient method : TR-BDF
  Linear solver : ILS ( Set = 1 )
  Linear solver for AC analysis : blocked decomposition
  Linear solver for SHEDistribution Model : Super
  use linear extrapolation in transient/quasistationary computations
  use complex supernodal in ac-analysis (if possible)
  do not use smoothed PDE's in transient/quasistationary computations
  Harmonic balance (HB) specifications:
    Do not use MDFT mode in HB (i.e. one-tone and time domain assembly).
    Do not use in HB the logarithm of densities.
    No SolveSpectrum entries are specified.
    Plot HB results for time domain interval (0.0000e+00 , 0.0000e+00) using 0 intervals.
    HB Newton scaling parameters for rhs and update:
      Equation                         :  RhsScale  : UpdateScale
      Poisson                          :   1.00E+00 :   1.00E+00 
      Electron                         :   1.00E-05 :   1.00E+00 
      Hole                             :   1.00E-05 :   1.00E+00 
      Photon-Rate-Equation             :   1.00E-05 :   1.00E+00 
      Photon-Phase-Equation            :   1.00E+00 :   1.00E+00 
      Rate-Stabilize-Equation          :   1.00E+00 :   1.00E+00 
      QW-Scattering-Equations          :   1.00E-05 :   1.00E+00 
      QW-eScattering-Equation          :   1.00E-05 :   1.00E+00 
      QW-hScattering-Equation          :   1.00E-05 :   1.00E+00 
      Optical Problem                  :   1.00E+00 :   1.00E+00 
      Wavelength                       :   1.00E+00 :   1.00E+00 
      Bandstructure                    :   1.00E+00 :   1.00E+00 
      EmissionTable                    :   1.00E+00 :   1.00E+00 
      DephasingRates                   :   1.00E+00 :   1.00E+00 
      Photon Recycling                 :   1.00E+00 :   1.00E+00 
      Electron-Temperature             :   1.00E+00 :   1.00E+00 
      Hole-Temperature                 :   1.00E+00 :   1.00E+00 
      Lattice-Hole-Electron-Temperature:   1.00E+00 :   1.00E+00 
      Circuit                          :   1.00E-05 :   1.00E+00 
      TCircuit                         :   1.00E+00 :   1.00E+00 
      Contact                          :   1.00E-05 :   1.00E+00 
      TContact                         :   1.00E+00 :   1.00E+00 
      Continuation                     :   1.00E+00 :   1.00E+00 
      eLaplace                         :   1.00E+00 :   1.00E+00 
      hLaplace                         :   1.00E+00 :   1.00E+00 
      tLaplace                         :   1.00E+00 :   1.00E+00 
      MonteCarlo                       :   1.00E+00 :   1.00E+00 
      MCPoissonPDE                     :   1.00E+00 :   1.00E+00 
      eQuantumPotential                :   1.00E+00 :   1.00E+00 
      hQuantumPotential                :   1.00E+00 :   1.00E+00 
      quasi-fermi-potential            :   1.00E+00 :   1.00E+00 
      ConductiveInsulator              :   1.00E+00 :   1.00E+00 
      ContactAndConductiveInsulator    :   1.00E+00 :   1.00E+00 
      SingletExciton                   :   1.00E+00 :   1.00E+00 
      eHopping                         :   1.00E+00 :   1.00E+00 
      hHopping                         :   1.00E+00 :   1.00E+00 
      HydrogenAtom                     :   1.00E+00 :   1.00E+00 
      HydrogenMolecule                 :   1.00E+00 :   1.00E+00 
      HydrogenIon                      :   1.00E+00 :   1.00E+00 
      HydrogenSiliconBondOccupation    :   1.00E+00 :   1.00E+00 
      eSHEDistribution                 :   1.00E+00 :   1.00E+00 
      hSHEDistribution                 :   1.00E+00 :   1.00E+00 
      Landau-Lifshitz-Gilbert[theta]   :   1.00E+00 :   1.00E+00 
      Landau-Lifshitz-Gilbert[phi]     :   1.00E+00 :   1.00E+00 
    HB Newton correction parameters for values:
      Equation                         :     Min    :  Variation 
      Electron                         :   1.00E-20 :   1.00E+18 
      Hole                             :   1.00E-20 :   1.00E+18 
      Photon-Rate-Equation             :   0.00E+00 :   1.00E+18 
      QW-eScattering-Equation          :   1.00E-20 :   1.00E+18 
      QW-hScattering-Equation          :   1.00E-20 :   1.00E+18 
      Electron-Temperature             :   1.00E+02 :   1.00E+18 
      Hole-Temperature                 :   1.00E+02 :   1.00E+18 
      Lattice-Hole-Electron-Temperature:   1.00E+02 :   1.00E+18 
    
    Traps are solved by decoupled mode.
  use automatic coupling of contact/circuit stuff
  Spice temperature: 3.0015e+02
  Spice nominal temperature of parameter measurements: 3.0015e+02
  Spice minimum conductance gmin: 1.0000e-12
  Use 64 bit (double) normal precision floating point arithmetic.
  Mininum |rhs| : 1.0000e-05
  Maximum |rhs| : 1.0000e+15
  Maximum |rhs| factor : 1.0000e+10
  Lattice Temperature Range : (50,5.0000e+03)
  Carrier Temperature Range : (10,8.0000e+04)
  Simplified first order SHE of BTE will be solved
  SHERefinementCutoff : 20
  No user dependencies.
  Number of assembly threads: 4 (Sentaurus Device command file)
  Number of solver threads: 4 (Sentaurus Device command file)
  Thread stacksize: 1000000 bytes (default)
  Go serial if not enough parallel licenses are available.

Default device parameters:
  Electrodes:
    "source" : 0.0000e+00 V (Ohmic), area factor : 1
    "drain" : 0.0000e+00 V (Ohmic), area factor : 1
    "gate" : 0.0000e+00 V (Ohmic, WorkFunction = 4.29344 eV), area factor : 1
  RayTrace Boundaries:
  Files:
    no Boundary file
    Grid file: 2d_Lg_15_1011_msh.tdr
    no Doping file
    no MobilityDoping file
    no Load file
    no Save file
    Plot file: Cprime_prelims_1404.dat
    NonLocal file: n1404_nonlocal.plt
    no DevFieldsName file
    no Path file
    no Lifetime file
    no Temperature file
    Current file: Cprime_prelims_1404.plt
    no PMIUserFields file
    no Extraction file
    ModelParameters file: pp1404_des.par
    ParameterPath directories: 
    no Piezo file
    no ModeGain file
    no Optical emission table for stimulated emission file
    no Optical emission table for spontaneous emission file
    no Optical emission table for photon phase change coefficient file
    no EmissionTable file
    no DephasingRates file
    no ASESpectrum file
    no OpticalFarField file
    no OpticalIntensityPattern file
    no SaveOpticalIntensityPattern file
    no OpticalXYAnglePattern file
    no SaveOpticalXYAnglePattern file
    no MonteCarloInput file
    no MonteCarloOutput file
    no ACPlot file
-----------------------------------------------
  Numerical parameters:
    With exact derivatives
    With avalanche derivatives
    Using old wavelength search algorithm
    Do not reinitialize quasi Fermi potentials in quasi-stationary simulations
    Ignore ionization integral constraints
    Without diagonal preconditioning
    With Scharfetter-Gummel Discretization
    Relative error : 3 digits
    Delta for numerical tunnelling derivatives : 1.0000e-03
    Minimal (regularization) density in relaxation terms : 1.0000e+06 
    Minimal (regularization) density at zero carrier temperature : 2.0000e+08 
    Do not compute breakdown paths and ionization integrals
    QuasiFermiPotential is used for Contact Equation
    NonLocal interface or contact specific settings:
      Max. line length from interface/contact = -1.0000e+00
      Extension across interface or contact: 0.0000e+00
      Line direction: any
      Max. deviation of line direction from this direction: 91 degree
      lines may pass through space outside the device
      EnergyResolution = 1.0000e-04, Digits = 2
-----------------------------------------------
-----------------------------------------------
  Physical models:
    Without incomplete ionization
    Use Si parameters
    TATNonlocalPathNC = 0.0000e+00
    With SRH-Recombination
      With Hurkx field dependent lifetimes (trap assisted tunneling model)
      With doping dependent lifetimes
      Without temperature dependent lifetimes
    Without CDL-Recombination
    With optical generation computation 
    Without Band-to-Band-Tunneling
    Without Auger-Recombination
    Without Radiative Recombination
    Without Surface-Recombination
    Without Trap-Assisted-Auger-Recombination
    PMI recombination models: none
  Without thermal resistance interfaces
  Without Piezo
  Without Anisotropic Material Properties
  Without Avalanche-Generation 
  Without Alpha Particle
  Without Heavy Ion
  Without polarization
  Volume charge density: 0.0000e+00 cm^-3
  Device Temperature = 3.0000e+02 K
  Electron Quasi Fermi Potential: 0.0000e+00 V
  Hole Quasi Fermi Potential: 0.0000e+00 V
  Without MagneticField
  With SingletExciton Barrier Type
  Intrinsic density models:
    default bandgap model
    Bandgap narrowing model: OldSlotboom with bandgap narrowing (no Fermi)
  default affinity model
  default effective mass model
  Electron mobility:
    Doping dependence:
      Default
    no Carrier-Carrier scattering
    E_normal dependence:
      Lombardi
    Without ThinLayer mobility model
    Diffusivity: Caughey-Thomas saturation model, using gradient quasi-Fermi potential.
    Einstein relation for diffusivity-mobility ratio.
  Hole mobility:
    Doping dependence:
      Default
    no Carrier-Carrier scattering
    E_normal dependence:
      Lombardi
    Without ThinLayer mobility model
    Diffusivity: Caughey-Thomas saturation model, using gradient quasi-Fermi potential.
    Einstein relation for diffusivity-mobility ratio.
  With quantum potential for electrons
    Use Synopsys' potential-based formula
    Do not resolve abrupt jumps in band edge
  Energy relaxation time model: according to formula in parameter file
  Lattice thermal conductivity model: according to formula in parameter file
  Metal Resistivity model: according to formula in parameter file
  Thermo Electric Power model: extraploted Si data
  Metal Thermo Electric Power model: MetalThermoElectricPower model not defined
  Lattice heat capacity model: temperature dependent
  no piezoelectric polarization model
  Without default parameters from file (use built-in default parameters)
-----------------------------------------------
Process information for extraction purposes:
  none
Plot variables:
  eDensity
  hDensity
  TotalCurrentDensity/Vector
  eCurrentDensity/Vector
  hCurrentDensity/Vector
  eMobility
  hMobility
  eQuasiFermiPotential
  hQuasiFermiPotential
  ElectricField/Vector
  ElectrostaticPotential
  SpaceCharge
  DopingConcentration
  DonorConcentration
  AcceptorConcentration
  SRHRecombination
  Band2BandGeneration
  hQuantumPotential
  ConductionBandEnergy
  ValenceBandEnergy
  eQuantumPotential
  eInterfaceTrappedCharge
  hInterfaceTrappedCharge
  TotalInterfaceTrapConcentration
  TotalTrapConcentration
  eNLLTunnelingGeneration
  hNLLTunnelingGeneration
  NonLocalDirection/Vector
  NonLocalBackDirection/Vector

------------------------------------------------
NoisePlot variables:
  none
Plot groups:
  none

------------------------------------------------
CurrentPlot variables:
  none
Devices:
Systems:
Solve :
 Poisson
Coupled ( Digits : 3, Max. #iterations : 10, 
    Solver : ILS ( Set = 1 ),
    #undamped iterations : 50 
)
    { Poisson eQuantumPotential } 
Plot( FilePrefix = "OnlyPoisson_1404" overwrite )
  { }
Quasistationary ( Digits : 3, Max. #iterations : 10, 
      Initial step in t : 1.0000e-03, 
      Minimum step in t : 1.0000e-10, Maximum step in t : 0.05, 
      Increment : 2, Decrement : 2, 
      Goal values :
        Contact drain : 0.05V
    )
  {
    Coupled ( Digits : 3, Max. #iterations : 10, 
        Solver : ILS ( Set = 1 ),
        #undamped iterations : 50 
)
        { Poisson Electron Hole
          eQuantumPotential } 
    Save( FilePrefix = "Vd_1404" nooverwrite
         Time (fixed times:
             0.0000e+00 1) )
      { }
  }
Plot( FilePrefix = "DrainRamped_1404" overwrite )
  { }
Load( FilePrefix = "Vd_1404_0001" )
  { }
Quasistationary ( Digits : 3, Max. #iterations : 10, 
      Initial step in t : 1.0000e-03, 
      Minimum step in t : 1.0000e-07, Maximum step in t : 0.05, 
      Increment : 2, Decrement : 2, 
      Goal values :
        Contact gate : 0.0000e+00V
    )
  {
    Coupled ( Digits : 3, Max. #iterations : 10, 
        Solver : ILS ( Set = 1 ),
        #undamped iterations : 50 
)
        { Poisson Electron Hole
          eQuantumPotential } 
    CurrentPlot (
         Time (fixed times:
             0.0000e+00 0.0166667 0.0333333 0.05 0.0666667
             0.0833333 0.1 0.116667 0.133333 0.15
             0.166667 0.183333 0.2 0.216667 0.233333
             0.25 0.266667 0.283333 0.3 0.316667
             0.333333 0.35 0.366667 0.383333 0.4
             0.416667 0.433333 0.45 0.466667 0.483333
             0.5 0.516667 0.533333 0.55 0.566667
             0.583333 0.6 0.616667 0.633333 0.65
             0.666667 0.683333 0.7 0.716667 0.733333
             0.75 0.766667 0.783333 0.8 0.816667
             0.833333 0.85 0.866667 0.883333 0.9
             0.916667 0.933333 0.95 0.966667 0.983333
             1) )
      { }
  }

===============================

Reading grid '2d_Lg_15_1011_msh.tdr' ... 
  coordinate system: DFISE, 2d_dfise (y is device down direction, 3d extension right-handed)
  use coordinate system as is (no transformation)
  TDR format
  Number of grid points is 10426.
done.

Adding interfaces and contacts .... done.
Computing edges ...
  Number of edges: 479220
done.
Computing boxes ...

  CVPL_AverageBoxMethod = TRUE 
   
  ElementWithMinVolume(  8576) Vertex0( 1198)( 1.425000e-01, 1.520313e-01) Volume = 4.882812e-09 um3 (2.36e-06 from TotalVolume)
    ElementWithMinEdge(   527) Vertex0( 1197)( 1.425000e-01, 1.520000e-01) Length = 3.125000e-05 um
        MaxFlatElement(  7242) Vertex0( 1037)( 1.393750e-01, 1.531700e-01)  Angle = 6.011625e+01 degrees
   ElementWithMinAngle(    61) Vertex0(  539)( 1.375000e-01, 1.531700e-01)  Angle = 2.061758e+00 degrees
                   tan(MinAngle) = 3.600000e-02 

   NumberOfEdges              = 479220 
   NumberOfGeometricalEdges   =  21126 
   NumberOfDoubleEdges        =      0 
   MaxNumberOfElementsPerEdge =      2 
   MaxNumberOfEdgesPerVertex  =      8 

  Boxmethod Parallel Computing: nbThreads = 4 

  Parallel Computing Delaunay coefficients ...   done.
  Delaunay coefficients time: (wallclock = 0.01 s, tcpu = 0.0000e+00 s)

  Parallel Computing Voronoi faces, coefficients, and measures ... 
  CVPL_Algorithm = TRUE 

    Computing Obtuse Elements ... 
     Obtuse Elements time:  tcpu = 0.0000e+00 s
      New Parameters time: (wallclock = 0.0000e+00 s, tcpu = 0.0000e+00 s)

                       NumberOfVertices =  10646 
                       NumberOfElements =  10701 
                      NumberOfTriangles =    877  ( 8.20 %)
                     NumberOfRectangles =   9824  (91.80 %)
                 NumberOfObtuseElements =      0  ( 0.00 %)
    done.
  done.
  (times: wallclock = 0.37 s, tcpu = 0.38 s)


/-------- Region non Delaunay elements --------------------------------------------------
 Region                 Volume      BoxMethodVolume  DeltaVolume  Elements  non Delaunay 
  name                   [um2]          [um2]           [%]                   Elements   
 ----------------------------------------------------------------------------------------
 Source_Ext          6.2000000e-04  6.2000000e-04       0.000       438       0 ( 0.00 %) 
 FIN.0               7.5000000e-05  7.5000000e-05       0.000      6720       0 ( 0.00 %) 
 Drain_Sili_lump_1   1.3000000e-04  1.3000000e-04       0.000        64       0 ( 0.00 %) 
 Sspacer.0_lump_1    4.1650000e-05  4.1650000e-05       0.000       153       0 ( 0.00 %) 
 Drain_Sili_lump_2   1.3000000e-04  1.3000000e-04       0.000        64       0 ( 0.00 %) 
 GateOxide.0_lump_1  1.0050000e-05  1.0050000e-05       0.000       640       0 ( 0.00 %) 
 Dspacer.0_lump_1    4.1650000e-05  4.1650000e-05       0.000       120       0 ( 0.00 %) 
 Sspacer.0_lump_2    4.1650000e-05  4.1650000e-05       0.000       148       0 ( 0.00 %) 
 SFIN.0              2.5000000e-05  2.5000000e-05       0.000       513       0 ( 0.00 %) 
 Drain_Ext           6.2000000e-04  6.2000000e-04       0.000       413       0 ( 0.00 %) 
 Source_Sili_lump_1  1.3000000e-04  1.3000000e-04       0.000        64       0 ( 0.00 %) 
 GateOxide.0_lump_2  1.0050000e-05  1.0050000e-05       0.000       640       0 ( 0.00 %) 
 Dspacer.0_lump_2    4.1650000e-05  4.1650000e-05       0.000       137       0 ( 0.00 %) 
 DFIN.0              2.5000000e-05  2.5000000e-05       0.000       523       0 ( 0.00 %) 
 Source_Sili_lump_2  1.3000000e-04  1.3000000e-04       0.000        64       0 ( 0.00 %) 
 Total               2.0717000e-03  2.0717000e-03       0.000     10701       0 ( 0.00 %) 
\----------------------------------------------------------------------------------------


/-------- Interface non Delaunay elements -----------------------------------------------
 Region1                Volume      BoxMethodVolume  DeltaVolume  Elements  non Delaunay 
 Region2                 [um2]          [um2]           [%]                   Elements   
 ----------------------------------------------------------------------------------------
 Source_Ext          1.1531250e-05  1.1531250e-05       0.000        15       0 ( 0.00 %) 
 Sspacer.0_lump_1    7.4699219e-06  7.4699219e-06       0.000        11       0 ( 0.00 %) 
 ........................................................................................
 Source_Ext          1.2703125e-05  1.2703125e-05       0.000        13       0 ( 0.00 %) 
 Sspacer.0_lump_2    6.4417969e-06  6.4417969e-06       0.000         9       0 ( 0.00 %) 
 ........................................................................................
 Source_Ext          5.7531250e-06  5.7531250e-06       0.000        22       0 ( 0.00 %) 
 SFIN.0              1.5625000e-06  1.5625000e-06       0.000        18       0 ( 0.00 %) 
 ........................................................................................
 Source_Ext          3.4403125e-05  3.4403125e-05       0.000        18       0 ( 0.00 %) 
 Source_Sili_lump_1  3.2500000e-05  3.2500000e-05       0.000        16       0 ( 0.00 %) 
 ........................................................................................
 Source_Ext          2.5128125e-05  2.5128125e-05       0.000        20       0 ( 0.00 %) 
 Source_Sili_lump_2  3.2500000e-05  3.2500000e-05       0.000        16       0 ( 0.00 %) 
 ........................................................................................
 FIN.0               4.6875000e-07  4.6875000e-07       0.000        64       0 ( 0.00 %) 
 GateOxide.0_lump_1  6.2812500e-07  6.2812500e-07       0.000        64       0 ( 0.00 %) 
 ........................................................................................
 FIN.0               1.1718750e-06  1.1718750e-06       0.000       105       0 ( 0.00 %) 
 SFIN.0              1.0339355e-06  1.0339355e-06       0.000       105       0 ( 0.00 %) 
 ........................................................................................
 FIN.0               5.2734375e-07  5.2734375e-07       0.000        64       0 ( 0.00 %) 
 GateOxide.0_lump_2  6.2812500e-07  6.2812500e-07       0.000        64       0 ( 0.00 %) 
 ........................................................................................
 FIN.0               1.1718750e-06  1.1718750e-06       0.000       105       0 ( 0.00 %) 
 DFIN.0              1.0717773e-06  1.0717773e-06       0.000       105       0 ( 0.00 %) 
 ........................................................................................
 Drain_Sili_lump_1   3.2500000e-05  3.2500000e-05       0.000        16       0 ( 0.00 %) 
 Drain_Ext           2.3350000e-05  2.3350000e-05       0.000        16       0 ( 0.00 %) 
 ........................................................................................
 Sspacer.0_lump_1    2.0937500e-07  2.0937500e-07       0.000        10       0 ( 0.00 %) 
 GateOxide.0_lump_1  1.5703125e-07  1.5703125e-07       0.000        10       0 ( 0.00 %) 
 ........................................................................................
 Sspacer.0_lump_1    2.0283203e-07  2.0283203e-07       0.000        16       0 ( 0.00 %) 
 SFIN.0              1.0498047e-06  1.0498047e-06       0.000        16       0 ( 0.00 %) 
 ........................................................................................
 Drain_Sili_lump_2   3.2500000e-05  3.2500000e-05       0.000        16       0 ( 0.00 %) 
 Drain_Ext           2.3350000e-05  2.3350000e-05       0.000        16       0 ( 0.00 %) 
 ........................................................................................
 GateOxide.0_lump_1  1.5703125e-07  1.5703125e-07       0.000        10       0 ( 0.00 %) 
 Dspacer.0_lump_2    2.0937500e-07  2.0937500e-07       0.000        10       0 ( 0.00 %) 
 ........................................................................................
 Dspacer.0_lump_1    8.4703125e-06  8.4703125e-06       0.000         8       0 ( 0.00 %) 
 Drain_Ext           9.9937500e-06  9.9937500e-06       0.000         8       0 ( 0.00 %) 
 ........................................................................................
 Dspacer.0_lump_1    2.0937500e-07  2.0937500e-07       0.000        10       0 ( 0.00 %) 
 GateOxide.0_lump_2  1.5703125e-07  1.5703125e-07       0.000        10       0 ( 0.00 %) 
 ........................................................................................
 Dspacer.0_lump_1    3.7294922e-07  3.7294922e-07       0.000        16       0 ( 0.00 %) 
 DFIN.0              4.7790527e-07  4.7790527e-07       0.000        16       0 ( 0.00 %) 
 ........................................................................................
 Sspacer.0_lump_2    2.0283203e-07  2.0283203e-07       0.000        16       0 ( 0.00 %) 
 SFIN.0              1.1810303e-06  1.1810303e-06       0.000        16       0 ( 0.00 %) 
 ........................................................................................
 Sspacer.0_lump_2    2.0937500e-07  2.0937500e-07       0.000        10       0 ( 0.00 %) 
 GateOxide.0_lump_2  1.5703125e-07  1.5703125e-07       0.000        10       0 ( 0.00 %) 
 ........................................................................................
 Drain_Ext           1.0203125e-05  1.0203125e-05       0.000         7       0 ( 0.00 %) 
 Dspacer.0_lump_2    7.9105469e-06  7.9105469e-06       0.000         7       0 ( 0.00 %) 
 ........................................................................................
 Drain_Ext           3.1250000e-06  3.1250000e-06       0.000        18       0 ( 0.00 %) 
 DFIN.0              1.5625000e-06  1.5625000e-06       0.000        18       0 ( 0.00 %) 
 ........................................................................................
 Dspacer.0_lump_2    2.0283203e-07  2.0283203e-07       0.000        16       0 ( 0.00 %) 
 DFIN.0              1.1083984e-06  1.1083984e-06       0.000        16       0 ( 0.00 %) 
 ........................................................................................
 Total               3.3592422e-04  3.3592422e-04       0.000      1172       0 ( 0.00 %) 
\----------------------------------------------------------------------------------------
done.
Reading doping '2d_Lg_15_1011_msh.tdr' (TDR format) ...
done.
done.
Reading parameter file 'pp1404_des.par' ...
---------------------------------------------------
 Reading parameters for material "HfO2"
---------------------------------------------------

---------------------------------------------------
 Reading parameters for material "InterfacialOxide"
---------------------------------------------------

---------------------------------------------------
 Reading parameters for material "Silicon"
---------------------------------------------------

	Differences compared with default parameters:
	Bandgap: Eg0 = 1.12, instead of: 1.16964 [eV]
	Bandgap: dEg0(Slotboom) = 0.0000e+00, instead of: -4.7950e-03 [eV]
	Bandgap: alpha = 0.0000e+00, instead of: 4.7300e-04 [eV/K]
	Bandgap: beta = 0.0000e+00, instead of: 6.3600e+02 [K]
	Bandgap: Tpar = 3.0000e+02, instead of: 0.0000e+00 [K]
	DOSeMass: Formula = 2, instead of: 1 [1]
	DOSeMass: Nc300 = 2.9710e+19, instead of: 2.8900e+19 [1]
	DOShMass: Formula = 2, instead of: 1 [1]
	DOShMass: Nv300 = 2.2400e+19, instead of: 3.1400e+19 [cm-3]
	ConstMob(elec): mumax = 1.4230e+03, instead of: 1.4170e+03 [cm^2/(Vs)]
	ConstMob(hole): mumax = 4.7607e+02, instead of: 4.7050e+02 [cm^2/(Vs)]
	HighFieldMob(elec): beta0 = 1.13417, instead of: 1.109 [1]
	HighFieldMob(elec): vsat0 = 1.0200e+07, instead of: 1.0700e+07 [cm/s]
	PhuMob(As): mumax = 1.4230e+03, instead of: 1.4170e+03 [cm^2/Vs]
	PhuMob(As): mumin = 55.9, instead of: 52.2 [cm^2/Vs]
	PhuMob(Ph): mumax = 1.4230e+03, instead of: 1.4140e+03 [cm^2/Vs]
	PhuMob(B): mumax = 4.7607e+02, instead of: 4.7050e+02 [cm^2/Vs]
	EnormalMob(elec): B = 1.8050e+07, instead of: 4.7500e+07 [cm/s]
	EnormalMob(elec): C = 5.1000e+03, instead of: 5.8000e+02 [cm^(5/3)/(V^(2/3)s)]
	EnormalMob(elec): lambda = 0.0233, instead of: 0.125 [1]
	EnormalMob(elec): delta = 1.7900e+18, instead of: 5.8200e+14 [cm^2/(Vs)]
	EnormalMob(elec): A = 2.688, instead of: 2 [1]
	EnormalMob(elec): alpha = 2.7400e-20, instead of: 0.0000e+00 [cm^3]
	EnormalMob(elec): nu = 0.0767, instead of: 1 [1]
	EnormalMob(elec): eta = 1.0000e+300, instead of: 5.8200e+30 [V^2/(cms)]
	EnormalMob(hole): B = 3.0200e+07, instead of: 9.9250e+06 [cm/s]
	EnormalMob(hole): C = 1.6720e+04, instead of: 2.9470e+03 [cm^(5/3)/(V^(2/3)s)]
	EnormalMob(hole): lambda = 0.0119, instead of: 0.0317 [1]
	EnormalMob(hole): delta = 1.2300e+16, instead of: 2.0546e+14 [cm^2/(Vs)]
	EnormalMob(hole): A = 2.18, instead of: 2 [1]
	EnormalMob(hole): alpha = 3.1300e-20, instead of: 0.0000e+00 [cm^3]
	EnormalMob(hole): nu = 0.123, instead of: 1 [1]
	EnormalMob(hole): eta = 1.0000e+300, instead of: 2.0546e+30 [V^2/(cms)]
	Lombardi_highk: B_e = 1.805e+07
	Lombardi_highk: B_h = 3.02e+07
	Lombardi_highk: C_e = 5100
	Lombardi_highk: C_h = 16720
	Lombardi_highk: lambda_e = 0.0233
	Lombardi_highk: lambda_h = 0.0119
	Lombardi_highk: k_e = 1
	Lombardi_highk: k_h = 1
	Lombardi_highk: delta_e = 1.79e+18
	Lombardi_highk: delta_h = 1.23e+16
	Lombardi_highk: A_e = 2.688
	Lombardi_highk: A_h = 2.18
	Lombardi_highk: alpha_e = 2.74e-20
	Lombardi_highk: alpha_h = 3.13e-20
	Lombardi_highk: nu_e = 0.0767
	Lombardi_highk: nu_h = 0.123
	Lombardi_highk: eta_e = 1e+300
	Lombardi_highk: eta_h = 1e+300
	Lombardi_highk: l_crit_e = 1e-06
	Lombardi_highk: l_crit_h = 1e-06
	Lombardi_highk: alpha_rcs_e = 0
	Lombardi_highk: alpha_rcs_h = 0
	Lombardi_highk: alpha_rps_e = 0
	Lombardi_highk: alpha_rps_h = 0
	LatticeParam: X = (1, 0.0000e+00, 1) [1],
		instead of: X = (1, 0.0000e+00, 0.0000e+00) [1]
	LatticeParam: Y = (-1.0000e+00, 0.0000e+00, 1) [1],
		instead of: Y = (0.0000e+00, 1, 0.0000e+00) [1]
	QuantumPotentialParameters(elec): gamma = 10.2, instead of: 3.6 [1]
	QuantumPotentialParameters(hole): gamma = 2.9, instead of: 5.6 [1]


=======
Region: "DFIN.0"
  (material is "Silicon")
=======
  Model: "Bandgap"
    Parameter "Chi0_300" is modified from 4.07274 to 4.05
    Parameter "Eg0" is modified from 1.16964 to 1.12
    Parameter "Eg0_300" is modified from 1.12416 to 1.12
    Parameter "Tpar" is modified from 0 to 300
    Parameter "alpha" is modified from 0.000473 to 0
    Parameter "beta" is modified from 636 to 0
    Parameter "dEg0(Slotboom)" is modified from -0.004795 to 0
  Model: "ConstantMobility_electron"
    Parameter "mumax" is modified from 1417 to 1423
  Model: "ConstantMobility_hole"
    Parameter "mumax" is modified from 470.5 to 476.07
  Model: "DOSMass_electron"
    Parameter "Nc300" is modified from 2.89e+19 to 2.97101e+19
  Model: "DOSMass_hole"
    Parameter "Nv300" is modified from 3.14e+19 to 2.24e+19
  Model: "EnormalDependence_electron"
    Parameter "A" is modified from 2 to 2.688
    Parameter "B" is modified from 4.75e+07 to 1.805e+07
    Parameter "C" is modified from 580 to 5100
    Parameter "alpha" is modified from 0 to 2.74e-20
    Parameter "delta" is modified from 5.82e+14 to 1.79e+18
    Parameter "eta" is modified from 5.82e+30 to 1e+300
    Parameter "lambda" is modified from 0.125 to 0.0233
    Parameter "nu" is modified from 1 to 0.0767
  Model: "EnormalDependence_hole"
    Parameter "A" is modified from 2 to 2.18
    Parameter "B" is modified from 9.925e+06 to 3.02e+07
    Parameter "C" is modified from 2947 to 16720
    Parameter "alpha" is modified from 0 to 3.13e-20
    Parameter "delta" is modified from 2.0546e+14 to 1.23e+16
    Parameter "eta" is modified from 2.0546e+30 to 1e+300
    Parameter "lambda" is modified from 0.0317 to 0.0119
    Parameter "nu" is modified from 1 to 0.123
  Model: "HighFieldDependence_electron"
    Parameter "beta0" is modified from 1.109 to 1.13417
    Parameter "vsat0" is modified from 1.07e+07 to 1.02e+07
  Model: "Lombardi_highk"
    Parameter "A_e" is new with value equal to 2.688
    Parameter "A_h" is new with value equal to 2.18
    Parameter "B_e" is new with value equal to 1.805e+07
    Parameter "B_h" is new with value equal to 3.02e+07
    Parameter "C_e" is new with value equal to 5100
    Parameter "C_h" is new with value equal to 16720
    Parameter "alpha_e" is new with value equal to 2.74e-20
    Parameter "alpha_h" is new with value equal to 3.13e-20
    Parameter "alpha_rcs_e" is new with value equal to 0
    Parameter "alpha_rcs_h" is new with value equal to 0
    Parameter "alpha_rps_e" is new with value equal to 0
    Parameter "alpha_rps_h" is new with value equal to 0
    Parameter "delta_e" is new with value equal to 1.79e+18
    Parameter "delta_h" is new with value equal to 1.23e+16
    Parameter "eta_e" is new with value equal to 1e+300
    Parameter "eta_h" is new with value equal to 1e+300
    Parameter "k_e" is new with value equal to 1
    Parameter "k_h" is new with value equal to 1
    Parameter "l_crit_e" is new with value equal to 1e-06
    Parameter "l_crit_h" is new with value equal to 1e-06
    Parameter "lambda_e" is new with value equal to 0.0233
    Parameter "lambda_h" is new with value equal to 0.0119
    Parameter "nu_e" is new with value equal to 0.0767
    Parameter "nu_h" is new with value equal to 0.123
  Model: "PhuMob_Arsenic"
    Parameter "mumax_As" is modified from 1417 to 1423
    Parameter "mumin_As" is modified from 52.2 to 55.9
  Model: "PhuMob_Boron"
    Parameter "mumax_B" is modified from 470.5 to 476.07
  Model: "PhuMob_Phosphorus"
    Parameter "mumax_P" is modified from 1414 to 1423
  Model: "QuantumPotentialParam_electron"
    Parameter "gamma" is modified from 3.6 to 10.2
  Model: "QuantumPotentialParam_hole"
    Parameter "gamma" is modified from 5.6 to 2.9

=======
Region: "Drain_Ext"
  (material is "Silicon")
=======
  Model: "Bandgap"
    Parameter "Chi0_300" is modified from 4.07274 to 4.05
    Parameter "Eg0" is modified from 1.16964 to 1.12
    Parameter "Eg0_300" is modified from 1.12416 to 1.12
    Parameter "Tpar" is modified from 0 to 300
    Parameter "alpha" is modified from 0.000473 to 0
    Parameter "beta" is modified from 636 to 0
    Parameter "dEg0(Slotboom)" is modified from -0.004795 to 0
  Model: "ConstantMobility_electron"
    Parameter "mumax" is modified from 1417 to 1423
  Model: "ConstantMobility_hole"
    Parameter "mumax" is modified from 470.5 to 476.07
  Model: "DOSMass_electron"
    Parameter "Nc300" is modified from 2.89e+19 to 2.97101e+19
  Model: "DOSMass_hole"
    Parameter "Nv300" is modified from 3.14e+19 to 2.24e+19
  Model: "EnormalDependence_electron"
    Parameter "A" is modified from 2 to 2.688
    Parameter "B" is modified from 4.75e+07 to 1.805e+07
    Parameter "C" is modified from 580 to 5100
    Parameter "alpha" is modified from 0 to 2.74e-20
    Parameter "delta" is modified from 5.82e+14 to 1.79e+18
    Parameter "eta" is modified from 5.82e+30 to 1e+300
    Parameter "lambda" is modified from 0.125 to 0.0233
    Parameter "nu" is modified from 1 to 0.0767
  Model: "EnormalDependence_hole"
    Parameter "A" is modified from 2 to 2.18
    Parameter "B" is modified from 9.925e+06 to 3.02e+07
    Parameter "C" is modified from 2947 to 16720
    Parameter "alpha" is modified from 0 to 3.13e-20
    Parameter "delta" is modified from 2.0546e+14 to 1.23e+16
    Parameter "eta" is modified from 2.0546e+30 to 1e+300
    Parameter "lambda" is modified from 0.0317 to 0.0119
    Parameter "nu" is modified from 1 to 0.123
  Model: "HighFieldDependence_electron"
    Parameter "beta0" is modified from 1.109 to 1.13417
    Parameter "vsat0" is modified from 1.07e+07 to 1.02e+07
  Model: "Lombardi_highk"
    Parameter "A_e" is new with value equal to 2.688
    Parameter "A_h" is new with value equal to 2.18
    Parameter "B_e" is new with value equal to 1.805e+07
    Parameter "B_h" is new with value equal to 3.02e+07
    Parameter "C_e" is new with value equal to 5100
    Parameter "C_h" is new with value equal to 16720
    Parameter "alpha_e" is new with value equal to 2.74e-20
    Parameter "alpha_h" is new with value equal to 3.13e-20
    Parameter "alpha_rcs_e" is new with value equal to 0
    Parameter "alpha_rcs_h" is new with value equal to 0
    Parameter "alpha_rps_e" is new with value equal to 0
    Parameter "alpha_rps_h" is new with value equal to 0
    Parameter "delta_e" is new with value equal to 1.79e+18
    Parameter "delta_h" is new with value equal to 1.23e+16
    Parameter "eta_e" is new with value equal to 1e+300
    Parameter "eta_h" is new with value equal to 1e+300
    Parameter "k_e" is new with value equal to 1
    Parameter "k_h" is new with value equal to 1
    Parameter "l_crit_e" is new with value equal to 1e-06
    Parameter "l_crit_h" is new with value equal to 1e-06
    Parameter "lambda_e" is new with value equal to 0.0233
    Parameter "lambda_h" is new with value equal to 0.0119
    Parameter "nu_e" is new with value equal to 0.0767
    Parameter "nu_h" is new with value equal to 0.123
  Model: "PhuMob_Arsenic"
    Parameter "mumax_As" is modified from 1417 to 1423
    Parameter "mumin_As" is modified from 52.2 to 55.9
  Model: "PhuMob_Boron"
    Parameter "mumax_B" is modified from 470.5 to 476.07
  Model: "PhuMob_Phosphorus"
    Parameter "mumax_P" is modified from 1414 to 1423
  Model: "QuantumPotentialParam_electron"
    Parameter "gamma" is modified from 3.6 to 10.2
  Model: "QuantumPotentialParam_hole"
    Parameter "gamma" is modified from 5.6 to 2.9

=======
Region: "Drain_Sili_lump_1"
  (material is "Silicide")
=======
  Constants are not modified and equal to default ones

=======
Region: "Drain_Sili_lump_2"
  (material is "Silicide")
=======
  Constants are not modified and equal to default ones

=======
Region: "Dspacer.0_lump_1"
  (material is "Nitride")
=======
  Constants are not modified and equal to default ones

=======
Region: "Dspacer.0_lump_2"
  (material is "Nitride")
=======
  Constants are not modified and equal to default ones

=======
Region: "FIN.0"
  (material is "Silicon")
=======
  Model: "Bandgap"
    Parameter "Chi0_300" is modified from 4.07274 to 4.05
    Parameter "Eg0" is modified from 1.16964 to 1.12
    Parameter "Eg0_300" is modified from 1.12416 to 1.12
    Parameter "Tpar" is modified from 0 to 300
    Parameter "alpha" is modified from 0.000473 to 0
    Parameter "beta" is modified from 636 to 0
    Parameter "dEg0(Slotboom)" is modified from -0.004795 to 0
  Model: "ConstantMobility_electron"
    Parameter "mumax" is modified from 1417 to 1423
  Model: "ConstantMobility_hole"
    Parameter "mumax" is modified from 470.5 to 476.07
  Model: "DOSMass_electron"
    Parameter "Nc300" is modified from 2.89e+19 to 2.97101e+19
  Model: "DOSMass_hole"
    Parameter "Nv300" is modified from 3.14e+19 to 2.24e+19
  Model: "EnormalDependence_electron"
    Parameter "A" is modified from 2 to 2.688
    Parameter "B" is modified from 4.75e+07 to 1.805e+07
    Parameter "C" is modified from 580 to 5100
    Parameter "alpha" is modified from 0 to 2.74e-20
    Parameter "delta" is modified from 5.82e+14 to 1.79e+18
    Parameter "eta" is modified from 5.82e+30 to 1e+300
    Parameter "lambda" is modified from 0.125 to 0.0233
    Parameter "nu" is modified from 1 to 0.0767
  Model: "EnormalDependence_hole"
    Parameter "A" is modified from 2 to 2.18
    Parameter "B" is modified from 9.925e+06 to 3.02e+07
    Parameter "C" is modified from 2947 to 16720
    Parameter "alpha" is modified from 0 to 3.13e-20
    Parameter "delta" is modified from 2.0546e+14 to 1.23e+16
    Parameter "eta" is modified from 2.0546e+30 to 1e+300
    Parameter "lambda" is modified from 0.0317 to 0.0119
    Parameter "nu" is modified from 1 to 0.123
  Model: "HighFieldDependence_electron"
    Parameter "beta0" is modified from 1.109 to 1.13417
    Parameter "vsat0" is modified from 1.07e+07 to 1.02e+07
  Model: "Lombardi_highk"
    Parameter "A_e" is new with value equal to 2.688
    Parameter "A_h" is new with value equal to 2.18
    Parameter "B_e" is new with value equal to 1.805e+07
    Parameter "B_h" is new with value equal to 3.02e+07
    Parameter "C_e" is new with value equal to 5100
    Parameter "C_h" is new with value equal to 16720
    Parameter "alpha_e" is new with value equal to 2.74e-20
    Parameter "alpha_h" is new with value equal to 3.13e-20
    Parameter "alpha_rcs_e" is new with value equal to 0
    Parameter "alpha_rcs_h" is new with value equal to 0
    Parameter "alpha_rps_e" is new with value equal to 0
    Parameter "alpha_rps_h" is new with value equal to 0
    Parameter "delta_e" is new with value equal to 1.79e+18
    Parameter "delta_h" is new with value equal to 1.23e+16
    Parameter "eta_e" is new with value equal to 1e+300
    Parameter "eta_h" is new with value equal to 1e+300
    Parameter "k_e" is new with value equal to 1
    Parameter "k_h" is new with value equal to 1
    Parameter "l_crit_e" is new with value equal to 1e-06
    Parameter "l_crit_h" is new with value equal to 1e-06
    Parameter "lambda_e" is new with value equal to 0.0233
    Parameter "lambda_h" is new with value equal to 0.0119
    Parameter "nu_e" is new with value equal to 0.0767
    Parameter "nu_h" is new with value equal to 0.123
  Model: "PhuMob_Arsenic"
    Parameter "mumax_As" is modified from 1417 to 1423
    Parameter "mumin_As" is modified from 52.2 to 55.9
  Model: "PhuMob_Boron"
    Parameter "mumax_B" is modified from 470.5 to 476.07
  Model: "PhuMob_Phosphorus"
    Parameter "mumax_P" is modified from 1414 to 1423
  Model: "QuantumPotentialParam_electron"
    Parameter "gamma" is modified from 3.6 to 10.2
  Model: "QuantumPotentialParam_hole"
    Parameter "gamma" is modified from 5.6 to 2.9

=======
Region: "GateOxide.0_lump_1"
  (material is "Oxide")
=======
  Constants are not modified and equal to default ones

=======
Region: "GateOxide.0_lump_2"
  (material is "Oxide")
=======
  Constants are not modified and equal to default ones

=======
Region: "SFIN.0"
  (material is "Silicon")
=======
  Model: "Bandgap"
    Parameter "Chi0_300" is modified from 4.07274 to 4.05
    Parameter "Eg0" is modified from 1.16964 to 1.12
    Parameter "Eg0_300" is modified from 1.12416 to 1.12
    Parameter "Tpar" is modified from 0 to 300
    Parameter "alpha" is modified from 0.000473 to 0
    Parameter "beta" is modified from 636 to 0
    Parameter "dEg0(Slotboom)" is modified from -0.004795 to 0
  Model: "ConstantMobility_electron"
    Parameter "mumax" is modified from 1417 to 1423
  Model: "ConstantMobility_hole"
    Parameter "mumax" is modified from 470.5 to 476.07
  Model: "DOSMass_electron"
    Parameter "Nc300" is modified from 2.89e+19 to 2.97101e+19
  Model: "DOSMass_hole"
    Parameter "Nv300" is modified from 3.14e+19 to 2.24e+19
  Model: "EnormalDependence_electron"
    Parameter "A" is modified from 2 to 2.688
    Parameter "B" is modified from 4.75e+07 to 1.805e+07
    Parameter "C" is modified from 580 to 5100
    Parameter "alpha" is modified from 0 to 2.74e-20
    Parameter "delta" is modified from 5.82e+14 to 1.79e+18
    Parameter "eta" is modified from 5.82e+30 to 1e+300
    Parameter "lambda" is modified from 0.125 to 0.0233
    Parameter "nu" is modified from 1 to 0.0767
  Model: "EnormalDependence_hole"
    Parameter "A" is modified from 2 to 2.18
    Parameter "B" is modified from 9.925e+06 to 3.02e+07
    Parameter "C" is modified from 2947 to 16720
    Parameter "alpha" is modified from 0 to 3.13e-20
    Parameter "delta" is modified from 2.0546e+14 to 1.23e+16
    Parameter "eta" is modified from 2.0546e+30 to 1e+300
    Parameter "lambda" is modified from 0.0317 to 0.0119
    Parameter "nu" is modified from 1 to 0.123
  Model: "HighFieldDependence_electron"
    Parameter "beta0" is modified from 1.109 to 1.13417
    Parameter "vsat0" is modified from 1.07e+07 to 1.02e+07
  Model: "Lombardi_highk"
    Parameter "A_e" is new with value equal to 2.688
    Parameter "A_h" is new with value equal to 2.18
    Parameter "B_e" is new with value equal to 1.805e+07
    Parameter "B_h" is new with value equal to 3.02e+07
    Parameter "C_e" is new with value equal to 5100
    Parameter "C_h" is new with value equal to 16720
    Parameter "alpha_e" is new with value equal to 2.74e-20
    Parameter "alpha_h" is new with value equal to 3.13e-20
    Parameter "alpha_rcs_e" is new with value equal to 0
    Parameter "alpha_rcs_h" is new with value equal to 0
    Parameter "alpha_rps_e" is new with value equal to 0
    Parameter "alpha_rps_h" is new with value equal to 0
    Parameter "delta_e" is new with value equal to 1.79e+18
    Parameter "delta_h" is new with value equal to 1.23e+16
    Parameter "eta_e" is new with value equal to 1e+300
    Parameter "eta_h" is new with value equal to 1e+300
    Parameter "k_e" is new with value equal to 1
    Parameter "k_h" is new with value equal to 1
    Parameter "l_crit_e" is new with value equal to 1e-06
    Parameter "l_crit_h" is new with value equal to 1e-06
    Parameter "lambda_e" is new with value equal to 0.0233
    Parameter "lambda_h" is new with value equal to 0.0119
    Parameter "nu_e" is new with value equal to 0.0767
    Parameter "nu_h" is new with value equal to 0.123
  Model: "PhuMob_Arsenic"
    Parameter "mumax_As" is modified from 1417 to 1423
    Parameter "mumin_As" is modified from 52.2 to 55.9
  Model: "PhuMob_Boron"
    Parameter "mumax_B" is modified from 470.5 to 476.07
  Model: "PhuMob_Phosphorus"
    Parameter "mumax_P" is modified from 1414 to 1423
  Model: "QuantumPotentialParam_electron"
    Parameter "gamma" is modified from 3.6 to 10.2
  Model: "QuantumPotentialParam_hole"
    Parameter "gamma" is modified from 5.6 to 2.9

=======
Region: "Source_Ext"
  (material is "Silicon")
=======
  Model: "Bandgap"
    Parameter "Chi0_300" is modified from 4.07274 to 4.05
    Parameter "Eg0" is modified from 1.16964 to 1.12
    Parameter "Eg0_300" is modified from 1.12416 to 1.12
    Parameter "Tpar" is modified from 0 to 300
    Parameter "alpha" is modified from 0.000473 to 0
    Parameter "beta" is modified from 636 to 0
    Parameter "dEg0(Slotboom)" is modified from -0.004795 to 0
  Model: "ConstantMobility_electron"
    Parameter "mumax" is modified from 1417 to 1423
  Model: "ConstantMobility_hole"
    Parameter "mumax" is modified from 470.5 to 476.07
  Model: "DOSMass_electron"
    Parameter "Nc300" is modified from 2.89e+19 to 2.97101e+19
  Model: "DOSMass_hole"
    Parameter "Nv300" is modified from 3.14e+19 to 2.24e+19
  Model: "EnormalDependence_electron"
    Parameter "A" is modified from 2 to 2.688
    Parameter "B" is modified from 4.75e+07 to 1.805e+07
    Parameter "C" is modified from 580 to 5100
    Parameter "alpha" is modified from 0 to 2.74e-20
    Parameter "delta" is modified from 5.82e+14 to 1.79e+18
    Parameter "eta" is modified from 5.82e+30 to 1e+300
    Parameter "lambda" is modified from 0.125 to 0.0233
    Parameter "nu" is modified from 1 to 0.0767
  Model: "EnormalDependence_hole"
    Parameter "A" is modified from 2 to 2.18
    Parameter "B" is modified from 9.925e+06 to 3.02e+07
    Parameter "C" is modified from 2947 to 16720
    Parameter "alpha" is modified from 0 to 3.13e-20
    Parameter "delta" is modified from 2.0546e+14 to 1.23e+16
    Parameter "eta" is modified from 2.0546e+30 to 1e+300
    Parameter "lambda" is modified from 0.0317 to 0.0119
    Parameter "nu" is modified from 1 to 0.123
  Model: "HighFieldDependence_electron"
    Parameter "beta0" is modified from 1.109 to 1.13417
    Parameter "vsat0" is modified from 1.07e+07 to 1.02e+07
  Model: "Lombardi_highk"
    Parameter "A_e" is new with value equal to 2.688
    Parameter "A_h" is new with value equal to 2.18
    Parameter "B_e" is new with value equal to 1.805e+07
    Parameter "B_h" is new with value equal to 3.02e+07
    Parameter "C_e" is new with value equal to 5100
    Parameter "C_h" is new with value equal to 16720
    Parameter "alpha_e" is new with value equal to 2.74e-20
    Parameter "alpha_h" is new with value equal to 3.13e-20
    Parameter "alpha_rcs_e" is new with value equal to 0
    Parameter "alpha_rcs_h" is new with value equal to 0
    Parameter "alpha_rps_e" is new with value equal to 0
    Parameter "alpha_rps_h" is new with value equal to 0
    Parameter "delta_e" is new with value equal to 1.79e+18
    Parameter "delta_h" is new with value equal to 1.23e+16
    Parameter "eta_e" is new with value equal to 1e+300
    Parameter "eta_h" is new with value equal to 1e+300
    Parameter "k_e" is new with value equal to 1
    Parameter "k_h" is new with value equal to 1
    Parameter "l_crit_e" is new with value equal to 1e-06
    Parameter "l_crit_h" is new with value equal to 1e-06
    Parameter "lambda_e" is new with value equal to 0.0233
    Parameter "lambda_h" is new with value equal to 0.0119
    Parameter "nu_e" is new with value equal to 0.0767
    Parameter "nu_h" is new with value equal to 0.123
  Model: "PhuMob_Arsenic"
    Parameter "mumax_As" is modified from 1417 to 1423
    Parameter "mumin_As" is modified from 52.2 to 55.9
  Model: "PhuMob_Boron"
    Parameter "mumax_B" is modified from 470.5 to 476.07
  Model: "PhuMob_Phosphorus"
    Parameter "mumax_P" is modified from 1414 to 1423
  Model: "QuantumPotentialParam_electron"
    Parameter "gamma" is modified from 3.6 to 10.2
  Model: "QuantumPotentialParam_hole"
    Parameter "gamma" is modified from 5.6 to 2.9

=======
Region: "Source_Sili_lump_1"
  (material is "Silicide")
=======
  Constants are not modified and equal to default ones

=======
Region: "Source_Sili_lump_2"
  (material is "Silicide")
=======
  Constants are not modified and equal to default ones

=======
Region: "Sspacer.0_lump_1"
  (material is "Nitride")
=======
  Constants are not modified and equal to default ones

=======
Region: "Sspacer.0_lump_2"
  (material is "Nitride")
=======
  Constants are not modified and equal to default ones

================
RegionInterface: "Drain_Ext/DFIN.0"
  (material interface is "Silicon/Silicon")
================
  Constants are not modified and equal to default ones

================
RegionInterface: "Dspacer.0_lump_1/DFIN.0"
  (material interface is "Nitride/Silicon")
================
  Constants are not modified and equal to default ones

================
RegionInterface: "Dspacer.0_lump_2/DFIN.0"
  (material interface is "Nitride/Silicon")
================
  Constants are not modified and equal to default ones

================
RegionInterface: "FIN.0/DFIN.0"
  (material interface is "Silicon/Silicon")
================
  Constants are not modified and equal to default ones

================
RegionInterface: "Drain_Sili_lump_1/Drain_Ext"
  (material interface is "Silicide/Silicon")
================
  Constants are not modified and equal to default ones

================
RegionInterface: "Drain_Sili_lump_2/Drain_Ext"
  (material interface is "Silicide/Silicon")
================
  Constants are not modified and equal to default ones

================
RegionInterface: "Dspacer.0_lump_1/Drain_Ext"
  (material interface is "Nitride/Silicon")
================
  Constants are not modified and equal to default ones

================
RegionInterface: "Drain_Ext/Dspacer.0_lump_2"
  (material interface is "Silicon/Nitride")
================
  Constants are not modified and equal to default ones

================
RegionInterface: "Dspacer.0_lump_1/GateOxide.0_lump_2"
  (material interface is "Nitride/Oxide")
================
  Constants are not modified and equal to default ones

================
RegionInterface: "GateOxide.0_lump_1/Dspacer.0_lump_2"
  (material interface is "Oxide/Nitride")
================
  Constants are not modified and equal to default ones

================
RegionInterface: "FIN.0/GateOxide.0_lump_1"
  (material interface is "Silicon/Oxide")
================
  Constants are not modified and equal to default ones

================
RegionInterface: "FIN.0/GateOxide.0_lump_2"
  (material interface is "Silicon/Oxide")
================
  Constants are not modified and equal to default ones

================
RegionInterface: "FIN.0/SFIN.0"
  (material interface is "Silicon/Silicon")
================
  Constants are not modified and equal to default ones

================
RegionInterface: "Sspacer.0_lump_1/GateOxide.0_lump_1"
  (material interface is "Nitride/Oxide")
================
  Constants are not modified and equal to default ones

================
RegionInterface: "Sspacer.0_lump_2/GateOxide.0_lump_2"
  (material interface is "Nitride/Oxide")
================
  Constants are not modified and equal to default ones

================
RegionInterface: "Source_Ext/SFIN.0"
  (material interface is "Silicon/Silicon")
================
  Constants are not modified and equal to default ones

================
RegionInterface: "Sspacer.0_lump_1/SFIN.0"
  (material interface is "Nitride/Silicon")
================
  Constants are not modified and equal to default ones

================
RegionInterface: "Sspacer.0_lump_2/SFIN.0"
  (material interface is "Nitride/Silicon")
================
  Constants are not modified and equal to default ones

================
RegionInterface: "Source_Ext/Source_Sili_lump_1"
  (material interface is "Silicon/Silicide")
================
  Constants are not modified and equal to default ones

================
RegionInterface: "Source_Ext/Source_Sili_lump_2"
  (material interface is "Silicon/Silicide")
================
  Constants are not modified and equal to default ones

================
RegionInterface: "Source_Ext/Sspacer.0_lump_1"
  (material interface is "Silicon/Nitride")
================
  Constants are not modified and equal to default ones

================
RegionInterface: "Source_Ext/Sspacer.0_lump_2"
  (material interface is "Silicon/Nitride")
================
  Constants are not modified and equal to default ones

==========
Electrode: "drain"
==========
  Constants are not modified and equal to default ones

==========
Electrode: "gate"
==========
  Constants are not modified and equal to default ones

==========
Electrode: "source"
==========
  Constants are not modified and equal to default ones


Acceptor and donor concentrations (AcceptorConcentration, DonorConcentration):
    computed based on the following species from the doping file:
        PhosphorusActiveConcentration (donor)
        BoronActiveConcentration (acceptor)
Net doping concentration (DopingConcentration):
    obtained from doping file
Total doping concentration (TotalConcentration):
    recomputed from acceptor and donor concentrations



With Constant Reference Potential:
  Parameters of Reference Semiconductor:
    The Electron Affinity: 4.05
    The Band Gap: 1.10405
    The Electron DOS: 2.9710e+19
    The Hole DOS: 2.2400e+19
  The Constant Reference Potential: 4.60568
Wed Oct 23 15:45:08 2013: checked out 1 Dessis-DensityGrad license(s)
Wed Oct 23 15:45:08 2013: checked out 1 sdevice-densitygrad license(s)

===============================
Starting solve of next problem:
 Poisson
===============================

Computing poisson-equation 
using Bank/Rose nonlinear solver.

Iteration   |Rhs|      factor     |step|     error   #inner  #iterative  time
------------------------------------------------------------------------------
    0      1.01e+02                                                      0.13
    1      1.19e-01   1.00e+00   2.35e+01   1.73e+03    0        24      0.63
    2      1.19e-03   1.00e+00   6.89e-01   4.92e+01    0        26      1.02
    3      3.48e-07   1.00e+00   9.86e-04   6.57e-02    0        26      1.35
Finished, because...
Error smaller than 1 ( 6.5711E-02 ).

Accumulated times:
Rhs time:        0.53 s
Jacobian time:   0.05 s
Solve time:      0.77 s
Total time:      1.35 s

contact        voltage     electron current    hole current  conduction current
 gate         0.000E+00       0.000E+00         0.000E+00        0.000E+00
 source       0.000E+00      -1.948E-20        -6.157E-32       -1.948E-20
 drain        0.000E+00       3.036E-21        -4.519E-32        3.036E-21


===============================
Starting solve of next problem:
Coupled ( Digits : 3, Max. #iterations : 10, 
    Solver : ILS ( Set = 1 ),
    #undamped iterations : 50 
)
    { Poisson eQuantumPotential } 
===============================

Computing Coupled( 1 poisson-equation(s) , 1 current-contact-equation(s) , 
                   1 eQuantumPotential-equation(s) ) 
using Bank/Rose nonlinear solver.

Iteration   |Rhs|      factor     |step|     error   #inner  #iterative  time
------------------------------------------------------------------------------
    0      2.58e+04                                                      0.04
    1      6.45e+03   1.00e+00   1.89e+01   6.48e+02    0        27      2.74
    2      1.61e+03   1.00e+00   1.82e+01   1.07e+03    0        24      5.08
    3      3.99e+02   1.00e+00   8.09e+00   6.91e+02    0        24      7.27
    4      9.64e+01   1.00e+00   3.62e+00   5.61e+02    0        25      9.58
    5      2.11e+01   1.00e+00   1.51e+00   2.79e+02    0        25     11.80
    6      3.68e+00   1.00e+00   6.82e-01   5.84e+01    0        24     14.09
    7      6.44e-01   1.00e+00   3.41e-01   4.32e+01    0        25     16.27
    8      2.88e-02   1.00e+00   8.41e-02   1.72e+01    0        26     18.46
    9      4.20e-05   1.00e+00   3.69e-03   9.57e-01    0        26     20.75
Finished, because...
Error smaller than 1 ( 9.5672E-01 ).

Accumulated times:
Rhs time:        5.43 s
Jacobian time:  10.06 s
Solve time:      5.22 s
Total time:     20.75 s

contact        voltage     electron current    hole current  conduction current
 gate         0.000E+00       0.000E+00         0.000E+00        0.000E+00
 source       0.000E+00      -1.614E-19        -4.096E-32       -1.614E-19
 drain        0.000E+00       1.804E-19        -3.326E-32        1.804E-19


===============================
Starting solve of next problem:
Plot( FilePrefix = "OnlyPoisson_1404" overwrite )
  { }
===============================

Saving device '':
    Writing plot 'OnlyPoisson_1404_des.tdr' (TDR format) ... done.
Writing nonlocal plot 'OnlyPoisson_1404_nonlocal_des.tdr' (TDR format) ... done.
Saving circuit:
    Writing 'OnlyPoisson_1404_circuit_des.sav' ... done.


===============================
Starting solve of next problem:
Quasistationary ( Digits : 3, Max. #iterations : 10, 
      Initial step in t : 1.0000e-03, 
      Minimum step in t : 1.0000e-10, Maximum step in t : 0.05, 
      Increment : 2, Decrement : 2, 
      Goal values :
        Contact drain : 0.05V
    )
  {
    Coupled ( Digits : 3, Max. #iterations : 10, 
        Solver : ILS ( Set = 1 ),
        #undamped iterations : 50 
)
        { Poisson Electron Hole
          eQuantumPotential } 
    Save( FilePrefix = "Vd_1404" nooverwrite
         Time (fixed times:
             0.0000e+00 1) )
      { }
  }
===============================

Computing solution for t=0 :
Computing Coupled( 1 poisson-equation(s) , 1 current-contact-equation(s) , 
                   1 electron-equation(s) , 1 hole-equation(s) , 
                   1 eQuantumPotential-equation(s) ) 
using Bank/Rose nonlinear solver.

Iteration   |Rhs|      factor     |step|     error   #inner  #iterative  time
------------------------------------------------------------------------------
    0      1.45e-04                                                      0.40
    1      4.30e-01   1.00e+00   3.85e-06   1.42e-03    0        27      4.20
Finished, because...
Error smaller than 1 ( 1.4237E-03 ).

Accumulated times:
Rhs time:        1.10 s
Jacobian time:   1.47 s
Solve time:      1.62 s
Total time:      4.20 s

contact        voltage     electron current    hole current  conduction current
 gate         0.000E+00       0.000E+00         0.000E+00        0.000E+00
 source       0.000E+00       4.352E-15        -5.812E-29        4.352E-15
 drain        0.000E+00       5.571E-16         1.386E-28        5.571E-16


Save started:
Saving device '':
    Writing save 'Vd_1404_0000_des.sav' (TDR format) ... done.
Saving circuit:
    Writing 'Vd_1404_0000_circuit_des.sav' ... done.
Save finished.

Computing step from t=0.0000e+00 to t=1.0000e-03 (Stepsize: 1.0000e-03) :
Computing Coupled( 1 poisson-equation(s) , 1 current-contact-equation(s) , 
                   1 electron-equation(s) , 1 hole-equation(s) , 
                   1 eQuantumPotential-equation(s) ) 
using Bank/Rose nonlinear solver.

Iteration   |Rhs|      factor     |step|     error   #inner  #iterative  time
------------------------------------------------------------------------------
    0      5.89e+09                                                      0.74
    1      1.05e+02   1.00e+00   6.03e-04   4.68e-01    0        34      4.51
Finished, because...
Error smaller than 1 ( 4.6810E-01 ).

Accumulated times:
Rhs time:        1.47 s
Jacobian time:   1.58 s
Solve time:      1.45 s
Total time:      4.51 s

contact        voltage     electron current    hole current  conduction current
 gate         0.000E+00       0.000E+00         0.000E+00        0.000E+00
 source       0.000E+00      -5.447E-10        -1.905E-26       -5.447E-10
 drain        5.000E-05       7.146E-11        -1.605E-25        7.146E-11

Computing step from t=1.0000e-03 to t=3.0000e-03 (Stepsize: 2.0000e-03) :
Computing Coupled( 1 poisson-equation(s) , 1 current-contact-equation(s) , 
                   1 electron-equation(s) , 1 hole-equation(s) , 
                   1 eQuantumPotential-equation(s) ) 
using Bank/Rose nonlinear solver.

Iteration   |Rhs|      factor     |step|     error   #inner  #iterative  time
------------------------------------------------------------------------------
    0      3.15e+02                                                      0.76
    1      1.52e-03   1.00e+00   8.55e-04   3.19e-03    0        51      5.32
Finished, because...
Error smaller than 1 ( 3.1920E-03 ).

Accumulated times:
Rhs time:        1.55 s
Jacobian time:   1.46 s
Solve time:      2.29 s
Total time:      5.32 s

contact        voltage     electron current    hole current  conduction current
 gate         0.000E+00       0.000E+00         0.000E+00        0.000E+00
 source       0.000E+00      -1.621E-09        -1.810E-28       -1.621E-09
 drain        1.500E-04       1.621E-09        -6.279E-28        1.621E-09

Computing step from t=3.0000e-03 to t=7.0000e-03 (Stepsize: 4.0000e-03) :
Computing Coupled( 1 poisson-equation(s) , 1 current-contact-equation(s) , 
                   1 electron-equation(s) , 1 hole-equation(s) , 
                   1 eQuantumPotential-equation(s) ) 
using Bank/Rose nonlinear solver.

Iteration   |Rhs|      factor     |step|     error   #inner  #iterative  time
------------------------------------------------------------------------------
    0      2.10e+02                                                      0.71
    1      3.07e-02   1.00e+00   3.36e-06   2.79e-03    0        30      4.18
Finished, because...
Error smaller than 1 ( 2.7914E-03 ).

Accumulated times:
Rhs time:        1.43 s
Jacobian time:   1.50 s
Solve time:      1.23 s
Total time:      4.18 s

contact        voltage     electron current    hole current  conduction current
 gate         0.000E+00       0.000E+00         0.000E+00        0.000E+00
 source       0.000E+00      -3.738E-09         2.843E-28       -3.738E-09
 drain        3.500E-04       3.738E-09        -1.117E-27        3.738E-09

Computing step from t=7.0000e-03 to t=0.015 (Stepsize: 8.0000e-03) :
Computing Coupled( 1 poisson-equation(s) , 1 current-contact-equation(s) , 
                   1 electron-equation(s) , 1 hole-equation(s) , 
                   1 eQuantumPotential-equation(s) ) 
using Bank/Rose nonlinear solver.

Iteration   |Rhs|      factor     |step|     error   #inner  #iterative  time
------------------------------------------------------------------------------
    0      1.05e+01                                                      0.73
    1      4.98e-03   1.00e+00   1.33e-05   1.20e-02    0        29      4.14
Finished, because...
Error smaller than 1 ( 1.2017E-02 ).

Accumulated times:
Rhs time:        1.48 s
Jacobian time:   1.46 s
Solve time:      1.19 s
Total time:      4.14 s

contact        voltage     electron current    hole current  conduction current
 gate         0.000E+00       0.000E+00         0.000E+00        0.000E+00
 source       0.000E+00      -7.809E-09         2.836E-28       -7.809E-09
 drain        7.500E-04       7.809E-09         3.641E-28        7.809E-09

Computing step from t=0.015 to t=0.031 (Stepsize: 0.016) :
Computing Coupled( 1 poisson-equation(s) , 1 current-contact-equation(s) , 
                   1 electron-equation(s) , 1 hole-equation(s) , 
                   1 eQuantumPotential-equation(s) ) 
using Bank/Rose nonlinear solver.

Iteration   |Rhs|      factor     |step|     error   #inner  #iterative  time
------------------------------------------------------------------------------
    0      4.10e+01                                                      0.78
    1      8.49e-02   1.00e+00   5.67e-05   5.12e-02    0        29      4.24
Finished, because...
Error smaller than 1 ( 5.1156E-02 ).

Accumulated times:
Rhs time:        1.59 s
Jacobian time:   1.44 s
Solve time:      1.19 s
Total time:      4.24 s

contact        voltage     electron current    hole current  conduction current
 gate         0.000E+00       0.000E+00         0.000E+00        0.000E+00
 source       0.000E+00      -1.529E-08         1.094E-27       -1.529E-08
 drain        1.550E-03       1.529E-08         1.426E-27        1.529E-08

Computing step from t=0.031 to t=0.063 (Stepsize: 0.032) :
Computing Coupled( 1 poisson-equation(s) , 1 current-contact-equation(s) , 
                   1 electron-equation(s) , 1 hole-equation(s) , 
                   1 eQuantumPotential-equation(s) ) 
using Bank/Rose nonlinear solver.

Iteration   |Rhs|      factor     |step|     error   #inner  #iterative  time
------------------------------------------------------------------------------
    0      1.41e+02                                                      0.80
    1      1.14e+00   1.00e+00   2.39e-04   2.15e-01    0        30      4.31
Finished, because...
Error smaller than 1 ( 2.1493E-01 ).

Accumulated times:
Rhs time:        1.54 s
Jacobian time:   1.48 s
Solve time:      1.27 s
Total time:      4.31 s

contact        voltage     electron current    hole current  conduction current
 gate         0.000E+00       0.000E+00         0.000E+00        0.000E+00
 source       0.000E+00      -2.779E-08         3.351E-27       -2.779E-08
 drain        3.150E-03       2.779E-08         2.846E-27        2.779E-08

Computing step from t=0.063 to t=0.113 (Stepsize: 0.05) :
Computing Coupled( 1 poisson-equation(s) , 1 current-contact-equation(s) , 
                   1 electron-equation(s) , 1 hole-equation(s) , 
                   1 eQuantumPotential-equation(s) ) 
using Bank/Rose nonlinear solver.

Iteration   |Rhs|      factor     |step|     error   #inner  #iterative  time
------------------------------------------------------------------------------
    0      2.78e+02                                                      0.89
    1      6.00e+00   1.00e+00   6.58e-04   5.90e-01    0        31      4.47
Finished, because...
Error smaller than 1 ( 5.9006E-01 ).

Accumulated times:
Rhs time:        1.67 s
Jacobian time:   1.47 s
Solve time:      1.32 s
Total time:      4.47 s

contact        voltage     electron current    hole current  conduction current
 gate         0.000E+00       0.000E+00         0.000E+00        0.000E+00
 source       0.000E+00      -4.191E-08         8.233E-27       -4.191E-08
 drain        5.650E-03       4.191E-08         4.039E-27        4.191E-08

Computing step from t=0.113 to t=0.163 (Stepsize: 0.05) :
Computing Coupled( 1 poisson-equation(s) , 1 current-contact-equation(s) , 
                   1 electron-equation(s) , 1 hole-equation(s) , 
                   1 eQuantumPotential-equation(s) ) 
using Bank/Rose nonlinear solver.

Iteration   |Rhs|      factor     |step|     error   #inner  #iterative  time
------------------------------------------------------------------------------
    0      2.30e+02                                                      0.77
    1      5.93e+00   1.00e+00   8.14e-04   7.29e-01    0        32      4.35
Finished, because...
Error smaller than 1 ( 7.2898E-01 ).

Accumulated times:
Rhs time:        1.59 s
Jacobian time:   1.49 s
Solve time:      1.25 s
Total time:      4.35 s

contact        voltage     electron current    hole current  conduction current
 gate         0.000E+00       0.000E+00         0.000E+00        0.000E+00
 source       0.000E+00      -5.117E-08         1.394E-26       -5.117E-08
 drain        8.150E-03       5.117E-08         6.271E-27        5.117E-08

Computing step from t=0.163 to t=0.213 (Stepsize: 0.05) :
Computing Coupled( 1 poisson-equation(s) , 1 current-contact-equation(s) , 
                   1 electron-equation(s) , 1 hole-equation(s) , 
                   1 eQuantumPotential-equation(s) ) 
using Bank/Rose nonlinear solver.

Iteration   |Rhs|      factor     |step|     error   #inner  #iterative  time
------------------------------------------------------------------------------
    0      1.63e+02                                                      0.77
    1      4.22e+00   1.00e+00   8.26e-04   7.39e-01    0        33      4.26
Finished, because...
Error smaller than 1 ( 7.3894E-01 ).

Accumulated times:
Rhs time:        1.53 s
Jacobian time:   1.42 s
Solve time:      1.30 s
Total time:      4.26 s

contact        voltage     electron current    hole current  conduction current
 gate         0.000E+00       0.000E+00         0.000E+00        0.000E+00
 source       0.000E+00      -5.709E-08         1.882E-26       -5.709E-08
 drain        1.065E-02       5.710E-08         1.339E-26        5.710E-08

Computing step from t=0.213 to t=0.263 (Stepsize: 0.05) :
Computing Coupled( 1 poisson-equation(s) , 1 current-contact-equation(s) , 
                   1 electron-equation(s) , 1 hole-equation(s) , 
                   1 eQuantumPotential-equation(s) ) 
using Bank/Rose nonlinear solver.

Iteration   |Rhs|      factor     |step|     error   #inner  #iterative  time
------------------------------------------------------------------------------
    0      2.10e+02                                                      0.80
    1      4.00e+00   1.00e+00   8.46e-04   7.57e-01    0        31      4.30
Finished, because...
Error smaller than 1 ( 7.5743E-01 ).

Accumulated times:
Rhs time:        1.57 s
Jacobian time:   1.47 s
Solve time:      1.25 s
Total time:      4.30 s

contact        voltage     electron current    hole current  conduction current
 gate         0.000E+00       0.000E+00         0.000E+00        0.000E+00
 source       0.000E+00      -6.074E-08         2.407E-26       -6.074E-08
 drain        1.315E-02       6.075E-08         2.204E-26        6.075E-08

Computing step from t=0.263 to t=0.313 (Stepsize: 0.05) :
Computing Coupled( 1 poisson-equation(s) , 1 current-contact-equation(s) , 
                   1 electron-equation(s) , 1 hole-equation(s) , 
                   1 eQuantumPotential-equation(s) ) 
using Bank/Rose nonlinear solver.

Iteration   |Rhs|      factor     |step|     error   #inner  #iterative  time
------------------------------------------------------------------------------
    0      2.90e+02                                                      0.79
    1      3.95e+00   1.00e+00   8.78e-04   7.85e-01    0        31      4.31
Finished, because...
Error smaller than 1 ( 7.8521E-01 ).

Accumulated times:
Rhs time:        1.57 s
Jacobian time:   1.46 s
Solve time:      1.27 s
Total time:      4.31 s

contact        voltage     electron current    hole current  conduction current
 gate         0.000E+00       0.000E+00         0.000E+00        0.000E+00
 source       0.000E+00      -6.284E-08         2.924E-26       -6.284E-08
 drain        1.565E-02       6.284E-08         3.284E-26        6.284E-08

Computing step from t=0.313 to t=0.363 (Stepsize: 0.05) :
Computing Coupled( 1 poisson-equation(s) , 1 current-contact-equation(s) , 
                   1 electron-equation(s) , 1 hole-equation(s) , 
                   1 eQuantumPotential-equation(s) ) 
using Bank/Rose nonlinear solver.

Iteration   |Rhs|      factor     |step|     error   #inner  #iterative  time
------------------------------------------------------------------------------
    0      1.38e+02                                                      0.79
    1      3.91e+00   1.00e+00   9.21e-04   8.21e-01    0        31      4.39
Finished, because...
Error smaller than 1 ( 8.2095E-01 ).

Accumulated times:
Rhs time:        1.62 s
Jacobian time:   1.46 s
Solve time:      1.30 s
Total time:      4.39 s

contact        voltage     electron current    hole current  conduction current
 gate         0.000E+00       0.000E+00         0.000E+00        0.000E+00
 source       0.000E+00      -6.388E-08         3.560E-26       -6.388E-08
 drain        1.815E-02       6.388E-08         4.329E-26        6.388E-08

Computing step from t=0.363 to t=0.413 (Stepsize: 0.05) :
Computing Coupled( 1 poisson-equation(s) , 1 current-contact-equation(s) , 
                   1 electron-equation(s) , 1 hole-equation(s) , 
                   1 eQuantumPotential-equation(s) ) 
using Bank/Rose nonlinear solver.

Iteration   |Rhs|      factor     |step|     error   #inner  #iterative  time
------------------------------------------------------------------------------
    0      2.08e+02                                                      0.83
    1      3.87e+00   1.00e+00   9.73e-04   8.63e-01    0        31      4.29
Finished, because...
Error smaller than 1 ( 8.6251E-01 ).

Accumulated times:
Rhs time:        1.61 s
Jacobian time:   1.41 s
Solve time:      1.26 s
Total time:      4.29 s

contact        voltage     electron current    hole current  conduction current
 gate         0.000E+00       0.000E+00         0.000E+00        0.000E+00
 source       0.000E+00      -6.420E-08         4.306E-26       -6.420E-08
 drain        2.065E-02       6.420E-08         5.339E-26        6.420E-08

Computing step from t=0.413 to t=0.463 (Stepsize: 0.05) :
Computing Coupled( 1 poisson-equation(s) , 1 current-contact-equation(s) , 
                   1 electron-equation(s) , 1 hole-equation(s) , 
                   1 eQuantumPotential-equation(s) ) 
using Bank/Rose nonlinear solver.

Iteration   |Rhs|      factor     |step|     error   #inner  #iterative  time
------------------------------------------------------------------------------
    0      7.20e+01                                                      0.76
    1      3.83e+00   1.00e+00   1.03e-03   9.08e-01    0        31      4.29
Finished, because...
Error smaller than 1 ( 9.0803E-01 ).

Accumulated times:
Rhs time:        1.54 s
Jacobian time:   1.49 s
Solve time:      1.25 s
Total time:      4.29 s

contact        voltage     electron current    hole current  conduction current
 gate         0.000E+00       0.000E+00         0.000E+00        0.000E+00
 source       0.000E+00      -6.403E-08         5.146E-26       -6.403E-08
 drain        2.315E-02       6.403E-08         6.383E-26        6.403E-08

Computing step from t=0.463 to t=0.513 (Stepsize: 0.05) :
Computing Coupled( 1 poisson-equation(s) , 1 current-contact-equation(s) , 
                   1 electron-equation(s) , 1 hole-equation(s) , 
                   1 eQuantumPotential-equation(s) ) 
using Bank/Rose nonlinear solver.

Iteration   |Rhs|      factor     |step|     error   #inner  #iterative  time
------------------------------------------------------------------------------
    0      1.51e+02                                                      0.82
    1      3.79e+00   1.00e+00   1.09e-03   9.56e-01    0        31      4.25
Finished, because...
Error smaller than 1 ( 9.5606E-01 ).

Accumulated times:
Rhs time:        1.57 s
Jacobian time:   1.44 s
Solve time:      1.23 s
Total time:      4.25 s

contact        voltage     electron current    hole current  conduction current
 gate         0.000E+00       0.000E+00         0.000E+00        0.000E+00
 source       0.000E+00      -6.354E-08         6.069E-26       -6.354E-08
 drain        2.565E-02       6.354E-08         7.424E-26        6.354E-08

Computing step from t=0.513 to t=0.563 (Stepsize: 0.05) :
Computing Coupled( 1 poisson-equation(s) , 1 current-contact-equation(s) , 
                   1 electron-equation(s) , 1 hole-equation(s) , 
                   1 eQuantumPotential-equation(s) ) 
using Bank/Rose nonlinear solver.

Iteration   |Rhs|      factor     |step|     error   #inner  #iterative  time
------------------------------------------------------------------------------
    0      9.32e+01                                                      0.78
    1      3.75e+00   1.00e+00   1.16e-03   1.01e+00    0        31      4.28
    2      2.34e-03   1.00e+00   8.36e-02   4.55e-01    0        50      8.32
Finished, because...
Error smaller than 1 ( 4.5495E-01 ).

Accumulated times:
Rhs time:        2.29 s
Jacobian time:   2.84 s
Solve time:      3.18 s
Total time:      8.32 s

contact        voltage     electron current    hole current  conduction current
 gate         0.000E+00       0.000E+00         0.000E+00        0.000E+00
 source       0.000E+00      -6.284E-08        -2.589E-26       -6.284E-08
 drain        2.815E-02       6.284E-08        -2.883E-26        6.284E-08

Computing step from t=0.563 to t=0.613 (Stepsize: 0.05) :
Computing Coupled( 1 poisson-equation(s) , 1 current-contact-equation(s) , 
                   1 electron-equation(s) , 1 hole-equation(s) , 
                   1 eQuantumPotential-equation(s) ) 
using Bank/Rose nonlinear solver.

Iteration   |Rhs|      factor     |step|     error   #inner  #iterative  time
------------------------------------------------------------------------------
    0      2.09e+02                                                      0.76
    1      3.71e+00   1.00e+00   1.81e-03   1.05e+00    0        31      4.24
    2      2.29e-03   1.00e+00   6.83e-02   3.18e-01    0        50      8.29
Finished, because...
Error smaller than 1 ( 3.1819E-01 ).

Accumulated times:
Rhs time:        2.30 s
Jacobian time:   2.85 s
Solve time:      3.12 s
Total time:      8.29 s

contact        voltage     electron current    hole current  conduction current
 gate         0.000E+00       0.000E+00         0.000E+00        0.000E+00
 source       0.000E+00      -6.202E-08        -8.965E-28       -6.202E-08
 drain        3.065E-02       6.202E-08        -3.037E-26        6.202E-08

Computing step from t=0.613 to t=0.663 (Stepsize: 0.05) :
Computing Coupled( 1 poisson-equation(s) , 1 current-contact-equation(s) , 
                   1 electron-equation(s) , 1 hole-equation(s) , 
                   1 eQuantumPotential-equation(s) ) 
using Bank/Rose nonlinear solver.

Iteration   |Rhs|      factor     |step|     error   #inner  #iterative  time
------------------------------------------------------------------------------
    0      2.63e+02                                                      0.79
    1      3.67e+00   1.00e+00   1.32e-03   1.10e+00    0        31      4.22
    2      2.42e-03   1.00e+00   9.49e-06   7.97e-03    0        29      7.56
Finished, because...
Error smaller than 1 ( 7.9676E-03 ).

Accumulated times:
Rhs time:        2.23 s
Jacobian time:   2.81 s
Solve time:      2.50 s
Total time:      7.56 s

contact        voltage     electron current    hole current  conduction current
 gate         0.000E+00       0.000E+00         0.000E+00        0.000E+00
 source       0.000E+00      -6.114E-08        -2.317E-27       -6.114E-08
 drain        3.315E-02       6.114E-08        -3.329E-27        6.114E-08

Computing step from t=0.663 to t=0.713 (Stepsize: 0.05) :
Computing Coupled( 1 poisson-equation(s) , 1 current-contact-equation(s) , 
                   1 electron-equation(s) , 1 hole-equation(s) , 
                   1 eQuantumPotential-equation(s) ) 
using Bank/Rose nonlinear solver.

Iteration   |Rhs|      factor     |step|     error   #inner  #iterative  time
------------------------------------------------------------------------------
    0      5.62e+01                                                      0.84
    1      3.63e+00   1.00e+00   1.37e-03   1.15e+00    0        30      4.17
    2      2.48e-03   1.00e+00   1.16e-05   9.99e-03    0        29      7.44
Finished, because...
Error smaller than 1 ( 9.9898E-03 ).

Accumulated times:
Rhs time:        2.28 s
Jacobian time:   2.72 s
Solve time:      2.42 s
Total time:      7.44 s

contact        voltage     electron current    hole current  conduction current
 gate         0.000E+00       0.000E+00         0.000E+00        0.000E+00
 source       0.000E+00      -6.022E-08        -2.986E-27       -6.022E-08
 drain        3.565E-02       6.022E-08        -4.069E-27        6.022E-08

Computing step from t=0.713 to t=0.763 (Stepsize: 0.05) :
Computing Coupled( 1 poisson-equation(s) , 1 current-contact-equation(s) , 
                   1 electron-equation(s) , 1 hole-equation(s) , 
                   1 eQuantumPotential-equation(s) ) 
using Bank/Rose nonlinear solver.

Iteration   |Rhs|      factor     |step|     error   #inner  #iterative  time
------------------------------------------------------------------------------
    0      5.95e+01                                                      0.76
    1      3.59e+00   1.00e+00   1.45e-03   1.20e+00    0        30      4.20
    2      2.56e-03   1.00e+00   1.40e-05   1.23e-02    0        28      7.57
Finished, because...
Error smaller than 1 ( 1.2312E-02 ).

Accumulated times:
Rhs time:        2.32 s
Jacobian time:   2.84 s
Solve time:      2.39 s
Total time:      7.57 s

contact        voltage     electron current    hole current  conduction current
 gate         0.000E+00       0.000E+00         0.000E+00        0.000E+00
 source       0.000E+00      -5.931E-08        -3.211E-27       -5.931E-08
 drain        3.815E-02       5.931E-08        -4.273E-27        5.931E-08

Computing step from t=0.763 to t=0.813 (Stepsize: 0.05) :
Computing Coupled( 1 poisson-equation(s) , 1 current-contact-equation(s) , 
                   1 electron-equation(s) , 1 hole-equation(s) , 
                   1 eQuantumPotential-equation(s) ) 
using Bank/Rose nonlinear solver.

Iteration   |Rhs|      factor     |step|     error   #inner  #iterative  time
------------------------------------------------------------------------------
    0      2.14e+02                                                      0.81
    1      3.55e+00   1.00e+00   1.52e-03   1.26e+00    0        31      4.49
    2      2.39e-03   1.00e+00   1.67e-05   1.49e-02    0        28      7.93
Finished, because...
Error smaller than 1 ( 1.4912E-02 ).

Accumulated times:
Rhs time:        2.42 s
Jacobian time:   2.99 s
Solve time:      2.49 s
Total time:      7.93 s

contact        voltage     electron current    hole current  conduction current
 gate         0.000E+00       0.000E+00         0.000E+00        0.000E+00
 source       0.000E+00      -5.841E-08        -3.097E-27       -5.841E-08
 drain        4.065E-02       5.841E-08        -3.953E-27        5.841E-08

Computing step from t=0.813 to t=0.863 (Stepsize: 0.05) :
Computing Coupled( 1 poisson-equation(s) , 1 current-contact-equation(s) , 
                   1 electron-equation(s) , 1 hole-equation(s) , 
                   1 eQuantumPotential-equation(s) ) 
using Bank/Rose nonlinear solver.

Iteration   |Rhs|      factor     |step|     error   #inner  #iterative  time
------------------------------------------------------------------------------
    0      6.06e+01                                                      0.78
    1      3.51e+00   1.00e+00   1.59e-03   1.31e+00    0        31      4.51
    2      2.66e-03   1.00e+00   2.05e-05   1.83e-02    0        28      8.16
Finished, because...
Error smaller than 1 ( 1.8300E-02 ).

Accumulated times:
Rhs time:        2.34 s
Jacobian time:   3.05 s
Solve time:      2.73 s
Total time:      8.16 s

contact        voltage     electron current    hole current  conduction current
 gate         0.000E+00       0.000E+00         0.000E+00        0.000E+00
 source       0.000E+00      -5.755E-08        -2.638E-27       -5.755E-08
 drain        4.315E-02       5.755E-08        -3.364E-27        5.755E-08

Computing step from t=0.863 to t=0.913 (Stepsize: 0.05) :
Computing Coupled( 1 poisson-equation(s) , 1 current-contact-equation(s) , 
                   1 electron-equation(s) , 1 hole-equation(s) , 
                   1 eQuantumPotential-equation(s) ) 
using Bank/Rose nonlinear solver.

Iteration   |Rhs|      factor     |step|     error   #inner  #iterative  time
------------------------------------------------------------------------------
    0      8.89e+01                                                      0.86
    1      3.48e+00   1.00e+00   1.67e-03   1.36e+00    0        30      4.34
    2      3.57e-03   1.00e+00   2.33e-05   2.11e-02    0        28      7.96
Finished, because...
Error smaller than 1 ( 2.1073E-02 ).

Accumulated times:
Rhs time:        2.43 s
Jacobian time:   3.03 s
Solve time:      2.47 s
Total time:      7.96 s

contact        voltage     electron current    hole current  conduction current
 gate         0.000E+00       0.000E+00         0.000E+00        0.000E+00
 source       0.000E+00      -5.673E-08        -1.903E-27       -5.673E-08
 drain        4.565E-02       5.673E-08        -2.437E-27        5.673E-08

Computing step from t=0.913 to t=0.963 (Stepsize: 0.05) :
Computing Coupled( 1 poisson-equation(s) , 1 current-contact-equation(s) , 
                   1 electron-equation(s) , 1 hole-equation(s) , 
                   1 eQuantumPotential-equation(s) ) 
using Bank/Rose nonlinear solver.

Iteration   |Rhs|      factor     |step|     error   #inner  #iterative  time
------------------------------------------------------------------------------
    0      1.29e+02                                                      0.86
    1      3.44e+00   1.00e+00   1.74e-03   1.41e+00    0        31      4.44
    2      3.96e-03   1.00e+00   2.72e-05   2.45e-02    0        29      8.01
Finished, because...
Error smaller than 1 ( 2.4519E-02 ).

Accumulated times:
Rhs time:        2.51 s
Jacobian time:   3.00 s
Solve time:      2.47 s
Total time:      8.01 s

contact        voltage     electron current    hole current  conduction current
 gate         0.000E+00       0.000E+00         0.000E+00        0.000E+00
 source       0.000E+00      -5.595E-08        -9.563E-28       -5.595E-08
 drain        4.815E-02       5.595E-08        -1.313E-27        5.595E-08

Computing step from t=0.963 to t=1 (Stepsize: 0.037) :
Computing Coupled( 1 poisson-equation(s) , 1 current-contact-equation(s) , 
                   1 electron-equation(s) , 1 hole-equation(s) , 
                   1 eQuantumPotential-equation(s) ) 
using Bank/Rose nonlinear solver.

Iteration   |Rhs|      factor     |step|     error   #inner  #iterative  time
------------------------------------------------------------------------------
    0      5.99e+01                                                      0.80
    1      1.41e+00   1.00e+00   1.17e-03   9.49e-01    0        31      4.37
Finished, because...
Error smaller than 1 ( 9.4872E-01 ).

Accumulated times:
Rhs time:        1.58 s
Jacobian time:   1.47 s
Solve time:      1.30 s
Total time:      4.37 s

contact        voltage     electron current    hole current  conduction current
 gate         0.000E+00       0.000E+00         0.000E+00        0.000E+00
 source       0.000E+00      -5.541E-08         3.771E-27       -5.541E-08
 drain        5.000E-02       5.541E-08        -5.216E-27        5.541E-08


Save started:
Saving device '':
    Writing save 'Vd_1404_0001_des.sav' (TDR format) ... done.
Saving circuit:
    Writing 'Vd_1404_0001_circuit_des.sav' ... done.
Save finished.


Finished, because of...
Curve trace finished.


===============================
Starting solve of next problem:
Plot( FilePrefix = "DrainRamped_1404" overwrite )
  { }
===============================

Saving device '':
    Writing plot 'DrainRamped_1404_des.tdr' (TDR format) ... done.
Writing nonlocal plot 'DrainRamped_1404_nonlocal_des.tdr' (TDR format) ... done.
Saving circuit:
    Writing 'DrainRamped_1404_circuit_des.sav' ... done.


===============================
Starting solve of next problem:
Load( FilePrefix = "Vd_1404_0001" )
  { }
===============================

Loading device '':
Reading save 'Vd_1404_0001_des.sav' (TDR format) ...
  coordinate system: DFISE, 2d_dfise (y is device down direction, 3d extension right-handed)
  use coordinate system as is (no transformation)
done.

===============================
Starting solve of next problem:
Quasistationary ( Digits : 3, Max. #iterations : 10, 
      Initial step in t : 1.0000e-03, 
      Minimum step in t : 1.0000e-07, Maximum step in t : 0.05, 
      Increment : 2, Decrement : 2, 
      Goal values :
        Contact gate : 0.0000e+00V
    )
  {
    Coupled ( Digits : 3, Max. #iterations : 10, 
        Solver : ILS ( Set = 1 ),
        #undamped iterations : 50 
)
        { Poisson Electron Hole
          eQuantumPotential } 
    CurrentPlot (
         Time (fixed times:
             0.0000e+00 0.0166667 0.0333333 0.05 0.0666667
             0.0833333 0.1 0.116667 0.133333 0.15
             0.166667 0.183333 0.2 0.216667 0.233333
             0.25 0.266667 0.283333 0.3 0.316667
             0.333333 0.35 0.366667 0.383333 0.4
             0.416667 0.433333 0.45 0.466667 0.483333
             0.5 0.516667 0.533333 0.55 0.566667
             0.583333 0.6 0.616667 0.633333 0.65
             0.666667 0.683333 0.7 0.716667 0.733333
             0.75 0.766667 0.783333 0.8 0.816667
             0.833333 0.85 0.866667 0.883333 0.9
             0.916667 0.933333 0.95 0.966667 0.983333
             1) )
      { }
  }
===============================

Computing solution for t=0 :
Computing Coupled( 1 poisson-equation(s) , 1 current-contact-equation(s) , 
                   1 electron-equation(s) , 1 hole-equation(s) , 
                   1 eQuantumPotential-equation(s) ) 
using Bank/Rose nonlinear solver.

Iteration   |Rhs|      factor     |step|     error   #inner  #iterative  time
------------------------------------------------------------------------------
    0      1.41e+00                                                      0.90
    1      2.44e-03   1.00e+00   1.45e-05   1.30e-02    0        29      4.90
Finished, because...
Error smaller than 1 ( 1.3044E-02 ).

Accumulated times:
Rhs time:        1.67 s
Jacobian time:   1.55 s
Solve time:      1.66 s
Total time:      4.90 s

contact        voltage     electron current    hole current  conduction current
 gate         0.000E+00       0.000E+00         0.000E+00        0.000E+00
 source       0.000E+00      -5.541E-08        -1.682E-28       -5.541E-08
 drain        5.000E-02       5.541E-08        -3.490E-28        5.541E-08

Writing plot 'Cprime_prelims_1404.dat' (TDR format) ... done.
Writing nonlocal plot 'n1404_nonlocal.plt' (TDR format) ... done.

Wed Oct 23 15:47:32 2013: checked in 1 sdevice-densitygrad license(s)
Wed Oct 23 15:47:32 2013: checked in 1 Dessis-DensityGrad license(s)
Wed Oct 23 15:47:32 2013: checked in 1 sparallel license(s)
Wed Oct 23 15:47:32 2013: checked in 1 sdevice-parallel license(s)
Wed Oct 23 15:47:32 2013: checked in 1 Dessis-Parallel license(s)
Wed Oct 23 15:47:32 2013: checked in 1 sdevice license(s)
Wed Oct 23 15:47:32 2013: checked in 1 Dessis license(s)

******************************************************************************
Sentaurus Device process size: 1362 megabytes
Sentaurus Device simulation times:
  wallclock: 158.80 s (0 h:02 m:38 s)
  total cpu: 209.29 s (0 h:03 m:29 s)
Sentaurus Device simulation finished (Date: Wed Oct 23 15:47:32 2013  (IST)).
********************************* Good Bye ! *********************************
