****************************************************************************
***                      Sentaurus Structure Editor                      ***
***                          Version H-2013.03                           ***
***                            (1.3, RHEL64)                             ***
***                                                                      ***
***               Copyright (C) 1994-2013 Synopsys, Inc.                 ***
***        Portions of this software are owned by Spatial Corp.          ***
***            Copyright (C) 1986-2013. All Rights Reserved.             ***
***                                                                      ***
***  This software and the associated documentation are confidential     ***
***  and proprietary to Synopsys, Inc.  Your use or disclosure of this   ***
***  software is subject to the terms and conditions of a written        ***
***  license agreement between you, or your company, and Synopsys, Inc.  ***
****************************************************************************

Compiled Sun Feb 17 15:19:57 PST 2013 on tcadprod5

Machine type information not available.

Evaluating file n1422_dvs.cmd

---> (sde:clear)


---> (define Nd_high 1e+17)

---> (define Nd 1e+17)

---> (define Na_ldd 2e+20)

---> (define Na 2e+20)

---> (define Naext 2e+20)

---> (define nm 0.001)

---> (define Lbox (* 300 nm))

---> (define Wbox (* 300 nm))

---> (define Hbox (* 100 nm))

---> (define gausdivfac 70)

---> (define nmperdec (* 2 nm))

---> (define decades 5)

---> (define overlap (* -0.01 nm))

---> (define modoverlap (* 0.01 nm))

---> (define EOT (* 1.1 nm))

---> (define Ehighk 3.9)

---> (define ESiO2 3.9)

---> (define TOX (/ (* Ehighk EOT) ESiO2))

---> (define ESi 11.8)

---> (define Lgate (* 150 nm))

---> (define over (* 0 nm))

---> (define Wfin (* 50 nm))

---> (define Hfin (* 45 nm))

---> (define pitchfin (* 50 nm))

---> (define by10factor (/ 50 15))

---> (define depth_inversion (/ (* 2 nm) by10factor))

---> (define junction_refine (/ (* 5 nm) by10factor))

---> (define debye_length_original (* 0.1 nm))

---> (define debye_length (/ (/ debye_length_original 2) by10factor))

---> (define nfin 1)

---> (define Gthick (* 20 nm))

---> (define TOX_twice (* 2 TOX))

---> (define Gthick_twice (* 2 Gthick))

---> (define Woxide (+ Wfin TOX_twice))

---> (define Hoxide (+ Hfin TOX))

---> (define Wgate (+ Woxide Gthick_twice))

---> (define Hgate (+ Hoxide Gthick))

---> (define Loxide Lgate)

---> (define Lspacer (* 5 nm))

---> (define Wspacer (+ Wfin (/ pitchfin 3)))

---> (define Hspacer (/ (+ Hgate Hfin) 2))


---> (define hmask (* 20 nm))

---> (define Lext (* 20 nm))

---> (define Epi (* 13 nm))

---> (define Wext (+ Wfin (* Epi 2)))

---> (define Hext (+ Hfin Epi))

---> (define Silicide (* 6.5 nm))

---> (define LSilicide Lext)







---> (define zfinlow Hbox)

---> (define zfinhigh (+ Hbox Hfin))





---> (define zoxidelow Hbox)






---> (define zhmasklow Hbox)


---> (define xgatelow (- (/ Lbox 2) (/ Lgate 2)))

---> (define xgatehigh (+ (/ Lbox 2) (/ Lgate 2)))

---> (define ygatelow (- (/ Wbox 2) (/ Wgate 2)))

---> (define ygatehigh (+ (/ Wbox 2) (/ Wgate 2)))

---> (define zgatelow Hbox)

---> (define zgatehigh (+ zhmaskhigh Gthick))


---> (define xsrcexthigh xfinlow)



---> (define zsrcextlow Hbox)

---> (define zsrcexthigh (+ Hbox Hext))

---> (define xdrnextlow xfinhigh)




---> (define zdrnextlow Hbox)

---> (define zdrnexthigh (+ Hbox Hext))


---> (define xsrcSilexthigh xfinlow)



---> (define zsrcSilextlow Hbox)


---> (define xdrnSilextlow xfinhigh)




---> (define zdrnSilextlow Hbox)



---> (define xSspacerhigh xgatelow)



---> (define zSspacerlow Hbox)


---> (define xDspacerlow xgatehigh)




---> (define zDspacerlow Hbox)


---> (define printfin nfin)


---> (define newygatehigh (+ (* (- nfin 1) pitchfin) ygatehigh))

---> (sdegeo:set-default-boolean BAB)

---> (sdegeo:set-default-boolean BAB)



---> (sdegeo:set-default-boolean BAB)



---> (sdegeo:define-contact-set gate 4.0 (color:rgb 1.0 0.0 0.0) ##)

---> (sdegeo:define-contact-set drain 4.0 (color:rgb 1.0 0.0 0.0) ||)

---> (sdegeo:define-contact-set source 4.0 (color:rgb 1.0 0.0 0.0) ==)

---> (sdegeo:set-current-contact-set gate)

---> (sdegeo:set-contact-edges (find-edge-id (position xgatelow (/ (+ yoxidehigh ySspacerhigh) 2) 0)) gate)

(sdegeo:set-contact-edges (list (car (find-edge-id (position 0.075 0.179716666666667 0)))) "gate")

---> (sdegeo:set-current-contact-set gate)


(sdegeo:set-contact-edges (list (car (find-edge-id (position 0.225 0.179716666666667 0)))) "gate")

---> (sdegeo:set-current-contact-set gate)


(sdegeo:set-contact-edges (list (car (find-edge-id (position 0.075 0.120283333333333 0)))) "gate")

---> (sdegeo:set-current-contact-set gate)


(sdegeo:set-contact-edges (list (car (find-edge-id (position 0.225 0.120283333333333 0)))) "gate")



(sdegeo:set-contact-edges (list (car (find-edge-id (position 0.15 0.1761 0)))) "gate")



(sdegeo:set-contact-edges (list (car (find-edge-id (position 0.15 0.1239 0)))) "gate")

---> (sdegeo:set-current-contact-set source)


(sdegeo:set-contact-edges (list (car (find-edge-id (position 0.06 0.1055 0)))) "source")


(sdegeo:set-contact-edges (list (car (find-edge-id (position 0.06 0.1945 0)))) "source")



(sdegeo:set-contact-edges (list (car (find-edge-id (position 0.24 0.1055 0)))) "drain")


(sdegeo:set-contact-edges (list (car (find-edge-id (position 0.24 0.1945 0)))) "drain")

---> (define xchannel_N_low xoxidelow)



---> (define xchannelhigh (- xoxidehigh overlap))

---> (define ychannellow (+ yoxidelow TOX))

---> (define ychannelhigh (- yoxidehigh TOX))

---> (define zchannellow Hbox)

---> (define zchannelhigh (+ Hbox Hfin))

---> (define length_highdope (* 5 nm))


---> (define xsourcelow xfinlow)

---> (define xsourcehigh xchannellow)

---> (define ysourcelow ychannellow)

---> (define ysourcehigh ychannelhigh)

---> (define zsourcelow Hbox)

---> (define zsourcehigh (+ Hbox Hfin))

---> (define xdrainlow xchannelhigh)

---> (define xdrainhigh xfinhigh)

---> (define ydrainlow ychannellow)

---> (define ydrainhigh ychannelhigh)

---> (define zdrainlow Hbox)

---> (define zdrainhigh (+ Hbox Hfin))

---> (define length_ldd (* 0.1 nm))


---> (sdedr:define-refinement-window G2 Line (position 0.0714 0.175 0) (position 0.0714 0.125 0))

---> (sdedr:define-gaussian-profile G2_Prof DSD PeakPos 0 PeakVal (* 2 Na) ValueAtDepth (* 2 Na) Depth 2.5e-09 Gauss Length 0)



---> (sdedr:define-gaussian-profile G2_Prof_1 DSD PeakPos 0 PeakVal (* 2 Na) ValueAtDepth Nd Depth 0.0036 Gauss Length 0)



---> (sdedr:define-gaussian-profile G1_Prof DSD PeakPos 0 PeakVal (* 2 Na) ValueAtDepth (* 2 Na) Depth 0.0036 Gauss Length 0)



---> (sdedr:define-gaussian-profile G1_Prof_1 DSD PeakPos 0 PeakVal (* 2 Na) ValueAtDepth Nd Depth 0.0036 Gauss Length 0)

---> (sdedr:define-analytical-profile-placement G1_def_1 G1_Prof_1 G1_1 Negative NoReplace NoEval)

---> (sdedr:define-constant-profile SourceRegion DSD Naext)



---> (sdedr:define-constant-profile DrainRegion DSD Naext)


---> (sdedr:define-constant-profile-placement DrainExtDef DrainRegion DrainExtention)

---> (sdedr:define-refeval-window UnivMesh Rectangle (position 0 0 0) (position Lbox Wbox 0))

---> (sdedr:define-refinement-size UnivMeshDef 0.001 0.001 0.001 0.001 0.001 0.001)


---> (sdedr:define-refeval-window SourceExtMesh Rectangle (position xsrcextlow ysrcextlow 0) (position xsrcexthigh ysrcexthigh 0))

---> (sdedr:define-refinement-size SourceExtMeshDef (/ Lext 3) (/ Wext 3) (/ Lext 3) (/ Wext 3))



---> (sdedr:define-refinement-size DrainExtMeshDef (/ Lext 3) (/ Wext 3) (/ Lext 3) (/ Wext 3))

---> (sdedr:define-refinement-placement RefDrnExt DrainExtMeshDef DrainExtMesh)

---> (sdedr:define-refeval-window FinMesh Rectangle (position xfinlow yfinlow 0) (position xfinhigh yfinhigh 0))

---> (sdedr:define-refinement-size FinMeshDef (/ Lfin 120) (/ Wfin 25) (/ Lfin 120) (/ Wfin 25))

---> (sdedr:define-refinement-placement RefFin FinMeshDef FinMesh)

---> (sdedr:define-refeval-window CFinMesh Rectangle (position xchannellow ychannellow 0) (position xchannelhigh ychannelhigh 0))



---> (sdedr:define-refeval-window Ch0Mesh Rectangle (position xchannel_N_low ychannellow 0) (position xchannel_N_high (+ ychannellow (/ Wfin 3)) 0))



---> (sdedr:define-refeval-window Ch1Mesh Rectangle (position xchannel_N_low (- ychannelhigh (/ Wfin 3)) 0) (position xchannel_N_high ychannelhigh 0))


---> (sdedr:define-refinement-placement RefCh1 Ch1MeshDef Ch1Mesh)


---> (sdedr:define-refinement-size BackOxideMeshDef (/ Lgate 30) (/ EOT 15) (/ Lgate 30) (/ EOT 15))

---> (sdedr:define-refinement-placement RefBackOxide BackOxideMeshDef BackOxideMesh)

---> (sdedr:define-refeval-window FntOxideMesh Rectangle (position xchannellow (- ychannellow EOT) 0) (position xchannelhigh ychannellow 0))

---> (sdedr:define-refinement-size FntOxideMeshDef (/ Lgate 30) (/ EOT 15) (/ Lgate 30) (/ EOT 15))

---> (sdedr:define-refinement-placement RefFntOxide FntOxideMeshDef FntOxideMesh)


---> (sdedr:define-refinement-size BackGateChMeshDef (/ Lgate 30) (/ junction_refine 8) (/ Lgate 30) debye_length)

---> (sdedr:define-refinement-placement RefBackGateCh BackGateChMeshDef BackGateChMesh)


---> (sdedr:define-refinement-size FntGateChMeshDef (/ Lgate 30) (/ junction_refine 8) (/ Lgate 30) debye_length)

---> (sdedr:define-refinement-placement RefFntGateCh FntGateChMeshDef FntGateChMesh)

---> (sdedr:define-refeval-window GateMesh0 Rectangle (position xgatelow ygatelow 0) (position xdrainlow yoxidelow 0))

---> (sdedr:define-refinement-size GateMeshDef0 (/ Lgate 10) (/ Wgate 5) (/ Lgate 13) (/ Wgate 7))


---> (sdedr:define-refeval-window GateMesh2 Rectangle (position xsourcehigh ysourcehigh 0) (position xgatehigh ygatehigh 0))



---> (sde:build-mesh mesh -F tdr  2d_Lg_15_1422)

****************************************************************************
***                                 Mesh                                 ***
***                          Version H-2013.03                           ***
***                            (1.0, RHEL64)                             ***
***                                                                      ***
***                       Copyright (C) 1994-2012                        ***
***                            Synopsys, Inc.                            ***
***                                                                      ***
***  This software and the associated documentation are confidential     ***
***  and proprietary to Synopsys, Inc.  Your use or disclosure of this   ***
***  software is subject to the terms and conditions of a written        ***
***  license agreement between you, or your company, and Synopsys, Inc.  ***
****************************************************************************

> Compiled Thu Nov  8 19:05:10 PST 2012 on: tcadprod5
> Running on: Linux mcl20 2.6.18-308.11.1.el5 #1 SMP Tue Jul 10 08:48:43 EDT 2012 x86_64

> Process ID: 23612
> 
> Flags used: -F tdr
> 
> Reading Boundary from 2d_Lg_15_1422_bnd.tdr
> Loaded 36 point(s), 15 region(s), 3 contact(s). done. Time: 0.06599 secs.
> Statistics from input geometry:
> 36 vertices, 50 edges, 25 elements (10 segments) (15 polygons)
> 	10 1D elements
> 	15 2D elements
> Average edge length (std): 0.0257867 (0.287439)
> Min edge length (17): 0.0011
> 
> Average area (std): 0.0168396 (0.199452)
> Min. element area (3): 4.16667e-05
> 
> Average connectivity: 2.77778
> Max. connectivity (8): 4
> 
> Error: peak value 4e+20 must be greater than the value at junction 4e+20 .
Assigning a default value of sqrt(2.0) for the standard deviation
> Error: peak value 4e+20 must be greater than the value at junction 4e+20 .
Assigning a default value of sqrt(2.0) for the standard deviation
> Step sequence to perform: 
> 	MLRefineGeometry-MLRefineOnSize
> 
> Fitting geometry ... Number of elements to check: 1
> Number of elements to check: 9
> done. Time: 0.006999 secs.
> Refining on MaxElementSize ... Number of elements to check: 8
> Number of elements to check: 93856
> done. Time: 10.5844 secs.
> Handling green elements ... Number of elements to check: 93786
> Number of elements to check: 1289
> Number of elements to check: 206
> Number of elements to check: 118
> Number of elements to check: 69
> done. Time: 0.286957 secs.
> Building final elements ... Number of elements to check: 95151
> Number of elements to check: 4098
> done. Time: 0.086986 secs.
> Testing elements ... Number of elements to check: 97883
> done. Time: 2.58261 secs.
> Preparing data for output... Number of final elements 97883
> Statistics from Qtree/Oc-tree:
> 96086 vertices, 193968 edges, 98223 elements (340 segments) (4098 triangles) (93785 rectangles)
> 	340 1D elements
> 	97883 2D elements
> Average edge length (std): 0.000647706 (0.251401)
> Min edge length (2146): 4.88281e-05
> 
> Average area (std): 4.28593e-06 (0.0223085)
> Min. element area (1088): 3.05176e-08
> 
> Min. element angle (1088): 2.23698 degrees.
> Max. element angle (0): 90 degrees.
> Average connectivity: 4.03738
> Max. connectivity (403): 7
> 
> done. Time: 1.64175 secs.
> 
> Total time : 15.2557 secs.
> Saving mesh `2d_Lg_15_1422_msh' in TDR format...
> Interpolating data ... done

"Meshing successful"
---> #[end-of-file]

"************************************************************************"
"Sentaurus Structure Editor "
"Start Time:    Wed Oct 23 16:32:36 2013"
"End   Time:    Wed Oct 23 16:33:03 2013"
"Total Execution Time (sec):    27"
"Total System calls Time (sec): 0"
"************************************************************************"
