****************************************************************************
***                               Inspect                                ***
***                          Version H-2013.03                           ***
***                            (1.3, RHEL64)                             ***
***                                                                      ***
***                       Copyright (C) 1994-2013                        ***
***                            Synopsys, Inc.                            ***
***                                                                      ***
***  This software and the associated documentation are confidential     ***
***  and proprietary to Synopsys, Inc.  Your use or disclosure of this   ***
***  software is subject to the terms and conditions of a written        ***
***  license agreement between you, or your company, and Synopsys, Inc.  ***
****************************************************************************

 
--------------------------------------------------- 
   INSPECT variable extraction: 
--------------------------------------------------- 
 
Date      : Sun Oct 27 15:22:47 IST 2013 
Directory : /home/users/sabareeshn/Desktop/calibrationFinFET 
 
proj_load = n1430_nonlocal.plt
proj_load = n1433_nonlocal.plt
DOE: EPSOXNEW 2.584
DOE: xqm 2.892
DOE: xcl 1.210
New oxide epsilon  = 2.5835593603222113


