
****************************************************************************
***                       Sentaurus Workbench spp                        ***
***                          Version G-2012.06                           ***
***                         (1.7, amd64, linux)                          ***
***                                                                      ***
***                       Copyright (C) 1994-2012                        ***
***                            Synopsys, Inc.                            ***
***                                                                      ***
***  This software and the associated documentation are confidential     ***
***  and proprietary to Synopsys, Inc.  Your use or disclosure of this   ***
***  software is subject to the terms and conditions of a written        ***
***  license agreement between you, or your company, and Synopsys, Inc.  ***
****************************************************************************

spp is running on host 'thzlabsv.ee.ucla.edu' by user 'snikhil'
Binary: 'spp'
Command line options: '-verbose -i -e 3 -verbose /u1/ee/snikhil/Research/calibrationFinFET'
Some relevant environment variables:
	STROOT=/w/apps3/Synopsys/TCAD_Sentaurus/vG_2012.06
	STRELEASE=current
	STROOT_LIB=/w/apps3/Synopsys/TCAD_Sentaurus/vG_2012.06/tcad/current/lib
	STDB=/u1/ee/snikhil/Research/calibrationFinFET
	DATEX=/w/apps3/Synopsys/TCAD_Sentaurus/vG_2012.06/tcad/current/lib/datexcodes.txt
	DISPLAY=localhost:10.0

relativizing paths:
project path: /u1/ee/snikhil/Research/calibrationFinFET
STDB path: @STDB@
normalized STDB path: /w/ee.00/mjarrahi/snikhil/Research/calibrationFinFET
Preprocessing project '@STDB@'
Loading global tool database '/w/apps3/Synopsys/TCAD_Sentaurus/vG_2012.06/tcad/current/lib/glib2/tooldb.tcl'
Loading preferences '/u1/ee/snikhil/Research/calibrationFinFET/gpref2_snikhil.G-2012.06'...
spp will run in Global-per-node mode
INITIALIZING PREPROCESSOR:
Loading project tree '/u1/ee/snikhil/Research/calibrationFinFET/gtree.dat'
Loading project variables '/u1/ee/snikhil/Research/calibrationFinFET/gvars.dat'
--Get files to preprocess...
  -->/u1/ee/snikhil/Research/calibrationFinFET/sde_dvs.cmd
  -->/u1/ee/snikhil/Research/calibrationFinFET/sdevice_des.cmd
  -->/u1/ee/snikhil/Research/calibrationFinFET/sdevice.par
  -->/u1/ee/snikhil/Research/calibrationFinFET/inspect_ins.cmd
  -->/u1/ee/snikhil/Research/calibrationFinFET/sdevice1_des.cmd
  -->/u1/ee/snikhil/Research/calibrationFinFET/inspect1_ins.cmd
  -->/u1/ee/snikhil/Research/calibrationFinFET/sdevice2_des.cmd
  -->/u1/ee/snikhil/Research/calibrationFinFET/inspect2_ins.cmd
  -->/u1/ee/snikhil/Research/calibrationFinFET/sdevice3_des.cmd
  -->/u1/ee/snikhil/Research/calibrationFinFET/tdx_tdx.tcl
  -->/u1/ee/snikhil/Research/calibrationFinFET/sdevice4_des.cmd
  -->/u1/ee/snikhil/Research/calibrationFinFET/inspect3_ins.cmd
  -->/u1/ee/snikhil/Research/calibrationFinFET/sdevice5_des.cmd
--Create file handlers...
--Read the toolflow...
--Analyze tool-file dependencies...
--Read all nodes to preprocess...
--Group nodes into experiments...
--Get all variables...
--Get all parameters...
PREPROCESSOR SUCCESSFULLY INITIALIZED.
PREPROCESSING STEP 1:
Reading file /u1/ee/snikhil/Research/calibrationFinFET/sde_dvs.cmd
Reading file /u1/ee/snikhil/Research/calibrationFinFET/sdevice_des.cmd
Reading file /u1/ee/snikhil/Research/calibrationFinFET/sdevice.par
Reading file /u1/ee/snikhil/Research/calibrationFinFET/inspect_ins.cmd
Reading file /u1/ee/snikhil/Research/calibrationFinFET/sdevice1_des.cmd
Reading file /u1/ee/snikhil/Research/calibrationFinFET/inspect1_ins.cmd
Reading file /u1/ee/snikhil/Research/calibrationFinFET/sdevice2_des.cmd
Reading file /u1/ee/snikhil/Research/calibrationFinFET/inspect2_ins.cmd
Reading file /u1/ee/snikhil/Research/calibrationFinFET/sdevice3_des.cmd
Reading file /u1/ee/snikhil/Research/calibrationFinFET/tdx_tdx.tcl
Reading file /u1/ee/snikhil/Research/calibrationFinFET/sdevice4_des.cmd
Reading file /u1/ee/snikhil/Research/calibrationFinFET/inspect3_ins.cmd
Reading file /u1/ee/snikhil/Research/calibrationFinFET/sdevice5_des.cmd
PREPROCESSING STEP 2:
Preprocessing file /u1/ee/snikhil/Research/calibrationFinFET/sde_dvs.cmd fornode 3
  -Parameter substitution: '@node@' has been replaced by '3'

+++Preprocessed file written to /u1/ee/snikhil/Research/calibrationFinFET/pp3_dvs.cmd
  -Parameter substitution: '@commands@' has been replaced by 'pp3_dvs.cmd'

  -Parameter substitution: '@node@' has been replaced by '3'

  -Parameter substitution: '@pwd@' has been replaced by '/u1/ee/snikhil/Research/calibrationFinFET'

  -Parameter substitution: '@node@' has been replaced by '3'

cmd_line:-e -l n3_dvs.cmd
  -Parameter substitution: '@stdout@' has been replaced by 'n3_dvs.out'

  -Parameter substitution: '@node@' has been replaced by '3'

post_tcl_cmd: extract_vars "$wdir" n3_dvs.out 3 
Writing 'gexec.cmd'
saving variables
ERROR during merging of the execution graph files: can't read "app_data(global_tooldb)": no such element in array
ERROR during restoring the old execution graph: error renaming "/u1/ee/snikhil/Research/calibrationFinFET/foobar.tmp" to "/u1/ee/snikhil/Research/calibrationFinFET/gexec.cmd": file already exists
PREPROCESSING FINISHED, Wed Nov 12 13:05:26 2014
STATUS: ERROR
Processing time = 0 s

RunPP failed
