load_file /w/ee.00/mjarrahi/snikhil/Research/LAE_complex/sde_des_opt_0_bias_15_ntype_300_1E17_ptype_300_1E18.tdr
create_plot -dataset sde_des_opt_0_bias_15_ntype_300_1E17_ptype_300_1E18
select_plots {Plot_sde_des_opt_0_bias_15_ntype_300_1E17_ptype_300_1E18}
#-> Plot_sde_des_opt_0_bias_15_ntype_300_1E17_ptype_300_1E18
#-> Plot_sde_des_opt_0_bias_15_ntype_300_1E17_ptype_300_1E18
#-> sde_des_opt_0_bias_15_ntype_300_1E17_ptype_300_1E18
load_file /w/ee.00/mjarrahi/snikhil/Research/LAE_complex/sde_des_opt_1_bias_15_ntype_300_1E17_ptype_300_1E18.tdr
create_plot -dataset sde_des_opt_1_bias_15_ntype_300_1E17_ptype_300_1E18
select_plots {Plot_sde_des_opt_1_bias_15_ntype_300_1E17_ptype_300_1E18}
#-> Plot_sde_des_opt_1_bias_15_ntype_300_1E17_ptype_300_1E18
#-> Plot_sde_des_opt_1_bias_15_ntype_300_1E17_ptype_300_1E18
#-> sde_des_opt_1_bias_15_ntype_300_1E17_ptype_300_1E18
select_plots {Plot_sde_des_opt_0_bias_15_ntype_300_1E17_ptype_300_1E18}
#-> Plot_sde_des_opt_0_bias_15_ntype_300_1E17_ptype_300_1E18
remove_plots {Plot_sde_des_opt_0_bias_15_ntype_300_1E17_ptype_300_1E18}
select_plots {Plot_sde_des_opt_1_bias_15_ntype_300_1E17_ptype_300_1E18}
#-> Plot_sde_des_opt_1_bias_15_ntype_300_1E17_ptype_300_1E18
#-> Plot_sde_des_opt_0_bias_15_ntype_300_1E17_ptype_300_1E18
set_field_prop Abs(ElectricField-V) -show_bands
#-> 0
set_field_prop Abs(ElectricField-V) -geom sde_des_opt_1_bias_15_ntype_300_1E17_ptype_300_1E18 -scale log
#-> 0
set_field_prop eMobility -show_bands
#-> 0
probe_field -plot Plot_sde_des_opt_1_bias_15_ntype_300_1E17_ptype_300_1E18 -coord {5.69107 0.401864 }
#-> 13957.7
set_field_prop eVelocity -show_bands
#-> 0
create_cutline -plot Plot_sde_des_opt_1_bias_15_ntype_300_1E17_ptype_300_1E18 -type x -at 5.74599
select_plots {Plot_1}
#-> Plot_1
#-> C1(sde_des_opt_1_bias_15_ntype_300_1E17_ptype_300_1E18)
set_axis_prop -plot Plot_1 -axis y -type log
#-> 0
set_axis_prop -plot Plot_1 -axis y -type linear
#-> 0
