****************************************************************************
***                            Sentaurus Mesh                            ***
***                          Version H-2013.03                           ***
***                            (1.4, RHEL64)                             ***
***                                                                      ***
***                       Copyright (C) 2005-2013                        ***
***                            Synopsys, Inc.                          ***
***                                                                      ***
***  This software and the associated documentation are confidential     ***
***  and proprietary to Synopsys, Inc.  Your use or disclosure of this   ***
***  software is subject to the terms and conditions of a written        ***
***  license agreement between you, or your company, and Synopsys, Inc.  ***
****************************************************************************

Compiled Fri Jan 11 15:10:11 PST 2013 on: tcadprod5
Running on: mtlsim2
Process ID: 21820

Flags used:

Using total concentrations for net doping
** Generating 2d grid **

Creating binary tree...done.
Imprinting binary tree on the boundary...done.
Optimizing boundary nodes...done.

Number of vertices after binary tree generation : 
  7729 (tree) + 812 (boundary)

** Delaunizing the mesh **

Creating delaunizer input...done.
Solving edges...done 
Optimizing elements...done. (8093 vertices)
Fixing diagonals...done.

The final mesh has: 
    7914 points.
   15540 elements.
      15 regions.
Max. connectivity = 9 located at (2.29688;0.301562)


==============================  tri-grid quality  ================================
    0  10  20  30  40  50  60  70  80  90 100 110 120 130 140 150 160 170 180
 %    1   6   8   6  12  12   7   9   7  33  .       .       .             
---------------------------------------------------------------------------------
minAngle: 0.941203  maxAngle: 140.462
nVerts = 7914  nTris = 15540  nMats = 12
max connectivity (tris per node): 9
bmin: -0 -0.14
bmax: 7 3
min edgeLength: 0.00105469  [near (1.89355 0.000527344)]
min volume: 1.73035e-06  max volume: 0.0429297  Total volume: 21.2772
bbox  volume: 21.98
Are all boundaries on bbox? false
=================================================================================
Interpolating data...done.
done.
Saving file sde_2d_3_msh.tdr...done.
