****************************************************************************
***                            Sentaurus Mesh                            ***
***                          Version H-2013.03                           ***
***                            (1.4, RHEL64)                             ***
***                                                                      ***
***                       Copyright (C) 2005-2013                        ***
***                            Synopsys, Inc.                          ***
***                                                                      ***
***  This software and the associated documentation are confidential     ***
***  and proprietary to Synopsys, Inc.  Your use or disclosure of this   ***
***  software is subject to the terms and conditions of a written        ***
***  license agreement between you, or your company, and Synopsys, Inc.  ***
****************************************************************************

Compiled Fri Jan 11 15:10:11 PST 2013 on: tcadprod5
Running on: mtlsim2
Process ID: 14170

Flags used:


----------------------  Warning ----------------------------
parse error
parse error in line 1

------------------------------------------------------------


----------------------  ERROR ----------------------------
Couldn't locate boundary file sde_dvs.bnd

------------------------------------------------------------

